2000, 23172, 1, 0
4000, 35695, 1, 0
6000, 15364, 1, 0
8000, 13545, 1, 0
10000, 13586, 1, 0
12000, 14047, 1, 0
14000, 14194, 1, 0
16000, 14514, 1, 0
18000, 14721, 1, 0
20000, 14505, 1, 0
22000, 14640, 1, 0
24001, 14325, 1, 0
26000, 14442, 1, 0
28000, 15059, 1, 0
30000, 14701, 1, 0
32000, 15024, 1, 0
34000, 13724, 1, 0
36000, 15084, 1, 0
38000, 16121, 1, 0
40000, 13543, 1, 0
42000, 15903, 1, 0
44000, 14838, 1, 0
46000, 15968, 1, 0
48000, 14942, 1, 0
50000, 14249, 1, 0
52000, 13706, 1, 0
54000, 16751, 1, 0
56000, 14710, 1, 0
58000, 15143, 1, 0
60000, 14771, 1, 0
62000, 14443, 1, 0
64000, 15447, 1, 0
66000, 14310, 1, 0
68000, 15491, 1, 0
70000, 14707, 1, 0
72000, 15268, 1, 0
74000, 13559, 1, 0
76000, 15348, 1, 0
78000, 15781, 1, 0
80000, 15086, 1, 0
82000, 14207, 1, 0
84000, 12750, 1, 0
86000, 17833, 1, 0
88000, 14875, 1, 0
90000, 13944, 1, 0
92000, 15957, 1, 0
94000, 15190, 1, 0
96000, 13876, 1, 0
98000, 15708, 1, 0
100000, 13821, 1, 0
102000, 14762, 1, 0
104000, 15697, 1, 0
106000, 15219, 1, 0
108000, 14667, 1, 0
110000, 14318, 1, 0
112000, 15534, 1, 0
114000, 15541, 1, 0
116000, 14834, 1, 0
118000, 14186, 1, 0
120000, 14631, 1, 0
122000, 14599, 1, 0
124000, 16103, 1, 0
126000, 14218, 1, 0
128000, 15247, 1, 0
130000, 15609, 1, 0
132000, 14667, 1, 0
134000, 14344, 1, 0
136000, 15269, 1, 0
138000, 14951, 1, 0
140000, 14777, 1, 0
142000, 15079, 1, 0
144000, 14401, 1, 0
146000, 15049, 1, 0
148000, 14222, 1, 0
150000, 14931, 1, 0
152000, 15592, 1, 0
154000, 14816, 1, 0
156000, 13875, 1, 0
158000, 15574, 1, 0
160000, 15045, 1, 0
162000, 14064, 1, 0
164000, 15563, 1, 0
166000, 14002, 1, 0
168000, 15869, 1, 0
170000, 14654, 1, 0
172000, 14554, 1, 0
174000, 14058, 1, 0
176000, 15660, 1, 0
178000, 14833, 1, 0
180000, 14762, 1, 0
182000, 14727, 1, 0
184000, 14716, 1, 0
186000, 14377, 1, 0
188000, 14908, 1, 0
190000, 14226, 1, 0
192000, 14474, 1, 0
194000, 14333, 1, 0
196000, 14106, 1, 0
198000, 14531, 1, 0
200000, 14260, 1, 0
202000, 13597, 1, 0
204000, 15274, 1, 0
206000, 13033, 1, 0
208000, 15248, 1, 0
210001, 14341, 1, 0
212001, 14005, 1, 0
214001, 14874, 1, 0
216001, 14452, 1, 0
218000, 14256, 1, 0
220000, 13321, 1, 0
222000, 14737, 1, 0
224000, 15223, 1, 0
226000, 14137, 1, 0
228000, 13464, 1, 0
230000, 14648, 1, 0
232000, 13921, 1, 0
234000, 14640, 1, 0
236000, 13622, 1, 0
238000, 14646, 1, 0
240000, 13640, 1, 0
242000, 14838, 1, 0
244000, 14477, 1, 0
246000, 14050, 1, 0
248000, 14983, 1, 0
250000, 14563, 1, 0
252000, 13617, 1, 0
254000, 14166, 1, 0
256000, 14377, 1, 0
258000, 14350, 1, 0
260000, 14262, 1, 0
262000, 14467, 1, 0
264000, 14401, 1, 0
266000, 14351, 1, 0
268000, 13493, 1, 0
270000, 14697, 1, 0
272000, 14740, 1, 0
274000, 14067, 1, 0
276000, 14730, 1, 0
278000, 14223, 1, 0
280000, 14291, 1, 0
282000, 14424, 1, 0
284000, 14089, 1, 0
286000, 13737, 1, 0
288000, 15239, 1, 0
290001, 13831, 1, 0
292000, 14464, 1, 0
294000, 14384, 1, 0
296000, 14077, 1, 0
298000, 14645, 1, 0
300000, 14077, 1, 0
302000, 13632, 1, 0
304000, 14678, 1, 0
306000, 14607, 1, 0
308000, 14371, 1, 0
310000, 14039, 1, 0
312000, 14842, 1, 0
314000, 13279, 1, 0
316000, 14992, 1, 0
318000, 14907, 1, 0
320000, 14453, 1, 0
322000, 13594, 1, 0
324000, 15247, 1, 0
326000, 14199, 1, 0
328000, 13246, 1, 0
330000, 15357, 1, 0
332000, 14245, 1, 0
334000, 15242, 1, 0
336000, 13920, 1, 0
338000, 13818, 1, 0
340000, 13326, 1, 0
342000, 14664, 1, 0
344000, 15490, 1, 0
346000, 13999, 1, 0
348000, 13794, 1, 0
350000, 14969, 1, 0
352000, 14285, 1, 0
354000, 13252, 1, 0
356000, 14645, 1, 0
358000, 14352, 1, 0
360000, 14824, 1, 0
362000, 13769, 1, 0
364000, 15260, 1, 0
366000, 13509, 1, 0
368000, 15205, 1, 0
370000, 14150, 1, 0
372000, 14389, 1, 0
374000, 13894, 1, 0
376000, 12890, 1, 0
378000, 15121, 1, 0
380000, 15001, 1, 0
382000, 13932, 1, 0
384000, 15176, 1, 0
386000, 14459, 1, 0
388000, 13001, 1, 0
390000, 14632, 1, 0
392000, 14658, 1, 0
394000, 14702, 1, 0
396000, 14453, 1, 0
398000, 13839, 1, 0
400000, 14694, 1, 0
402000, 13572, 1, 0
404000, 14254, 1, 0
406000, 15044, 1, 0
408000, 14324, 1, 0
410000, 13448, 1, 0
412000, 14833, 1, 0
414000, 14236, 1, 0
416000, 14244, 1, 0
418000, 14724, 1, 0
420000, 14586, 1, 0
422000, 14166, 1, 0
424000, 13615, 1, 0
426000, 14673, 1, 0
428001, 14160, 1, 0
430000, 14344, 1, 0
432000, 14040, 1, 0
434000, 13111, 1, 0
436000, 14240, 1, 0
438000, 14031, 1, 0
440000, 14287, 1, 0
442000, 14171, 1, 0
444000, 13470, 1, 0
446000, 14261, 1, 0
448000, 13650, 1, 0
450001, 13315, 1, 0
452000, 13641, 1, 0
454000, 14806, 1, 0
456000, 13175, 1, 0
458000, 14475, 1, 0
460000, 13882, 1, 0
462000, 14082, 1, 0
464000, 13562, 1, 0
466000, 13848, 1, 0
468000, 14128, 1, 0
470000, 13503, 1, 0
472000, 13939, 1, 0
474000, 14018, 1, 0
476000, 13619, 1, 0
478000, 13659, 1, 0
480000, 14147, 1, 0
482000, 13833, 1, 0
484000, 12988, 1, 0
486000, 14775, 1, 0
488000, 13859, 1, 0
490000, 13642, 1, 0
492000, 14077, 1, 0
494000, 13123, 1, 0
496000, 13610, 1, 0
498000, 14489, 1, 0
500000, 13762, 1, 0
502000, 13953, 1, 0
504000, 13815, 1, 0
506000, 13306, 1, 0
508000, 13978, 1, 0
510000, 13872, 1, 0
512000, 13821, 1, 0
514000, 13982, 1, 0
516001, 13333, 1, 0
518000, 13590, 1, 0
520000, 14152, 1, 0
522000, 13866, 1, 0
524000, 12880, 1, 0
526000, 15007, 1, 0
528000, 13744, 1, 0
530000, 13458, 1, 0
532000, 14464, 1, 0
534001, 13967, 1, 0
536001, 13212, 1, 0
538001, 13965, 1, 0
540000, 14104, 1, 0
542000, 13970, 1, 0
544000, 14354, 1, 0
546000, 12945, 1, 0
548000, 13744, 1, 0
550000, 14208, 1, 0
552000, 14586, 1, 0
554000, 13745, 1, 0
556000, 13468, 1, 0
558000, 13525, 1, 0
560000, 14781, 1, 0
562000, 13863, 1, 0
564000, 13813, 1, 0
566000, 14459, 1, 0
568000, 13591, 1, 0
570000, 13653, 1, 0
572000, 13895, 1, 0
574000, 13430, 1, 0
576000, 14446, 1, 0
578000, 13908, 1, 0
580000, 13073, 1, 0
582000, 14542, 1, 0
584000, 12740, 1, 0
586000, 14878, 1, 0
588000, 12739, 1, 0
590000, 15246, 1, 0
592000, 13897, 1, 0
594000, 13997, 1, 0
596000, 12956, 1, 0
598000, 14380, 1, 0
600000, 13222, 1, 0
602000, 14396, 1, 0
604000, 13979, 1, 0
606000, 13758, 1, 0
608000, 13501, 1, 0
610000, 12755, 1, 0
612000, 15651, 1, 0
614000, 14201, 1, 0
616000, 12182, 1, 0
618000, 15416, 1, 0
620000, 14140, 1, 0
622000, 13800, 1, 0
624000, 13417, 1, 0
626000, 13652, 1, 0
628000, 14761, 1, 0
630000, 13360, 1, 0
632000, 13775, 1, 0
634000, 13316, 1, 0
636000, 14025, 1, 0
638000, 14078, 1, 0
640000, 13508, 1, 0
642000, 14522, 1, 0
644000, 13386, 1, 0
646000, 13785, 1, 0
648000, 14745, 1, 0
650000, 13431, 1, 0
652000, 13450, 1, 0
654000, 12722, 1, 0
656000, 15132, 1, 0
658000, 12891, 1, 0
660000, 15277, 1, 0
662000, 14107, 1, 0
664000, 13385, 1, 0
666000, 14563, 1, 0
668000, 13499, 1, 0
670000, 14015, 1, 0
672000, 13715, 1, 0
674000, 14042, 1, 0
676000, 13638, 1, 0
678000, 12937, 1, 0
680000, 14518, 1, 0
682000, 12847, 1, 0
684000, 14329, 1, 0
686000, 14506, 1, 0
688001, 13876, 1, 0
690001, 13792, 1, 0
692000, 13838, 1, 0
694000, 12977, 1, 0
696000, 14627, 1, 0
698000, 12712, 1, 0
700000, 14531, 1, 0
702000, 14233, 1, 0
704000, 13382, 1, 0
706000, 13960, 1, 0
708000, 13451, 1, 0
710000, 13960, 1, 0
712000, 13371, 1, 0
714000, 13847, 1, 0
716000, 14681, 1, 0
718000, 13667, 1, 0
720000, 13615, 1, 0
722000, 14492, 1, 0
724000, 13185, 1, 0
726000, 14307, 1, 0
728000, 13290, 1, 0
730000, 14092, 1, 0
732000, 13965, 1, 0
734000, 13658, 1, 0
736001, 13745, 1, 0
738000, 13848, 1, 0
740000, 13860, 1, 0
742000, 13501, 1, 0
744000, 14386, 1, 0
746000, 13806, 1, 0
748000, 13646, 1, 0
750000, 13758, 1, 0
752000, 14001, 1, 0
754000, 13816, 1, 0
756000, 13246, 1, 0
758000, 13945, 1, 0
760000, 14078, 1, 0
762000, 14107, 1, 0
764000, 13528, 1, 0
766000, 13231, 1, 0
768000, 14026, 1, 0
770000, 13685, 1, 0
772000, 14113, 1, 0
774000, 13976, 1, 0
776000, 14271, 1, 0
778000, 12583, 1, 0
780000, 14513, 1, 0
782000, 13961, 1, 0
784000, 13822, 1, 0
786000, 13468, 1, 0
788000, 13900, 1, 0
790000, 13895, 1, 0
792000, 13882, 1, 0
794000, 13856, 1, 0
796000, 13774, 1, 0
798000, 13476, 1, 0
800000, 14333, 1, 0
802000, 13261, 1, 0
804000, 14444, 1, 0
806000, 13164, 1, 0
808000, 14211, 1, 0
810000, 14111, 1, 0
812000, 13584, 1, 0
814000, 13681, 1, 0
816000, 13597, 1, 0
818000, 14180, 1, 0
820000, 13475, 1, 0
822001, 14686, 1, 0
824001, 13461, 1, 0
826000, 13482, 1, 0
828000, 13852, 1, 0
830000, 13439, 1, 0
832000, 14402, 1, 0
834000, 13158, 1, 0
836000, 14446, 1, 0
838000, 13519, 1, 0
840000, 14266, 1, 0
842000, 13273, 1, 0
844000, 13239, 1, 0
846000, 15052, 1, 0
848000, 13858, 1, 0
850000, 13899, 1, 0
852000, 13328, 1, 0
854000, 13915, 1, 0
856000, 13533, 1, 0
858000, 14278, 1, 0
860000, 14250, 1, 0
862000, 13610, 1, 0
864000, 13275, 1, 0
866000, 14037, 1, 0
868000, 14248, 1, 0
870000, 13211, 1, 0
872000, 13966, 1, 0
874000, 13876, 1, 0
876000, 13984, 1, 0
878000, 13880, 1, 0
880000, 13615, 1, 0
882000, 13861, 1, 0
884000, 13781, 1, 0
886000, 14301, 1, 0
888000, 13764, 1, 0
890000, 12673, 1, 0
892000, 13624, 1, 0
894000, 14602, 1, 0
896000, 13730, 1, 0
898000, 13826, 1, 0
900000, 13653, 1, 0
902000, 13791, 1, 0
904001, 13639, 1, 0
906000, 13761, 1, 0
908000, 13500, 1, 0
910000, 13960, 1, 0
912000, 12636, 1, 0
914000, 15053, 1, 0
916000, 13992, 1, 0
918000, 12990, 1, 0
920000, 11916, 1, 0
922000, 15814, 1, 0
924000, 14353, 1, 0
926000, 12683, 1, 0
928000, 14772, 1, 0
930000, 12551, 1, 0
932000, 14654, 1, 0
934000, 14167, 1, 0
936001, 14103, 1, 0
938001, 12830, 1, 0
940000, 14352, 1, 0
942000, 14238, 1, 0
944000, 13651, 1, 0
946000, 13651, 1, 0
948000, 14085, 1, 0
950000, 13878, 1, 0
952000, 12997, 1, 0
954000, 13634, 1, 0
956000, 14667, 1, 0
958000, 12681, 1, 0
960000, 14990, 1, 0
962000, 13956, 1, 0
964000, 14033, 1, 0
966000, 13904, 1, 0
968000, 13960, 1, 0
970000, 13431, 1, 0
972000, 14226, 1, 0
974000, 13223, 1, 0
976000, 14026, 1, 0
978000, 13835, 1, 0
980001, 14243, 1, 0
982000, 13415, 1, 0
984001, 13963, 1, 0
986000, 13606, 1, 0
988000, 13796, 1, 0
990000, 13797, 1, 0
992000, 13528, 1, 0
994000, 14059, 1, 0
996000, 13485, 1, 0
998000, 13816, 1, 0
1000000, 13311, 1, 0
1002000, 14330, 1, 0
1004000, 13717, 1, 0
1006000, 13526, 1, 0
1008000, 14090, 1, 0
1010000, 13817, 1, 0
1012000, 13071, 1, 0
1014000, 13728, 1, 0
1016000, 14192, 1, 0
1018000, 12946, 1, 0
1020000, 13799, 1, 0
1022000, 14542, 1, 0
1024000, 13556, 1, 0
1026000, 13716, 1, 0
1028001, 13615, 1, 0
1030000, 14053, 1, 0
1032000, 13532, 1, 0
1034000, 13481, 1, 0
1036000, 13330, 1, 0
1038000, 13277, 1, 0
1040000, 12925, 1, 0
1042000, 15074, 1, 0
1044000, 14289, 1, 0
1046000, 12981, 1, 0
1048000, 12928, 1, 0
1050000, 15223, 1, 0
1052000, 13687, 1, 0
1054000, 13077, 1, 0
1056000, 14137, 1, 0
1058000, 12170, 1, 0
1060000, 14809, 1, 0
1062000, 14190, 1, 0
1064000, 13356, 1, 0
1066000, 13400, 1, 0
1068000, 12857, 1, 0
1070000, 13801, 1, 0
1072000, 13329, 1, 0
1074000, 15007, 1, 0
1076000, 13638, 1, 0
1078000, 13195, 1, 0
1080000, 12765, 1, 0
1082000, 11655, 1, 0
1084000, 11210, 1, 0
1086000, 10591, 1, 0
1088000, 12418, 1, 0
1090000, 10928, 1, 0
1092000, 10475, 1, 0
1094000, 11054, 1, 0
1096000, 10537, 1, 0
1098000, 11516, 1, 0
1100000, 10706, 1, 0
1102000, 10786, 1, 0
1104000, 10051, 1, 0
1106000, 10440, 1, 0
1108000, 11084, 1, 0
1110000, 10397, 1, 0
1112000, 10341, 1, 0
1114000, 10282, 1, 0
1116000, 10054, 1, 0
1118000, 8594, 1, 0
1120000, 11155, 1, 0
1122000, 10094, 1, 0
1124000, 9647, 1, 0
1126000, 10124, 1, 0
1128000, 9989, 1, 0
1130000, 9567, 1, 0
1132000, 9504, 1, 0
1134000, 9100, 1, 0
1136000, 10563, 1, 0
1138000, 9584, 1, 0
1140000, 9358, 1, 0
1142000, 9757, 1, 0
1144000, 9253, 1, 0
1146000, 8042, 1, 0
1148000, 10430, 1, 0
1150000, 8952, 1, 0
1152000, 9895, 1, 0
1154000, 8541, 1, 0
1156000, 10034, 1, 0
1158000, 9337, 1, 0
1160000, 9224, 1, 0
1162000, 9140, 1, 0
1164000, 8156, 1, 0
1166000, 9947, 1, 0
1168000, 9129, 1, 0
1170000, 9055, 1, 0
1172000, 9346, 1, 0
1174000, 9286, 1, 0
1176000, 9086, 1, 0
1178000, 8878, 1, 0
1180000, 8292, 1, 0
1182000, 8655, 1, 0
1184000, 9106, 1, 0
1186000, 8975, 1, 0
1188000, 9213, 1, 0
1190000, 8794, 1, 0
1192000, 8753, 1, 0
1194000, 9111, 1, 0
1196000, 8846, 1, 0
1198000, 8780, 1, 0
1200000, 9143, 1, 0
