2000, 23646, 1, 0
4000, 32117, 1, 0
6001, 15532, 1, 0
8000, 13783, 1, 0
10001, 13319, 1, 0
12001, 14097, 1, 0
14001, 14460, 1, 0
16001, 14696, 1, 0
18000, 14261, 1, 0
20001, 14287, 1, 0
22000, 15258, 1, 0
24000, 14254, 1, 0
26000, 13375, 1, 0
28000, 16588, 1, 0
30000, 14847, 1, 0
32000, 15057, 1, 0
34000, 15110, 1, 0
36000, 13280, 1, 0
38000, 16350, 1, 0
40000, 14957, 1, 0
42000, 13586, 1, 0
44000, 16354, 1, 0
46000, 14630, 1, 0
48000, 14035, 1, 0
50000, 16179, 1, 0
52000, 11918, 1, 0
54000, 17001, 1, 0
56000, 15293, 1, 0
58000, 15649, 1, 0
60000, 14773, 1, 0
62000, 14702, 1, 0
64000, 15074, 1, 0
66000, 14755, 1, 0
68000, 14845, 1, 0
70000, 15242, 1, 0
72000, 13456, 1, 0
74000, 16088, 1, 0
76000, 15215, 1, 0
78000, 14746, 1, 0
80000, 14783, 1, 0
82000, 15051, 1, 0
84000, 14351, 1, 0
86000, 14944, 1, 0
88000, 15444, 1, 0
90000, 15169, 1, 0
92000, 14125, 1, 0
94000, 15612, 1, 0
96000, 13900, 1, 0
98000, 16131, 1, 0
100000, 14089, 1, 0
102000, 14681, 1, 0
104000, 14893, 1, 0
106000, 15322, 1, 0
108000, 15086, 1, 0
110000, 15023, 1, 0
112000, 14631, 1, 0
114000, 14890, 1, 0
116000, 14511, 1, 0
118000, 14603, 1, 0
120000, 15777, 1, 0
122000, 15245, 1, 0
124000, 14988, 1, 0
126000, 14242, 1, 0
128000, 15507, 1, 0
130001, 14475, 1, 0
132000, 14867, 1, 0
134000, 15429, 1, 0
136000, 14800, 1, 0
138000, 14647, 1, 0
140000, 14470, 1, 0
142000, 14518, 1, 0
144000, 16161, 1, 0
146000, 14165, 1, 0
148000, 15163, 1, 0
150000, 14867, 1, 0
152000, 14192, 1, 0
154000, 15466, 1, 0
156000, 14549, 1, 0
158000, 14119, 1, 0
160000, 15453, 1, 0
162000, 13691, 1, 0
164000, 16057, 1, 0
166000, 15227, 1, 0
168000, 14315, 1, 0
170000, 15058, 1, 0
172000, 14645, 1, 0
174000, 14871, 1, 0
176000, 15071, 1, 0
178000, 15048, 1, 0
180000, 14543, 1, 0
182000, 15072, 1, 0
184000, 13522, 1, 0
186000, 15264, 1, 0
188000, 13840, 1, 0
190000, 14052, 1, 0
192000, 15111, 1, 0
194000, 14213, 1, 0
196000, 14493, 1, 0
198000, 14199, 1, 0
200001, 13970, 1, 0
202000, 14644, 1, 0
204001, 14447, 1, 0
206000, 13934, 1, 0
208000, 14032, 1, 0
210001, 13862, 1, 0
212000, 13559, 1, 0
214000, 14471, 1, 0
216000, 14530, 1, 0
218000, 15242, 1, 0
220000, 14927, 1, 0
222000, 14355, 1, 0
224000, 13539, 1, 0
226000, 14838, 1, 0
228000, 14587, 1, 0
230000, 13869, 1, 0
232000, 14222, 1, 0
234000, 14658, 1, 0
236000, 13885, 1, 0
238000, 13753, 1, 0
240000, 14476, 1, 0
242000, 14301, 1, 0
244000, 14555, 1, 0
246000, 14206, 1, 0
248000, 14046, 1, 0
250000, 14972, 1, 0
252000, 14356, 1, 0
254000, 13838, 1, 0
256000, 14294, 1, 0
258000, 14100, 1, 0
260000, 14052, 1, 0
262000, 14664, 1, 0
264000, 14682, 1, 0
266000, 13834, 1, 0
268000, 14263, 1, 0
270000, 14204, 1, 0
272000, 14441, 1, 0
274000, 14318, 1, 0
276000, 14643, 1, 0
278000, 13799, 1, 0
280000, 14848, 1, 0
282000, 14006, 1, 0
284000, 14090, 1, 0
286000, 14629, 1, 0
288001, 14234, 1, 0
290000, 14152, 1, 0
292000, 14430, 1, 0
294000, 14104, 1, 0
296000, 14534, 1, 0
298000, 14459, 1, 0
300000, 13857, 1, 0
302000, 14283, 1, 0
304000, 14702, 1, 0
306000, 13770, 1, 0
308000, 13182, 1, 0
310000, 16268, 1, 0
312000, 13242, 1, 0
314000, 15210, 1, 0
316000, 14134, 1, 0
318000, 14324, 1, 0
320000, 14396, 1, 0
322000, 13809, 1, 0
324000, 14219, 1, 0
326000, 15224, 1, 0
328000, 14112, 1, 0
330000, 13977, 1, 0
332000, 14602, 1, 0
334000, 14661, 1, 0
336000, 13991, 1, 0
338000, 13964, 1, 0
340000, 14202, 1, 0
342000, 14625, 1, 0
344000, 14160, 1, 0
346000, 14149, 1, 0
348000, 12634, 1, 0
350000, 15848, 1, 0
352000, 12978, 1, 0
354000, 15745, 1, 0
356000, 14194, 1, 0
358000, 14510, 1, 0
360000, 14346, 1, 0
362000, 13706, 1, 0
364000, 14142, 1, 0
366000, 13959, 1, 0
368000, 15632, 1, 0
370000, 14028, 1, 0
372000, 13994, 1, 0
374000, 14751, 1, 0
376000, 13982, 1, 0
378000, 14808, 1, 0
380000, 13981, 1, 0
382000, 14172, 1, 0
384000, 15523, 1, 0
386000, 13443, 1, 0
388000, 13723, 1, 0
390000, 13580, 1, 0
392000, 15685, 1, 0
394000, 14350, 1, 0
396000, 14263, 1, 0
398000, 14349, 1, 0
400000, 14162, 1, 0
402000, 13893, 1, 0
404000, 14748, 1, 0
406000, 14691, 1, 0
408000, 13371, 1, 0
410000, 14344, 1, 0
412000, 14907, 1, 0
414000, 14099, 1, 0
416000, 15033, 1, 0
418000, 13397, 1, 0
420000, 15243, 1, 0
422000, 14134, 1, 0
424000, 14120, 1, 0
426001, 14573, 1, 0
428000, 13445, 1, 0
430000, 14386, 1, 0
432000, 14096, 1, 0
434000, 14082, 1, 0
436000, 14011, 1, 0
438000, 13981, 1, 0
440000, 13173, 1, 0
442000, 14544, 1, 0
444000, 13796, 1, 0
446000, 13893, 1, 0
448001, 13715, 1, 0
450000, 14260, 1, 0
452000, 13689, 1, 0
454000, 13702, 1, 0
456000, 14004, 1, 0
458000, 13440, 1, 0
460000, 14431, 1, 0
462000, 13509, 1, 0
464000, 13847, 1, 0
466000, 13808, 1, 0
468000, 13768, 1, 0
470001, 14456, 1, 0
472000, 13519, 1, 0
474000, 13910, 1, 0
476000, 13938, 1, 0
478000, 13650, 1, 0
480000, 13608, 1, 0
482000, 13233, 1, 0
484000, 14010, 1, 0
486000, 14368, 1, 0
488000, 13650, 1, 0
490000, 13533, 1, 0
492000, 14524, 1, 0
494000, 13796, 1, 0
496000, 13670, 1, 0
498000, 13585, 1, 0
500000, 14183, 1, 0
502000, 13851, 1, 0
504000, 13348, 1, 0
506000, 13918, 1, 0
508000, 13704, 1, 0
510000, 13857, 1, 0
512000, 13764, 1, 0
514001, 14044, 1, 0
516000, 13640, 1, 0
518000, 14051, 1, 0
520000, 13870, 1, 0
522000, 13894, 1, 0
524000, 13994, 1, 0
526000, 13747, 1, 0
528000, 13741, 1, 0
530000, 12468, 1, 0
532000, 14374, 1, 0
534000, 14984, 1, 0
536000, 13860, 1, 0
538000, 13933, 1, 0
540001, 12904, 1, 0
542001, 14592, 1, 0
544000, 14257, 1, 0
546000, 13541, 1, 0
548000, 13737, 1, 0
550000, 14396, 1, 0
552000, 13765, 1, 0
554000, 13386, 1, 0
556000, 14177, 1, 0
558000, 14317, 1, 0
560001, 13418, 1, 0
562000, 14339, 1, 0
564000, 13380, 1, 0
566000, 13346, 1, 0
568000, 14919, 1, 0
570000, 13936, 1, 0
572000, 13280, 1, 0
574000, 14284, 1, 0
576000, 14202, 1, 0
578000, 13420, 1, 0
580001, 14205, 1, 0
582000, 13226, 1, 0
584001, 14505, 1, 0
586000, 12901, 1, 0
588000, 14744, 1, 0
590000, 13698, 1, 0
592000, 13556, 1, 0
594000, 14346, 1, 0
596000, 13866, 1, 0
598000, 13657, 1, 0
600001, 14240, 1, 0
602001, 13653, 1, 0
604000, 13871, 1, 0
606000, 13554, 1, 0
608001, 13564, 1, 0
610000, 13633, 1, 0
612000, 14645, 1, 0
614000, 14242, 1, 0
616000, 12594, 1, 0
618000, 14842, 1, 0
620000, 14241, 1, 0
622000, 13991, 1, 0
624000, 12842, 1, 0
626000, 14050, 1, 0
628000, 14158, 1, 0
630000, 14289, 1, 0
632000, 13855, 1, 0
634000, 13970, 1, 0
636000, 13616, 1, 0
638000, 14035, 1, 0
640000, 13781, 1, 0
642000, 13852, 1, 0
644000, 13720, 1, 0
646000, 12010, 1, 0
648000, 15639, 1, 0
650000, 14274, 1, 0
652000, 13859, 1, 0
654000, 14508, 1, 0
656000, 13088, 1, 0
658001, 12699, 1, 0
660000, 15402, 1, 0
662000, 12623, 1, 0
664000, 13578, 1, 0
666000, 15354, 1, 0
668000, 13463, 1, 0
670000, 12906, 1, 0
672000, 14662, 1, 0
674000, 13779, 1, 0
676000, 13583, 1, 0
678000, 14401, 1, 0
680000, 12465, 1, 0
682000, 13738, 1, 0
684000, 15139, 1, 0
686000, 14180, 1, 0
688000, 13856, 1, 0
690000, 13915, 1, 0
692000, 12664, 1, 0
694000, 13794, 1, 0
696000, 14142, 1, 0
698000, 14456, 1, 0
700000, 13661, 1, 0
702000, 14073, 1, 0
704000, 12983, 1, 0
706000, 14468, 1, 0
708000, 13547, 1, 0
710000, 13845, 1, 0
712000, 13842, 1, 0
714000, 13273, 1, 0
716000, 14770, 1, 0
718000, 13535, 1, 0
720000, 14228, 1, 0
722000, 12970, 1, 0
724001, 14820, 1, 0
726001, 12857, 1, 0
728001, 13593, 1, 0
730001, 14438, 1, 0
732000, 14639, 1, 0
734000, 13393, 1, 0
736000, 12427, 1, 0
738000, 15295, 1, 0
740000, 12971, 1, 0
742000, 14214, 1, 0
744000, 14058, 1, 0
746000, 14052, 1, 0
748000, 13414, 1, 0
750000, 12231, 1, 0
752000, 16309, 1, 0
754000, 13685, 1, 0
756000, 13473, 1, 0
758000, 13132, 1, 0
760000, 14689, 1, 0
762000, 13181, 1, 0
764000, 14322, 1, 0
766000, 13876, 1, 0
768000, 13115, 1, 0
770000, 14315, 1, 0
772000, 14048, 1, 0
774000, 13091, 1, 0
776000, 14605, 1, 0
778000, 13936, 1, 0
780000, 13089, 1, 0
782000, 14387, 1, 0
784000, 13786, 1, 0
786000, 13587, 1, 0
788000, 13426, 1, 0
790000, 14116, 1, 0
792000, 14023, 1, 0
794000, 13347, 1, 0
796000, 14186, 1, 0
798000, 13872, 1, 0
800000, 13550, 1, 0
802000, 14186, 1, 0
804000, 13019, 1, 0
806000, 14423, 1, 0
808000, 13371, 1, 0
810000, 13420, 1, 0
812000, 14420, 1, 0
814000, 14458, 1, 0
816000, 13249, 1, 0
818001, 13729, 1, 0
820001, 13743, 1, 0
822000, 14300, 1, 0
824000, 13637, 1, 0
826000, 13234, 1, 0
828000, 14352, 1, 0
830000, 13976, 1, 0
832000, 14125, 1, 0
834000, 13460, 1, 0
836000, 12321, 1, 0
838000, 15297, 1, 0
840000, 14079, 1, 0
842000, 13418, 1, 0
844000, 13994, 1, 0
846000, 13929, 1, 0
848000, 14318, 1, 0
850000, 13540, 1, 0
852001, 13411, 1, 0
854001, 13714, 1, 0
856000, 13522, 1, 0
858000, 14352, 1, 0
860000, 13358, 1, 0
862000, 14082, 1, 0
864000, 13537, 1, 0
866000, 14099, 1, 0
868000, 13243, 1, 0
870000, 14392, 1, 0
872000, 13543, 1, 0
874000, 14208, 1, 0
876001, 13739, 1, 0
878000, 14058, 1, 0
880000, 14183, 1, 0
882000, 13901, 1, 0
884000, 13809, 1, 0
886000, 13160, 1, 0
888000, 13967, 1, 0
890000, 12735, 1, 0
892000, 15031, 1, 0
894000, 13959, 1, 0
896000, 13799, 1, 0
898000, 13809, 1, 0
900000, 13587, 1, 0
902001, 14162, 1, 0
904000, 13556, 1, 0
906000, 14358, 1, 0
908000, 12907, 1, 0
910000, 14641, 1, 0
912000, 14019, 1, 0
914000, 13573, 1, 0
916000, 13695, 1, 0
918000, 13135, 1, 0
920000, 13455, 1, 0
922000, 14628, 1, 0
924000, 13252, 1, 0
926000, 14582, 1, 0
928000, 13916, 1, 0
930000, 13802, 1, 0
932000, 12761, 1, 0
934000, 13864, 1, 0
936000, 14833, 1, 0
938001, 13615, 1, 0
940000, 12947, 1, 0
942000, 14515, 1, 0
944000, 14163, 1, 0
946000, 13600, 1, 0
948001, 13746, 1, 0
950000, 14176, 1, 0
952000, 13471, 1, 0
954000, 13759, 1, 0
956000, 13259, 1, 0
958000, 14982, 1, 0
960000, 13530, 1, 0
962000, 13634, 1, 0
964000, 13446, 1, 0
966000, 13424, 1, 0
968000, 13725, 1, 0
970000, 14663, 1, 0
972000, 14136, 1, 0
974000, 13837, 1, 0
976000, 13540, 1, 0
978001, 14046, 1, 0
980000, 13708, 1, 0
982000, 13640, 1, 0
984000, 14004, 1, 0
986000, 13635, 1, 0
988000, 13944, 1, 0
990000, 13820, 1, 0
992000, 14083, 1, 0
994000, 12900, 1, 0
996000, 14234, 1, 0
998000, 14108, 1, 0
1000000, 13799, 1, 0
1002000, 13771, 1, 0
1004000, 13769, 1, 0
1006000, 14064, 1, 0
1008000, 13700, 1, 0
1010000, 13784, 1, 0
1012000, 13353, 1, 0
1014000, 13566, 1, 0
1016000, 14260, 1, 0
1018000, 13441, 1, 0
1020000, 13806, 1, 0
1022000, 13423, 1, 0
1024000, 13755, 1, 0
1026001, 13628, 1, 0
1028000, 13442, 1, 0
1030001, 14044, 1, 0
1032001, 12792, 1, 0
1034000, 14167, 1, 0
1036000, 13950, 1, 0
1038000, 13628, 1, 0
1040000, 13040, 1, 0
1042000, 14754, 1, 0
1044000, 13322, 1, 0
1046000, 13422, 1, 0
1048000, 14501, 1, 0
1050000, 13224, 1, 0
1052000, 13514, 1, 0
1054000, 13114, 1, 0
1056000, 13882, 1, 0
1058000, 13077, 1, 0
1060000, 14511, 1, 0
1062000, 13734, 1, 0
1064000, 13709, 1, 0
1066000, 13357, 1, 0
1068000, 13986, 1, 0
1070000, 14104, 1, 0
1072000, 13150, 1, 0
1074000, 13952, 1, 0
1076000, 13055, 1, 0
1078000, 14066, 1, 0
1080000, 12797, 1, 0
1082000, 11375, 1, 0
1084000, 11415, 1, 0
1086000, 8773, 1, 0
1088000, 13253, 1, 0
1090000, 11883, 1, 0
1092000, 10702, 1, 0
1094000, 10032, 1, 0
1096000, 10659, 1, 0
1098000, 11357, 1, 0
1100000, 11126, 1, 0
1102000, 10872, 1, 0
1104000, 9923, 1, 0
1106000, 10915, 1, 0
1108000, 10393, 1, 0
1110000, 10305, 1, 0
1112000, 10292, 1, 0
1114000, 10461, 1, 0
1116000, 10432, 1, 0
1118000, 8510, 1, 0
1120000, 10907, 1, 0
1122000, 10286, 1, 0
1124000, 9714, 1, 0
1126000, 9544, 1, 0
1128000, 10338, 1, 0
1130000, 9697, 1, 0
1132000, 9618, 1, 0
1134000, 9824, 1, 0
1136000, 9770, 1, 0
1138000, 9515, 1, 0
1140000, 9617, 1, 0
1142000, 8961, 1, 0
1144000, 10244, 1, 0
1146000, 7954, 1, 0
1148000, 9960, 1, 0
1150000, 9567, 1, 0
1152000, 9428, 1, 0
1154000, 8495, 1, 0
1156000, 10026, 1, 0
1158000, 9556, 1, 0
1160000, 8959, 1, 0
1162000, 8806, 1, 0
1164000, 8780, 1, 0
1166000, 9524, 1, 0
1168000, 9139, 1, 0
1170000, 8745, 1, 0
1172000, 9782, 1, 0
1174000, 9276, 1, 0
1176000, 8818, 1, 0
1178000, 9532, 1, 0
1180000, 7985, 1, 0
1182000, 8791, 1, 0
1184000, 8634, 1, 0
1186000, 9368, 1, 0
1188000, 9033, 1, 0
1190000, 8781, 1, 0
1192001, 8783, 1, 0
1194000, 8959, 1, 0
1196000, 8844, 1, 0
1198001, 8777, 1, 0
1200001, 9141, 1, 0
