 7692
 8022
 8153
 8275
 8540
 8690
 8735
 8768
 8806
 8822
 8881
 8886
 8965
 8998
 9029
 9133
 9214
 9222
 9246
 9246
 9293
 9302
 9330
 9347
 9414
 9459
 9465
 9545
 9645
 9668
 9734
 9745
 9771
 9789
 9838
 9847
 9872
 10019
 10032
 10054
 10179
 10210
 10225
 10264
 10268
 10380
 10430
 10542
 10663
 10668
 10671
 10753
 10754
 10853
 11178
 11179
 11250
 11282
 11762
 11904
 12297
 12386
 12407
 12434
 12464
 12474
 12492
 12519
 12577
 12706
 12769
 12790
 12794
 12795
 12796
 12800
 12804
 12814
 12823
 12835
 12850
 12870
 12885
 12912
 12915
 12942
 12988
 12990
 13000
 13004
 13009
 13010
 13028
 13028
 13050
 13053
 13097
 13117
 13135
 13155
 13164
 13166
 13177
 13177
 13192
 13198
 13199
 13210
 13211
 13212
 13218
 13226
 13239
 13240
 13244
 13247
 13266
 13283
 13283
 13294
 13319
 13329
 13353
 13359
 13359
 13363
 13363
 13369
 13376
 13379
 13401
 13402
 13403
 13403
 13421
 13423
 13434
 13443
 13450
 13456
 13456
 13461
 13462
 13469
 13475
 13477
 13484
 13486
 13492
 13493
 13493
 13495
 13499
 13500
 13502
 13504
 13507
 13507
 13507
 13508
 13515
 13518
 13524
 13528
 13530
 13538
 13539
 13542
 13547
 13550
 13551
 13557
 13565
 13575
 13576
 13593
 13595
 13596
 13601
 13612
 13612
 13614
 13615
 13622
 13623
 13626
 13631
 13631
 13635
 13640
 13642
 13645
 13650
 13653
 13654
 13655
 13657
 13664
 13666
 13668
 13671
 13674
 13678
 13682
 13685
 13688
 13689
 13696
 13701
 13702
 13703
 13704
 13706
 13707
 13708
 13709
 13712
 13717
 13717
 13718
 13722
 13725
 13726
 13728
 13730
 13736
 13742
 13745
 13748
 13751
 13752
 13760
 13764
 13767
 13769
 13771
 13775
 13778
 13779
 13780
 13782
 13787
 13798
 13805
 13820
 13822
 13822
 13829
 13834
 13835
 13837
 13839
 13842
 13843
 13844
 13844
 13846
 13846
 13852
 13856
 13857
 13864
 13867
 13868
 13870
 13870
 13872
 13875
 13877
 13878
 13884
 13885
 13887
 13888
 13891
 13893
 13894
 13895
 13897
 13898
 13898
 13901
 13917
 13918
 13918
 13918
 13921
 13922
 13929
 13930
 13931
 13933
 13937
 13939
 13941
 13944
 13946
 13948
 13951
 13968
 13969
 13972
 13978
 13979
 13979
 13985
 13986
 13987
 13989
 13992
 13995
 13995
 13996
 13997
 13999
 14001
 14002
 14003
 14007
 14007
 14008
 14011
 14013
 14015
 14018
 14023
 14023
 14025
 14027
 14028
 14028
 14036
 14039
 14042
 14042
 14042
 14049
 14053
 14054
 14055
 14056
 14057
 14062
 14063
 14067
 14067
 14076
 14080
 14084
 14085
 14094
 14095
 14096
 14101
 14102
 14102
 14110
 14117
 14127
 14133
 14134
 14147
 14150
 14154
 14154
 14155
 14158
 14159
 14159
 14161
 14164
 14173
 14176
 14179
 14180
 14180
 14180
 14191
 14191
 14193
 14196
 14202
 14204
 14206
 14206
 14207
 14210
 14215
 14216
 14222
 14229
 14235
 14244
 14248
 14252
 14256
 14258
 14258
 14275
 14276
 14277
 14278
 14278
 14279
 14283
 14290
 14297
 14300
 14302
 14309
 14311
 14312
 14316
 14317
 14318
 14322
 14326
 14332
 14334
 14345
 14347
 14348
 14351
 14357
 14360
 14366
 14370
 14370
 14372
 14381
 14389
 14390
 14391
 14395
 14395
 14397
 14397
 14400
 14404
 14405
 14412
 14417
 14426
 14426
 14431
 14432
 14436
 14437
 14438
 14441
 14447
 14454
 14457
 14460
 14467
 14469
 14473
 14474
 14477
 14481
 14502
 14503
 14504
 14507
 14508
 14510
 14528
 14530
 14532
 14536
 14543
 14548
 14550
 14551
 14572
 14575
 14578
 14584
 14591
 14597
 14606
 14606
 14613
 14621
 14622
 14626
 14634
 14639
 14656
 14665
 14667
 14681
 14686
 14687
 14694
 14700
 14701
 14709
 14717
 14726
 14733
 14737
 14750
 14759
 14768
 14774
 14775
 14784
 14785
 14786
 14790
 14807
 14810
 14817
 14818
 14821
 14822
 14824
 14840
 14848
 14853
 14859
 14867
 14867
 14876
 14882
 14884
 14892
 14892
 14902
 14911
 14924
 14934
 14934
 14936
 14952
 14952
 14953
 14968
 14973
 14985
 14985
 15013
 15018
 15022
 15057
 15057
 15076
 15086
 15099
 15106
 15107
 15109
 15126
 15131
 15175
 15184
 15198
 15229
 15243
 15258
 15284
 15310
 15322
 15379
 15385
 15402
 15444
 15455
 15462
 15481
 15483
 15503
 15515
 15539
 15550
 15579
 15653
 15656
 15659
 15667
 15697
 15699
 15752
 15752
 15766
 15780
 15808
 15845
 15896
 15905
 16024
 16161
 16162
 16228
 16498
 16520
 16603
 22698
 32322
