 30777
 43721
 59553
 59947
 60380
 60539
 61135
 61416
 61946
 62204
 62430
 62486
 62486
 63094
 63115
 63122
 63218
 63238
 63431
 63471
 63476
 63501
 63521
 63666
 63829
 63836
 63874
 63963
 63979
 64038
 64099
 64200
 64330
 64353
 64532
 64551
 64634
 64753
 64770
 64857
 64950
 64960
 65031
 65072
 65093
 65154
 65230
 65457
 65509
 65668
 65682
 65796
 65811
 65907
 65957
 66026
 66084
 66120
 66165
 66181
 66224
 66226
 66357
 66429
 66465
 66530
 66534
 66545
 66558
 66656
 66688
 66701
 66737
 66818
 66831
 66864
 66902
 66903
 66909
 66912
 66992
 66997
 67041
 67054
 67097
 67122
 67125
 67133
 67138
 67204
 67224
 67274
 67279
 67558
 67593
 67599
 67612
 67701
 67747
 67760
 67765
 67785
 67803
 67817
 67836
 67847
 67854
 67897
 67922
 67928
 67971
 67994
 68016
 68041
 68047
 68087
 68109
 68119
 68155
 68191
 68215
 68229
 68257
 68281
 68296
 68307
 68309
 68336
 68365
 68374
 68403
 68414
 68429
 68473
 68499
 68512
 68518
 68536
 68553
 68564
 68565
 68585
 68626
 68640
 68686
 68689
 68689
 68736
 68758
 68759
 68761
 68766
 68774
 68785
 68835
 68844
 68852
 68890
 68901
 68912
 68930
 68931
 68986
 68987
 69016
 69021
 69037
 69061
 69071
 69074
 69080
 69098
 69101
 69101
 69138
 69151
 69155
 69177
 69211
 69238
 69256
 69269
 69300
 69324
 69346
 69355
 69362
 69379
 69464
 69502
 69511
 69513
 69531
 69535
 69536
 69549
 69621
 69670
 69671
 69677
 69683
 69712
 69714
 69726
 69746
 69799
 69833
 69838
 69854
 69869
 69875
 69879
 69882
 69888
 69895
 69910
 69912
 69944
 69976
 69986
 69994
 70000
 70013
 70041
 70048
 70051
 70057
 70059
 70060
 70087
 70144
 70155
 70156
 70206
 70208
 70209
 70227
 70235
 70257
 70264
 70276
 70276
 70276
 70278
 70293
 70302
 70347
 70397
 70408
 70410
 70417
 70430
 70431
 70467
 70480
 70505
 70527
 70544
 70554
 70586
 70587
 70631
 70639
 70640
 70667
 70671
 70674
 70678
 70699
 70723
 70735
 70768
 70791
 70803
 70866
 70870
 70871
 70879
 70899
 70935
 70958
 70959
 70960
 70961
 70965
 71016
 71036
 71046
 71049
 71058
 71060
 71063
 71093
 71101
 71120
 71120
 71164
 71177
 71193
 71243
 71244
 71279
 71311
 71319
 71325
 71333
 71341
 71356
 71365
 71379
 71382
 71387
 71423
 71424
 71427
 71454
 71456
 71495
 71510
 71530
 71542
 71545
 71552
 71586
 71596
 71607
 71613
 71614
 71624
 71641
 71642
 71649
 71655
 71725
 71732
 71762
 71763
 71787
 71802
 71840
 71842
 71874
 71877
 71881
 71892
 71894
 71898
 71915
 71985
 71993
 72005
 72016
 72023
 72039
 72146
 72148
 72169
 72170
 72177
 72179
 72180
 72193
 72195
 72202
 72203
 72240
 72287
 72294
 72299
 72303
 72309
 72321
 72334
 72375
 72390
 72412
 72439
 72450
 72461
 72463
 72469
 72485
 72494
 72497
 72535
 72555
 72587
 72590
 72592
 72637
 72641
 72643
 72675
 72696
 72760
 72787
 72792
 72815
 72851
 72857
 72859
 72867
 72871
 72907
 72920
 72934
 72942
 72946
 72952
 72959
 72972
 72979
 72993
 73001
 73013
 73023
 73033
 73037
 73037
 73046
 73090
 73136
 73138
 73143
 73198
 73292
 73301
 73369
 73408
 73423
 73480
 73494
 73506
 73513
 73527
 73533
 73611
 73631
 73635
 73652
 73655
 73674
 73705
 73734
 73772
 73782
 73841
 73857
 73918
 73933
 74027
 74032
 74039
 74056
 74068
 74083
 74084
 74112
 74116
 74128
 74203
 74325
 74347
 74349
 74404
 74423
 74438
 74439
 74456
 74497
 74511
 74597
 74624
 74653
 74678
 74736
 74870
 74893
 74932
 74950
 74995
 75037
 75157
 75198
 75226
 75335
 75392
 75420
 75426
 75488
 75532
 75541
 75639
 75643
 75672
 75829
 75838
 75865
 75866
 75973
 76120
 76189
 76208
 76284
 76331
 76549
 76634
 76771
 76800
 76812
 76853
 76858
 76886
 76907
 77005
 77150
 77153
 77172
 77359
 77471
 77503
 77548
 77687
 77690
 77736
 77768
 77873
 77889
 78004
 78118
 78568
 78876
 79073
 79761
 79852
 80230
 80241
 80441
 80751
 81376
 84132
 84551
 85811
 88175
 88254
 88263
 90499
 91887
 92810
 92983
 93426
 94249
 94526
 94932
 94941
 96090
 96422
 96450
 96805
 97216
 98008
 98818
 98916
 100372
 101485
 101727
 102088
 102272
 102401
 102694
 103264
 103547
 104549
 104587
 105533
 105876
 106148
 106315
 106410
 106533
 107263
 107647
 108335
 108380
 108630
 109340
 110679
 110972
 111505
 111764
 111877
 113000
 113411
 114342
 114972
 122096
 123183
 124329
 127851
 134963
