2000, 23586, 1, 0
4012, 49389, 1, 0
6004, 71728, 1, 0
8000, 73183, 1, 0
10016, 73260, 1, 0
12000, 68429, 1, 0
14000, 69497, 1, 0
16020, 66253, 1, 0
18000, 67816, 1, 0
20020, 68337, 1, 0
22000, 66094, 1, 0
24004, 67695, 1, 0
26000, 73414, 1, 0
28000, 62767, 1, 0
30000, 69903, 1, 0
32020, 66393, 1, 0
34000, 63833, 1, 0
36012, 68535, 1, 0
38024, 67949, 1, 0
40020, 65473, 1, 0
42000, 62889, 1, 0
44000, 68343, 1, 0
46016, 70778, 1, 0
48004, 62355, 1, 0
50032, 66682, 1, 0
52028, 67943, 1, 0
54000, 65846, 1, 0
56020, 68503, 1, 0
58012, 62254, 1, 0
60004, 72726, 1, 0
62000, 60901, 1, 0
64000, 72127, 1, 0
66013, 64382, 1, 0
68032, 64824, 1, 0
70035, 65669, 1, 0
72027, 67601, 1, 0
74011, 67302, 1, 0
76019, 66346, 1, 0
78015, 64253, 1, 0
80027, 69388, 1, 0
82015, 69399, 1, 0
84019, 64365, 1, 0
86011, 62402, 1, 0
88015, 69940, 1, 0
90003, 64681, 1, 0
92007, 64027, 1, 0
94011, 72415, 1, 0
96000, 65894, 1, 0
98011, 63452, 1, 0
100011, 64751, 1, 0
102000, 67621, 1, 0
104043, 67080, 1, 0
106007, 65486, 1, 0
108003, 67418, 1, 0
110031, 68624, 1, 0
112003, 63247, 1, 0
114023, 66440, 1, 0
116015, 71824, 1, 0
118000, 67477, 1, 0
120015, 60838, 1, 0
122007, 67245, 1, 0
124000, 64902, 1, 0
126001, 69080, 1, 0
128012, 66300, 1, 0
130011, 65492, 1, 0
132003, 65611, 1, 0
134007, 69383, 1, 0
136031, 63950, 1, 0
138007, 67122, 1, 0
140019, 67365, 1, 0
142011, 70275, 1, 0
144000, 63188, 1, 0
146035, 68963, 1, 0
148031, 67168, 1, 0
150007, 70452, 1, 0
152000, 66215, 1, 0
154023, 61943, 1, 0
156000, 67516, 1, 0
158126, 72237, 1, 0
160000, 62560, 1, 0
162007, 65577, 1, 0
164000, 69145, 1, 0
166097, 68498, 1, 0
168000, 61879, 1, 0
170035, 68439, 1, 0
172003, 66795, 1, 0
174035, 67316, 1, 0
176011, 74052, 1, 0
178019, 61039, 1, 0
180000, 64278, 1, 0
182003, 69815, 1, 0
184000, 68681, 1, 0
186030, 67171, 1, 0
188008, 67562, 1, 0
190000, 68332, 1, 0
192000, 70867, 1, 0
194018, 69198, 1, 0
196006, 72478, 1, 0
198002, 67013, 1, 0
200022, 70224, 1, 0
202000, 71457, 1, 0
204000, 68197, 1, 0
206000, 70658, 1, 0
208000, 68206, 1, 0
210030, 67939, 1, 0
212010, 69696, 1, 0
214002, 72691, 1, 0
216018, 66830, 1, 0
218018, 68519, 1, 0
220014, 68140, 1, 0
222010, 67856, 1, 0
224000, 69779, 1, 0
226010, 74733, 1, 0
228000, 66370, 1, 0
230026, 67918, 1, 0
232022, 70952, 1, 0
234002, 71513, 1, 0
236038, 68138, 1, 0
238010, 71001, 1, 0
240026, 66287, 1, 0
242014, 68082, 1, 0
244018, 70389, 1, 0
246010, 67749, 1, 0
248018, 71443, 1, 0
250014, 65977, 1, 0
252014, 70498, 1, 0
254000, 68856, 1, 0
256026, 68889, 1, 0
258026, 72383, 1, 0
260156, 73269, 1, 0
262006, 62464, 1, 0
264010, 70636, 1, 0
266014, 67961, 1, 0
268002, 69944, 1, 0
270026, 68944, 1, 0
272006, 70412, 1, 0
274014, 69802, 1, 0
276000, 67162, 1, 0
278000, 70036, 1, 0
280014, 70261, 1, 0
282006, 69759, 1, 0
284006, 77661, 1, 0
286022, 65480, 1, 0
288006, 64605, 1, 0
290006, 69392, 1, 0
292014, 70698, 1, 0
294043, 71048, 1, 0
296000, 69195, 1, 0
298000, 75515, 1, 0
300000, 61772, 1, 0
302006, 71892, 1, 0
304022, 73098, 1, 0
306000, 65854, 1, 0
308000, 67166, 1, 0
310026, 68143, 1, 0
312000, 79368, 1, 0
314010, 65422, 1, 0
316000, 67839, 1, 0
318018, 67745, 1, 0
320002, 69809, 1, 0
322006, 67763, 1, 0
324006, 70052, 1, 0
326014, 70092, 1, 0
328009, 70084, 1, 0
330018, 68291, 1, 0
332010, 69404, 1, 0
334017, 68476, 1, 0
336013, 70102, 1, 0
338000, 69069, 1, 0
340000, 70287, 1, 0
342025, 70094, 1, 0
344009, 71394, 1, 0
346000, 66080, 1, 0
348013, 68376, 1, 0
350025, 71402, 1, 0
352025, 68650, 1, 0
354001, 69284, 1, 0
356009, 74880, 1, 0
358013, 64517, 1, 0
360000, 69974, 1, 0
362013, 70126, 1, 0
364021, 68680, 1, 0
366000, 69916, 1, 0
368005, 68683, 1, 0
370000, 71057, 1, 0
372001, 71064, 1, 0
374005, 69518, 1, 0
376000, 70334, 1, 0
378001, 66690, 1, 0
380000, 68060, 1, 0
382033, 69265, 1, 0
384017, 71370, 1, 0
386013, 68663, 1, 0
388000, 74021, 1, 0
390013, 63966, 1, 0
392025, 70004, 1, 0
394017, 69206, 1, 0
396017, 70097, 1, 0
398001, 71843, 1, 0
400000, 63861, 1, 0
402009, 72296, 1, 0
404029, 70936, 1, 0
406000, 68229, 1, 0
408005, 68415, 1, 0
410025, 70867, 1, 0
412001, 70926, 1, 0
414001, 68300, 1, 0
416021, 70703, 1, 0
418013, 67613, 1, 0
420013, 70278, 1, 0
422001, 71222, 1, 0
424000, 68966, 1, 0
426028, 70303, 1, 0
428000, 67927, 1, 0
430029, 79504, 1, 0
432010, 63743, 1, 0
434018, 72620, 1, 0
436028, 73859, 1, 0
438006, 68316, 1, 0
440010, 73550, 1, 0
442000, 70411, 1, 0
444003, 81442, 1, 0
446039, 69647, 1, 0
448032, 69786, 1, 0
450031, 68923, 1, 0
452000, 73089, 1, 0
454019, 70512, 1, 0
456000, 79895, 1, 0
458003, 66766, 1, 0
460016, 71961, 1, 0
462008, 74033, 1, 0
464000, 68993, 1, 0
466004, 74909, 1, 0
468000, 69264, 1, 0
470012, 77479, 1, 0
472004, 72596, 1, 0
474000, 66184, 1, 0
476000, 72621, 1, 0
478009, 73207, 1, 0
480013, 70793, 1, 0
482014, 74539, 1, 0
484000, 72991, 1, 0
486005, 69026, 1, 0
488000, 71418, 1, 0
490000, 71772, 1, 0
492021, 75878, 1, 0
494009, 71381, 1, 0
496000, 78510, 1, 0
498000, 68856, 1, 0
500002, 73580, 1, 0
502006, 74380, 1, 0
504000, 69913, 1, 0
506000, 69962, 1, 0
508000, 72736, 1, 0
510022, 71020, 1, 0
512014, 74322, 1, 0
514006, 69063, 1, 0
516014, 71618, 1, 0
518000, 71551, 1, 0
520010, 73965, 1, 0
522015, 76846, 1, 0
524015, 67176, 1, 0
526019, 70461, 1, 0
528027, 74783, 1, 0
530000, 71723, 1, 0
532019, 70380, 1, 0
534019, 69465, 1, 0
536027, 72055, 1, 0
538005, 77870, 1, 0
540015, 65111, 1, 0
542000, 70172, 1, 0
544000, 71714, 1, 0
546019, 70655, 1, 0
548000, 70871, 1, 0
550054, 74621, 1, 0
552012, 72141, 1, 0
554012, 65913, 1, 0
556012, 72962, 1, 0
558032, 70583, 1, 0
560016, 74724, 1, 0
562000, 72275, 1, 0
564020, 70010, 1, 0
566017, 70880, 1, 0
568016, 70742, 1, 0
570028, 74896, 1, 0
572008, 68328, 1, 0
574000, 71741, 1, 0
576000, 69924, 1, 0
578000, 70972, 1, 0
580007, 81029, 1, 0
582000, 64040, 1, 0
584009, 71297, 1, 0
586001, 71753, 1, 0
588009, 71792, 1, 0
590009, 74764, 1, 0
592017, 69493, 1, 0
594009, 70818, 1, 0
596001, 74636, 1, 0
598001, 72660, 1, 0
600009, 66369, 1, 0
602009, 72863, 1, 0
604001, 70098, 1, 0
606025, 71954, 1, 0
608000, 70000, 1, 0
610021, 72688, 1, 0
612001, 72992, 1, 0
614000, 68352, 1, 0
616017, 72195, 1, 0
618013, 81266, 1, 0
620005, 64235, 1, 0
622009, 72111, 1, 0
624029, 71293, 1, 0
626000, 71643, 1, 0
628000, 70474, 1, 0
630000, 76435, 1, 0
632026, 68820, 1, 0
634010, 71663, 1, 0
636002, 70900, 1, 0
638002, 71802, 1, 0
640026, 71562, 1, 0
642000, 70995, 1, 0
644036, 76056, 1, 0
646000, 67414, 1, 0
648022, 72404, 1, 0
650010, 69482, 1, 0
652006, 72154, 1, 0
654031, 73208, 1, 0
656014, 72471, 1, 0
658000, 70167, 1, 0
660026, 72310, 1, 0
662006, 72790, 1, 0
664006, 70597, 1, 0
666018, 71116, 1, 0
668006, 73386, 1, 0
670000, 71341, 1, 0
672026, 70899, 1, 0
674002, 72380, 1, 0
676018, 74791, 1, 0
678022, 68478, 1, 0
680000, 71615, 1, 0
682006, 73110, 1, 0
684006, 74414, 1, 0
686065, 73540, 1, 0
688018, 71787, 1, 0
690014, 65406, 1, 0
692014, 74186, 1, 0
694011, 72666, 1, 0
696035, 74062, 1, 0
698011, 68892, 1, 0
700019, 72803, 1, 0
702000, 73544, 1, 0
704003, 68895, 1, 0
706011, 74996, 1, 0
708000, 70289, 1, 0
710039, 73115, 1, 0
712003, 71152, 1, 0
714000, 72721, 1, 0
716015, 70143, 1, 0
718019, 70339, 1, 0
720011, 74814, 1, 0
722023, 73818, 1, 0
724031, 70531, 1, 0
726015, 70694, 1, 0
728015, 68355, 1, 0
730000, 70730, 1, 0
732000, 74795, 1, 0
734007, 71626, 1, 0
736007, 76415, 1, 0
738007, 66849, 1, 0
740011, 71779, 1, 0
742011, 73061, 1, 0
744019, 71354, 1, 0
746000, 73026, 1, 0
748007, 74773, 1, 0
750007, 71268, 1, 0
752015, 70760, 1, 0
754003, 70177, 1, 0
756019, 72550, 1, 0
758015, 74380, 1, 0
760000, 70573, 1, 0
762015, 69388, 1, 0
764003, 71675, 1, 0
766000, 70526, 1, 0
768000, 75097, 1, 0
770000, 71976, 1, 0
772000, 73479, 1, 0
774000, 66248, 1, 0
776015, 70389, 1, 0
778000, 72581, 1, 0
780015, 75282, 1, 0
782000, 67170, 1, 0
784019, 77112, 1, 0
786027, 70373, 1, 0
788019, 71535, 1, 0
790012, 73174, 1, 0
792024, 70924, 1, 0
794000, 69943, 1, 0
796000, 71174, 1, 0
798000, 74506, 1, 0
800000, 72495, 1, 0
802016, 71527, 1, 0
804012, 70345, 1, 0
806028, 71897, 1, 0
808020, 72250, 1, 0
810000, 71523, 1, 0
812000, 73388, 1, 0
814000, 70098, 1, 0
816000, 74870, 1, 0
818028, 70968, 1, 0
820012, 70985, 1, 0
822008, 72330, 1, 0
824004, 68942, 1, 0
826024, 73047, 1, 0
828000, 72001, 1, 0
830000, 76925, 1, 0
832024, 67364, 1, 0
834024, 73343, 1, 0
836024, 69442, 1, 0
838028, 73154, 1, 0
840083, 78527, 1, 0
842000, 68148, 1, 0
844016, 67182, 1, 0
846000, 73333, 1, 0
848008, 73135, 1, 0
850000, 69610, 1, 0
852032, 76299, 1, 0
854008, 68341, 1, 0
856020, 74579, 1, 0
858040, 70478, 1, 0
860000, 74742, 1, 0
862008, 76578, 1, 0
864028, 63883, 1, 0
866012, 71359, 1, 0
868000, 71675, 1, 0
870025, 74355, 1, 0
872016, 70240, 1, 0
874008, 74425, 1, 0
876043, 73812, 1, 0
878000, 67335, 1, 0
880024, 70939, 1, 0
882036, 71250, 1, 0
884000, 71137, 1, 0
886008, 71872, 1, 0
888000, 73749, 1, 0
890016, 83878, 1, 0
892000, 60197, 1, 0
894004, 72149, 1, 0
896020, 75820, 1, 0
898000, 68173, 1, 0
900000, 77564, 1, 0
902000, 67942, 1, 0
904016, 73405, 1, 0
906000, 71427, 1, 0
908012, 73172, 1, 0
910000, 69504, 1, 0
912000, 74305, 1, 0
914000, 69004, 1, 0
916012, 73651, 1, 0
918004, 70906, 1, 0
920014, 74422, 1, 0
922004, 68736, 1, 0
924014, 73418, 1, 0
926000, 70596, 1, 0
928004, 73522, 1, 0
930008, 69901, 1, 0
932000, 73877, 1, 0
934000, 68706, 1, 0
936012, 72544, 1, 0
938007, 75673, 1, 0
940000, 76100, 1, 0
942024, 71013, 1, 0
944000, 67246, 1, 0
946005, 74003, 1, 0
948009, 68424, 1, 0
950000, 73812, 1, 0
952000, 69212, 1, 0
954013, 73991, 1, 0
956000, 69766, 1, 0
958005, 72423, 1, 0
960021, 73828, 1, 0
962037, 72170, 1, 0
964033, 71633, 1, 0
966000, 73138, 1, 0
968005, 69937, 1, 0
970000, 70985, 1, 0
972000, 72613, 1, 0
974013, 70563, 1, 0
976009, 74570, 1, 0
978009, 74496, 1, 0
980013, 65793, 1, 0
982000, 75651, 1, 0
984009, 71407, 1, 0
986017, 69624, 1, 0
988013, 73960, 1, 0
990001, 70392, 1, 0
992027, 78370, 1, 0
994013, 67697, 1, 0
996005, 73372, 1, 0
998001, 69729, 1, 0
1000001, 72027, 1, 0
1002013, 70986, 1, 0
1004000, 70663, 1, 0
1006013, 70331, 1, 0
1008013, 74590, 1, 0
1010030, 79141, 1, 0
1012010, 68004, 1, 0
1014000, 70345, 1, 0
1016014, 73878, 1, 0
1018030, 71251, 1, 0
1020018, 70991, 1, 0
1022018, 74122, 1, 0
1024002, 73246, 1, 0
1026023, 72161, 1, 0
1028000, 76516, 1, 0
1030018, 70603, 1, 0
1032000, 68890, 1, 0
1034002, 73327, 1, 0
1036000, 71639, 1, 0
1038030, 75362, 1, 0
1040034, 71251, 1, 0
1042000, 71007, 1, 0
1044006, 72544, 1, 0
1046010, 70197, 1, 0
1048002, 76875, 1, 0
1050006, 68194, 1, 0
1052011, 74402, 1, 0
1054000, 70525, 1, 0
1056002, 75799, 1, 0
1058002, 69943, 1, 0
1060018, 70587, 1, 0
1062010, 78274, 1, 0
1064010, 67907, 1, 0
1066000, 72371, 1, 0
1068002, 73251, 1, 0
1070000, 73382, 1, 0
1072002, 69085, 1, 0
1074018, 76056, 1, 0
1076011, 77178, 1, 0
1078015, 68808, 1, 0
1080010, 82078, 1, 0
1082000, 83956, 1, 0
1084106, 101603, 1, 0
1086023, 75849, 1, 0
1088002, 99898, 1, 0
1090023, 80669, 1, 0
1092000, 88656, 1, 0
1094015, 92979, 1, 0
1096015, 89560, 1, 0
1098014, 97110, 1, 0
1100023, 85974, 1, 0
1102007, 93985, 1, 0
1104000, 90083, 1, 0
1106011, 99638, 1, 0
1108035, 95222, 1, 0
1110000, 93187, 1, 0
1112011, 100318, 1, 0
1114007, 96983, 1, 0
1116007, 97746, 1, 0
1118003, 98239, 1, 0
1120031, 104277, 1, 0
1122023, 97861, 1, 0
1124015, 94563, 1, 0
1126003, 99524, 1, 0
1128015, 106989, 1, 0
1130000, 102308, 1, 0
1132023, 101806, 1, 0
1134000, 108466, 1, 0
1136003, 105659, 1, 0
1138003, 97094, 1, 0
1140001, 123560, 1, 0
1142234, 105887, 1, 0
1144023, 93347, 1, 0
1146000, 104251, 1, 0
1148015, 124065, 1, 0
1150011, 91857, 1, 0
1152019, 106180, 1, 0
1154007, 110895, 1, 0
1156000, 105198, 1, 0
1158002, 110791, 1, 0
1160000, 103528, 1, 0
1162000, 110105, 1, 0
1164020, 105830, 1, 0
1166041, 120827, 1, 0
1168087, 102033, 1, 0
1170011, 104853, 1, 0
1172000, 110291, 1, 0
1174000, 106972, 1, 0
1176000, 112926, 1, 0
1178000, 106114, 1, 0
1180008, 114692, 1, 0
1182008, 106573, 1, 0
1184008, 110110, 1, 0
1186000, 112998, 1, 0
1188000, 111088, 1, 0
1190000, 110901, 1, 0
1192016, 113237, 1, 0
1194012, 109277, 1, 0
1196000, 109607, 1, 0
1198008, 115616, 1, 0
1200145, 116987, 1, 0
