2000, 24929, 1, 0
4012, 50556, 1, 0
6004, 73521, 1, 0
8000, 73608, 1, 0
10016, 73364, 1, 0
12016, 69374, 1, 0
14000, 68685, 1, 0
16020, 66934, 1, 0
18000, 67223, 1, 0
20020, 67627, 1, 0
22000, 71196, 1, 0
24000, 64776, 1, 0
26000, 64021, 1, 0
28000, 66781, 1, 0
30000, 69042, 1, 0
32020, 66469, 1, 0
34000, 70758, 1, 0
36012, 63044, 1, 0
38024, 68403, 1, 0
40020, 65110, 1, 0
42048, 66921, 1, 0
44000, 66218, 1, 0
46016, 66924, 1, 0
48004, 66959, 1, 0
50032, 65635, 1, 0
52028, 69460, 1, 0
54000, 63367, 1, 0
56020, 68360, 1, 0
58012, 65633, 1, 0
60004, 65028, 1, 0
62000, 68826, 1, 0
64004, 63420, 1, 0
66012, 66858, 1, 0
68032, 68704, 1, 0
70036, 69414, 1, 0
72028, 65410, 1, 0
74011, 63233, 1, 0
76019, 66057, 1, 0
78015, 73800, 1, 0
80027, 65231, 1, 0
82015, 62459, 1, 0
84019, 64481, 1, 0
86011, 66087, 1, 0
88015, 66536, 1, 0
90003, 71300, 1, 0
92000, 61841, 1, 0
94011, 66690, 1, 0
96051, 69885, 1, 0
98011, 62520, 1, 0
100011, 69673, 1, 0
102035, 66278, 1, 0
104000, 63809, 1, 0
106000, 67010, 1, 0
108003, 67818, 1, 0
110031, 65588, 1, 0
112000, 70578, 1, 0
114026, 65108, 1, 0
116015, 65086, 1, 0
118000, 62671, 1, 0
120015, 68580, 1, 0
122007, 65328, 1, 0
124000, 64647, 1, 0
126000, 65590, 1, 0
128012, 72076, 1, 0
130011, 64495, 1, 0
132003, 67395, 1, 0
134007, 64517, 1, 0
136031, 70424, 1, 0
138007, 64152, 1, 0
140019, 67653, 1, 0
142011, 68036, 1, 0
144000, 69593, 1, 0
146035, 63089, 1, 0
148031, 67707, 1, 0
150007, 68529, 1, 0
152000, 62750, 1, 0
154023, 66586, 1, 0
156000, 66833, 1, 0
158126, 73721, 1, 0
160035, 63525, 1, 0
162007, 68844, 1, 0
164051, 64268, 1, 0
166097, 69312, 1, 0
168023, 62874, 1, 0
170035, 77742, 1, 0
172003, 60153, 1, 0
174035, 65423, 1, 0
176011, 66488, 1, 0
178019, 67996, 1, 0
180002, 68449, 1, 0
182003, 64326, 1, 0
184000, 67811, 1, 0
186031, 68496, 1, 0
188008, 69677, 1, 0
190000, 68050, 1, 0
192000, 68463, 1, 0
194018, 68313, 1, 0
196000, 73736, 1, 0
198002, 65913, 1, 0
200000, 68887, 1, 0
202006, 71448, 1, 0
204000, 65671, 1, 0
206002, 69809, 1, 0
208000, 69255, 1, 0
210030, 70879, 1, 0
212010, 69028, 1, 0
214002, 69265, 1, 0
216018, 71837, 1, 0
218018, 66335, 1, 0
220014, 71703, 1, 0
222010, 65624, 1, 0
224030, 72933, 1, 0
226010, 67934, 1, 0
228000, 73076, 1, 0
230026, 64933, 1, 0
232022, 69786, 1, 0
234002, 68927, 1, 0
236038, 69570, 1, 0
238010, 69084, 1, 0
240026, 69428, 1, 0
242014, 68312, 1, 0
244018, 73930, 1, 0
246010, 65683, 1, 0
248018, 69848, 1, 0
250014, 70309, 1, 0
252014, 68448, 1, 0
254000, 70955, 1, 0
256026, 68785, 1, 0
258026, 68221, 1, 0
260157, 75869, 1, 0
262006, 65803, 1, 0
264010, 68278, 1, 0
266014, 68972, 1, 0
268002, 68024, 1, 0
270026, 69259, 1, 0
272000, 72536, 1, 0
274014, 67114, 1, 0
276000, 67466, 1, 0
278000, 71199, 1, 0
280014, 70003, 1, 0
282006, 70246, 1, 0
284006, 71178, 1, 0
286022, 64429, 1, 0
288006, 68734, 1, 0
290006, 73363, 1, 0
292014, 66436, 1, 0
294043, 71275, 1, 0
296000, 68458, 1, 0
298000, 68280, 1, 0
300002, 66454, 1, 0
302006, 73642, 1, 0
304022, 72873, 1, 0
306006, 66446, 1, 0
308000, 66215, 1, 0
310026, 70026, 1, 0
312000, 70744, 1, 0
314010, 70964, 1, 0
316000, 66566, 1, 0
318018, 70853, 1, 0
320002, 68550, 1, 0
322006, 70561, 1, 0
324006, 67679, 1, 0
326014, 69984, 1, 0
328010, 69368, 1, 0
330018, 71228, 1, 0
332010, 69267, 1, 0
334017, 67915, 1, 0
336014, 68951, 1, 0
338000, 68290, 1, 0
340000, 70562, 1, 0
342025, 72420, 1, 0
344009, 66600, 1, 0
346000, 71375, 1, 0
348013, 66474, 1, 0
350025, 73791, 1, 0
352025, 66379, 1, 0
354001, 73230, 1, 0
356009, 65586, 1, 0
358014, 72384, 1, 0
360029, 68288, 1, 0
362013, 68371, 1, 0
364021, 70518, 1, 0
366005, 70217, 1, 0
368005, 72747, 1, 0
370005, 64323, 1, 0
372001, 72336, 1, 0
374005, 66649, 1, 0
376000, 70255, 1, 0
378001, 70353, 1, 0
380000, 67681, 1, 0
382033, 73283, 1, 0
384000, 64785, 1, 0
386013, 75882, 1, 0
388000, 63838, 1, 0
390013, 69013, 1, 0
392025, 68811, 1, 0
394017, 68693, 1, 0
396017, 72665, 1, 0
398001, 67122, 1, 0
400000, 70897, 1, 0
402009, 69650, 1, 0
404029, 70733, 1, 0
406000, 68401, 1, 0
408005, 71676, 1, 0
410025, 67731, 1, 0
412001, 73763, 1, 0
414001, 65724, 1, 0
416021, 66894, 1, 0
418013, 70841, 1, 0
420013, 70804, 1, 0
422001, 69568, 1, 0
424000, 68501, 1, 0
426017, 70200, 1, 0
428000, 72808, 1, 0
430029, 81884, 1, 0
432010, 61865, 1, 0
434018, 69195, 1, 0
436028, 72229, 1, 0
438006, 72036, 1, 0
440010, 71281, 1, 0
442000, 70340, 1, 0
444003, 72211, 1, 0
446039, 76899, 1, 0
448032, 71026, 1, 0
450031, 71627, 1, 0
452000, 73456, 1, 0
454019, 68547, 1, 0
456000, 71111, 1, 0
458003, 75819, 1, 0
460015, 72841, 1, 0
462008, 67909, 1, 0
464000, 74970, 1, 0
466004, 72570, 1, 0
468000, 70107, 1, 0
470012, 68812, 1, 0
472000, 75405, 1, 0
474032, 70666, 1, 0
476000, 83059, 1, 0
478009, 66921, 1, 0
480013, 70212, 1, 0
482014, 71782, 1, 0
484000, 67306, 1, 0
486005, 73275, 1, 0
488000, 71385, 1, 0
490000, 75765, 1, 0
492021, 70574, 1, 0
494009, 78199, 1, 0
496000, 71460, 1, 0
498001, 72344, 1, 0
500002, 71961, 1, 0
502006, 72808, 1, 0
504000, 71239, 1, 0
506000, 70733, 1, 0
508000, 71811, 1, 0
510022, 74537, 1, 0
512014, 70132, 1, 0
514006, 70720, 1, 0
516014, 70676, 1, 0
518000, 72155, 1, 0
520011, 75116, 1, 0
522015, 68702, 1, 0
524015, 73231, 1, 0
526019, 71162, 1, 0
528027, 72554, 1, 0
530000, 71814, 1, 0
532019, 69643, 1, 0
534000, 72020, 1, 0
536027, 74247, 1, 0
538005, 71566, 1, 0
540015, 66228, 1, 0
542027, 79051, 1, 0
544000, 64498, 1, 0
546020, 73205, 1, 0
548000, 68489, 1, 0
550054, 74278, 1, 0
552012, 75068, 1, 0
554012, 75447, 1, 0
556012, 61640, 1, 0
558032, 74648, 1, 0
560016, 70048, 1, 0
562000, 73929, 1, 0
564020, 68831, 1, 0
566017, 71681, 1, 0
568016, 71007, 1, 0
570028, 71238, 1, 0
572008, 71506, 1, 0
574000, 70280, 1, 0
576000, 70306, 1, 0
578000, 77178, 1, 0
580007, 70209, 1, 0
582000, 69903, 1, 0
584009, 71247, 1, 0
586001, 71660, 1, 0
588009, 72240, 1, 0
590009, 73650, 1, 0
592017, 69626, 1, 0
594009, 70483, 1, 0
596001, 72072, 1, 0
598000, 73739, 1, 0
600009, 69311, 1, 0
602009, 71028, 1, 0
604001, 73009, 1, 0
606025, 74793, 1, 0
608000, 69174, 1, 0
610021, 70736, 1, 0
612001, 69987, 1, 0
614000, 71785, 1, 0
616017, 72239, 1, 0
618013, 73576, 1, 0
620001, 67713, 1, 0
622009, 71636, 1, 0
624029, 69856, 1, 0
626000, 76165, 1, 0
628000, 67759, 1, 0
630000, 73618, 1, 0
632000, 71041, 1, 0
634010, 71288, 1, 0
636002, 72526, 1, 0
638000, 70795, 1, 0
640026, 71603, 1, 0
642000, 74183, 1, 0
644036, 72982, 1, 0
646000, 75371, 1, 0
648022, 64931, 1, 0
650010, 71014, 1, 0
652006, 72787, 1, 0
654026, 71724, 1, 0
656014, 73134, 1, 0
658000, 68634, 1, 0
660026, 71712, 1, 0
662000, 73008, 1, 0
664006, 71369, 1, 0
666018, 69937, 1, 0
668006, 70797, 1, 0
670000, 71169, 1, 0
672026, 73433, 1, 0
674002, 70758, 1, 0
676018, 73426, 1, 0
678022, 70065, 1, 0
680000, 75797, 1, 0
682006, 72952, 1, 0
684006, 66776, 1, 0
686065, 80762, 1, 0
688000, 68979, 1, 0
690014, 79979, 1, 0
692015, 65417, 1, 0
694011, 68026, 1, 0
696035, 71266, 1, 0
698011, 72979, 1, 0
700019, 70964, 1, 0
702007, 74187, 1, 0
704003, 70077, 1, 0
706011, 71395, 1, 0
708000, 72782, 1, 0
710000, 74417, 1, 0
712000, 71742, 1, 0
714000, 67653, 1, 0
716015, 73243, 1, 0
718019, 81878, 1, 0
720011, 64945, 1, 0
722023, 70647, 1, 0
724031, 74726, 1, 0
726015, 69051, 1, 0
728015, 70814, 1, 0
730000, 73695, 1, 0
732000, 70987, 1, 0
734007, 72860, 1, 0
736007, 68778, 1, 0
738000, 76318, 1, 0
740011, 71787, 1, 0
742011, 71691, 1, 0
744019, 72268, 1, 0
746000, 73629, 1, 0
748007, 69447, 1, 0
750007, 71920, 1, 0
752015, 77672, 1, 0
754000, 66010, 1, 0
756000, 71577, 1, 0
758015, 73001, 1, 0
760000, 72531, 1, 0
762015, 72257, 1, 0
764003, 71003, 1, 0
766000, 75396, 1, 0
768003, 69081, 1, 0
770000, 75201, 1, 0
772000, 71359, 1, 0
774000, 68870, 1, 0
776015, 72213, 1, 0
778000, 73422, 1, 0
780015, 72503, 1, 0
782000, 72522, 1, 0
784019, 69718, 1, 0
786027, 71840, 1, 0
788000, 73010, 1, 0
790012, 71125, 1, 0
792023, 70379, 1, 0
794004, 72342, 1, 0
796040, 73447, 1, 0
798000, 71472, 1, 0
800000, 70748, 1, 0
802016, 71993, 1, 0
804012, 70878, 1, 0
806028, 72411, 1, 0
808020, 70723, 1, 0
810000, 69877, 1, 0
812000, 74580, 1, 0
814000, 75776, 1, 0
816000, 65111, 1, 0
818028, 74038, 1, 0
820012, 72170, 1, 0
822008, 70852, 1, 0
824004, 76062, 1, 0
826024, 68056, 1, 0
828000, 72291, 1, 0
830000, 71399, 1, 0
832024, 72333, 1, 0
834024, 71601, 1, 0
836000, 75551, 1, 0
838028, 67955, 1, 0
840083, 76414, 1, 0
842000, 63941, 1, 0
844016, 74103, 1, 0
846000, 74366, 1, 0
848008, 70087, 1, 0
850000, 73021, 1, 0
852032, 71614, 1, 0
854008, 71318, 1, 0
856020, 73474, 1, 0
858040, 71523, 1, 0
860000, 68089, 1, 0
862008, 70904, 1, 0
864028, 74482, 1, 0
866012, 72464, 1, 0
868000, 76855, 1, 0
870025, 69444, 1, 0
872016, 72469, 1, 0
874008, 71202, 1, 0
876043, 75463, 1, 0
878000, 65405, 1, 0
880024, 75762, 1, 0
882000, 70067, 1, 0
884000, 70257, 1, 0
886008, 70534, 1, 0
888000, 72407, 1, 0
890016, 75575, 1, 0
892000, 70554, 1, 0
894000, 68318, 1, 0
896020, 74981, 1, 0
898000, 69631, 1, 0
900000, 71119, 1, 0
902000, 73566, 1, 0
904016, 74642, 1, 0
906000, 69419, 1, 0
908012, 71905, 1, 0
910000, 72225, 1, 0
912000, 72644, 1, 0
914000, 70426, 1, 0
916012, 71650, 1, 0
918004, 71427, 1, 0
920014, 72153, 1, 0
922004, 72243, 1, 0
924014, 72486, 1, 0
926000, 70912, 1, 0
928004, 73035, 1, 0
930008, 73108, 1, 0
932000, 70762, 1, 0
934000, 70399, 1, 0
936012, 70273, 1, 0
938007, 75927, 1, 0
940000, 68660, 1, 0
942024, 71758, 1, 0
944000, 72405, 1, 0
946004, 72145, 1, 0
948009, 70668, 1, 0
950000, 73006, 1, 0
952000, 70957, 1, 0
954013, 73241, 1, 0
956000, 71224, 1, 0
958005, 72240, 1, 0
960000, 72795, 1, 0
962000, 70870, 1, 0
964000, 71896, 1, 0
966000, 72797, 1, 0
968005, 74955, 1, 0
970021, 69053, 1, 0
972000, 69367, 1, 0
974013, 73823, 1, 0
976009, 72535, 1, 0
978009, 70733, 1, 0
980013, 72911, 1, 0
982002, 71123, 1, 0
984009, 74336, 1, 0
986017, 69578, 1, 0
988013, 73864, 1, 0
990001, 71722, 1, 0
992027, 75331, 1, 0
994013, 69008, 1, 0
996005, 72322, 1, 0
998001, 70421, 1, 0
1000000, 69339, 1, 0
1002013, 75024, 1, 0
1004000, 70355, 1, 0
1006014, 71664, 1, 0
1008014, 75113, 1, 0
1010030, 74192, 1, 0
1012010, 72247, 1, 0
1014000, 67605, 1, 0
1016014, 73698, 1, 0
1018000, 72745, 1, 0
1020018, 72686, 1, 0
1022018, 74173, 1, 0
1024002, 70262, 1, 0
1026023, 75146, 1, 0
1028000, 69549, 1, 0
1030018, 73606, 1, 0
1032000, 72257, 1, 0
1034002, 71408, 1, 0
1036000, 73622, 1, 0
1038030, 73242, 1, 0
1040034, 79468, 1, 0
1042000, 67546, 1, 0
1044006, 70952, 1, 0
1046010, 74958, 1, 0
1048002, 71416, 1, 0
1050006, 73872, 1, 0
1052011, 72249, 1, 0
1054000, 70692, 1, 0
1056002, 74063, 1, 0
1058002, 72827, 1, 0
1060018, 71336, 1, 0
1062010, 77085, 1, 0
1064010, 69464, 1, 0
1066002, 71975, 1, 0
1068002, 72199, 1, 0
1070022, 73759, 1, 0
1072000, 80562, 1, 0
1074018, 65093, 1, 0
1076010, 74483, 1, 0
1078015, 73214, 1, 0
1080011, 86379, 1, 0
1082031, 82163, 1, 0
1084107, 92957, 1, 0
1086023, 80056, 1, 0
1088002, 103556, 1, 0
1090023, 78730, 1, 0
1092000, 91977, 1, 0
1094015, 87832, 1, 0
1096015, 91299, 1, 0
1098014, 98989, 1, 0
1100023, 88413, 1, 0
1102007, 94919, 1, 0
1104027, 93591, 1, 0
1106011, 93998, 1, 0
1108035, 96701, 1, 0
1110000, 91666, 1, 0
1112011, 99242, 1, 0
1114007, 99560, 1, 0
1116007, 96330, 1, 0
1118003, 101130, 1, 0
1120031, 98870, 1, 0
1122023, 99914, 1, 0
1124015, 97622, 1, 0
1126000, 112284, 1, 0
1128015, 96009, 1, 0
1130000, 101373, 1, 0
1132023, 103375, 1, 0
1134000, 104548, 1, 0
1136003, 105069, 1, 0
1138003, 100833, 1, 0
1140001, 121755, 1, 0
1142234, 105060, 1, 0
1144023, 95445, 1, 0
1146000, 100453, 1, 0
1148015, 105216, 1, 0
1150011, 105147, 1, 0
1152019, 105783, 1, 0
1154007, 110051, 1, 0
1156000, 111345, 1, 0
1158000, 104420, 1, 0
1160000, 106860, 1, 0
1162003, 109510, 1, 0
1164000, 104036, 1, 0
1166041, 120961, 1, 0
1168087, 106676, 1, 0
1170012, 100280, 1, 0
1172000, 111144, 1, 0
1174000, 108326, 1, 0
1176000, 113212, 1, 0
1178004, 104765, 1, 0
1180008, 111528, 1, 0
1182008, 109084, 1, 0
1184008, 113818, 1, 0
1186000, 110910, 1, 0
1188000, 113825, 1, 0
1190000, 108856, 1, 0
1192016, 113952, 1, 0
1194012, 111882, 1, 0
1196000, 107391, 1, 0
1198008, 108415, 1, 0
1200145, 122976, 1, 0
