2001, 39201, 1, 0
4000, 20568, 1, 0
6000, 13392, 1, 0
8000, 13186, 1, 0
10000, 13319, 1, 0
12000, 14640, 1, 0
14000, 14615, 1, 0
16000, 14747, 1, 0
18000, 13615, 1, 0
20000, 15918, 1, 0
22000, 14647, 1, 0
24000, 14570, 1, 0
26000, 14910, 1, 0
28000, 14957, 1, 0
30000, 13435, 1, 0
32000, 15839, 1, 0
34000, 14004, 1, 0
36000, 15466, 1, 0
38000, 15699, 1, 0
40000, 15064, 1, 0
42000, 14169, 1, 0
44000, 14112, 1, 0
46001, 16113, 1, 0
48000, 15068, 1, 0
50000, 14576, 1, 0
52000, 14570, 1, 0
54000, 15273, 1, 0
56000, 13344, 1, 0
58000, 16370, 1, 0
60000, 15314, 1, 0
62000, 14698, 1, 0
64000, 15725, 1, 0
66000, 14984, 1, 0
68000, 15162, 1, 0
70000, 14691, 1, 0
72001, 15040, 1, 0
74000, 14640, 1, 0
76001, 14808, 1, 0
78000, 14941, 1, 0
80000, 15396, 1, 0
82000, 14463, 1, 0
84000, 14973, 1, 0
86000, 14985, 1, 0
88000, 15132, 1, 0
90000, 15188, 1, 0
92000, 14997, 1, 0
94000, 14938, 1, 0
96000, 13804, 1, 0
98000, 14866, 1, 0
100000, 16603, 1, 0
102000, 13782, 1, 0
104000, 16173, 1, 0
106000, 14529, 1, 0
108000, 15014, 1, 0
110000, 15219, 1, 0
112000, 14551, 1, 0
114000, 15368, 1, 0
116000, 14956, 1, 0
118000, 15200, 1, 0
120000, 13889, 1, 0
122000, 13800, 1, 0
124000, 15750, 1, 0
126000, 16455, 1, 0
128001, 14611, 1, 0
130001, 14971, 1, 0
132001, 13444, 1, 0
134001, 16220, 1, 0
136001, 15149, 1, 0
138000, 14318, 1, 0
140001, 14723, 1, 0
142001, 14160, 1, 0
144000, 14785, 1, 0
146000, 16417, 1, 0
148000, 14840, 1, 0
150000, 14477, 1, 0
152000, 14086, 1, 0
154000, 15797, 1, 0
156000, 14832, 1, 0
158000, 14883, 1, 0
160000, 14821, 1, 0
162000, 14076, 1, 0
164000, 16159, 1, 0
166000, 14457, 1, 0
168000, 14949, 1, 0
170000, 15089, 1, 0
172000, 14307, 1, 0
174000, 15131, 1, 0
176000, 14969, 1, 0
178000, 14787, 1, 0
180000, 14858, 1, 0
182000, 14911, 1, 0
184000, 14833, 1, 0
186000, 14817, 1, 0
188000, 12924, 1, 0
190000, 15293, 1, 0
192000, 14471, 1, 0
194000, 14189, 1, 0
196000, 13780, 1, 0
198000, 14081, 1, 0
200000, 14131, 1, 0
202001, 14552, 1, 0
204001, 15087, 1, 0
206000, 14041, 1, 0
208000, 14531, 1, 0
210000, 14438, 1, 0
212000, 14182, 1, 0
214000, 14093, 1, 0
216000, 14380, 1, 0
218000, 14099, 1, 0
220000, 14967, 1, 0
222000, 14613, 1, 0
224000, 14326, 1, 0
226000, 14036, 1, 0
228000, 14468, 1, 0
230000, 14397, 1, 0
232000, 13391, 1, 0
234000, 14610, 1, 0
236000, 14759, 1, 0
238000, 14632, 1, 0
240000, 14535, 1, 0
242001, 13963, 1, 0
244000, 14678, 1, 0
246000, 14038, 1, 0
248000, 14515, 1, 0
250000, 14322, 1, 0
252000, 14423, 1, 0
254000, 13729, 1, 0
256000, 14889, 1, 0
258000, 13781, 1, 0
260000, 14331, 1, 0
262000, 14105, 1, 0
264000, 14296, 1, 0
266000, 14922, 1, 0
268000, 14053, 1, 0
270000, 14587, 1, 0
272000, 14187, 1, 0
274000, 14514, 1, 0
276000, 14224, 1, 0
278000, 14451, 1, 0
280000, 14234, 1, 0
282000, 14110, 1, 0
284000, 14561, 1, 0
286000, 14544, 1, 0
288000, 14013, 1, 0
290000, 14164, 1, 0
292000, 14257, 1, 0
294000, 14250, 1, 0
296001, 14741, 1, 0
298001, 14364, 1, 0
300000, 13943, 1, 0
302001, 14484, 1, 0
304000, 14301, 1, 0
306000, 13374, 1, 0
308000, 14616, 1, 0
310000, 15054, 1, 0
312000, 14298, 1, 0
314000, 14625, 1, 0
316000, 13984, 1, 0
318000, 14478, 1, 0
320000, 14310, 1, 0
322000, 13984, 1, 0
324000, 14568, 1, 0
326000, 14455, 1, 0
328000, 13355, 1, 0
330000, 15175, 1, 0
332000, 14555, 1, 0
334000, 13910, 1, 0
336000, 14299, 1, 0
338000, 14752, 1, 0
340000, 13651, 1, 0
342000, 14809, 1, 0
344000, 14499, 1, 0
346000, 13696, 1, 0
348000, 13946, 1, 0
350000, 15179, 1, 0
352000, 14571, 1, 0
354000, 14104, 1, 0
356000, 14314, 1, 0
358000, 14610, 1, 0
360000, 13696, 1, 0
362000, 14939, 1, 0
364000, 14380, 1, 0
366000, 14250, 1, 0
368000, 14720, 1, 0
370000, 13886, 1, 0
372000, 14704, 1, 0
374000, 14103, 1, 0
376000, 14273, 1, 0
378000, 13926, 1, 0
380000, 14766, 1, 0
382000, 13708, 1, 0
384000, 14970, 1, 0
386000, 14249, 1, 0
388000, 14589, 1, 0
390000, 14334, 1, 0
392000, 12487, 1, 0
394000, 14137, 1, 0
396000, 15569, 1, 0
398000, 14829, 1, 0
400000, 14161, 1, 0
402000, 14261, 1, 0
404000, 14035, 1, 0
406000, 14770, 1, 0
408000, 13411, 1, 0
410000, 14704, 1, 0
412000, 14415, 1, 0
414000, 14020, 1, 0
416000, 14933, 1, 0
418000, 13705, 1, 0
420000, 14426, 1, 0
422000, 13608, 1, 0
424000, 14570, 1, 0
426000, 14235, 1, 0
428000, 13981, 1, 0
430000, 13205, 1, 0
432000, 16029, 1, 0
434000, 13588, 1, 0
436000, 13061, 1, 0
438000, 14747, 1, 0
440000, 13834, 1, 0
442000, 12854, 1, 0
444000, 14329, 1, 0
446000, 13050, 1, 0
448000, 14091, 1, 0
450000, 14814, 1, 0
452001, 13961, 1, 0
454000, 13697, 1, 0
456000, 13565, 1, 0
458000, 13987, 1, 0
460000, 13876, 1, 0
462000, 12053, 1, 0
464000, 15607, 1, 0
466001, 13553, 1, 0
468000, 13807, 1, 0
470000, 13456, 1, 0
472000, 14396, 1, 0
474000, 13568, 1, 0
476000, 13581, 1, 0
478000, 13253, 1, 0
480000, 14405, 1, 0
482000, 14053, 1, 0
484000, 13670, 1, 0
486000, 13525, 1, 0
488000, 14662, 1, 0
490000, 13469, 1, 0
492000, 13961, 1, 0
494000, 12711, 1, 0
496001, 12591, 1, 0
498000, 14819, 1, 0
500000, 12304, 1, 0
502000, 14852, 1, 0
504000, 14027, 1, 0
506000, 13444, 1, 0
508000, 14475, 1, 0
510000, 13716, 1, 0
512000, 14048, 1, 0
514000, 13443, 1, 0
516000, 14657, 1, 0
518000, 13452, 1, 0
520000, 13811, 1, 0
522000, 13800, 1, 0
524000, 13901, 1, 0
526000, 13637, 1, 0
528000, 13510, 1, 0
530000, 14307, 1, 0
532000, 13657, 1, 0
534000, 14306, 1, 0
536000, 14031, 1, 0
538000, 12640, 1, 0
540000, 14920, 1, 0
542000, 14037, 1, 0
544000, 13475, 1, 0
546000, 11809, 1, 0
548000, 16432, 1, 0
550000, 13837, 1, 0
552000, 13679, 1, 0
554000, 14618, 1, 0
556000, 13641, 1, 0
558000, 13431, 1, 0
560000, 13417, 1, 0
562000, 14380, 1, 0
564001, 14527, 1, 0
566000, 13329, 1, 0
568000, 13830, 1, 0
570000, 13896, 1, 0
572000, 14147, 1, 0
574000, 13760, 1, 0
576000, 14020, 1, 0
578000, 14174, 1, 0
580000, 13824, 1, 0
582000, 13454, 1, 0
584000, 13971, 1, 0
586000, 14241, 1, 0
588000, 13142, 1, 0
590000, 13990, 1, 0
592000, 14681, 1, 0
594000, 13526, 1, 0
596000, 13891, 1, 0
598001, 12947, 1, 0
600000, 14147, 1, 0
602000, 15186, 1, 0
604000, 12434, 1, 0
606000, 14851, 1, 0
608001, 14256, 1, 0
610000, 13666, 1, 0
612000, 12839, 1, 0
614000, 15390, 1, 0
616000, 13250, 1, 0
618000, 14450, 1, 0
620000, 13223, 1, 0
622000, 13586, 1, 0
624001, 14890, 1, 0
626000, 13487, 1, 0
628000, 14204, 1, 0
630001, 13968, 1, 0
632000, 13654, 1, 0
634001, 14184, 1, 0
636000, 13407, 1, 0
638000, 13989, 1, 0
640000, 13975, 1, 0
642000, 13902, 1, 0
644000, 13610, 1, 0
646000, 14139, 1, 0
648000, 13631, 1, 0
650000, 13786, 1, 0
652000, 14269, 1, 0
654000, 13739, 1, 0
656000, 13662, 1, 0
658000, 14298, 1, 0
660000, 13826, 1, 0
662000, 13608, 1, 0
664000, 13922, 1, 0
666000, 13819, 1, 0
668000, 14022, 1, 0
670000, 13988, 1, 0
672000, 13879, 1, 0
674000, 13407, 1, 0
676000, 14031, 1, 0
678000, 14146, 1, 0
680000, 13220, 1, 0
682000, 14004, 1, 0
684000, 14050, 1, 0
686000, 13104, 1, 0
688000, 14871, 1, 0
690000, 13673, 1, 0
692000, 13689, 1, 0
694000, 13497, 1, 0
696000, 13452, 1, 0
698000, 13989, 1, 0
700000, 13274, 1, 0
702000, 13843, 1, 0
704000, 14408, 1, 0
706000, 13469, 1, 0
708000, 13053, 1, 0
710000, 15061, 1, 0
712000, 13262, 1, 0
714000, 14461, 1, 0
716000, 14262, 1, 0
718000, 13404, 1, 0
720000, 14171, 1, 0
722000, 13735, 1, 0
724000, 13889, 1, 0
726000, 13538, 1, 0
728000, 12600, 1, 0
730000, 15323, 1, 0
732000, 13397, 1, 0
734000, 14238, 1, 0
736000, 13557, 1, 0
738000, 13946, 1, 0
740000, 13763, 1, 0
742000, 13819, 1, 0
744000, 13413, 1, 0
746000, 14227, 1, 0
748000, 13444, 1, 0
750000, 14095, 1, 0
752000, 13559, 1, 0
754000, 14162, 1, 0
756000, 14065, 1, 0
758000, 13150, 1, 0
760000, 14204, 1, 0
762000, 14334, 1, 0
764000, 13241, 1, 0
766000, 14386, 1, 0
768000, 13404, 1, 0
770000, 13736, 1, 0
772000, 14310, 1, 0
774000, 13373, 1, 0
776001, 14567, 1, 0
778000, 13404, 1, 0
780000, 13934, 1, 0
782000, 14049, 1, 0
784000, 13724, 1, 0
786000, 13603, 1, 0
788000, 14042, 1, 0
790000, 13832, 1, 0
792000, 13640, 1, 0
794000, 12856, 1, 0
796000, 15319, 1, 0
798000, 13471, 1, 0
800000, 14111, 1, 0
802000, 13738, 1, 0
804000, 13991, 1, 0
806000, 13869, 1, 0
808000, 13089, 1, 0
810000, 14401, 1, 0
812000, 14273, 1, 0
814000, 13553, 1, 0
816000, 14549, 1, 0
818000, 13589, 1, 0
820000, 13787, 1, 0
822000, 12382, 1, 0
824000, 14850, 1, 0
826000, 14728, 1, 0
828000, 13521, 1, 0
830000, 13525, 1, 0
832000, 14159, 1, 0
834000, 13156, 1, 0
836000, 14744, 1, 0
838000, 13171, 1, 0
840000, 13331, 1, 0
842000, 15199, 1, 0
844000, 13534, 1, 0
846000, 13668, 1, 0
848000, 13923, 1, 0
850000, 13883, 1, 0
852000, 13697, 1, 0
854000, 13817, 1, 0
856000, 14192, 1, 0
858000, 12942, 1, 0
860000, 14891, 1, 0
862000, 13905, 1, 0
864000, 13623, 1, 0
866000, 13516, 1, 0
868000, 13933, 1, 0
870000, 13905, 1, 0
872000, 13680, 1, 0
874000, 14022, 1, 0
876000, 12643, 1, 0
878000, 14605, 1, 0
880000, 14460, 1, 0
882000, 12991, 1, 0
884000, 14950, 1, 0
886000, 13600, 1, 0
888000, 13814, 1, 0
890000, 14336, 1, 0
892000, 13320, 1, 0
894000, 13070, 1, 0
896000, 14816, 1, 0
898000, 13697, 1, 0
900000, 14215, 1, 0
902000, 12917, 1, 0
904000, 14485, 1, 0
906000, 13841, 1, 0
908000, 14519, 1, 0
910000, 13524, 1, 0
912000, 13083, 1, 0
914000, 14256, 1, 0
916000, 14235, 1, 0
918000, 12942, 1, 0
920000, 14491, 1, 0
922000, 13928, 1, 0
924000, 14075, 1, 0
926000, 13599, 1, 0
928000, 13346, 1, 0
930000, 14263, 1, 0
932000, 13938, 1, 0
934000, 13213, 1, 0
936000, 12630, 1, 0
938000, 15215, 1, 0
940000, 14021, 1, 0
942000, 14549, 1, 0
944000, 13023, 1, 0
946000, 14269, 1, 0
948000, 13572, 1, 0
950000, 13096, 1, 0
952000, 14566, 1, 0
954000, 13872, 1, 0
956000, 14290, 1, 0
958000, 14039, 1, 0
960000, 13284, 1, 0
962000, 14310, 1, 0
964000, 13825, 1, 0
966000, 13735, 1, 0
968000, 13954, 1, 0
970000, 13475, 1, 0
972000, 13293, 1, 0
974000, 14532, 1, 0
976000, 13202, 1, 0
978000, 14419, 1, 0
980000, 13642, 1, 0
982000, 13591, 1, 0
984000, 13854, 1, 0
986000, 13931, 1, 0
988000, 13803, 1, 0
990000, 13230, 1, 0
992000, 12676, 1, 0
994000, 15283, 1, 0
996000, 13642, 1, 0
998000, 13036, 1, 0
1000000, 14885, 1, 0
1002000, 13377, 1, 0
1004000, 13125, 1, 0
1006000, 14586, 1, 0
1008000, 14004, 1, 0
1010000, 13524, 1, 0
1012000, 13669, 1, 0
1014000, 13608, 1, 0
1016000, 13947, 1, 0
1018000, 14685, 1, 0
1020000, 12382, 1, 0
1022000, 13634, 1, 0
1024000, 14779, 1, 0
1026000, 13469, 1, 0
1028000, 13508, 1, 0
1030000, 13873, 1, 0
1032000, 13821, 1, 0
1034000, 13194, 1, 0
1036000, 14340, 1, 0
1038000, 13022, 1, 0
1040000, 14551, 1, 0
1042000, 11767, 1, 0
1044000, 15557, 1, 0
1046000, 13842, 1, 0
1048000, 13600, 1, 0
1050000, 13488, 1, 0
1052000, 14048, 1, 0
1054000, 14101, 1, 0
1056000, 13360, 1, 0
1058000, 13306, 1, 0
1060000, 13579, 1, 0
1062000, 14174, 1, 0
1064000, 13344, 1, 0
1066000, 13826, 1, 0
1068000, 13459, 1, 0
1070000, 14426, 1, 0
1072000, 12593, 1, 0
1074000, 14793, 1, 0
1076000, 13365, 1, 0
1078000, 13630, 1, 0
1080000, 11673, 1, 0
1082000, 11618, 1, 0
1084000, 11416, 1, 0
1086000, 11732, 1, 0
1088000, 10017, 1, 0
1090000, 11968, 1, 0
1092000, 11570, 1, 0
1094000, 10597, 1, 0
1096000, 11493, 1, 0
1098000, 10012, 1, 0
1100000, 10842, 1, 0
1102000, 10831, 1, 0
1104000, 11435, 1, 0
1106000, 10030, 1, 0
1108001, 10601, 1, 0
1110000, 9673, 1, 0
1112000, 10781, 1, 0
1114000, 9801, 1, 0
1116000, 10662, 1, 0
1118000, 9832, 1, 0
1120000, 10318, 1, 0
1122000, 10182, 1, 0
1124000, 10205, 1, 0
1126000, 10043, 1, 0
1128000, 9338, 1, 0
1130000, 9638, 1, 0
1132000, 9572, 1, 0
1134000, 9967, 1, 0
1136000, 9515, 1, 0
1138000, 9637, 1, 0
1140000, 8167, 1, 0
1142000, 10536, 1, 0
1144000, 9859, 1, 0
1146000, 9487, 1, 0
1148000, 9820, 1, 0
1150000, 9312, 1, 0
1152000, 9457, 1, 0
1154000, 9035, 1, 0
1156000, 8668, 1, 0
1158000, 9671, 1, 0
1160000, 9258, 1, 0
1162000, 9228, 1, 0
1164000, 9467, 1, 0
1166000, 8432, 1, 0
1168000, 9970, 1, 0
1170000, 9003, 1, 0
1172000, 8983, 1, 0
1174000, 8947, 1, 0
1176000, 9182, 1, 0
1178000, 9327, 1, 0
1180000, 8933, 1, 0
1182000, 8993, 1, 0
1184000, 8787, 1, 0
1186000, 8960, 1, 0
1188000, 8527, 1, 0
1190000, 9389, 1, 0
1192000, 9017, 1, 0
1194000, 8825, 1, 0
1196001, 8602, 1, 0
1198000, 9399, 1, 0
1200000, 8708, 1, 0
