2000, 23640, 1, 0
4012, 49444, 1, 0
6004, 71786, 1, 0
8000, 73241, 1, 0
10016, 73316, 1, 0
12000, 68485, 1, 0
14000, 69550, 1, 0
16020, 66308, 1, 0
18000, 67866, 1, 0
20020, 68394, 1, 0
22000, 66154, 1, 0
24004, 67757, 1, 0
26000, 73476, 1, 0
28000, 62822, 1, 0
30000, 69959, 1, 0
32020, 66446, 1, 0
34000, 63893, 1, 0
36012, 68593, 1, 0
38024, 68013, 1, 0
40020, 65531, 1, 0
42000, 62949, 1, 0
44000, 68404, 1, 0
46016, 70848, 1, 0
48004, 62413, 1, 0
50032, 66735, 1, 0
52028, 67995, 1, 0
54000, 65901, 1, 0
56020, 68551, 1, 0
58012, 62301, 1, 0
60004, 72775, 1, 0
62000, 60955, 1, 0
64000, 72184, 1, 0
66013, 64433, 1, 0
68032, 64870, 1, 0
70035, 65719, 1, 0
72027, 67650, 1, 0
74011, 67351, 1, 0
76019, 66396, 1, 0
78015, 64308, 1, 0
80027, 69439, 1, 0
82015, 69447, 1, 0
84019, 64418, 1, 0
86011, 62452, 1, 0
88015, 69992, 1, 0
90003, 64728, 1, 0
92007, 64071, 1, 0
94011, 72461, 1, 0
96000, 65946, 1, 0
98011, 63500, 1, 0
100011, 64798, 1, 0
102000, 67670, 1, 0
104043, 67133, 1, 0
106007, 65534, 1, 0
108003, 67469, 1, 0
110031, 68676, 1, 0
112003, 63297, 1, 0
114023, 66490, 1, 0
116015, 71872, 1, 0
118000, 67532, 1, 0
120015, 60885, 1, 0
122007, 67287, 1, 0
124000, 64960, 1, 0
126001, 69124, 1, 0
128012, 66349, 1, 0
130011, 65548, 1, 0
132003, 65666, 1, 0
134007, 69438, 1, 0
136031, 64008, 1, 0
138007, 67177, 1, 0
140019, 67411, 1, 0
142011, 70327, 1, 0
144000, 63234, 1, 0
146035, 69019, 1, 0
148031, 67220, 1, 0
150007, 70503, 1, 0
152000, 66265, 1, 0
154023, 61991, 1, 0
156000, 67567, 1, 0
158126, 72293, 1, 0
160000, 62612, 1, 0
162007, 65637, 1, 0
164000, 69197, 1, 0
166097, 68546, 1, 0
168000, 61921, 1, 0
170035, 68483, 1, 0
172003, 66844, 1, 0
174035, 67367, 1, 0
176011, 74107, 1, 0
178019, 61082, 1, 0
180000, 64328, 1, 0
182003, 69865, 1, 0
184000, 68732, 1, 0
186030, 67220, 1, 0
188008, 67604, 1, 0
190000, 68391, 1, 0
192000, 70915, 1, 0
194018, 69250, 1, 0
196006, 72522, 1, 0
198002, 67062, 1, 0
200022, 70272, 1, 0
202000, 71509, 1, 0
204000, 68253, 1, 0
206000, 70714, 1, 0
208000, 68267, 1, 0
210030, 67991, 1, 0
212010, 69740, 1, 0
214002, 72746, 1, 0
216018, 66884, 1, 0
218018, 68570, 1, 0
220014, 68188, 1, 0
222010, 67901, 1, 0
224000, 69828, 1, 0
226010, 74784, 1, 0
228000, 66413, 1, 0
230026, 67966, 1, 0
232022, 71008, 1, 0
234002, 71561, 1, 0
236038, 68185, 1, 0
238010, 71060, 1, 0
240026, 66335, 1, 0
242014, 68135, 1, 0
244018, 70440, 1, 0
246010, 67803, 1, 0
248018, 71501, 1, 0
250014, 66031, 1, 0
252014, 70548, 1, 0
254000, 68910, 1, 0
256026, 68933, 1, 0
258026, 72435, 1, 0
260156, 73317, 1, 0
262006, 62520, 1, 0
264010, 70690, 1, 0
266014, 68009, 1, 0
268002, 69996, 1, 0
270026, 68998, 1, 0
272006, 70460, 1, 0
274014, 69848, 1, 0
276000, 67214, 1, 0
278000, 70088, 1, 0
280014, 70313, 1, 0
282006, 69806, 1, 0
284006, 77706, 1, 0
286022, 65524, 1, 0
288006, 64651, 1, 0
290006, 69446, 1, 0
292014, 70751, 1, 0
294043, 71092, 1, 0
296000, 69244, 1, 0
298000, 75564, 1, 0
300000, 61824, 1, 0
302006, 71947, 1, 0
304022, 73154, 1, 0
306000, 65907, 1, 0
308000, 67218, 1, 0
310026, 68201, 1, 0
312000, 79421, 1, 0
314010, 65474, 1, 0
316000, 67891, 1, 0
318018, 67801, 1, 0
320002, 69863, 1, 0
322006, 67817, 1, 0
324006, 70107, 1, 0
326014, 70145, 1, 0
328009, 70128, 1, 0
330018, 68341, 1, 0
332010, 69456, 1, 0
334017, 68526, 1, 0
336013, 70158, 1, 0
338000, 69121, 1, 0
340000, 70346, 1, 0
342025, 70146, 1, 0
344009, 71448, 1, 0
346000, 66135, 1, 0
348013, 68427, 1, 0
350025, 71456, 1, 0
352025, 68700, 1, 0
354001, 69331, 1, 0
356009, 74929, 1, 0
358013, 64572, 1, 0
360000, 70024, 1, 0
362013, 70176, 1, 0
364021, 68740, 1, 0
366000, 69961, 1, 0
368005, 68734, 1, 0
370000, 71108, 1, 0
372001, 71112, 1, 0
374005, 69572, 1, 0
376000, 70383, 1, 0
378001, 66740, 1, 0
380000, 68122, 1, 0
382033, 69315, 1, 0
384017, 71425, 1, 0
386013, 68728, 1, 0
388000, 74069, 1, 0
390013, 64012, 1, 0
392025, 70052, 1, 0
394017, 69258, 1, 0
396017, 70144, 1, 0
398001, 71902, 1, 0
400000, 63913, 1, 0
402009, 72345, 1, 0
404029, 70985, 1, 0
406000, 68279, 1, 0
408005, 68461, 1, 0
410025, 70919, 1, 0
412001, 70976, 1, 0
414001, 68345, 1, 0
416021, 70756, 1, 0
418013, 67663, 1, 0
420013, 70327, 1, 0
422001, 71277, 1, 0
424000, 69017, 1, 0
426028, 70354, 1, 0
428000, 67975, 1, 0
430029, 79555, 1, 0
432010, 63794, 1, 0
434018, 72664, 1, 0
436028, 73914, 1, 0
438006, 68363, 1, 0
440010, 73599, 1, 0
442000, 70467, 1, 0
444003, 81492, 1, 0
446039, 69700, 1, 0
448032, 69834, 1, 0
450031, 68973, 1, 0
452000, 73133, 1, 0
454019, 70560, 1, 0
456000, 79947, 1, 0
458003, 66818, 1, 0
460016, 72012, 1, 0
462008, 74087, 1, 0
464000, 69048, 1, 0
466004, 74960, 1, 0
468000, 69319, 1, 0
470012, 77534, 1, 0
472004, 72642, 1, 0
474000, 66233, 1, 0
476000, 72669, 1, 0
478009, 73254, 1, 0
480013, 70842, 1, 0
482014, 74594, 1, 0
484000, 73044, 1, 0
486005, 69082, 1, 0
488000, 71460, 1, 0
490000, 71825, 1, 0
492021, 75937, 1, 0
494009, 71435, 1, 0
496000, 78569, 1, 0
498000, 68911, 1, 0
500002, 73627, 1, 0
502006, 74432, 1, 0
504000, 69963, 1, 0
506000, 70010, 1, 0
508000, 72797, 1, 0
510022, 71068, 1, 0
512014, 74374, 1, 0
514006, 69116, 1, 0
516014, 71667, 1, 0
518000, 71612, 1, 0
520010, 74012, 1, 0
522015, 76887, 1, 0
524015, 67232, 1, 0
526019, 70520, 1, 0
528027, 74840, 1, 0
530000, 71765, 1, 0
532019, 70429, 1, 0
534019, 69514, 1, 0
536027, 72105, 1, 0
538005, 77920, 1, 0
540015, 65158, 1, 0
542000, 70217, 1, 0
544000, 71765, 1, 0
546019, 70707, 1, 0
548000, 70921, 1, 0
550054, 74674, 1, 0
552012, 72196, 1, 0
554012, 65956, 1, 0
556012, 73010, 1, 0
558032, 70635, 1, 0
560016, 74776, 1, 0
562000, 72327, 1, 0
564020, 70064, 1, 0
566017, 70927, 1, 0
568016, 70787, 1, 0
570028, 74941, 1, 0
572008, 68374, 1, 0
574000, 71793, 1, 0
576000, 69974, 1, 0
578000, 71019, 1, 0
580007, 81076, 1, 0
582000, 64089, 1, 0
584009, 71350, 1, 0
586001, 71810, 1, 0
588009, 71842, 1, 0
590009, 74811, 1, 0
592017, 69548, 1, 0
594009, 70869, 1, 0
596001, 74697, 1, 0
598001, 72712, 1, 0
600009, 66415, 1, 0
602009, 72914, 1, 0
604001, 70145, 1, 0
606025, 72005, 1, 0
608000, 70054, 1, 0
610021, 72736, 1, 0
612001, 73047, 1, 0
614000, 68399, 1, 0
616017, 72245, 1, 0
618013, 81331, 1, 0
620005, 64287, 1, 0
622009, 72161, 1, 0
624029, 71336, 1, 0
626000, 71693, 1, 0
628000, 70528, 1, 0
630000, 76490, 1, 0
632026, 68869, 1, 0
634010, 71721, 1, 0
636002, 70946, 1, 0
638002, 71846, 1, 0
640026, 71614, 1, 0
642000, 71045, 1, 0
644036, 76110, 1, 0
646000, 67464, 1, 0
648022, 72454, 1, 0
650010, 69529, 1, 0
652006, 72201, 1, 0
654031, 73256, 1, 0
656014, 72514, 1, 0
658000, 70222, 1, 0
660026, 72357, 1, 0
662006, 72838, 1, 0
664006, 70645, 1, 0
666018, 71158, 1, 0
668006, 73440, 1, 0
670000, 71396, 1, 0
672026, 70951, 1, 0
674002, 72431, 1, 0
676018, 74840, 1, 0
678022, 68528, 1, 0
680000, 71657, 1, 0
682006, 73158, 1, 0
684006, 74466, 1, 0
686065, 73594, 1, 0
688018, 71838, 1, 0
690014, 65449, 1, 0
692014, 74237, 1, 0
694011, 72715, 1, 0
696035, 74107, 1, 0
698011, 68943, 1, 0
700019, 72851, 1, 0
702000, 73587, 1, 0
704003, 68941, 1, 0
706011, 75046, 1, 0
708000, 70337, 1, 0
710039, 73177, 1, 0
712003, 71206, 1, 0
714000, 72770, 1, 0
716015, 70194, 1, 0
718019, 70393, 1, 0
720011, 74860, 1, 0
722023, 73861, 1, 0
724031, 70593, 1, 0
726015, 70745, 1, 0
728015, 68405, 1, 0
730000, 70780, 1, 0
732000, 74845, 1, 0
734007, 71678, 1, 0
736007, 76464, 1, 0
738007, 66898, 1, 0
740011, 71827, 1, 0
742011, 73113, 1, 0
744019, 71402, 1, 0
746000, 73076, 1, 0
748007, 74813, 1, 0
750007, 71314, 1, 0
752015, 70807, 1, 0
754003, 70224, 1, 0
756019, 72605, 1, 0
758015, 74435, 1, 0
760000, 70622, 1, 0
762015, 69441, 1, 0
764003, 71720, 1, 0
766000, 70580, 1, 0
768000, 75144, 1, 0
770000, 72028, 1, 0
772000, 73531, 1, 0
774000, 66299, 1, 0
776015, 70437, 1, 0
778000, 72623, 1, 0
780015, 75331, 1, 0
782000, 67223, 1, 0
784019, 77161, 1, 0
786027, 70422, 1, 0
788019, 71580, 1, 0
790012, 73223, 1, 0
792024, 70981, 1, 0
794000, 69997, 1, 0
796000, 71229, 1, 0
798000, 74560, 1, 0
800000, 72538, 1, 0
802016, 71579, 1, 0
804012, 70395, 1, 0
806028, 71947, 1, 0
808020, 72299, 1, 0
810000, 71578, 1, 0
812000, 73436, 1, 0
814000, 70145, 1, 0
816000, 74918, 1, 0
818028, 71012, 1, 0
820012, 71034, 1, 0
822008, 72379, 1, 0
824004, 68993, 1, 0
826024, 73099, 1, 0
828000, 72056, 1, 0
830000, 76977, 1, 0
832024, 67414, 1, 0
834024, 73389, 1, 0
836024, 69496, 1, 0
838028, 73214, 1, 0
840083, 78578, 1, 0
842000, 68199, 1, 0
844016, 67235, 1, 0
846000, 73386, 1, 0
848008, 73193, 1, 0
850000, 69658, 1, 0
852032, 76352, 1, 0
854008, 68389, 1, 0
856020, 74635, 1, 0
858040, 70530, 1, 0
860000, 74788, 1, 0
862008, 76624, 1, 0
864028, 63934, 1, 0
866012, 71419, 1, 0
868000, 71723, 1, 0
870025, 74407, 1, 0
872016, 70286, 1, 0
874008, 74477, 1, 0
876043, 73866, 1, 0
878000, 67385, 1, 0
880024, 70986, 1, 0
882036, 71301, 1, 0
884000, 71191, 1, 0
886008, 71933, 1, 0
888000, 73796, 1, 0
890016, 83924, 1, 0
892000, 60243, 1, 0
894004, 72199, 1, 0
896020, 75864, 1, 0
898000, 68216, 1, 0
900000, 77614, 1, 0
902000, 67994, 1, 0
904016, 73458, 1, 0
906000, 71482, 1, 0
908012, 73231, 1, 0
910000, 69553, 1, 0
912000, 74356, 1, 0
914000, 69067, 1, 0
916012, 73699, 1, 0
918004, 70957, 1, 0
920014, 74475, 1, 0
922004, 68789, 1, 0
924014, 73462, 1, 0
926000, 70647, 1, 0
928004, 73585, 1, 0
930008, 69949, 1, 0
932000, 73920, 1, 0
934000, 68760, 1, 0
936012, 72595, 1, 0
938007, 75724, 1, 0
940000, 76156, 1, 0
942024, 71060, 1, 0
944000, 67291, 1, 0
946005, 74052, 1, 0
948009, 68474, 1, 0
950000, 73861, 1, 0
952000, 69267, 1, 0
954013, 74040, 1, 0
956000, 69820, 1, 0
958005, 72478, 1, 0
960021, 73875, 1, 0
962037, 72216, 1, 0
964033, 71686, 1, 0
966000, 73193, 1, 0
968005, 69994, 1, 0
970000, 71037, 1, 0
972000, 72660, 1, 0
974013, 70610, 1, 0
976009, 74622, 1, 0
978009, 74561, 1, 0
980013, 65844, 1, 0
982000, 75699, 1, 0
984009, 71454, 1, 0
986017, 69683, 1, 0
988013, 74009, 1, 0
990001, 70438, 1, 0
992027, 78416, 1, 0
994013, 67744, 1, 0
996005, 73429, 1, 0
998001, 69778, 1, 0
1000001, 72076, 1, 0
1002013, 71039, 1, 0
1004000, 70718, 1, 0
1006013, 70386, 1, 0
1008013, 74636, 1, 0
1010030, 79191, 1, 0
1012010, 68058, 1, 0
1014000, 70392, 1, 0
1016014, 73930, 1, 0
1018030, 71302, 1, 0
1020018, 71042, 1, 0
1022018, 74175, 1, 0
1024002, 73302, 1, 0
1026023, 72210, 1, 0
1028000, 76565, 1, 0
1030018, 70656, 1, 0
1032000, 68937, 1, 0
1034002, 73374, 1, 0
1036000, 71688, 1, 0
1038030, 75414, 1, 0
1040034, 71311, 1, 0
1042000, 71056, 1, 0
1044006, 72597, 1, 0
1046010, 70243, 1, 0
1048002, 76925, 1, 0
1050006, 68244, 1, 0
1052011, 74450, 1, 0
1054000, 70583, 1, 0
1056002, 75846, 1, 0
1058002, 69998, 1, 0
1060018, 70637, 1, 0
1062010, 78322, 1, 0
1064010, 67961, 1, 0
1066000, 72425, 1, 0
1068002, 73293, 1, 0
1070000, 73433, 1, 0
1072002, 69140, 1, 0
1074018, 76102, 1, 0
1076011, 77230, 1, 0
1078015, 68854, 1, 0
1080010, 82128, 1, 0
1082000, 84006, 1, 0
1084106, 101654, 1, 0
1086023, 75905, 1, 0
1088002, 99944, 1, 0
1090023, 80714, 1, 0
1092000, 88709, 1, 0
1094015, 93025, 1, 0
1096015, 89614, 1, 0
1098014, 97166, 1, 0
1100023, 86029, 1, 0
1102007, 94034, 1, 0
1104000, 90131, 1, 0
1106011, 99687, 1, 0
1108035, 95273, 1, 0
1110000, 93239, 1, 0
1112011, 100371, 1, 0
1114007, 97037, 1, 0
1116007, 97798, 1, 0
1118003, 98289, 1, 0
1120031, 104329, 1, 0
1122023, 97909, 1, 0
1124015, 94607, 1, 0
1126003, 99584, 1, 0
1128015, 107039, 1, 0
1130000, 102359, 1, 0
1132023, 101860, 1, 0
1134000, 108513, 1, 0
1136003, 105710, 1, 0
1138003, 97146, 1, 0
1140001, 123610, 1, 0
1142234, 105941, 1, 0
1144023, 93391, 1, 0
1146000, 104301, 1, 0
1148015, 124125, 1, 0
1150011, 91904, 1, 0
1152019, 106226, 1, 0
1154007, 110946, 1, 0
1156000, 105253, 1, 0
1158002, 110850, 1, 0
1160000, 103571, 1, 0
1162000, 110153, 1, 0
1164020, 105880, 1, 0
1166041, 120878, 1, 0
1168087, 102086, 1, 0
1170011, 104913, 1, 0
1172000, 110339, 1, 0
1174000, 107024, 1, 0
1176000, 112979, 1, 0
1178000, 106180, 1, 0
1180008, 114742, 1, 0
1182008, 106625, 1, 0
1184008, 110161, 1, 0
1186000, 113045, 1, 0
1188000, 111137, 1, 0
1190000, 110954, 1, 0
1192016, 113282, 1, 0
1194012, 109324, 1, 0
1196000, 109658, 1, 0
1198008, 115655, 1, 0
1200145, 117034, 1, 0
