2000, 24978, 1, 0
4012, 50611, 1, 0
6004, 73576, 1, 0
8000, 73666, 1, 0
10016, 73432, 1, 0
12016, 69421, 1, 0
14000, 68731, 1, 0
16020, 66988, 1, 0
18000, 67273, 1, 0
20020, 67682, 1, 0
22000, 71241, 1, 0
24000, 64822, 1, 0
26000, 64068, 1, 0
28000, 66836, 1, 0
30000, 69094, 1, 0
32020, 66520, 1, 0
34000, 70809, 1, 0
36012, 63091, 1, 0
38024, 68459, 1, 0
40020, 65161, 1, 0
42048, 66968, 1, 0
44000, 66274, 1, 0
46016, 66971, 1, 0
48004, 67014, 1, 0
50032, 65682, 1, 0
52028, 69507, 1, 0
54000, 63428, 1, 0
56020, 68411, 1, 0
58012, 65675, 1, 0
60004, 65078, 1, 0
62000, 68875, 1, 0
64004, 63472, 1, 0
66012, 66908, 1, 0
68032, 68761, 1, 0
70036, 69460, 1, 0
72028, 65463, 1, 0
74011, 63278, 1, 0
76019, 66108, 1, 0
78015, 73854, 1, 0
80027, 65273, 1, 0
82015, 62510, 1, 0
84019, 64536, 1, 0
86011, 66134, 1, 0
88015, 66578, 1, 0
90003, 71352, 1, 0
92000, 61890, 1, 0
94011, 66745, 1, 0
96051, 69941, 1, 0
98011, 62569, 1, 0
100011, 69716, 1, 0
102035, 66329, 1, 0
104000, 63857, 1, 0
106000, 67061, 1, 0
108003, 67871, 1, 0
110031, 65632, 1, 0
112000, 70627, 1, 0
114026, 65158, 1, 0
116015, 65130, 1, 0
118000, 62720, 1, 0
120015, 68640, 1, 0
122007, 65376, 1, 0
124000, 64690, 1, 0
126000, 65645, 1, 0
128012, 72125, 1, 0
130011, 64547, 1, 0
132003, 67453, 1, 0
134007, 64568, 1, 0
136031, 70480, 1, 0
138007, 64206, 1, 0
140019, 67708, 1, 0
142011, 68088, 1, 0
144000, 69643, 1, 0
146035, 63138, 1, 0
148031, 67753, 1, 0
150007, 68578, 1, 0
152000, 62800, 1, 0
154023, 66641, 1, 0
156000, 66883, 1, 0
158126, 73774, 1, 0
160035, 63574, 1, 0
162007, 68895, 1, 0
164051, 64317, 1, 0
166097, 69358, 1, 0
168023, 62926, 1, 0
170035, 77795, 1, 0
172003, 60209, 1, 0
174035, 65479, 1, 0
176011, 66533, 1, 0
178019, 68049, 1, 0
180002, 68498, 1, 0
182003, 64377, 1, 0
184000, 67863, 1, 0
186031, 68540, 1, 0
188008, 69725, 1, 0
190000, 68106, 1, 0
192000, 68513, 1, 0
194018, 68364, 1, 0
196000, 73779, 1, 0
198002, 65965, 1, 0
200000, 68946, 1, 0
202006, 71496, 1, 0
204000, 65717, 1, 0
206002, 69863, 1, 0
208000, 69303, 1, 0
210030, 70925, 1, 0
212010, 69074, 1, 0
214002, 69317, 1, 0
216018, 71891, 1, 0
218018, 66382, 1, 0
220014, 71752, 1, 0
222010, 65669, 1, 0
224030, 72980, 1, 0
226010, 67986, 1, 0
228000, 73128, 1, 0
230026, 64987, 1, 0
232022, 69837, 1, 0
234002, 68976, 1, 0
236038, 69617, 1, 0
238010, 69133, 1, 0
240026, 69478, 1, 0
242014, 68357, 1, 0
244018, 73981, 1, 0
246010, 65736, 1, 0
248018, 69898, 1, 0
250014, 70357, 1, 0
252014, 68499, 1, 0
254000, 71001, 1, 0
256026, 68838, 1, 0
258026, 68276, 1, 0
260157, 75924, 1, 0
262006, 65850, 1, 0
264010, 68335, 1, 0
266014, 69021, 1, 0
268002, 68071, 1, 0
270026, 69309, 1, 0
272000, 72588, 1, 0
274014, 67168, 1, 0
276000, 67517, 1, 0
278000, 71252, 1, 0
280014, 70054, 1, 0
282006, 70312, 1, 0
284006, 71228, 1, 0
286022, 64477, 1, 0
288006, 68791, 1, 0
290006, 73411, 1, 0
292014, 66498, 1, 0
294043, 71329, 1, 0
296000, 68506, 1, 0
298000, 68328, 1, 0
300002, 66506, 1, 0
302006, 73698, 1, 0
304022, 72932, 1, 0
306006, 66495, 1, 0
308000, 66265, 1, 0
310026, 70081, 1, 0
312000, 70788, 1, 0
314010, 71016, 1, 0
316000, 66625, 1, 0
318018, 70901, 1, 0
320002, 68604, 1, 0
322006, 70614, 1, 0
324006, 67726, 1, 0
326014, 70040, 1, 0
328010, 69415, 1, 0
330018, 71286, 1, 0
332010, 69321, 1, 0
334017, 67966, 1, 0
336014, 68998, 1, 0
338000, 68339, 1, 0
340000, 70616, 1, 0
342025, 72475, 1, 0
344009, 66650, 1, 0
346000, 71430, 1, 0
348013, 66523, 1, 0
350025, 73839, 1, 0
352025, 66433, 1, 0
354001, 73284, 1, 0
356009, 65633, 1, 0
358014, 72438, 1, 0
360029, 68340, 1, 0
362013, 68420, 1, 0
364021, 70573, 1, 0
366005, 70273, 1, 0
368005, 72801, 1, 0
370005, 64369, 1, 0
372001, 72389, 1, 0
374005, 66704, 1, 0
376000, 70296, 1, 0
378001, 70398, 1, 0
380000, 67732, 1, 0
382033, 73335, 1, 0
384000, 64836, 1, 0
386013, 75938, 1, 0
388000, 63885, 1, 0
390013, 69063, 1, 0
392025, 68870, 1, 0
394017, 68739, 1, 0
396017, 72717, 1, 0
398001, 67170, 1, 0
400000, 70946, 1, 0
402009, 69699, 1, 0
404029, 70786, 1, 0
406000, 68444, 1, 0
408005, 71731, 1, 0
410025, 67778, 1, 0
412001, 73810, 1, 0
414001, 65775, 1, 0
416021, 66948, 1, 0
418013, 70891, 1, 0
420013, 70852, 1, 0
422001, 69615, 1, 0
424000, 68547, 1, 0
426017, 70245, 1, 0
428000, 72858, 1, 0
430029, 81932, 1, 0
432010, 61916, 1, 0
434018, 69239, 1, 0
436028, 72281, 1, 0
438006, 72099, 1, 0
440010, 71332, 1, 0
442000, 70394, 1, 0
444003, 72260, 1, 0
446039, 76949, 1, 0
448032, 71075, 1, 0
450031, 71677, 1, 0
452000, 73502, 1, 0
454019, 68597, 1, 0
456000, 71167, 1, 0
458003, 75879, 1, 0
460015, 72895, 1, 0
462008, 67965, 1, 0
464000, 75019, 1, 0
466004, 72626, 1, 0
468000, 70160, 1, 0
470012, 68871, 1, 0
472000, 75456, 1, 0
474032, 70718, 1, 0
476000, 83115, 1, 0
478009, 66967, 1, 0
480013, 70261, 1, 0
482014, 71828, 1, 0
484000, 67356, 1, 0
486005, 73323, 1, 0
488000, 71439, 1, 0
490000, 75816, 1, 0
492021, 70633, 1, 0
494009, 78253, 1, 0
496000, 71514, 1, 0
498001, 72396, 1, 0
500002, 72005, 1, 0
502006, 72853, 1, 0
504000, 71285, 1, 0
506000, 70784, 1, 0
508000, 71863, 1, 0
510022, 74585, 1, 0
512014, 70183, 1, 0
514006, 70772, 1, 0
516014, 70731, 1, 0
518000, 72207, 1, 0
520011, 75165, 1, 0
522015, 68759, 1, 0
524015, 73281, 1, 0
526019, 71206, 1, 0
528027, 72600, 1, 0
530000, 71874, 1, 0
532019, 69692, 1, 0
534000, 72078, 1, 0
536027, 74294, 1, 0
538005, 71620, 1, 0
540015, 66280, 1, 0
542027, 79098, 1, 0
544000, 64545, 1, 0
546020, 73250, 1, 0
548000, 68544, 1, 0
550054, 74328, 1, 0
552012, 75116, 1, 0
554012, 75504, 1, 0
556012, 61693, 1, 0
558032, 74698, 1, 0
560016, 70101, 1, 0
562000, 73987, 1, 0
564020, 68883, 1, 0
566017, 71733, 1, 0
568016, 71050, 1, 0
570028, 71281, 1, 0
572008, 71555, 1, 0
574000, 70327, 1, 0
576000, 70357, 1, 0
578000, 77231, 1, 0
580007, 70254, 1, 0
582000, 69955, 1, 0
584009, 71290, 1, 0
586001, 71714, 1, 0
588009, 72291, 1, 0
590009, 73699, 1, 0
592017, 69688, 1, 0
594009, 70535, 1, 0
596001, 72125, 1, 0
598000, 73797, 1, 0
600009, 69362, 1, 0
602009, 71077, 1, 0
604001, 73061, 1, 0
606025, 74849, 1, 0
608000, 69224, 1, 0
610021, 70787, 1, 0
612001, 70036, 1, 0
614000, 71832, 1, 0
616017, 72288, 1, 0
618013, 73628, 1, 0
620001, 67771, 1, 0
622009, 71685, 1, 0
624029, 69907, 1, 0
626000, 76215, 1, 0
628000, 67813, 1, 0
630000, 73673, 1, 0
632000, 71088, 1, 0
634010, 71338, 1, 0
636002, 72574, 1, 0
638000, 70841, 1, 0
640026, 71663, 1, 0
642000, 74230, 1, 0
644036, 73033, 1, 0
646000, 75427, 1, 0
648022, 64981, 1, 0
650010, 71054, 1, 0
652006, 72835, 1, 0
654026, 71776, 1, 0
656014, 73181, 1, 0
658000, 68681, 1, 0
660026, 71766, 1, 0
662000, 73058, 1, 0
664006, 71419, 1, 0
666018, 69987, 1, 0
668006, 70843, 1, 0
670000, 71216, 1, 0
672026, 73487, 1, 0
674002, 70812, 1, 0
676018, 73476, 1, 0
678022, 70119, 1, 0
680000, 75857, 1, 0
682006, 73006, 1, 0
684006, 66824, 1, 0
686065, 80820, 1, 0
688000, 69038, 1, 0
690014, 80040, 1, 0
692015, 65466, 1, 0
694011, 68076, 1, 0
696035, 71310, 1, 0
698011, 73029, 1, 0
700019, 71012, 1, 0
702007, 74237, 1, 0
704003, 70132, 1, 0
706011, 71449, 1, 0
708000, 72834, 1, 0
710000, 74473, 1, 0
712000, 71790, 1, 0
714000, 67706, 1, 0
716015, 73293, 1, 0
718019, 81929, 1, 0
720011, 65003, 1, 0
722023, 70703, 1, 0
724031, 74790, 1, 0
726015, 69099, 1, 0
728015, 70857, 1, 0
730000, 73748, 1, 0
732000, 71037, 1, 0
734007, 72906, 1, 0
736007, 68830, 1, 0
738000, 76366, 1, 0
740011, 71838, 1, 0
742011, 71739, 1, 0
744019, 72315, 1, 0
746000, 73686, 1, 0
748007, 69493, 1, 0
750007, 71969, 1, 0
752015, 77733, 1, 0
754000, 66066, 1, 0
756000, 71625, 1, 0
758015, 73053, 1, 0
760000, 72578, 1, 0
762015, 72310, 1, 0
764003, 71052, 1, 0
766000, 75458, 1, 0
768003, 69130, 1, 0
770000, 75253, 1, 0
772000, 71414, 1, 0
774000, 68918, 1, 0
776015, 72257, 1, 0
778000, 73475, 1, 0
780015, 72548, 1, 0
782000, 72571, 1, 0
784019, 69764, 1, 0
786027, 71898, 1, 0
788000, 73054, 1, 0
790012, 71175, 1, 0
792023, 70425, 1, 0
794004, 72394, 1, 0
796040, 73505, 1, 0
798000, 71520, 1, 0
800000, 70794, 1, 0
802016, 72052, 1, 0
804012, 70933, 1, 0
806028, 72461, 1, 0
808020, 70771, 1, 0
810000, 69921, 1, 0
812000, 74623, 1, 0
814000, 75827, 1, 0
816000, 65174, 1, 0
818028, 74094, 1, 0
820012, 72227, 1, 0
822008, 70899, 1, 0
824004, 76118, 1, 0
826024, 68106, 1, 0
828000, 72341, 1, 0
830000, 71448, 1, 0
832024, 72382, 1, 0
834024, 71646, 1, 0
836000, 75601, 1, 0
838028, 68006, 1, 0
840083, 76459, 1, 0
842000, 63993, 1, 0
844016, 74153, 1, 0
846000, 74411, 1, 0
848008, 70140, 1, 0
850000, 73075, 1, 0
852032, 71659, 1, 0
854008, 71362, 1, 0
856020, 73525, 1, 0
858040, 71570, 1, 0
860000, 68138, 1, 0
862008, 70952, 1, 0
864028, 74524, 1, 0
866012, 72508, 1, 0
868000, 76916, 1, 0
870025, 69487, 1, 0
872016, 72529, 1, 0
874008, 71251, 1, 0
876043, 75513, 1, 0
878000, 65462, 1, 0
880024, 75816, 1, 0
882000, 70122, 1, 0
884000, 70302, 1, 0
886008, 70582, 1, 0
888000, 72455, 1, 0
890016, 75627, 1, 0
892000, 70604, 1, 0
894000, 68369, 1, 0
896020, 75027, 1, 0
898000, 69674, 1, 0
900000, 71176, 1, 0
902000, 73609, 1, 0
904016, 74694, 1, 0
906000, 69469, 1, 0
908012, 71949, 1, 0
910000, 72278, 1, 0
912000, 72696, 1, 0
914000, 70471, 1, 0
916012, 71707, 1, 0
918004, 71479, 1, 0
920014, 72203, 1, 0
922004, 72290, 1, 0
924014, 72533, 1, 0
926000, 70961, 1, 0
928004, 73086, 1, 0
930008, 73161, 1, 0
932000, 70811, 1, 0
934000, 70445, 1, 0
936012, 70316, 1, 0
938007, 75983, 1, 0
940000, 68713, 1, 0
942024, 71803, 1, 0
944000, 72455, 1, 0
946004, 72198, 1, 0
948009, 70719, 1, 0
950000, 73058, 1, 0
952000, 71007, 1, 0
954013, 73291, 1, 0
956000, 71275, 1, 0
958005, 72293, 1, 0
960000, 72845, 1, 0
962000, 70923, 1, 0
964000, 71948, 1, 0
966000, 72843, 1, 0
968005, 75011, 1, 0
970021, 69109, 1, 0
972000, 69416, 1, 0
974013, 73874, 1, 0
976009, 72586, 1, 0
978009, 70780, 1, 0
980013, 72959, 1, 0
982002, 71173, 1, 0
984009, 74389, 1, 0
986017, 69630, 1, 0
988013, 73916, 1, 0
990001, 71771, 1, 0
992027, 75372, 1, 0
994013, 69058, 1, 0
996005, 72369, 1, 0
998001, 70466, 1, 0
1000000, 69401, 1, 0
1002013, 75074, 1, 0
1004000, 70402, 1, 0
1006014, 71717, 1, 0
1008014, 75167, 1, 0
1010030, 74240, 1, 0
1012010, 72304, 1, 0
1014000, 67651, 1, 0
1016014, 73757, 1, 0
1018000, 72790, 1, 0
1020018, 72734, 1, 0
1022018, 74222, 1, 0
1024002, 70312, 1, 0
1026023, 75201, 1, 0
1028000, 69598, 1, 0
1030018, 73647, 1, 0
1032000, 72304, 1, 0
1034002, 71461, 1, 0
1036000, 73676, 1, 0
1038030, 73296, 1, 0
1040034, 79519, 1, 0
1042000, 67595, 1, 0
1044006, 71001, 1, 0
1046010, 75007, 1, 0
1048002, 71462, 1, 0
1050006, 73923, 1, 0
1052011, 72300, 1, 0
1054000, 70742, 1, 0
1056002, 74106, 1, 0
1058002, 72872, 1, 0
1060018, 71385, 1, 0
1062010, 77135, 1, 0
1064010, 69516, 1, 0
1066002, 72027, 1, 0
1068002, 72250, 1, 0
1070022, 73816, 1, 0
1072000, 80612, 1, 0
1074018, 65142, 1, 0
1076010, 74531, 1, 0
1078015, 73266, 1, 0
1080011, 86427, 1, 0
1082031, 82212, 1, 0
1084107, 93005, 1, 0
1086023, 80104, 1, 0
1088002, 103605, 1, 0
1090023, 78789, 1, 0
1092000, 92026, 1, 0
1094015, 87881, 1, 0
1096015, 91352, 1, 0
1098014, 99039, 1, 0
1100023, 88467, 1, 0
1102007, 94966, 1, 0
1104027, 93642, 1, 0
1106011, 94045, 1, 0
1108035, 96754, 1, 0
1110000, 91717, 1, 0
1112011, 99296, 1, 0
1114007, 99610, 1, 0
1116007, 96383, 1, 0
1118003, 101177, 1, 0
1120031, 98922, 1, 0
1122023, 99963, 1, 0
1124015, 97671, 1, 0
1126000, 112333, 1, 0
1128015, 96054, 1, 0
1130000, 101420, 1, 0
1132023, 103427, 1, 0
1134000, 104596, 1, 0
1136003, 105123, 1, 0
1138003, 100886, 1, 0
1140001, 121806, 1, 0
1142234, 105109, 1, 0
1144023, 95493, 1, 0
1146000, 100502, 1, 0
1148015, 105274, 1, 0
1150011, 105193, 1, 0
1152019, 105827, 1, 0
1154007, 110102, 1, 0
1156000, 111401, 1, 0
1158000, 104477, 1, 0
1160000, 106908, 1, 0
1162003, 109556, 1, 0
1164000, 104087, 1, 0
1166041, 121004, 1, 0
1168087, 106725, 1, 0
1170012, 100337, 1, 0
1172000, 111188, 1, 0
1174000, 108377, 1, 0
1176000, 113267, 1, 0
1178004, 104810, 1, 0
1180008, 111581, 1, 0
1182008, 109128, 1, 0
1184008, 113870, 1, 0
1186000, 110959, 1, 0
1188000, 113877, 1, 0
1190000, 108901, 1, 0
1192016, 114006, 1, 0
1194012, 111938, 1, 0
1196000, 107438, 1, 0
1198008, 108462, 1, 0
1200145, 123022, 1, 0
