 8056
 8074
 8335
 8647
 8708
 8793
 8820
 8861
 8929
 8960
 8983
 8990
 8990
 9045
 9047
 9064
 9086
 9099
 9104
 9142
 9313
 9346
 9365
 9376
 9420
 9432
 9439
 9455
 9479
 9548
 9627
 9665
 9682
 9867
 9888
 9935
 9978
 9981
 10021
 10115
 10136
 10186
 10239
 10240
 10252
 10286
 10492
 10495
 10499
 10509
 10575
 10745
 10818
 11041
 11109
 11140
 11622
 11818
 11962
 12096
 12206
 12224
 12310
 12327
 12382
 12469
 12553
 12612
 12627
 12659
 12670
 12677
 12815
 12820
 12833
 12850
 12862
 12863
 12883
 12906
 12981
 13011
 13016
 13017
 13019
 13025
 13030
 13061
 13095
 13102
 13132
 13181
 13186
 13198
 13226
 13230
 13233
 13243
 13250
 13255
 13256
 13268
 13283
 13303
 13304
 13305
 13307
 13310
 13310
 13310
 13324
 13333
 13336
 13337
 13337
 13339
 13341
 13345
 13346
 13349
 13360
 13365
 13365
 13368
 13376
 13382
 13394
 13395
 13401
 13402
 13402
 13404
 13410
 13414
 13417
 13419
 13427
 13428
 13429
 13430
 13451
 13452
 13455
 13463
 13471
 13478
 13487
 13494
 13509
 13511
 13513
 13518
 13524
 13527
 13527
 13529
 13531
 13534
 13534
 13534
 13534
 13541
 13547
 13548
 13562
 13565
 13568
 13569
 13569
 13573
 13579
 13580
 13594
 13602
 13605
 13613
 13614
 13615
 13622
 13624
 13630
 13630
 13638
 13642
 13643
 13644
 13645
 13646
 13647
 13650
 13657
 13658
 13662
 13665
 13678
 13680
 13685
 13686
 13692
 13698
 13702
 13703
 13705
 13706
 13714
 13715
 13715
 13720
 13722
 13724
 13724
 13732
 13739
 13740
 13741
 13744
 13747
 13754
 13756
 13757
 13764
 13765
 13766
 13767
 13771
 13781
 13787
 13789
 13790
 13792
 13794
 13794
 13794
 13798
 13799
 13800
 13801
 13803
 13803
 13805
 13806
 13806
 13806
 13807
 13809
 13816
 13820
 13826
 13838
 13847
 13848
 13849
 13849
 13854
 13855
 13856
 13860
 13862
 13863
 13874
 13881
 13883
 13886
 13890
 13890
 13890
 13894
 13897
 13899
 13902
 13909
 13913
 13917
 13928
 13930
 13930
 13937
 13937
 13946
 13950
 13955
 13956
 13957
 13959
 13959
 13959
 13968
 13975
 13975
 13976
 13979
 13979
 13979
 13981
 13982
 13982
 13992
 13993
 13994
 13996
 13998
 14005
 14010
 14011
 14022
 14027
 14027
 14035
 14041
 14045
 14052
 14054
 14057
 14062
 14062
 14063
 14064
 14072
 14074
 14075
 14075
 14075
 14080
 14082
 14084
 14084
 14084
 14085
 14085
 14089
 14092
 14093
 14101
 14103
 14105
 14106
 14106
 14108
 14116
 14122
 14124
 14127
 14129
 14129
 14134
 14139
 14144
 14147
 14151
 14151
 14152
 14153
 14153
 14155
 14158
 14165
 14165
 14168
 14172
 14175
 14175
 14178
 14178
 14179
 14180
 14186
 14188
 14194
 14195
 14196
 14196
 14196
 14197
 14198
 14202
 14203
 14205
 14205
 14207
 14211
 14213
 14215
 14218
 14218
 14221
 14225
 14225
 14226
 14227
 14230
 14234
 14236
 14237
 14240
 14242
 14243
 14247
 14249
 14252
 14254
 14261
 14264
 14288
 14298
 14300
 14303
 14305
 14306
 14307
 14311
 14312
 14316
 14317
 14318
 14326
 14329
 14331
 14334
 14340
 14343
 14347
 14351
 14356
 14359
 14361
 14370
 14371
 14385
 14389
 14396
 14402
 14404
 14404
 14405
 14408
 14408
 14409
 14410
 14411
 14415
 14425
 14428
 14429
 14441
 14443
 14455
 14456
 14459
 14461
 14464
 14465
 14476
 14476
 14481
 14490
 14491
 14494
 14501
 14504
 14510
 14520
 14523
 14523
 14538
 14540
 14541
 14555
 14556
 14559
 14559
 14560
 14561
 14561
 14573
 14580
 14580
 14582
 14586
 14590
 14592
 14603
 14603
 14606
 14609
 14610
 14611
 14612
 14613
 14615
 14618
 14622
 14626
 14628
 14630
 14632
 14636
 14638
 14639
 14642
 14643
 14655
 14658
 14666
 14673
 14683
 14685
 14687
 14697
 14701
 14702
 14707
 14727
 14737
 14740
 14759
 14765
 14776
 14783
 14801
 14823
 14838
 14840
 14852
 14866
 14883
 14900
 14901
 14902
 14904
 14906
 14915
 14917
 14928
 14967
 14967
 14979
 14980
 14989
 14993
 14995
 15008
 15010
 15022
 15032
 15040
 15061
 15065
 15089
 15107
 15113
 15114
 15118
 15123
 15126
 15132
 15138
 15145
 15146
 15161
 15172
 15182
 15237
 15244
 15261
 15274
 15305
 15319
 15329
 15344
 15349
 15399
 15407
 15420
 15421
 15432
 15458
 15459
 15474
 15489
 15527
 15559
 15570
 15642
 15658
 15663
 15693
 15704
 15736
 15831
 15837
 15853
 15898
 16039
 16209
 16273
 16349
 16371
 16455
 20194
 41114
