 23640
 49444
 60243
 60885
 60955
 61082
 61824
 61921
 61991
 62301
 62413
 62452
 62520
 62612
 62822
 62949
 63234
 63297
 63500
 63794
 63893
 63913
 63934
 64008
 64012
 64071
 64089
 64287
 64308
 64328
 64418
 64433
 64572
 64651
 64728
 64798
 64870
 64960
 65158
 65449
 65474
 65524
 65531
 65534
 65548
 65637
 65666
 65719
 65844
 65901
 65907
 65946
 65956
 66031
 66135
 66154
 66233
 66265
 66299
 66308
 66335
 66349
 66396
 66413
 66415
 66446
 66490
 66735
 66740
 66818
 66844
 66884
 66898
 67062
 67133
 67177
 67214
 67218
 67220
 67220
 67223
 67232
 67235
 67287
 67291
 67351
 67367
 67385
 67411
 67414
 67464
 67469
 67532
 67567
 67604
 67650
 67663
 67670
 67744
 67757
 67801
 67803
 67817
 67866
 67891
 67901
 67961
 67966
 67975
 67991
 67994
 67995
 68009
 68013
 68058
 68122
 68135
 68185
 68188
 68199
 68201
 68216
 68244
 68253
 68267
 68279
 68341
 68345
 68363
 68374
 68389
 68391
 68394
 68399
 68404
 68405
 68427
 68461
 68474
 68483
 68485
 68526
 68528
 68546
 68551
 68570
 68593
 68676
 68700
 68728
 68732
 68734
 68740
 68760
 68789
 68854
 68869
 68910
 68911
 68933
 68937
 68941
 68943
 68973
 68993
 68998
 69017
 69019
 69048
 69067
 69082
 69116
 69121
 69124
 69140
 69197
 69244
 69250
 69258
 69267
 69315
 69319
 69331
 69438
 69439
 69441
 69446
 69447
 69456
 69496
 69514
 69529
 69548
 69550
 69553
 69572
 69658
 69683
 69700
 69740
 69778
 69806
 69820
 69828
 69834
 69848
 69863
 69865
 69949
 69959
 69961
 69963
 69974
 69992
 69994
 69996
 69997
 69998
 70010
 70024
 70052
 70054
 70064
 70088
 70107
 70128
 70144
 70145
 70145
 70145
 70146
 70158
 70176
 70194
 70217
 70222
 70224
 70243
 70272
 70286
 70313
 70327
 70327
 70337
 70346
 70354
 70383
 70386
 70392
 70393
 70395
 70422
 70429
 70437
 70438
 70440
 70460
 70467
 70503
 70520
 70528
 70530
 70548
 70560
 70580
 70583
 70593
 70610
 70622
 70635
 70637
 70645
 70647
 70656
 70690
 70707
 70714
 70718
 70745
 70751
 70756
 70780
 70787
 70807
 70842
 70848
 70869
 70915
 70919
 70921
 70927
 70946
 70951
 70957
 70976
 70981
 70985
 70986
 71008
 71012
 71019
 71034
 71037
 71039
 71042
 71045
 71056
 71060
 71060
 71068
 71092
 71108
 71112
 71158
 71191
 71206
 71229
 71277
 71301
 71302
 71311
 71314
 71336
 71350
 71396
 71402
 71419
 71425
 71435
 71448
 71454
 71456
 71460
 71482
 71501
 71509
 71561
 71578
 71579
 71580
 71612
 71614
 71657
 71667
 71678
 71686
 71688
 71693
 71720
 71721
 71723
 71765
 71765
 71786
 71793
 71810
 71825
 71827
 71838
 71842
 71846
 71872
 71902
 71933
 71947
 71947
 72005
 72012
 72028
 72056
 72076
 72105
 72161
 72184
 72196
 72199
 72201
 72210
 72216
 72245
 72293
 72299
 72327
 72345
 72357
 72379
 72425
 72431
 72435
 72454
 72461
 72478
 72514
 72522
 72538
 72595
 72597
 72605
 72623
 72642
 72660
 72664
 72669
 72712
 72715
 72736
 72746
 72770
 72775
 72797
 72838
 72851
 72914
 73010
 73044
 73047
 73076
 73099
 73113
 73133
 73154
 73158
 73177
 73193
 73193
 73214
 73223
 73231
 73241
 73254
 73256
 73293
 73302
 73316
 73317
 73374
 73386
 73389
 73429
 73433
 73436
 73440
 73458
 73462
 73476
 73531
 73585
 73587
 73594
 73599
 73627
 73699
 73796
 73861
 73861
 73866
 73875
 73914
 73920
 73930
 74009
 74012
 74040
 74052
 74069
 74087
 74107
 74107
 74175
 74237
 74356
 74374
 74407
 74432
 74435
 74450
 74466
 74475
 74477
 74560
 74561
 74594
 74622
 74635
 74636
 74674
 74697
 74776
 74784
 74788
 74811
 74813
 74840
 74840
 74845
 74860
 74918
 74929
 74941
 74960
 75046
 75144
 75331
 75414
 75564
 75699
 75724
 75846
 75864
 75905
 75937
 76102
 76110
 76156
 76352
 76464
 76490
 76565
 76624
 76887
 76925
 76977
 77161
 77230
 77534
 77614
 77706
 77920
 78322
 78416
 78569
 78578
 79191
 79421
 79555
 79947
 80714
 81076
 81331
 81492
 82128
 83924
 84006
 86029
 88709
 89614
 90131
 91904
 93025
 93239
 93391
 94034
 94607
 95273
 97037
 97146
 97166
 97798
 97909
 98289
 99584
 99687
 99944
 100371
 101654
 101860
 102086
 102359
 103571
 104301
 104329
 104913
 105253
 105710
 105880
 105941
 106180
 106226
 106625
 107024
 107039
 108513
 109324
 109658
 110153
 110161
 110339
 110850
 110946
 110954
 111137
 112979
 113045
 113282
 114742
 115655
 117034
 120878
 123610
 124125
