2000, 33500, 1, 0
4000, 15343, 1, 0
6000, 13440, 1, 0
8000, 13217, 1, 0
10000, 12942, 1, 0
12000, 13475, 1, 0
14000, 14119, 1, 0
16000, 14363, 1, 0
18000, 14011, 1, 0
20000, 14629, 1, 0
22000, 14885, 1, 0
24000, 14179, 1, 0
26000, 15650, 1, 0
28000, 13582, 1, 0
30000, 15927, 1, 0
32000, 14637, 1, 0
34000, 14282, 1, 0
36000, 14808, 1, 0
38000, 14030, 1, 0
40000, 15430, 1, 0
42000, 14819, 1, 0
44000, 15206, 1, 0
46000, 14950, 1, 0
48000, 14493, 1, 0
50000, 14586, 1, 0
52001, 15073, 1, 0
54000, 13301, 1, 0
56000, 15824, 1, 0
58000, 15030, 1, 0
60000, 15067, 1, 0
62000, 14388, 1, 0
64000, 14428, 1, 0
66001, 15342, 1, 0
68000, 14707, 1, 0
70000, 14774, 1, 0
72000, 14685, 1, 0
74000, 14879, 1, 0
76000, 15068, 1, 0
78000, 15081, 1, 0
80000, 13940, 1, 0
82000, 15241, 1, 0
84001, 14203, 1, 0
86000, 14599, 1, 0
88000, 15645, 1, 0
90000, 9273, 1, 0
92000, 14120, 1, 0
94000, 14030, 1, 0
96000, 15353, 1, 0
98001, 14212, 1, 0
100001, 15032, 1, 0
102001, 15007, 1, 0
104000, 14620, 1, 0
106000, 14742, 1, 0
108000, 14471, 1, 0
110000, 14667, 1, 0
112000, 14500, 1, 0
114000, 15199, 1, 0
116000, 15118, 1, 0
118000, 13471, 1, 0
120001, 15586, 1, 0
122000, 15157, 1, 0
124000, 10323, 1, 0
126000, 13646, 1, 0
128000, 13937, 1, 0
130000, 13846, 1, 0
132000, 16397, 1, 0
134000, 14928, 1, 0
136000, 14644, 1, 0
138000, 13178, 1, 0
140000, 14555, 1, 0
142000, 15767, 1, 0
144000, 15009, 1, 0
146000, 13173, 1, 0
148000, 16617, 1, 0
150000, 14556, 1, 0
152000, 14562, 1, 0
154000, 15104, 1, 0
156000, 13456, 1, 0
158000, 15532, 1, 0
160000, 14010, 1, 0
162000, 14956, 1, 0
164000, 13933, 1, 0
166000, 15985, 1, 0
168000, 14661, 1, 0
170000, 14270, 1, 0
172000, 14151, 1, 0
174000, 15571, 1, 0
176000, 15065, 1, 0
178000, 13395, 1, 0
180000, 15516, 1, 0
182000, 14883, 1, 0
184000, 15003, 1, 0
186000, 14452, 1, 0
188000, 14478, 1, 0
190000, 8681, 1, 0
192000, 14161, 1, 0
194001, 13449, 1, 0
196000, 13843, 1, 0
198000, 14542, 1, 0
200000, 13917, 1, 0
202000, 14571, 1, 0
204000, 13298, 1, 0
206000, 15184, 1, 0
208000, 13981, 1, 0
210000, 14005, 1, 0
212000, 13768, 1, 0
214000, 14963, 1, 0
216000, 13556, 1, 0
218000, 15007, 1, 0
220001, 13929, 1, 0
222000, 13736, 1, 0
224001, 14334, 1, 0
226000, 14406, 1, 0
228000, 12718, 1, 0
230000, 15551, 1, 0
232000, 14713, 1, 0
234000, 13967, 1, 0
236001, 14025, 1, 0
238000, 14196, 1, 0
240001, 14687, 1, 0
242000, 14031, 1, 0
244000, 13889, 1, 0
246000, 13767, 1, 0
248000, 9353, 1, 0
250000, 13420, 1, 0
252000, 13463, 1, 0
254000, 14066, 1, 0
256000, 14244, 1, 0
258000, 14754, 1, 0
260000, 14310, 1, 0
262000, 14681, 1, 0
264000, 13681, 1, 0
266000, 14374, 1, 0
268000, 13964, 1, 0
270000, 14368, 1, 0
272000, 14450, 1, 0
274000, 14422, 1, 0
276000, 14128, 1, 0
278000, 13509, 1, 0
280000, 14305, 1, 0
282000, 13562, 1, 0
284000, 14734, 1, 0
286000, 14049, 1, 0
288000, 14272, 1, 0
290000, 12027, 1, 0
292000, 16260, 1, 0
294000, 14208, 1, 0
296000, 13900, 1, 0
298000, 13558, 1, 0
300000, 9440, 1, 0
302000, 13146, 1, 0
304000, 14289, 1, 0
306000, 13332, 1, 0
308000, 14969, 1, 0
310000, 13903, 1, 0
312001, 9310, 1, 0
314000, 14521, 1, 0
316000, 13526, 1, 0
318000, 14474, 1, 0
320000, 13860, 1, 0
322000, 14113, 1, 0
324000, 13174, 1, 0
326000, 14871, 1, 0
328000, 13296, 1, 0
330000, 14702, 1, 0
332000, 13997, 1, 0
334000, 14148, 1, 0
336000, 9008, 1, 0
338000, 13528, 1, 0
340000, 12155, 1, 0
342000, 10355, 1, 0
344000, 13387, 1, 0
346000, 13627, 1, 0
348000, 10189, 1, 0
350000, 11069, 1, 0
352000, 14772, 1, 0
354000, 15407, 1, 0
356000, 13507, 1, 0
358001, 14323, 1, 0
360000, 14077, 1, 0
362000, 14355, 1, 0
364000, 13429, 1, 0
366000, 14677, 1, 0
368000, 9878, 1, 0
370000, 12968, 1, 0
372000, 14539, 1, 0
374000, 14004, 1, 0
376000, 14097, 1, 0
378000, 13671, 1, 0
380000, 14458, 1, 0
382000, 14527, 1, 0
384000, 14469, 1, 0
386000, 13585, 1, 0
388000, 8266, 1, 0
390000, 8781, 1, 0
392000, 13047, 1, 0
394000, 14138, 1, 0
396000, 13557, 1, 0
398000, 14409, 1, 0
400000, 13793, 1, 0
402000, 10605, 1, 0
404000, 12258, 1, 0
406000, 14182, 1, 0
408000, 14237, 1, 0
410000, 9367, 1, 0
412001, 13341, 1, 0
414000, 13994, 1, 0
416000, 10739, 1, 0
418000, 12037, 1, 0
420000, 9843, 1, 0
422000, 12341, 1, 0
424000, 12218, 1, 0
426000, 14063, 1, 0
428000, 13283, 1, 0
430000, 13889, 1, 0
432000, 10505, 1, 0
434000, 13367, 1, 0
436000, 13371, 1, 0
438000, 10749, 1, 0
440000, 12561, 1, 0
442000, 13653, 1, 0
444000, 13071, 1, 0
446000, 14296, 1, 0
448000, 14811, 1, 0
450000, 14267, 1, 0
452000, 12822, 1, 0
454000, 13959, 1, 0
456000, 13824, 1, 0
458000, 14022, 1, 0
460000, 13954, 1, 0
462000, 13124, 1, 0
464000, 13664, 1, 0
466000, 13443, 1, 0
468000, 13953, 1, 0
470000, 13816, 1, 0
472000, 13215, 1, 0
474000, 8162, 1, 0
476000, 13223, 1, 0
478000, 13724, 1, 0
480000, 11748, 1, 0
482000, 10305, 1, 0
484000, 8631, 1, 0
486000, 12640, 1, 0
488000, 13708, 1, 0
490000, 9300, 1, 0
492000, 12436, 1, 0
494000, 9700, 1, 0
496000, 12453, 1, 0
498001, 14242, 1, 0
500001, 13516, 1, 0
502000, 13364, 1, 0
504000, 13713, 1, 0
506000, 11733, 1, 0
508000, 14303, 1, 0
510000, 15403, 1, 0
512000, 13446, 1, 0
514000, 13450, 1, 0
516000, 13904, 1, 0
518000, 13470, 1, 0
520000, 9454, 1, 0
522000, 11439, 1, 0
524000, 10130, 1, 0
526000, 9894, 1, 0
528000, 15376, 1, 0
530000, 13266, 1, 0
532000, 8851, 1, 0
534000, 13012, 1, 0
536000, 8782, 1, 0
538000, 12135, 1, 0
540000, 8497, 1, 0
542000, 9694, 1, 0
544000, 11565, 1, 0
546000, 62, 1, 0
548000, 8507, 1, 0
550000, 7249, 1, 0
552000, 9409, 1, 0
554000, 12992, 1, 0
556000, 13289, 1, 0
558000, 13359, 1, 0
560000, 13429, 1, 0
562000, 13240, 1, 0
564000, 12785, 1, 0
566000, 13945, 1, 0
568000, 13702, 1, 0
570000, 13375, 1, 0
572000, 12478, 1, 0
574000, 13117, 1, 0
576000, 14519, 1, 0
578000, 12334, 1, 0
580001, 14387, 1, 0
582001, 14453, 1, 0
584000, 13243, 1, 0
586000, 13750, 1, 0
588000, 13974, 1, 0
590000, 13406, 1, 0
592000, 13869, 1, 0
594000, 13106, 1, 0
596000, 13872, 1, 0
598001, 13493, 1, 0
600000, 13490, 1, 0
602000, 13458, 1, 0
604000, 13538, 1, 0
606000, 14096, 1, 0
608000, 13255, 1, 0
610000, 13683, 1, 0
612000, 13502, 1, 0
614000, 13710, 1, 0
616000, 13658, 1, 0
618000, 12560, 1, 0
620000, 15009, 1, 0
622000, 13577, 1, 0
624000, 12762, 1, 0
626000, 14307, 1, 0
628000, 13053, 1, 0
630000, 12240, 1, 0
632001, 11593, 1, 0
634000, 12308, 1, 0
636000, 14380, 1, 0
638000, 10219, 1, 0
640000, 7009, 1, 0
642000, 11829, 1, 0
644000, 13502, 1, 0
646000, 14143, 1, 0
648000, 13461, 1, 0
650000, 13538, 1, 0
652000, 13581, 1, 0
654000, 13233, 1, 0
656000, 13814, 1, 0
658000, 13611, 1, 0
660000, 13371, 1, 0
662000, 13678, 1, 0
664000, 13421, 1, 0
666000, 13388, 1, 0
668000, 14033, 1, 0
670000, 13414, 1, 0
672000, 13615, 1, 0
674000, 13022, 1, 0
676000, 12257, 1, 0
678000, 14937, 1, 0
680000, 14009, 1, 0
682000, 13293, 1, 0
684000, 10118, 1, 0
686000, 11085, 1, 0
688000, 9170, 1, 0
690000, 12547, 1, 0
692000, 13354, 1, 0
694001, 13365, 1, 0
696000, 13243, 1, 0
698000, 12732, 1, 0
700000, 13225, 1, 0
702000, 13368, 1, 0
704000, 14089, 1, 0
706000, 13460, 1, 0
708000, 13250, 1, 0
710000, 13038, 1, 0
712000, 13016, 1, 0
714000, 14466, 1, 0
716000, 13043, 1, 0
718000, 14584, 1, 0
720001, 12802, 1, 0
722000, 14224, 1, 0
724000, 13635, 1, 0
726000, 13128, 1, 0
728000, 13198, 1, 0
730000, 10668, 1, 0
732000, 9915, 1, 0
734000, 10978, 1, 0
736000, 14038, 1, 0
738000, 12838, 1, 0
740001, 13996, 1, 0
742000, 13664, 1, 0
744000, 12878, 1, 0
746000, 13893, 1, 0
748000, 9511, 1, 0
750000, 10575, 1, 0
752000, 9869, 1, 0
754000, 13314, 1, 0
756000, 13579, 1, 0
758000, 13590, 1, 0
760000, 13625, 1, 0
762000, 5438, 1, 0
764000, 13322, 1, 0
766000, 13936, 1, 0
768000, 13525, 1, 0
770000, 14758, 1, 0
772000, 10997, 1, 0
774000, 11399, 1, 0
776000, 12821, 1, 0
778000, 13969, 1, 0
780000, 14039, 1, 0
782000, 13789, 1, 0
784000, 13814, 1, 0
786000, 12887, 1, 0
788000, 13923, 1, 0
790000, 12333, 1, 0
792000, 14638, 1, 0
794000, 14327, 1, 0
796000, 13434, 1, 0
798000, 13830, 1, 0
800000, 13359, 1, 0
802000, 13910, 1, 0
804000, 10404, 1, 0
806000, 10994, 1, 0
808000, 4014, 1, 0
810000, 10670, 1, 0
812001, 14970, 1, 0
814000, 13482, 1, 0
816000, 13826, 1, 0
818000, 12974, 1, 0
820000, 13680, 1, 0
822000, 9112, 1, 0
824000, 12704, 1, 0
826000, 12772, 1, 0
828000, 14566, 1, 0
830000, 13383, 1, 0
832000, 13521, 1, 0
834000, 13959, 1, 0
836000, 13297, 1, 0
838000, 13895, 1, 0
840000, 13614, 1, 0
842000, 13133, 1, 0
844001, 14023, 1, 0
846000, 13439, 1, 0
848000, 13600, 1, 0
850000, 13713, 1, 0
852000, 13187, 1, 0
854000, 13604, 1, 0
856000, 14221, 1, 0
858000, 13536, 1, 0
860000, 13419, 1, 0
862000, 13330, 1, 0
864000, 9463, 1, 0
866000, 12698, 1, 0
868000, 13130, 1, 0
870000, 9022, 1, 0
872000, 13123, 1, 0
874000, 6917, 1, 0
876000, 9263, 1, 0
878000, 12766, 1, 0
880000, 13589, 1, 0
882000, 12909, 1, 0
884001, 14129, 1, 0
886000, 13261, 1, 0
888000, 13829, 1, 0
890000, 8881, 1, 0
892000, 12947, 1, 0
894000, 13571, 1, 0
896000, 13600, 1, 0
898000, 8289, 1, 0
900000, 8255, 1, 0
902000, 12480, 1, 0
904000, 13502, 1, 0
906001, 13543, 1, 0
908000, 13488, 1, 0
910000, 13171, 1, 0
912000, 12572, 1, 0
914000, 9656, 1, 0
916000, 13304, 1, 0
918000, 13393, 1, 0
920000, 13597, 1, 0
922000, 12196, 1, 0
924000, 14241, 1, 0
926000, 14027, 1, 0
928000, 13433, 1, 0
930000, 13229, 1, 0
932000, 11491, 1, 0
934000, 8563, 1, 0
936000, 11019, 1, 0
938000, 12750, 1, 0
940001, 13463, 1, 0
942001, 13005, 1, 0
944000, 9460, 1, 0
946000, 12728, 1, 0
948000, 9756, 1, 0
950000, 11775, 1, 0
952000, 12224, 1, 0
954000, 13140, 1, 0
956000, 12551, 1, 0
958000, 10575, 1, 0
960000, 12509, 1, 0
962000, 12833, 1, 0
964000, 13312, 1, 0
966000, 12799, 1, 0
968000, 14661, 1, 0
970000, 13297, 1, 0
972000, 13641, 1, 0
974000, 13597, 1, 0
976000, 11683, 1, 0
978000, 11127, 1, 0
980000, 13126, 1, 0
982000, 12037, 1, 0
984000, 10356, 1, 0
986000, 12272, 1, 0
988000, 10027, 1, 0
990000, 10870, 1, 0
992000, 14226, 1, 0
994000, 9329, 1, 0
996000, 12731, 1, 0
998000, 12817, 1, 0
1000000, 13989, 1, 0
1002000, 8571, 1, 0
1004000, 12557, 1, 0
1006000, 12609, 1, 0
1008000, 9348, 1, 0
1010000, 12615, 1, 0
1012000, 13393, 1, 0
1014000, 14256, 1, 0
1016000, 13199, 1, 0
1018000, 13512, 1, 0
1020000, 9961, 1, 0
1022000, 12108, 1, 0
1024000, 13379, 1, 0
1026000, 8701, 1, 0
1028000, 12756, 1, 0
1030000, 12952, 1, 0
1032000, 13678, 1, 0
1034000, 11507, 1, 0
1036000, 10783, 1, 0
1038000, 8380, 1, 0
1040000, 13053, 1, 0
1042000, 13252, 1, 0
1044000, 8903, 1, 0
1046000, 8145, 1, 0
1048000, 12353, 1, 0
1050000, 12526, 1, 0
1052000, 13277, 1, 0
1054000, 9265, 1, 0
1056000, 13150, 1, 0
1058000, 12286, 1, 0
1060000, 854, 1, 0
1062001, 13779, 1, 0
1064001, 13167, 1, 0
1066000, 13574, 1, 0
1068000, 10264, 1, 0
1070000, 12402, 1, 0
1072000, 12184, 1, 0
1074000, 9994, 1, 0
1076000, 10067, 1, 0
1078000, 10816, 1, 0
1080000, 12309, 1, 0
1082000, 13172, 1, 0
1084000, 13484, 1, 0
1086000, 8646, 1, 0
1088000, 8298, 1, 0
1090000, 11912, 1, 0
1092000, 12679, 1, 0
1094000, 9725, 1, 0
1096000, 11196, 1, 0
1098000, 13845, 1, 0
1100000, 12866, 1, 0
1102000, 10893, 1, 0
1104000, 10792, 1, 0
1106000, 13289, 1, 0
1108000, 13566, 1, 0
1110000, 9724, 1, 0
1112000, 11637, 1, 0
1114000, 12623, 1, 0
1116000, 9743, 1, 0
1118000, 11161, 1, 0
1120000, 9770, 1, 0
1122000, 12444, 1, 0
1124000, 10248, 1, 0
1126000, 11000, 1, 0
1128000, 3367, 1, 0
1130000, 10479, 1, 0
1132000, 6338, 1, 0
1134000, 6710, 1, 0
1136000, 10849, 1, 0
1138000, 13267, 1, 0
1140000, 7977, 1, 0
1142000, 6603, 1, 0
1144000, 7293, 1, 0
1146000, 7719, 1, 0
1148000, 11834, 1, 0
1150000, 6371, 1, 0
1152000, 12552, 1, 0
1154000, 10856, 1, 0
1156000, 4772, 1, 0
1158000, 8877, 1, 0
1160000, 11745, 1, 0
1162000, 6648, 1, 0
1164000, 3867, 1, 0
1166000, 7390, 1, 0
1168000, 3567, 1, 0
1170000, 4466, 1, 0
1172001, 11149, 1, 0
1174000, 11234, 1, 0
1176000, 8928, 1, 0
1178000, 7942, 1, 0
1180000, 9537, 1, 0
