2000, 40478, 1, 0
4000, 16690, 1, 0
6000, 15725, 1, 0
8000, 14133, 1, 0
10000, 14557, 1, 0
12000, 14388, 1, 0
14000, 14368, 1, 0
16000, 14403, 1, 0
18000, 13966, 1, 0
20000, 14779, 1, 0
22000, 14888, 1, 0
24000, 14230, 1, 0
26000, 13797, 1, 0
28000, 15666, 1, 0
30000, 12416, 1, 0
32000, 16576, 1, 0
34000, 15047, 1, 0
36000, 15018, 1, 0
38000, 14198, 1, 0
40000, 14304, 1, 0
42000, 14282, 1, 0
44000, 15693, 1, 0
46000, 15448, 1, 0
48000, 14500, 1, 0
50000, 14651, 1, 0
52001, 14115, 1, 0
54000, 14254, 1, 0
56000, 14768, 1, 0
58000, 15774, 1, 0
60000, 15229, 1, 0
62000, 14295, 1, 0
64000, 15292, 1, 0
66001, 14091, 1, 0
68000, 15223, 1, 0
70000, 14618, 1, 0
72000, 13642, 1, 0
74000, 16102, 1, 0
76000, 14389, 1, 0
78000, 15387, 1, 0
80000, 13898, 1, 0
82000, 15627, 1, 0
84000, 14041, 1, 0
86000, 15369, 1, 0
88000, 13640, 1, 0
90000, 9438, 1, 0
92000, 15931, 1, 0
94000, 14257, 1, 0
96000, 15073, 1, 0
98001, 14930, 1, 0
100001, 14797, 1, 0
102001, 14355, 1, 0
104000, 14879, 1, 0
106000, 14475, 1, 0
108000, 14236, 1, 0
110000, 15228, 1, 0
112000, 14393, 1, 0
114000, 14868, 1, 0
116000, 14956, 1, 0
118000, 14735, 1, 0
120001, 13966, 1, 0
122000, 15434, 1, 0
124000, 10852, 1, 0
126000, 12431, 1, 0
128000, 14687, 1, 0
130000, 14647, 1, 0
132000, 15037, 1, 0
134000, 14064, 1, 0
136000, 14797, 1, 0
138000, 14705, 1, 0
140000, 14539, 1, 0
142000, 15027, 1, 0
144000, 14675, 1, 0
146000, 14036, 1, 0
148000, 15107, 1, 0
150000, 14688, 1, 0
152000, 15133, 1, 0
154000, 14457, 1, 0
156000, 13902, 1, 0
158000, 14657, 1, 0
160000, 15036, 1, 0
162000, 14946, 1, 0
164000, 14698, 1, 0
166000, 15338, 1, 0
168000, 13709, 1, 0
170000, 15558, 1, 0
172000, 14551, 1, 0
174000, 14555, 1, 0
176000, 15365, 1, 0
178000, 15224, 1, 0
180000, 13704, 1, 0
182000, 15099, 1, 0
184000, 14580, 1, 0
186000, 14034, 1, 0
188000, 14351, 1, 0
190000, 8269, 1, 0
192000, 14054, 1, 0
194001, 14552, 1, 0
196000, 14711, 1, 0
198000, 14259, 1, 0
200000, 13549, 1, 0
202000, 14305, 1, 0
204000, 13826, 1, 0
206000, 13924, 1, 0
208000, 15046, 1, 0
210000, 13793, 1, 0
212000, 14544, 1, 0
214000, 14293, 1, 0
216000, 14254, 1, 0
218000, 14336, 1, 0
220001, 13974, 1, 0
222000, 13877, 1, 0
224001, 14410, 1, 0
226000, 14333, 1, 0
228000, 12581, 1, 0
230000, 14981, 1, 0
232000, 15189, 1, 0
234000, 13434, 1, 0
236001, 14885, 1, 0
238000, 13717, 1, 0
240001, 14486, 1, 0
242000, 14078, 1, 0
244000, 13974, 1, 0
246000, 13859, 1, 0
248000, 9485, 1, 0
250000, 13023, 1, 0
252000, 14469, 1, 0
254000, 13808, 1, 0
256000, 13838, 1, 0
258000, 14643, 1, 0
260000, 14203, 1, 0
262000, 14149, 1, 0
264000, 14182, 1, 0
266000, 14057, 1, 0
268000, 13721, 1, 0
270000, 15082, 1, 0
272000, 14193, 1, 0
274000, 13742, 1, 0
276000, 14349, 1, 0
278000, 14078, 1, 0
280000, 13772, 1, 0
282000, 14503, 1, 0
284000, 13477, 1, 0
286000, 13978, 1, 0
288000, 14791, 1, 0
290000, 14659, 1, 0
292000, 14190, 1, 0
294000, 13737, 1, 0
296000, 14069, 1, 0
298000, 13694, 1, 0
300000, 9635, 1, 0
302000, 13619, 1, 0
304000, 13817, 1, 0
306000, 13588, 1, 0
308000, 14367, 1, 0
310000, 13140, 1, 0
312001, 10226, 1, 0
314000, 13614, 1, 0
316000, 13485, 1, 0
318000, 14431, 1, 0
320000, 13074, 1, 0
322000, 14862, 1, 0
324000, 13878, 1, 0
326000, 14674, 1, 0
328000, 12595, 1, 0
330000, 15001, 1, 0
332000, 14421, 1, 0
334000, 14087, 1, 0
336000, 9980, 1, 0
338000, 13129, 1, 0
340000, 13483, 1, 0
342000, 8638, 1, 0
344000, 13263, 1, 0
346000, 13781, 1, 0
348000, 10482, 1, 0
350000, 11621, 1, 0
352000, 15006, 1, 0
354000, 14366, 1, 0
356000, 13772, 1, 0
358001, 13909, 1, 0
360000, 14415, 1, 0
362000, 13823, 1, 0
364000, 14266, 1, 0
366000, 13971, 1, 0
368000, 9983, 1, 0
370000, 13629, 1, 0
372000, 13245, 1, 0
374000, 13732, 1, 0
376000, 14458, 1, 0
378000, 14332, 1, 0
380000, 13759, 1, 0
382000, 12180, 1, 0
384000, 14311, 1, 0
386000, 15684, 1, 0
388000, 9314, 1, 0
390000, 8260, 1, 0
392000, 13126, 1, 0
394000, 13829, 1, 0
396000, 14429, 1, 0
398000, 13755, 1, 0
400000, 14364, 1, 0
402000, 10080, 1, 0
404000, 12577, 1, 0
406000, 13487, 1, 0
408000, 14537, 1, 0
410000, 9424, 1, 0
412001, 13058, 1, 0
414000, 14009, 1, 0
416000, 10629, 1, 0
418000, 11393, 1, 0
420000, 10164, 1, 0
422000, 12016, 1, 0
424000, 13315, 1, 0
426000, 13845, 1, 0
428000, 14791, 1, 0
430000, 11382, 1, 0
432000, 11514, 1, 0
434000, 13188, 1, 0
436000, 14537, 1, 0
438000, 9899, 1, 0
440000, 12530, 1, 0
442000, 13989, 1, 0
444000, 13372, 1, 0
446000, 14278, 1, 0
448000, 14053, 1, 0
450000, 13912, 1, 0
452000, 12952, 1, 0
454000, 13122, 1, 0
456000, 15081, 1, 0
458000, 13846, 1, 0
460000, 13689, 1, 0
462000, 14087, 1, 0
464000, 12671, 1, 0
466000, 14117, 1, 0
468000, 14003, 1, 0
470000, 12952, 1, 0
472000, 13592, 1, 0
474000, 8957, 1, 0
476000, 12857, 1, 0
478000, 13960, 1, 0
480000, 11579, 1, 0
482000, 10388, 1, 0
484000, 8984, 1, 0
486000, 12065, 1, 0
488000, 13659, 1, 0
490000, 9299, 1, 0
492000, 12339, 1, 0
494000, 10268, 1, 0
496000, 13903, 1, 0
498001, 13316, 1, 0
500000, 12952, 1, 0
502000, 13585, 1, 0
504000, 13730, 1, 0
506000, 13932, 1, 0
508000, 13486, 1, 0
510000, 13539, 1, 0
512000, 13729, 1, 0
514000, 13728, 1, 0
516000, 13201, 1, 0
518000, 13441, 1, 0
520000, 9311, 1, 0
522000, 12647, 1, 0
524000, 9649, 1, 0
526000, 10865, 1, 0
528000, 13468, 1, 0
530000, 14430, 1, 0
532000, 9255, 1, 0
534000, 12440, 1, 0
536000, 8916, 1, 0
538000, 12127, 1, 0
540000, 8971, 1, 0
542000, 9240, 1, 0
544000, 10986, 1, 0
546000, 175, 1, 0
548000, 8455, 1, 0
550000, 7466, 1, 0
552000, 9612, 1, 0
554000, 13758, 1, 0
556001, 13318, 1, 0
558000, 13261, 1, 0
560000, 13298, 1, 0
562000, 13557, 1, 0
564000, 13306, 1, 0
566000, 13550, 1, 0
568000, 12797, 1, 0
570000, 13965, 1, 0
572000, 12327, 1, 0
574000, 14382, 1, 0
576000, 14062, 1, 0
578000, 12999, 1, 0
580001, 13992, 1, 0
582001, 13854, 1, 0
584000, 13334, 1, 0
586000, 13629, 1, 0
588000, 13524, 1, 0
590000, 13375, 1, 0
592000, 13518, 1, 0
594000, 14068, 1, 0
596000, 12774, 1, 0
598000, 14369, 1, 0
600000, 13539, 1, 0
602000, 13251, 1, 0
604000, 13767, 1, 0
606000, 13486, 1, 0
608000, 13979, 1, 0
610000, 13600, 1, 0
612000, 13448, 1, 0
614000, 13689, 1, 0
616000, 13389, 1, 0
618000, 12332, 1, 0
620000, 15264, 1, 0
622000, 13048, 1, 0
624000, 14178, 1, 0
626000, 13345, 1, 0
628000, 12844, 1, 0
630000, 12601, 1, 0
632001, 10657, 1, 0
634000, 13446, 1, 0
636000, 13908, 1, 0
638000, 9953, 1, 0
640000, 7520, 1, 0
642000, 12445, 1, 0
644000, 12632, 1, 0
646000, 14180, 1, 0
648000, 13619, 1, 0
650000, 12678, 1, 0
652000, 14579, 1, 0
654000, 13580, 1, 0
656000, 13572, 1, 0
658000, 13395, 1, 0
660000, 13709, 1, 0
662000, 13101, 1, 0
664000, 13469, 1, 0
666000, 13164, 1, 0
668000, 13989, 1, 0
670000, 13157, 1, 0
672000, 14229, 1, 0
674000, 13820, 1, 0
676000, 13640, 1, 0
678000, 13241, 1, 0
680000, 12992, 1, 0
682000, 14389, 1, 0
684000, 10452, 1, 0
686000, 11000, 1, 0
688000, 8877, 1, 0
690000, 12649, 1, 0
692000, 13848, 1, 0
694001, 12899, 1, 0
696000, 13272, 1, 0
698000, 12956, 1, 0
700000, 12964, 1, 0
702000, 14611, 1, 0
704000, 13202, 1, 0
706000, 11568, 1, 0
708000, 15715, 1, 0
710000, 13360, 1, 0
712000, 13733, 1, 0
714000, 13593, 1, 0
716000, 13459, 1, 0
718000, 13714, 1, 0
720001, 12251, 1, 0
722000, 14183, 1, 0
724000, 13510, 1, 0
726000, 13754, 1, 0
728000, 13088, 1, 0
730000, 10198, 1, 0
732000, 9533, 1, 0
734000, 12024, 1, 0
736000, 12867, 1, 0
738000, 13156, 1, 0
740000, 14331, 1, 0
742000, 13339, 1, 0
744000, 13484, 1, 0
746000, 13490, 1, 0
748000, 9656, 1, 0
750000, 10688, 1, 0
752000, 9863, 1, 0
754000, 13686, 1, 0
756000, 13260, 1, 0
758000, 13452, 1, 0
760000, 13781, 1, 0
762000, 5491, 1, 0
764000, 14753, 1, 0
766000, 13928, 1, 0
768000, 12993, 1, 0
770000, 14442, 1, 0
772000, 11519, 1, 0
774000, 11044, 1, 0
776000, 13756, 1, 0
778000, 13508, 1, 0
780000, 13307, 1, 0
782000, 14151, 1, 0
784000, 13074, 1, 0
786000, 13952, 1, 0
788000, 13118, 1, 0
790000, 13317, 1, 0
792000, 14535, 1, 0
794000, 13682, 1, 0
796000, 13630, 1, 0
798000, 12979, 1, 0
800000, 13930, 1, 0
802000, 13890, 1, 0
804000, 10373, 1, 0
806000, 10904, 1, 0
808000, 4845, 1, 0
810000, 12308, 1, 0
812001, 13336, 1, 0
814000, 13124, 1, 0
816000, 14039, 1, 0
818000, 13835, 1, 0
820000, 12647, 1, 0
822000, 9721, 1, 0
824000, 12645, 1, 0
826000, 13549, 1, 0
828000, 13666, 1, 0
830000, 13533, 1, 0
832000, 13460, 1, 0
834000, 13424, 1, 0
836000, 13427, 1, 0
838000, 12851, 1, 0
840000, 14334, 1, 0
842000, 12813, 1, 0
844001, 14449, 1, 0
846000, 14049, 1, 0
848000, 13177, 1, 0
850000, 13954, 1, 0
852000, 13680, 1, 0
854000, 13088, 1, 0
856000, 13112, 1, 0
858000, 14073, 1, 0
860000, 14214, 1, 0
862000, 13132, 1, 0
864000, 9594, 1, 0
866000, 11779, 1, 0
868000, 13619, 1, 0
870000, 8819, 1, 0
872000, 12557, 1, 0
874000, 7644, 1, 0
876000, 9480, 1, 0
878000, 13056, 1, 0
880000, 13280, 1, 0
882000, 13718, 1, 0
884001, 12964, 1, 0
886000, 13979, 1, 0
888000, 12989, 1, 0
890000, 9151, 1, 0
892000, 12768, 1, 0
894000, 13314, 1, 0
896000, 13569, 1, 0
898000, 8285, 1, 0
900000, 7905, 1, 0
902000, 12429, 1, 0
904000, 13548, 1, 0
906001, 13564, 1, 0
908000, 13587, 1, 0
910000, 13566, 1, 0
912000, 12591, 1, 0
914000, 9450, 1, 0
916000, 13095, 1, 0
918000, 13585, 1, 0
920000, 13165, 1, 0
922000, 12778, 1, 0
924000, 13712, 1, 0
926000, 13914, 1, 0
928000, 13484, 1, 0
930000, 13277, 1, 0
932000, 11418, 1, 0
934000, 9060, 1, 0
936000, 10226, 1, 0
938000, 13478, 1, 0
940000, 12745, 1, 0
942001, 13593, 1, 0
944000, 9750, 1, 0
946000, 12403, 1, 0
948000, 9580, 1, 0
950000, 11594, 1, 0
952000, 12788, 1, 0
954000, 13392, 1, 0
956000, 12142, 1, 0
958000, 10549, 1, 0
960000, 12566, 1, 0
962000, 13454, 1, 0
964000, 12453, 1, 0
966000, 13851, 1, 0
968000, 13001, 1, 0
970000, 14009, 1, 0
972000, 13510, 1, 0
974000, 13310, 1, 0
976000, 12099, 1, 0
978000, 10235, 1, 0
980000, 14137, 1, 0
982000, 11763, 1, 0
984000, 9813, 1, 0
986000, 13592, 1, 0
988000, 8911, 1, 0
990000, 13034, 1, 0
992000, 13651, 1, 0
994000, 9259, 1, 0
996000, 12640, 1, 0
998000, 13230, 1, 0
1000000, 12878, 1, 0
1002000, 9364, 1, 0
1004000, 12524, 1, 0
1006000, 12502, 1, 0
1008000, 9056, 1, 0
1010000, 13156, 1, 0
1012000, 12374, 1, 0
1014000, 14709, 1, 0
1016000, 13345, 1, 0
1018000, 13725, 1, 0
1020000, 9449, 1, 0
1022000, 11746, 1, 0
1024000, 13869, 1, 0
1026000, 8477, 1, 0
1028000, 12066, 1, 0
1030000, 13707, 1, 0
1032000, 13901, 1, 0
1034000, 11735, 1, 0
1036000, 9865, 1, 0
1038000, 8160, 1, 0
1040000, 13070, 1, 0
1042000, 13341, 1, 0
1044000, 9323, 1, 0
1046000, 7770, 1, 0
1048000, 12189, 1, 0
1050000, 12759, 1, 0
1052000, 13558, 1, 0
1054000, 9216, 1, 0
1056000, 12926, 1, 0
1058000, 12334, 1, 0
1060000, 1572, 1, 0
1062001, 13383, 1, 0
1064001, 13399, 1, 0
1066000, 13450, 1, 0
1068000, 10254, 1, 0
1070000, 11998, 1, 0
1072000, 13290, 1, 0
1074000, 9332, 1, 0
1076000, 10454, 1, 0
1078000, 10015, 1, 0
1080000, 12517, 1, 0
1082000, 13620, 1, 0
1084000, 12841, 1, 0
1086000, 9003, 1, 0
1088000, 8554, 1, 0
1090000, 11628, 1, 0
1092000, 12908, 1, 0
1094000, 9614, 1, 0
1096000, 11272, 1, 0
1098000, 13852, 1, 0
1100000, 12148, 1, 0
1102000, 11918, 1, 0
1104000, 10647, 1, 0
1106000, 13294, 1, 0
1108000, 13039, 1, 0
1110000, 9674, 1, 0
1112000, 11869, 1, 0
1114000, 12150, 1, 0
1116000, 9653, 1, 0
1118000, 11472, 1, 0
1120000, 9947, 1, 0
1122000, 11898, 1, 0
1124000, 10540, 1, 0
1126000, 12032, 1, 0
1128000, 2918, 1, 0
1130000, 13567, 1, 0
1132000, 9729, 1, 0
1134000, 6163, 1, 0
1136000, 11784, 1, 0
1138000, 12343, 1, 0
1140000, 8044, 1, 0
1142000, 6344, 1, 0
1144000, 7424, 1, 0
1146000, 8369, 1, 0
1148000, 11918, 1, 0
1150000, 5897, 1, 0
1152000, 12746, 1, 0
1154000, 10856, 1, 0
1156000, 4519, 1, 0
1158000, 9109, 1, 0
1160000, 11269, 1, 0
1162000, 7114, 1, 0
1164000, 3747, 1, 0
1166000, 7288, 1, 0
1168000, 3541, 1, 0
1170000, 4647, 1, 0
1172001, 10925, 1, 0
1174000, 11305, 1, 0
1176000, 8584, 1, 0
1178000, 8284, 1, 0
1180000, 9411, 1, 0
