2000, 37713, 1, 0
4000, 17558, 1, 0
6000, 13325, 1, 0
8000, 12866, 1, 0
10000, 12013, 1, 0
12000, 14096, 1, 0
14000, 13572, 1, 0
16000, 14573, 1, 0
18000, 14639, 1, 0
20000, 14063, 1, 0
22000, 13655, 1, 0
24000, 15041, 1, 0
26000, 15067, 1, 0
28000, 13746, 1, 0
30000, 15589, 1, 0
32000, 14502, 1, 0
34000, 13413, 1, 0
36000, 14070, 1, 0
38000, 16966, 1, 0
40000, 14319, 1, 0
42000, 14710, 1, 0
44000, 13663, 1, 0
46000, 15155, 1, 0
48000, 14019, 1, 0
50000, 15333, 1, 0
52001, 15817, 1, 0
54000, 13791, 1, 0
56000, 15776, 1, 0
58000, 13880, 1, 0
60000, 15474, 1, 0
62000, 14941, 1, 0
64000, 14812, 1, 0
66001, 14623, 1, 0
68000, 14835, 1, 0
70000, 14736, 1, 0
72000, 14925, 1, 0
74000, 14736, 1, 0
76000, 14598, 1, 0
78000, 14948, 1, 0
80000, 12598, 1, 0
82000, 16405, 1, 0
84001, 15288, 1, 0
86000, 14282, 1, 0
88000, 15070, 1, 0
90000, 9506, 1, 0
92000, 13297, 1, 0
94001, 15100, 1, 0
96000, 13312, 1, 0
98001, 15482, 1, 0
100001, 14134, 1, 0
102001, 15355, 1, 0
104000, 14747, 1, 0
106000, 14001, 1, 0
108000, 15680, 1, 0
110000, 13989, 1, 0
112000, 15301, 1, 0
114000, 15013, 1, 0
116000, 14287, 1, 0
118000, 14785, 1, 0
120001, 14937, 1, 0
122000, 14205, 1, 0
124000, 11062, 1, 0
126000, 14049, 1, 0
128000, 14227, 1, 0
130000, 13539, 1, 0
132000, 16166, 1, 0
134000, 15014, 1, 0
136000, 14604, 1, 0
138000, 14253, 1, 0
140000, 14643, 1, 0
142000, 14589, 1, 0
144000, 14523, 1, 0
146000, 14196, 1, 0
148000, 14534, 1, 0
150000, 15593, 1, 0
152000, 15148, 1, 0
154000, 14830, 1, 0
156000, 13138, 1, 0
158000, 15231, 1, 0
160000, 15452, 1, 0
162000, 13821, 1, 0
164000, 15118, 1, 0
166000, 13508, 1, 0
168000, 15365, 1, 0
170000, 15814, 1, 0
172000, 14512, 1, 0
174000, 13750, 1, 0
176000, 14505, 1, 0
178000, 14010, 1, 0
180000, 16745, 1, 0
182000, 13904, 1, 0
184000, 14577, 1, 0
186000, 13426, 1, 0
188000, 15658, 1, 0
190000, 9348, 1, 0
192000, 13752, 1, 0
194001, 13728, 1, 0
196000, 14286, 1, 0
198000, 13800, 1, 0
200000, 14225, 1, 0
202000, 13775, 1, 0
204000, 14150, 1, 0
206000, 14783, 1, 0
208000, 14008, 1, 0
210000, 13712, 1, 0
212000, 14462, 1, 0
214000, 13429, 1, 0
216000, 13801, 1, 0
218000, 15396, 1, 0
220001, 13751, 1, 0
222000, 14379, 1, 0
224001, 14089, 1, 0
226000, 13601, 1, 0
228000, 13701, 1, 0
230000, 14997, 1, 0
232000, 14389, 1, 0
234000, 14335, 1, 0
236001, 13947, 1, 0
238000, 14062, 1, 0
240001, 14558, 1, 0
242001, 14192, 1, 0
244000, 14036, 1, 0
246000, 13805, 1, 0
248000, 9517, 1, 0
250000, 13135, 1, 0
252000, 13772, 1, 0
254000, 14816, 1, 0
256000, 13560, 1, 0
258000, 14089, 1, 0
260000, 14403, 1, 0
262000, 12910, 1, 0
264000, 15057, 1, 0
266000, 15228, 1, 0
268000, 14051, 1, 0
270000, 12282, 1, 0
272000, 16168, 1, 0
274000, 13359, 1, 0
276000, 13276, 1, 0
278000, 15392, 1, 0
280000, 13842, 1, 0
282000, 14459, 1, 0
284000, 13428, 1, 0
286000, 14903, 1, 0
288000, 13556, 1, 0
290000, 15288, 1, 0
292000, 13646, 1, 0
294000, 13749, 1, 0
296000, 14523, 1, 0
298000, 14232, 1, 0
300000, 9072, 1, 0
302000, 13379, 1, 0
304000, 13142, 1, 0
306000, 14789, 1, 0
308000, 14014, 1, 0
310001, 13944, 1, 0
312000, 9800, 1, 0
314000, 13911, 1, 0
316000, 13729, 1, 0
318000, 13297, 1, 0
320000, 15141, 1, 0
322000, 13855, 1, 0
324000, 14371, 1, 0
326000, 13403, 1, 0
328000, 13751, 1, 0
330000, 15323, 1, 0
332000, 14069, 1, 0
334000, 14060, 1, 0
336000, 9430, 1, 0
338000, 13352, 1, 0
340000, 13721, 1, 0
342000, 9775, 1, 0
344000, 13046, 1, 0
346000, 14213, 1, 0
348000, 9550, 1, 0
350000, 11371, 1, 0
352000, 15742, 1, 0
354000, 13601, 1, 0
356000, 14340, 1, 0
358001, 14237, 1, 0
360000, 13701, 1, 0
362000, 14271, 1, 0
364000, 13464, 1, 0
366000, 14597, 1, 0
368000, 10469, 1, 0
370000, 12819, 1, 0
372000, 13381, 1, 0
374000, 13874, 1, 0
376000, 14311, 1, 0
378000, 14035, 1, 0
380000, 14327, 1, 0
382000, 14420, 1, 0
384000, 14405, 1, 0
386000, 13666, 1, 0
388000, 9048, 1, 0
390000, 8988, 1, 0
392000, 12624, 1, 0
394000, 14143, 1, 0
396000, 14128, 1, 0
398000, 14257, 1, 0
400000, 14361, 1, 0
402000, 9514, 1, 0
404000, 13382, 1, 0
406000, 13393, 1, 0
408000, 14338, 1, 0
410000, 9282, 1, 0
412001, 12750, 1, 0
414000, 14590, 1, 0
416000, 10441, 1, 0
418000, 11769, 1, 0
420000, 10049, 1, 0
422000, 11588, 1, 0
424000, 12636, 1, 0
426000, 14036, 1, 0
428001, 14132, 1, 0
430000, 12086, 1, 0
432000, 11714, 1, 0
434000, 13258, 1, 0
436000, 13826, 1, 0
438000, 9686, 1, 0
440000, 13114, 1, 0
442000, 14369, 1, 0
444000, 14282, 1, 0
446000, 13713, 1, 0
448000, 14070, 1, 0
450000, 14521, 1, 0
452000, 13617, 1, 0
454000, 13526, 1, 0
456000, 13372, 1, 0
458000, 14104, 1, 0
460000, 13757, 1, 0
462000, 13100, 1, 0
464000, 13683, 1, 0
466000, 13173, 1, 0
468000, 13882, 1, 0
470000, 13293, 1, 0
472001, 13900, 1, 0
474000, 9400, 1, 0
476000, 12783, 1, 0
478000, 14398, 1, 0
480000, 10993, 1, 0
482000, 9931, 1, 0
484000, 8629, 1, 0
486000, 12204, 1, 0
488000, 13457, 1, 0
490001, 8720, 1, 0
492000, 12985, 1, 0
494000, 9939, 1, 0
496000, 13474, 1, 0
498001, 14043, 1, 0
500001, 11413, 1, 0
502000, 14986, 1, 0
504000, 13310, 1, 0
506000, 14304, 1, 0
508000, 12354, 1, 0
510000, 14597, 1, 0
512000, 13530, 1, 0
514000, 13259, 1, 0
516000, 14785, 1, 0
518000, 13440, 1, 0
520000, 9627, 1, 0
522000, 12144, 1, 0
524000, 9116, 1, 0
526000, 10990, 1, 0
528000, 14401, 1, 0
530000, 13086, 1, 0
532000, 9068, 1, 0
534000, 12667, 1, 0
536000, 9008, 1, 0
538000, 12051, 1, 0
540000, 8801, 1, 0
542000, 9095, 1, 0
544000, 11533, 1, 0
546000, 171, 1, 0
548000, 8765, 1, 0
550000, 7141, 1, 0
552000, 9568, 1, 0
554001, 13207, 1, 0
556000, 12151, 1, 0
558000, 14426, 1, 0
560000, 13237, 1, 0
562000, 13462, 1, 0
564000, 13528, 1, 0
566000, 13224, 1, 0
568000, 13367, 1, 0
570000, 13498, 1, 0
572000, 12100, 1, 0
574000, 14860, 1, 0
576000, 14348, 1, 0
578000, 12930, 1, 0
580001, 14496, 1, 0
582001, 13094, 1, 0
584000, 13965, 1, 0
586000, 13466, 1, 0
588000, 12945, 1, 0
590000, 13875, 1, 0
592000, 13150, 1, 0
594000, 14093, 1, 0
596000, 13779, 1, 0
598001, 13240, 1, 0
600000, 13781, 1, 0
602000, 13194, 1, 0
604000, 13590, 1, 0
606000, 13074, 1, 0
608000, 14607, 1, 0
610000, 13728, 1, 0
612000, 13605, 1, 0
614000, 13786, 1, 0
616000, 13614, 1, 0
618000, 12654, 1, 0
620000, 13063, 1, 0
622000, 15192, 1, 0
624000, 13542, 1, 0
626000, 12587, 1, 0
628000, 14558, 1, 0
630000, 11398, 1, 0
632000, 11568, 1, 0
634000, 13295, 1, 0
636000, 13393, 1, 0
638000, 9876, 1, 0
640000, 7272, 1, 0
642000, 11895, 1, 0
644000, 13742, 1, 0
646000, 13272, 1, 0
648000, 13537, 1, 0
650000, 13631, 1, 0
652000, 13747, 1, 0
654000, 12737, 1, 0
656000, 14145, 1, 0
658000, 13403, 1, 0
660000, 13731, 1, 0
662000, 13675, 1, 0
664000, 13603, 1, 0
666000, 13510, 1, 0
668000, 13559, 1, 0
670000, 13576, 1, 0
672000, 13554, 1, 0
674000, 13608, 1, 0
676000, 12903, 1, 0
678000, 14248, 1, 0
680000, 12410, 1, 0
682000, 14325, 1, 0
684000, 10333, 1, 0
686000, 11657, 1, 0
688000, 9149, 1, 0
690000, 12936, 1, 0
692000, 13080, 1, 0
694001, 13281, 1, 0
696000, 12337, 1, 0
698000, 14013, 1, 0
700000, 12493, 1, 0
702000, 14667, 1, 0
704000, 12784, 1, 0
706000, 13703, 1, 0
708000, 14158, 1, 0
710000, 13495, 1, 0
712000, 13626, 1, 0
714000, 13539, 1, 0
716000, 12958, 1, 0
718000, 14019, 1, 0
720001, 13374, 1, 0
722001, 13241, 1, 0
724000, 13757, 1, 0
726000, 12773, 1, 0
728000, 13544, 1, 0
730000, 10243, 1, 0
732000, 9562, 1, 0
734000, 11468, 1, 0
736000, 13642, 1, 0
738000, 12926, 1, 0
740001, 14242, 1, 0
742000, 13496, 1, 0
744000, 13680, 1, 0
746000, 13521, 1, 0
748000, 9338, 1, 0
750000, 10807, 1, 0
752000, 9865, 1, 0
754000, 13300, 1, 0
756000, 13684, 1, 0
758000, 13282, 1, 0
760000, 13124, 1, 0
762000, 5247, 1, 0
764000, 14487, 1, 0
766001, 13668, 1, 0
768000, 13861, 1, 0
770000, 13827, 1, 0
772000, 11488, 1, 0
774000, 11332, 1, 0
776000, 12951, 1, 0
778000, 14074, 1, 0
780000, 13421, 1, 0
782000, 13851, 1, 0
784000, 13207, 1, 0
786000, 13761, 1, 0
788000, 13849, 1, 0
790000, 12944, 1, 0
792000, 14329, 1, 0
794000, 13512, 1, 0
796000, 13265, 1, 0
798000, 13458, 1, 0
800000, 14499, 1, 0
802000, 13302, 1, 0
804000, 9311, 1, 0
806000, 8639, 1, 0
808000, 4626, 1, 0
810000, 11185, 1, 0
812001, 14028, 1, 0
814000, 14043, 1, 0
816000, 12454, 1, 0
818000, 13514, 1, 0
820000, 14727, 1, 0
822000, 9246, 1, 0
824000, 12867, 1, 0
826000, 13650, 1, 0
828000, 13369, 1, 0
830000, 12413, 1, 0
832000, 14194, 1, 0
834000, 14100, 1, 0
836000, 13735, 1, 0
838000, 13574, 1, 0
840000, 13354, 1, 0
842000, 13914, 1, 0
844001, 13181, 1, 0
846000, 14050, 1, 0
848000, 13527, 1, 0
850000, 13703, 1, 0
852000, 12982, 1, 0
854000, 14052, 1, 0
856000, 13774, 1, 0
858000, 13432, 1, 0
860000, 12800, 1, 0
862000, 14264, 1, 0
864000, 9324, 1, 0
866000, 11718, 1, 0
868000, 13606, 1, 0
870000, 9183, 1, 0
872000, 13009, 1, 0
874000, 6926, 1, 0
876000, 9823, 1, 0
878000, 12257, 1, 0
880000, 14455, 1, 0
882000, 13458, 1, 0
884001, 13496, 1, 0
886000, 13139, 1, 0
888000, 13690, 1, 0
890000, 8947, 1, 0
892000, 13156, 1, 0
894000, 12915, 1, 0
896000, 13567, 1, 0
898000, 8536, 1, 0
900000, 8918, 1, 0
902000, 13213, 1, 0
904000, 12656, 1, 0
906001, 12910, 1, 0
908000, 15042, 1, 0
910000, 13591, 1, 0
912000, 12921, 1, 0
914000, 9697, 1, 0
916000, 13049, 1, 0
918000, 13460, 1, 0
920000, 13237, 1, 0
922000, 12885, 1, 0
924000, 14020, 1, 0
926000, 14105, 1, 0
928000, 13623, 1, 0
930000, 13510, 1, 0
932000, 10381, 1, 0
934000, 9066, 1, 0
936000, 10615, 1, 0
938000, 12758, 1, 0
940001, 13226, 1, 0
942001, 13286, 1, 0
944000, 9449, 1, 0
946000, 12324, 1, 0
948000, 9597, 1, 0
950000, 11685, 1, 0
952000, 13146, 1, 0
954000, 12632, 1, 0
956001, 12298, 1, 0
958000, 9908, 1, 0
960000, 12912, 1, 0
962000, 13847, 1, 0
964000, 12942, 1, 0
966000, 13107, 1, 0
968000, 13020, 1, 0
970000, 13401, 1, 0
972000, 14265, 1, 0
974000, 13209, 1, 0
976000, 12113, 1, 0
978000, 11248, 1, 0
980000, 12931, 1, 0
982000, 11592, 1, 0
984000, 10279, 1, 0
986000, 13039, 1, 0
988000, 9167, 1, 0
990000, 12537, 1, 0
992000, 13641, 1, 0
994000, 9069, 1, 0
996000, 12494, 1, 0
998000, 13464, 1, 0
1000000, 13509, 1, 0
1002000, 8749, 1, 0
1004000, 12187, 1, 0
1006000, 13161, 1, 0
1008000, 8949, 1, 0
1010000, 13519, 1, 0
1012000, 13149, 1, 0
1014000, 13785, 1, 0
1016000, 13235, 1, 0
1018000, 13806, 1, 0
1020000, 9775, 1, 0
1022000, 11702, 1, 0
1024000, 13518, 1, 0
1026000, 8946, 1, 0
1028000, 12527, 1, 0
1030000, 12571, 1, 0
1032000, 14287, 1, 0
1034000, 11756, 1, 0
1036000, 10243, 1, 0
1038000, 8483, 1, 0
1040000, 12858, 1, 0
1042000, 13285, 1, 0
1044000, 8806, 1, 0
1046000, 7825, 1, 0
1048000, 12364, 1, 0
1050000, 13411, 1, 0
1052000, 12711, 1, 0
1054000, 8990, 1, 0
1056000, 13457, 1, 0
1058000, 12220, 1, 0
1060000, 1770, 1, 0
1062001, 13139, 1, 0
1064001, 13650, 1, 0
1066001, 13468, 1, 0
1068000, 10494, 1, 0
1070000, 12092, 1, 0
1072001, 12776, 1, 0
1074000, 9372, 1, 0
1076000, 10183, 1, 0
1078000, 10743, 1, 0
1080000, 11581, 1, 0
1082000, 13878, 1, 0
1084000, 13138, 1, 0
1086000, 8848, 1, 0
1088000, 8444, 1, 0
1090000, 11335, 1, 0
1092000, 13573, 1, 0
1094000, 8538, 1, 0
1096000, 12773, 1, 0
1098000, 12885, 1, 0
1100000, 13229, 1, 0
1102000, 11054, 1, 0
1104000, 10455, 1, 0
1106000, 13024, 1, 0
1108000, 13297, 1, 0
1110000, 9869, 1, 0
1112000, 11343, 1, 0
1114000, 12464, 1, 0
1116000, 9491, 1, 0
1118000, 11244, 1, 0
1120000, 9592, 1, 0
1122000, 12499, 1, 0
1124000, 10687, 1, 0
1126000, 10784, 1, 0
1128000, 2864, 1, 0
1130000, 12085, 1, 0
1132000, 8898, 1, 0
1134000, 6875, 1, 0
1136000, 11990, 1, 0
1138000, 12090, 1, 0
1140000, 8119, 1, 0
1142000, 6342, 1, 0
1144000, 7574, 1, 0
1146000, 7534, 1, 0
1148000, 11729, 1, 0
1150000, 6566, 1, 0
1152000, 12771, 1, 0
1154000, 10739, 1, 0
1156000, 4712, 1, 0
1158000, 9388, 1, 0
1160000, 11723, 1, 0
1162000, 6564, 1, 0
1164000, 4163, 1, 0
1166000, 7081, 1, 0
1168000, 3579, 1, 0
1170000, 4515, 1, 0
1172001, 11662, 1, 0
1174000, 10202, 1, 0
1176000, 9145, 1, 0
1178000, 7965, 1, 0
1180000, 9226, 1, 0
