 171
 1770
 2864
 3579
 4163
 4515
 4626
 4712
 5247
 6342
 6564
 6566
 6875
 6926
 7081
 7141
 7272
 7534
 7574
 7825
 7965
 8119
 8444
 8483
 8536
 8538
 8629
 8639
 8720
 8749
 8765
 8801
 8806
 8848
 8898
 8918
 8946
 8947
 8949
 8988
 8990
 9008
 9048
 9066
 9068
 9069
 9072
 9095
 9116
 9145
 9149
 9167
 9183
 9226
 9246
 9282
 9311
 9324
 9338
 9348
 9372
 9388
 9400
 9430
 9449
 9491
 9506
 9514
 9517
 9550
 9562
 9568
 9592
 9597
 9627
 9686
 9697
 9775
 9775
 9800
 9823
 9865
 9869
 9876
 9908
 9931
 9939
 10049
 10183
 10202
 10243
 10243
 10279
 10333
 10381
 10441
 10455
 10469
 10494
 10615
 10687
 10739
 10743
 10784
 10807
 10990
 10993
 11054
 11062
 11185
 11244
 11248
 11332
 11335
 11343
 11371
 11398
 11413
 11468
 11488
 11533
 11568
 11581
 11588
 11592
 11657
 11662
 11685
 11702
 11714
 11718
 11723
 11729
 11756
 11769
 11895
 11990
 12013
 12051
 12085
 12086
 12090
 12092
 12100
 12113
 12144
 12151
 12187
 12204
 12220
 12257
 12282
 12298
 12324
 12337
 12354
 12364
 12410
 12413
 12454
 12464
 12493
 12494
 12499
 12527
 12537
 12571
 12587
 12598
 12624
 12632
 12636
 12654
 12656
 12667
 12711
 12737
 12750
 12758
 12771
 12773
 12773
 12776
 12783
 12784
 12800
 12819
 12858
 12866
 12867
 12885
 12885
 12903
 12910
 12910
 12912
 12915
 12921
 12926
 12930
 12931
 12936
 12942
 12944
 12945
 12951
 12958
 12982
 12985
 13009
 13020
 13024
 13039
 13046
 13049
 13063
 13074
 13080
 13086
 13094
 13100
 13107
 13114
 13124
 13135
 13138
 13138
 13139
 13139
 13142
 13146
 13149
 13150
 13156
 13161
 13173
 13181
 13194
 13207
 13207
 13209
 13213
 13224
 13226
 13229
 13235
 13237
 13237
 13240
 13241
 13258
 13259
 13265
 13272
 13276
 13281
 13282
 13285
 13286
 13293
 13295
 13297
 13297
 13297
 13300
 13302
 13310
 13312
 13325
 13352
 13354
 13359
 13367
 13369
 13372
 13374
 13379
 13381
 13382
 13393
 13393
 13401
 13403
 13403
 13411
 13413
 13421
 13426
 13428
 13429
 13432
 13440
 13457
 13457
 13458
 13458
 13460
 13462
 13464
 13464
 13466
 13468
 13474
 13495
 13496
 13496
 13498
 13508
 13509
 13510
 13510
 13512
 13514
 13518
 13519
 13521
 13526
 13527
 13528
 13530
 13537
 13539
 13539
 13542
 13544
 13554
 13556
 13559
 13560
 13567
 13572
 13573
 13574
 13576
 13590
 13591
 13601
 13601
 13603
 13605
 13606
 13608
 13614
 13617
 13623
 13626
 13631
 13641
 13642
 13646
 13650
 13650
 13655
 13663
 13666
 13668
 13675
 13680
 13683
 13684
 13690
 13701
 13701
 13703
 13703
 13712
 13713
 13721
 13728
 13728
 13729
 13731
 13735
 13742
 13746
 13747
 13749
 13750
 13751
 13751
 13752
 13757
 13757
 13761
 13772
 13774
 13775
 13779
 13781
 13785
 13786
 13791
 13800
 13801
 13805
 13806
 13821
 13826
 13827
 13842
 13847
 13849
 13851
 13855
 13861
 13874
 13875
 13878
 13880
 13882
 13900
 13904
 13911
 13914
 13944
 13947
 13965
 13989
 14001
 14008
 14010
 14013
 14014
 14019
 14019
 14020
 14028
 14035
 14036
 14036
 14043
 14043
 14049
 14050
 14051
 14052
 14060
 14062
 14063
 14069
 14070
 14070
 14074
 14089
 14089
 14093
 14096
 14100
 14104
 14105
 14128
 14132
 14134
 14143
 14145
 14150
 14158
 14192
 14194
 14196
 14205
 14213
 14225
 14227
 14232
 14237
 14242
 14248
 14253
 14257
 14264
 14265
 14271
 14282
 14282
 14286
 14287
 14287
 14304
 14311
 14319
 14325
 14327
 14329
 14335
 14338
 14340
 14348
 14361
 14369
 14371
 14379
 14389
 14398
 14401
 14403
 14405
 14420
 14426
 14455
 14459
 14462
 14487
 14496
 14499
 14502
 14505
 14512
 14521
 14523
 14523
 14534
 14558
 14558
 14573
 14577
 14589
 14590
 14597
 14597
 14598
 14604
 14607
 14623
 14639
 14643
 14667
 14710
 14727
 14736
 14736
 14747
 14783
 14785
 14785
 14789
 14812
 14816
 14830
 14835
 14860
 14903
 14925
 14937
 14941
 14948
 14986
 14997
 15013
 15014
 15041
 15042
 15057
 15067
 15070
 15100
 15118
 15141
 15148
 15155
 15192
 15228
 15231
 15288
 15288
 15301
 15323
 15333
 15355
 15365
 15392
 15396
 15452
 15474
 15482
 15589
 15593
 15658
 15680
 15742
 15776
 15814
 15817
 16166
 16168
 16405
 16745
 16966
 17558
 37713
