 26169
 56632
 57794
 58339
 58810
 59436
 61443
 61461
 62618
 62760
 62781
 63144
 63433
 63610
 63777
 63785
 64096
 64127
 64179
 64407
 64649
 64720
 64814
 64833
 64845
 64998
 65055
 65112
 65120
 65184
 65420
 65492
 65520
 65567
 65581
 65880
 65925
 66070
 66114
 66134
 66218
 66228
 66238
 66293
 66457
 66534
 66579
 66634
 66655
 66696
 66879
 66899
 66924
 66952
 66972
 67056
 67059
 67096
 67132
 67135
 67137
 67191
 67302
 67308
 67387
 67493
 67502
 67509
 67536
 67729
 67804
 67896
 67897
 67957
 67959
 68005
 68011
 68036
 68078
 68104
 68145
 68151
 68222
 68288
 68296
 68299
 68316
 68337
 68360
 68482
 68484
 68501
 68675
 68740
 68782
 68807
 68809
 68845
 68856
 68870
 68871
 68878
 69025
 69059
 69060
 69106
 69122
 69122
 69124
 69127
 69158
 69219
 69320
 69354
 69374
 69386
 69396
 69471
 69534
 69563
 69606
 69630
 69636
 69637
 69640
 69654
 69726
 69796
 69804
 69832
 69846
 69916
 69928
 69941
 69942
 69971
 69981
 70007
 70020
 70026
 70060
 70104
 70239
 70323
 70394
 70457
 70500
 70506
 70531
 70536
 70548
 70605
 70619
 70703
 70805
 70836
 70865
 70883
 70899
 70899
 70921
 70926
 70983
 70998
 71007
 71098
 71111
 71117
 71143
 71182
 71253
 71290
 71314
 71323
 71353
 71380
 71401
 71430
 71489
 71542
 71542
 71566
 71645
 71681
 71701
 71726
 71745
 71790
 71793
 71851
 71863
 71878
 71894
 71937
 71960
 72012
 72066
 72071
 72084
 72088
 72163
 72221
 72233
 72257
 72272
 72277
 72287
 72298
 72313
 72318
 72335
 72353
 72376
 72413
 72416
 72437
 72455
 72461
 72464
 72474
 72480
 72512
 72560
 72582
 72597
 72626
 72662
 72701
 72704
 72705
 72713
 72719
 72721
 72726
 72735
 72764
 72765
 72767
 72789
 72789
 72832
 72834
 72840
 72904
 72937
 72948
 72957
 72978
 72980
 73025
 73043
 73051
 73054
 73055
 73075
 73076
 73081
 73102
 73104
 73172
 73174
 73189
 73224
 73229
 73230
 73240
 73241
 73271
 73289
 73294
 73310
 73315
 73351
 73354
 73369
 73385
 73391
 73460
 73463
 73465
 73467
 73468
 73475
 73504
 73504
 73583
 73588
 73603
 73634
 73647
 73656
 73693
 73705
 73728
 73804
 73809
 73813
 73853
 73858
 73880
 73904
 73907
 73911
 73924
 73966
 74002
 74059
 74108
 74168
 74190
 74193
 74223
 74260
 74387
 74398
 74401
 74423
 74493
 74495
 74523
 74636
 74639
 74640
 74667
 74677
 74719
 74758
 74787
 74816
 74851
 74854
 74876
 74904
 74915
 74989
 75041
 75047
 75062
 75069
 75122
 75136
 75206
 75227
 75244
 75263
 75296
 75297
 75330
 75334
 75381
 75470
 75486
 75516
 75549
 75578
 75599
 75602
 75623
 75641
 75679
 75680
 75729
 75744
 75824
 75828
 75832
 75847
 75848
 75852
 75865
 75891
 75900
 75915
 75922
 75932
 75994
 76051
 76129
 76141
 76163
 76264
 76307
 76341
 76378
 76488
 76582
 76582
 76622
 76781
 76897
 76923
 76934
 77025
 77105
 77118
 77158
 77204
 77227
 77279
 77289
 77304
 77324
 77335
 77382
 77547
 77597
 77690
 77724
 77771
 77838
 77901
 78022
 78061
 78144
 78445
 78467
 78496
 78502
 78512
 78536
 78738
 78797
 78906
 78922
 78951
 79130
 79139
 79173
 79196
 79267
 79472
 79577
 79779
 79830
 80061
 80251
 80284
 80349
 80404
 80414
 80639
 80721
 80908
 80961
 80972
 81104
 81207
 81536
 81649
 81688
 81714
 81762
 82074
 82214
 82488
 82663
 82969
 83318
 83502
 83697
 83875
 84379
 84673
 84929
 84931
 85373
 85544
 85634
 85713
 85790
 85884
 85918
 85960
 86071
 86196
 86266
 86468
 86626
 86983
 87223
 87363
 87666
 87964
 88500
 88782
 89551
 90215
 90790
 91989
 92407
 93643
 94723
 95428
 95457
 95590
 96373
 97162
 97287
 97344
 97657
 97667
 99490
 99603
 99624
 100029
 100254
 100975
 101201
 101347
 101531
 101659
 101763
 102035
 102290
 103616
 103937
 104024
 104039
 104051
 104138
 104238
 104586
 104874
 104921
 104933
 105476
 105987
 106597
 106677
 106698
 106718
 106738
 107487
 107989
 108399
 108756
 108940
 109129
 109198
 109384
 109652
 109690
 109818
 109859
 109897
 110015
 110768
 110865
 110941
 110961
 111106
 112069
 112250
 112359
 112519
 112752
 114303
 116214
 117225
 118454
 118807
 119464
 119744
 123281
 125511
 125597
 126436
 127248
 129827
 130796
 131798
 132250
 135041
 136625
 140504
 142599
 145674
 152356
 156738
 161335
 171360
 188020
 215857
 218480
 226371
 282952
 293432
 364892
 460484
 9429189
