2000, 27593, 1, 0
4003, 35133, 1, 0
6003, 63834, 1, 0
8021, 65785, 1, 0
10000, 61449, 1, 0
12018, 69705, 1, 0
14015, 58470, 1, 0
16007, 61374, 1, 0
18000, 64098, 1, 0
20112, 67599, 1, 0
22012, 55598, 1, 0
24000, 58641, 1, 0
26012, 63440, 1, 0
28000, 64140, 1, 0
30070, 69401, 1, 0
32161, 58275, 1, 0
34000, 63400, 1, 0
36000, 63147, 1, 0
38000, 67452, 1, 0
40008, 56788, 1, 0
42000, 60219, 1, 0
44000, 59112, 1, 0
46002, 57891, 1, 0
48000, 79864, 1, 0
50000, 62831, 1, 0
52000, 59795, 1, 0
54008, 59837, 1, 0
56000, 57017, 1, 0
58000, 59146, 1, 0
60021, 62582, 1, 0
62005, 68814, 1, 0
64012, 64878, 1, 0
66017, 60299, 1, 0
68009, 64351, 1, 0
70100, 67293, 1, 0
72025, 60578, 1, 0
74029, 63986, 1, 0
76000, 60852, 1, 0
78000, 62200, 1, 0
80014, 69412, 1, 0
82102, 59807, 1, 0
84017, 58682, 1, 0
86000, 66219, 1, 0
88008, 63989, 1, 0
90068, 63604, 1, 0
92017, 62824, 1, 0
94013, 57942, 1, 0
96013, 63884, 1, 0
98013, 61303, 1, 0
100000, 63933, 1, 0
102000, 68163, 1, 0
104058, 60350, 1, 0
106005, 60764, 1, 0
108000, 62813, 1, 0
110025, 68324, 1, 0
112093, 58459, 1, 0
114017, 57982, 1, 0
116001, 59790, 1, 0
118033, 64166, 1, 0
120018, 70350, 1, 0
122013, 56572, 1, 0
124000, 64056, 1, 0
126000, 65161, 1, 0
128013, 59587, 1, 0
130017, 61889, 1, 0
132015, 64345, 1, 0
134013, 63431, 1, 0
136056, 65700, 1, 0
138039, 73975, 1, 0
140138, 64661, 1, 0
142000, 60101, 1, 0
144013, 62947, 1, 0
146009, 67915, 1, 0
148124, 70882, 1, 0
150016, 61232, 1, 0
152009, 64474, 1, 0
154000, 64973, 1, 0
156002, 78383, 1, 0
158000, 63125, 1, 0
160000, 64290, 1, 0
162005, 56921, 1, 0
164005, 68064, 1, 0
166000, 69179, 1, 0
168058, 67681, 1, 0
170012, 64462, 1, 0
172000, 69111, 1, 0
174021, 62486, 1, 0
176000, 69939, 1, 0
178028, 62957, 1, 0
180000, 66995, 1, 0
182000, 64881, 1, 0
184000, 67386, 1, 0
186000, 77013, 1, 0
188029, 59161, 1, 0
190000, 64308, 1, 0
192004, 67205, 1, 0
194000, 75267, 1, 0
196003, 58312, 1, 0
198012, 68124, 1, 0
200000, 67862, 1, 0
202020, 67462, 1, 0
204009, 71654, 1, 0
206082, 65985, 1, 0
208000, 63049, 1, 0
210091, 71259, 1, 0
212015, 68047, 1, 0
214000, 65933, 1, 0
216028, 62446, 1, 0
218004, 66779, 1, 0
220008, 66757, 1, 0
222113, 71216, 1, 0
224012, 60690, 1, 0
226008, 75045, 1, 0
228034, 65963, 1, 0
230141, 68349, 1, 0
232000, 61962, 1, 0
234016, 64675, 1, 0
236000, 71608, 1, 0
238000, 70364, 1, 0
240000, 69001, 1, 0
242024, 66060, 1, 0
244037, 79587, 1, 0
246101, 61376, 1, 0
248000, 66109, 1, 0
250008, 71818, 1, 0
252028, 69331, 1, 0
254032, 78759, 1, 0
256004, 61225, 1, 0
258000, 62818, 1, 0
260000, 73529, 1, 0
262000, 69724, 1, 0
264015, 82174, 1, 0
266116, 69974, 1, 0
268000, 66233, 1, 0
270001, 76433, 1, 0
272016, 61644, 1, 0
274000, 81299, 1, 0
276016, 64025, 1, 0
278012, 72262, 1, 0
280000, 80693, 1, 0
282008, 65633, 1, 0
284024, 68532, 1, 0
286038, 70618, 1, 0
288008, 77578, 1, 0
290032, 64969, 1, 0
292008, 68779, 1, 0
294000, 73491, 1, 0
296031, 77988, 1, 0
298000, 67195, 1, 0
300004, 71342, 1, 0
302012, 69564, 1, 0
304000, 72659, 1, 0
306000, 71306, 1, 0
308000, 72883, 1, 0
310000, 67236, 1, 0
312080, 75040, 1, 0
314024, 62462, 1, 0
316004, 86837, 1, 0
318032, 58327, 1, 0
320000, 69543, 1, 0
322053, 73837, 1, 0
324016, 67427, 1, 0
326012, 65589, 1, 0
328142, 71983, 1, 0
330016, 66682, 1, 0
332004, 69389, 1, 0
334016, 75658, 1, 0
336020, 65729, 1, 0
338028, 66189, 1, 0
340012, 76289, 1, 0
342000, 67649, 1, 0
344000, 69969, 1, 0
346000, 67918, 1, 0
348000, 68277, 1, 0
350102, 71686, 1, 0
352004, 77221, 1, 0
354000, 62816, 1, 0
356008, 71368, 1, 0
358084, 73128, 1, 0
360000, 63449, 1, 0
362028, 74717, 1, 0
364004, 65386, 1, 0
366000, 77060, 1, 0
368062, 80844, 1, 0
370000, 62117, 1, 0
372028, 63006, 1, 0
374000, 71876, 1, 0
376008, 65960, 1, 0
378000, 70013, 1, 0
380008, 72726, 1, 0
382066, 67861, 1, 0
384028, 71932, 1, 0
386043, 73211, 1, 0
388000, 59839, 1, 0
390032, 72180, 1, 0
392000, 69827, 1, 0
394004, 70169, 1, 0
396016, 68305, 1, 0
398000, 68460, 1, 0
400000, 67346, 1, 0
402000, 75588, 1, 0
404012, 68589, 1, 0
406000, 69514, 1, 0
408105, 73832, 1, 0
410051, 67531, 1, 0
412023, 68578, 1, 0
414020, 68823, 1, 0
416000, 68854, 1, 0
418000, 71005, 1, 0
420016, 63932, 1, 0
422000, 68890, 1, 0
424000, 74174, 1, 0
426008, 65338, 1, 0
428000, 72132, 1, 0
430016, 72364, 1, 0
432000, 61324, 1, 0
434020, 74216, 1, 0
436000, 70945, 1, 0
438008, 68719, 1, 0
440000, 66745, 1, 0
442022, 78121, 1, 0
444000, 68446, 1, 0
446016, 62027, 1, 0
448026, 78537, 1, 0
450100, 68167, 1, 0
452090, 70602, 1, 0
454008, 65920, 1, 0
456000, 70090, 1, 0
458000, 68202, 1, 0
460024, 69900, 1, 0
462004, 69947, 1, 0
464000, 72616, 1, 0
466000, 71146, 1, 0
468004, 67597, 1, 0
470045, 72374, 1, 0
472000, 64365, 1, 0
474024, 68545, 1, 0
476020, 74679, 1, 0
478049, 71011, 1, 0
480089, 69521, 1, 0
482013, 67827, 1, 0
484000, 68217, 1, 0
486078, 72155, 1, 0
488020, 65562, 1, 0
490024, 70669, 1, 0
492008, 69571, 1, 0
494000, 67132, 1, 0
496004, 68387, 1, 0
498012, 70198, 1, 0
500000, 69353, 1, 0
502081, 78431, 1, 0
504083, 69986, 1, 0
506000, 60819, 1, 0
508000, 72787, 1, 0
510000, 71313, 1, 0
512082, 70187, 1, 0
514000, 71396, 1, 0
516000, 75201, 1, 0
518020, 64925, 1, 0
520020, 71768, 1, 0
522012, 66322, 1, 0
524016, 73455, 1, 0
526016, 71173, 1, 0
528000, 60623, 1, 0
530012, 70378, 1, 0
532012, 66098, 1, 0
534001, 77392, 1, 0
536000, 65585, 1, 0
538086, 70412, 1, 0
540000, 68758, 1, 0
542012, 64544, 1, 0
544012, 73702, 1, 0
546028, 69679, 1, 0
548094, 70345, 1, 0
550000, 65458, 1, 0
552013, 70923, 1, 0
554005, 73438, 1, 0
556020, 66985, 1, 0
558099, 77337, 1, 0
560023, 85815, 1, 0
562000, 58424, 1, 0
564005, 73226, 1, 0
566000, 57219, 1, 0
568029, 70170, 1, 0
570000, 68248, 1, 0
572037, 73678, 1, 0
574001, 65548, 1, 0
576020, 68514, 1, 0
578000, 69355, 1, 0
580017, 64410, 1, 0
582017, 72648, 1, 0
584004, 77226, 1, 0
586017, 61237, 1, 0
588027, 76244, 1, 0
590025, 76933, 1, 0
592017, 62122, 1, 0
594000, 64112, 1, 0
596021, 81203, 1, 0
598021, 63600, 1, 0
600000, 68892, 1, 0
