2000, 25408, 1, 0
4003, 33847, 1, 0
6003, 63738, 1, 0
8021, 71358, 1, 0
10000, 59854, 1, 0
12018, 63683, 1, 0
14015, 59028, 1, 0
16007, 64777, 1, 0
18000, 64582, 1, 0
20112, 63044, 1, 0
22012, 58590, 1, 0
24000, 61123, 1, 0
26012, 61284, 1, 0
28000, 62727, 1, 0
30070, 60259, 1, 0
32161, 67850, 1, 0
34000, 61771, 1, 0
36000, 59641, 1, 0
38000, 58596, 1, 0
40008, 61466, 1, 0
42000, 65444, 1, 0
44000, 71827, 1, 0
46000, 58528, 1, 0
48000, 62156, 1, 0
50000, 61007, 1, 0
52000, 63506, 1, 0
54008, 65782, 1, 0
56000, 53204, 1, 0
58001, 64374, 1, 0
60021, 60955, 1, 0
62005, 67042, 1, 0
64012, 70250, 1, 0
66017, 57890, 1, 0
68009, 69940, 1, 0
70100, 61738, 1, 0
72025, 61503, 1, 0
74029, 62901, 1, 0
76000, 61291, 1, 0
78000, 60264, 1, 0
80014, 65870, 1, 0
82102, 64068, 1, 0
84017, 57013, 1, 0
86001, 64509, 1, 0
88007, 63418, 1, 0
90068, 66513, 1, 0
92017, 57543, 1, 0
94013, 66156, 1, 0
96013, 59372, 1, 0
98013, 63044, 1, 0
100000, 71537, 1, 0
102001, 65933, 1, 0
104058, 55934, 1, 0
106005, 59579, 1, 0
108000, 63209, 1, 0
110026, 71644, 1, 0
112093, 59578, 1, 0
114017, 57018, 1, 0
116001, 61861, 1, 0
118000, 61974, 1, 0
120018, 70267, 1, 0
122013, 59406, 1, 0
124000, 62075, 1, 0
126000, 73086, 1, 0
128013, 59592, 1, 0
130017, 63412, 1, 0
132015, 62544, 1, 0
134013, 58539, 1, 0
136056, 68551, 1, 0
138039, 72236, 1, 0
140138, 62222, 1, 0
142001, 64910, 1, 0
144013, 70304, 1, 0
146009, 59971, 1, 0
148124, 84505, 1, 0
150016, 51904, 1, 0
152009, 63153, 1, 0
154000, 68965, 1, 0
156001, 67893, 1, 0
158000, 59023, 1, 0
160001, 72697, 1, 0
162005, 61831, 1, 0
164005, 69007, 1, 0
166000, 63744, 1, 0
168058, 74174, 1, 0
170012, 64625, 1, 0
172000, 63999, 1, 0
174021, 69686, 1, 0
176000, 62328, 1, 0
178029, 68090, 1, 0
180000, 70372, 1, 0
182000, 61013, 1, 0
184000, 68987, 1, 0
186000, 66691, 1, 0
188028, 64130, 1, 0
190000, 64630, 1, 0
192004, 72109, 1, 0
194004, 64142, 1, 0
196000, 64604, 1, 0
198012, 66179, 1, 0
200000, 65632, 1, 0
202020, 66758, 1, 0
204009, 70950, 1, 0
206082, 68244, 1, 0
208000, 63787, 1, 0
210091, 73350, 1, 0
212015, 66225, 1, 0
214000, 65097, 1, 0
216028, 66507, 1, 0
218004, 64881, 1, 0
220008, 72303, 1, 0
222113, 67670, 1, 0
224012, 59028, 1, 0
226008, 69459, 1, 0
228034, 69488, 1, 0
230141, 69499, 1, 0
232000, 63241, 1, 0
234000, 62315, 1, 0
236000, 72252, 1, 0
238000, 65885, 1, 0
240000, 69750, 1, 0
242024, 65117, 1, 0
244037, 70389, 1, 0
246101, 69557, 1, 0
248000, 66011, 1, 0
250008, 73202, 1, 0
252028, 66615, 1, 0
254032, 79192, 1, 0
256004, 76169, 1, 0
258000, 66356, 1, 0
260000, 70851, 1, 0
262000, 65148, 1, 0
264015, 72768, 1, 0
266116, 73849, 1, 0
268000, 61189, 1, 0
270001, 73433, 1, 0
272016, 67307, 1, 0
274000, 77838, 1, 0
276016, 67043, 1, 0
278012, 70637, 1, 0
280000, 64267, 1, 0
282008, 71686, 1, 0
284024, 74936, 1, 0
286038, 75297, 1, 0
288008, 64721, 1, 0
290032, 71937, 1, 0
292008, 71198, 1, 0
294000, 73190, 1, 0
296031, 72884, 1, 0
298000, 68456, 1, 0
300004, 72903, 1, 0
302012, 71830, 1, 0
304000, 69442, 1, 0
306000, 71877, 1, 0
308000, 67785, 1, 0
310000, 70297, 1, 0
312080, 83339, 1, 0
314024, 64509, 1, 0
316000, 67981, 1, 0
318032, 67212, 1, 0
320000, 68319, 1, 0
322052, 71320, 1, 0
324016, 67330, 1, 0
326012, 68999, 1, 0
328143, 69267, 1, 0
330016, 68663, 1, 0
332004, 70685, 1, 0
334016, 69417, 1, 0
336020, 68453, 1, 0
338028, 67348, 1, 0
340012, 78336, 1, 0
342000, 67118, 1, 0
344000, 65624, 1, 0
346004, 67702, 1, 0
348000, 70013, 1, 0
350102, 70310, 1, 0
352004, 63087, 1, 0
354000, 73758, 1, 0
356008, 72793, 1, 0
358084, 74598, 1, 0
360000, 61419, 1, 0
362028, 74023, 1, 0
364004, 64781, 1, 0
366000, 75159, 1, 0
368062, 69974, 1, 0
370000, 66953, 1, 0
372028, 68179, 1, 0
374000, 71139, 1, 0
376008, 75752, 1, 0
378000, 66628, 1, 0
380008, 71123, 1, 0
382066, 68905, 1, 0
384028, 70501, 1, 0
386044, 79206, 1, 0
388000, 61878, 1, 0
390032, 71597, 1, 0
392000, 64237, 1, 0
394000, 70967, 1, 0
396016, 72617, 1, 0
398000, 70059, 1, 0
400000, 69492, 1, 0
402000, 70277, 1, 0
404012, 67224, 1, 0
406000, 67814, 1, 0
408105, 76447, 1, 0
410051, 68068, 1, 0
412023, 72736, 1, 0
414020, 62539, 1, 0
416000, 80117, 1, 0
418000, 73775, 1, 0
420016, 60359, 1, 0
422004, 67110, 1, 0
424000, 80316, 1, 0
426008, 64190, 1, 0
428000, 68847, 1, 0
430016, 72893, 1, 0
432000, 63426, 1, 0
434020, 70620, 1, 0
436000, 72556, 1, 0
438008, 66063, 1, 0
440000, 70539, 1, 0
442022, 75418, 1, 0
444000, 69486, 1, 0
446016, 62182, 1, 0
448026, 79676, 1, 0
450100, 70287, 1, 0
452090, 67015, 1, 0
454008, 64364, 1, 0
456000, 68164, 1, 0
458000, 71529, 1, 0
460024, 70603, 1, 0
462004, 76112, 1, 0
464000, 61374, 1, 0
466000, 75245, 1, 0
468000, 71338, 1, 0
470045, 72096, 1, 0
472000, 63690, 1, 0
474024, 74477, 1, 0
476020, 66268, 1, 0
478049, 71833, 1, 0
480089, 71371, 1, 0
482013, 67559, 1, 0
484000, 65436, 1, 0
486078, 73866, 1, 0
488020, 66233, 1, 0
490024, 73850, 1, 0
492008, 69032, 1, 0
494000, 63138, 1, 0
496000, 73508, 1, 0
498012, 73182, 1, 0
500020, 61894, 1, 0
502081, 87501, 1, 0
504083, 67384, 1, 0
506000, 66126, 1, 0
508000, 63789, 1, 0
510000, 73671, 1, 0
512082, 71997, 1, 0
514000, 61862, 1, 0
516000, 76422, 1, 0
518020, 62841, 1, 0
520020, 71099, 1, 0
522012, 70023, 1, 0
524016, 67335, 1, 0
526016, 70753, 1, 0
528040, 65921, 1, 0
530012, 72651, 1, 0
532012, 70487, 1, 0
534004, 82396, 1, 0
536000, 58838, 1, 0
538086, 77599, 1, 0
540000, 70892, 1, 0
542012, 60992, 1, 0
544012, 77427, 1, 0
546028, 65248, 1, 0
548094, 73406, 1, 0
550000, 65787, 1, 0
552012, 73176, 1, 0
554005, 68666, 1, 0
556020, 64323, 1, 0
558099, 75825, 1, 0
560023, 66519, 1, 0
562000, 62736, 1, 0
564004, 70338, 1, 0
566000, 68834, 1, 0
568029, 74338, 1, 0
570000, 65921, 1, 0
572000, 73051, 1, 0
574001, 68607, 1, 0
576021, 65282, 1, 0
578001, 69556, 1, 0
580017, 66587, 1, 0
582000, 69319, 1, 0
584004, 80156, 1, 0
586017, 60829, 1, 0
588027, 81179, 1, 0
590025, 59202, 1, 0
592017, 70447, 1, 0
594000, 68604, 1, 0
596021, 71501, 1, 0
598021, 66910, 1, 0
600000, 72421, 1, 0
