 11151
 11341
 12132
 12190
 12241
 12254
 12355
 12449
 12569
 12618
 12654
 12678
 12688
 12718
 12773
 12784
 12864
 12875
 12893
 12910
 12915
 12920
 13006
 13104
 13160
 13177
 13189
 13214
 13214
 13215
 13288
 13326
 13341
 13351
 13390
 13483
 13484
 13488
 13496
 13499
 13521
 13548
 13553
 13575
 13596
 13620
 13630
 13653
 13663
 13668
 13682
 13716
 13718
 13722
 13724
 13770
 13774
 13789
 13809
 13833
 13839
 13847
 13859
 13875
 13916
 13921
 13936
 13943
 13956
 13976
 13978
 13982
 13990
 13997
 14001
 14009
 14012
 14036
 14050
 14062
 14063
 14087
 14088
 14089
 14109
 14113
 14125
 14137
 14139
 14164
 14168
 14168
 14175
 14184
 14185
 14189
 14196
 14199
 14199
 14199
 14241
 14245
 14250
 14262
 14266
 14289
 14294
 14296
 14298
 14311
 14315
 14328
 14332
 14340
 14346
 14348
 14351
 14356
 14372
 14375
 14376
 14380
 14397
 14411
 14413
 14447
 14450
 14454
 14461
 14474
 14499
 14545
 14548
 14552
 14562
 14563
 14563
 14566
 14567
 14571
 14577
 14579
 14582
 14596
 14603
 14607
 14611
 14612
 14618
 14630
 14643
 14645
 14683
 14697
 14706
 14706
 14708
 14710
 14719
 14726
 14736
 14737
 14748
 14749
 14785
 14805
 14806
 14818
 14825
 14858
 14866
 14873
 14877
 14898
 14908
 14923
 14938
 14946
 14995
 15011
 15032
 15039
 15059
 15066
 15090
 15096
 15098
 15104
 15108
 15114
 15136
 15137
 15194
 15207
 15215
 15219
 15221
 15229
 15247
 15253
 15296
 15312
 15325
 15363
 15364
 15364
 15367
 15368
 15397
 15402
 15405
 15414
 15427
 15436
 15439
 15445
 15453
 15453
 15473
 15475
 15475
 15479
 15499
 15519
 15526
 15532
 15536
 15549
 15556
 15582
 15590
 15601
 15627
 15632
 15644
 15646
 15717
 15721
 15723
 15733
 15744
 15756
 15786
 15789
 15803
 15884
 15895
 15915
 15944
 15952
 15981
 15992
 16010
 16012
 16024
 16047
 16071
 16088
 16092
 16097
 16119
 16123
 16130
 16162
 16184
 16222
 16227
 16254
 16291
 16416
 16445
 16454
 16506
 16595
 16630
 16673
 16752
 16772
 16786
 16798
 16820
 16935
 16948
 16948
 17010
 17028
 17080
 17142
 17244
 17327
 17329
 17329
 17437
 17499
 17544
 17553
 17786
 28139
 35643
