 27593
 35133
 55598
 56572
 56788
 56921
 57017
 57219
 57891
 57942
 57982
 58275
 58312
 58327
 58424
 58459
 58470
 58641
 58682
 59112
 59146
 59161
 59587
 59790
 59795
 59807
 59837
 59839
 60101
 60219
 60299
 60350
 60578
 60623
 60690
 60764
 60819
 60852
 61225
 61232
 61237
 61303
 61324
 61374
 61376
 61449
 61644
 61889
 61962
 62027
 62117
 62122
 62200
 62446
 62462
 62486
 62582
 62813
 62816
 62818
 62824
 62831
 62947
 62957
 63006
 63049
 63125
 63147
 63400
 63431
 63440
 63449
 63600
 63604
 63834
 63884
 63932
 63933
 63986
 63989
 64025
 64056
 64098
 64112
 64140
 64166
 64290
 64308
 64345
 64351
 64365
 64410
 64462
 64474
 64544
 64661
 64675
 64878
 64881
 64925
 64969
 64973
 65161
 65338
 65386
 65458
 65548
 65562
 65585
 65589
 65633
 65700
 65729
 65785
 65920
 65933
 65960
 65963
 65985
 66060
 66098
 66109
 66189
 66219
 66233
 66322
 66682
 66745
 66757
 66779
 66985
 66995
 67132
 67195
 67205
 67236
 67293
 67346
 67386
 67427
 67452
 67462
 67531
 67597
 67599
 67649
 67681
 67827
 67861
 67862
 67915
 67918
 68047
 68064
 68124
 68163
 68167
 68202
 68217
 68248
 68277
 68305
 68324
 68349
 68387
 68446
 68460
 68514
 68532
 68545
 68578
 68589
 68719
 68758
 68779
 68814
 68823
 68854
 68890
 68892
 69001
 69111
 69179
 69331
 69353
 69355
 69389
 69401
 69412
 69514
 69521
 69543
 69564
 69571
 69679
 69705
 69724
 69827
 69900
 69939
 69947
 69969
 69974
 69986
 70013
 70090
 70169
 70170
 70187
 70198
 70345
 70350
 70364
 70378
 70412
 70602
 70618
 70669
 70882
 70923
 70945
 71005
 71011
 71146
 71173
 71216
 71259
 71306
 71313
 71342
 71368
 71396
 71608
 71654
 71686
 71768
 71818
 71876
 71932
 71983
 72132
 72155
 72180
 72262
 72364
 72374
 72616
 72648
 72659
 72726
 72787
 72883
 73128
 73211
 73226
 73438
 73455
 73491
 73529
 73678
 73702
 73832
 73837
 73975
 74174
 74216
 74679
 74717
 75040
 75045
 75201
 75267
 75588
 75658
 76244
 76289
 76433
 76933
 77013
 77060
 77221
 77226
 77337
 77392
 77578
 77988
 78121
 78383
 78431
 78537
 78759
 79587
 79864
 80693
 80844
 81203
 81299
 82174
 85815
 86837
