2000, 26082, 1, 0
4006, 50152, 1, 0
6000, 96154, 1, 0
8010, 83385, 1, 0
10018, 69592, 1, 0
12006, 71649, 1, 0
14014, 71506, 1, 0
16000, 68340, 1, 0
18010, 67377, 1, 0
20014, 71944, 1, 0
22000, 68702, 1, 0
24002, 66379, 1, 0
26006, 72177, 1, 0
28022, 67614, 1, 0
30001, 68123, 1, 0
32000, 69706, 1, 0
34017, 67824, 1, 0
36000, 64708, 1, 0
38021, 69298, 1, 0
40000, 65124, 1, 0
42001, 69387, 1, 0
44000, 67725, 1, 0
46025, 69507, 1, 0
48013, 67976, 1, 0
50017, 63606, 1, 0
52000, 72911, 1, 0
54021, 67947, 1, 0
56013, 60811, 1, 0
58001, 67880, 1, 0
60016, 69081, 1, 0
62029, 66475, 1, 0
64008, 64770, 1, 0
66000, 65427, 1, 0
68000, 73883, 1, 0
70020, 61446, 1, 0
72000, 69645, 1, 0
74012, 65875, 1, 0
76000, 68714, 1, 0
78000, 67000, 1, 0
80024, 67645, 1, 0
82000, 73329, 1, 0
84000, 62467, 1, 0
86000, 67514, 1, 0
88004, 73350, 1, 0
90008, 94886, 1, 0
92020, 70845, 1, 0
94012, 72534, 1, 0
96001, 63159, 1, 0
98028, 70767, 1, 0
100004, 65468, 1, 0
102028, 69815, 1, 0
104033, 65346, 1, 0
106032, 67267, 1, 0
108020, 66266, 1, 0
110000, 67694, 1, 0
112000, 74208, 1, 0
114000, 61133, 1, 0
116020, 69187, 1, 0
118004, 66656, 1, 0
120024, 66095, 1, 0
122000, 67932, 1, 0
124000, 97268, 1, 0
126016, 72593, 1, 0
128012, 69583, 1, 0
130000, 68266, 1, 0
132000, 66880, 1, 0
134016, 68257, 1, 0
136027, 67710, 1, 0
138028, 67003, 1, 0
140055, 72727, 1, 0
142020, 61780, 1, 0
144000, 69042, 1, 0
146000, 74933, 1, 0
148024, 61357, 1, 0
150012, 68543, 1, 0
152040, 70714, 1, 0
154000, 64462, 1, 0
156004, 66771, 1, 0
158012, 68651, 1, 0
160016, 65174, 1, 0
162024, 68926, 1, 0
164024, 67474, 1, 0
166020, 75894, 1, 0
168000, 60935, 1, 0
170004, 73730, 1, 0
172020, 61785, 1, 0
174000, 68334, 1, 0
176012, 68830, 1, 0
178024, 73243, 1, 0
180017, 61889, 1, 0
182029, 69181, 1, 0
184029, 65320, 1, 0
186025, 69834, 1, 0
188005, 73798, 1, 0
190017, 109359, 1, 0
192005, 70667, 1, 0
194001, 67087, 1, 0
196000, 75232, 1, 0
198009, 67762, 1, 0
200000, 69175, 1, 0
202009, 72104, 1, 0
204109, 75601, 1, 0
206000, 66517, 1, 0
208000, 66584, 1, 0
210009, 75070, 1, 0
212000, 71611, 1, 0
214001, 63120, 1, 0
216013, 71116, 1, 0
218013, 73069, 1, 0
220009, 68477, 1, 0
222005, 75811, 1, 0
224009, 66878, 1, 0
226000, 66437, 1, 0
228031, 72689, 1, 0
230009, 69742, 1, 0
232021, 68489, 1, 0
234001, 69365, 1, 0
236061, 76290, 1, 0
238009, 66298, 1, 0
240000, 69598, 1, 0
242009, 71118, 1, 0
244017, 68271, 1, 0
246021, 70217, 1, 0
248005, 112115, 1, 0
250021, 72674, 1, 0
252023, 72589, 1, 0
254001, 71235, 1, 0
256021, 68609, 1, 0
258005, 69813, 1, 0
260017, 72317, 1, 0
262017, 74030, 1, 0
264029, 65730, 1, 0
266013, 70198, 1, 0
268017, 74998, 1, 0
270021, 69494, 1, 0
272005, 65673, 1, 0
274000, 70636, 1, 0
276000, 69714, 1, 0
278025, 71862, 1, 0
280013, 68920, 1, 0
282000, 70029, 1, 0
284001, 70173, 1, 0
286020, 78960, 1, 0
288021, 67690, 1, 0
290000, 66242, 1, 0
292001, 72239, 1, 0
294093, 73430, 1, 0
296000, 64867, 1, 0
298017, 71434, 1, 0
300000, 122237, 1, 0
302000, 69231, 1, 0
304009, 69459, 1, 0
306000, 73860, 1, 0
308009, 67788, 1, 0
310017, 71058, 1, 0
312029, 109351, 1, 0
314001, 73533, 1, 0
316009, 69819, 1, 0
318001, 72059, 1, 0
320017, 69069, 1, 0
322013, 70486, 1, 0
324013, 70324, 1, 0
326013, 73957, 1, 0
328009, 66410, 1, 0
330101, 78989, 1, 0
332000, 62073, 1, 0
334146, 96749, 1, 0
336017, 76906, 1, 0
338001, 72396, 1, 0
340001, 101462, 1, 0
342000, 78050, 1, 0
344005, 77809, 1, 0
346013, 71919, 1, 0
348000, 93478, 1, 0
350005, 79695, 1, 0
352000, 75595, 1, 0
354001, 66606, 1, 0
356017, 71772, 1, 0
358000, 68043, 1, 0
360005, 71693, 1, 0
362000, 68928, 1, 0
364021, 71188, 1, 0
366021, 70613, 1, 0
368005, 103936, 1, 0
370009, 73132, 1, 0
372001, 76056, 1, 0
374021, 66925, 1, 0
376000, 73881, 1, 0
378000, 68484, 1, 0
380001, 70258, 1, 0
382001, 69745, 1, 0
384022, 72038, 1, 0
386010, 88787, 1, 0
388025, 99320, 1, 0
390025, 108272, 1, 0
392000, 72346, 1, 0
394025, 69186, 1, 0
396017, 72698, 1, 0
398001, 67022, 1, 0
400009, 71767, 1, 0
402000, 110913, 1, 0
404005, 72020, 1, 0
406013, 71503, 1, 0
408574, 99207, 1, 0
410022, 67141, 1, 0
412002, 73194, 1, 0
414018, 76478, 1, 0
416010, 137070, 1, 0
418000, 64300, 1, 0
420000, 147783, 1, 0
422016, 67659, 1, 0
424014, 70016, 1, 0
426002, 68269, 1, 0
428000, 69538, 1, 0
430000, 101765, 1, 0
432018, 80314, 1, 0
434000, 72369, 1, 0
436054, 79712, 1, 0
438022, 94414, 1, 0
440010, 79070, 1, 0
442000, 66134, 1, 0
444019, 69802, 1, 0
446000, 66572, 1, 0
448000, 72790, 1, 0
450007, 74317, 1, 0
452007, 68925, 1, 0
454023, 72667, 1, 0
456007, 73496, 1, 0
458015, 73039, 1, 0
460000, 69519, 1, 0
462003, 75547, 1, 0
464000, 73469, 1, 0
466011, 71357, 1, 0
468007, 74589, 1, 0
470000, 74837, 1, 0
472023, 99765, 1, 0
474000, 81086, 1, 0
476000, 73524, 1, 0
478007, 73293, 1, 0
480000, 117366, 1, 0
482000, 88214, 1, 0
484003, 99394, 1, 0
486019, 77346, 1, 0
488007, 104646, 1, 0
490015, 79660, 1, 0
492016, 75208, 1, 0
494012, 113088, 1, 0
496024, 79764, 1, 0
498012, 72969, 1, 0
500000, 72112, 1, 0
502000, 78400, 1, 0
504012, 68580, 1, 0
506004, 73512, 1, 0
508016, 75186, 1, 0
510073, 76858, 1, 0
512000, 67428, 1, 0
514032, 73620, 1, 0
516000, 68831, 1, 0
518028, 95081, 1, 0
520020, 94226, 1, 0
522000, 74428, 1, 0
524000, 110845, 1, 0
526016, 79781, 1, 0
528028, 70449, 1, 0
530000, 108629, 1, 0
532016, 79390, 1, 0
534000, 115995, 1, 0
536024, 79158, 1, 0
538016, 108070, 1, 0
540008, 103320, 1, 0
542000, 93486, 1, 0
544056, 124303, 1, 0
546000, 262942, 1, 0
548000, 291292, 1, 0
550024, 113216, 1, 0
552000, 82467, 1, 0
554012, 75803, 1, 0
556039, 82132, 1, 0
558013, 73318, 1, 0
560013, 74281, 1, 0
562008, 71675, 1, 0
564009, 74004, 1, 0
566000, 71446, 1, 0
568000, 71405, 1, 0
570000, 78287, 1, 0
572021, 73179, 1, 0
574009, 71606, 1, 0
576013, 73538, 1, 0
578009, 71477, 1, 0
580000, 72010, 1, 0
582021, 71527, 1, 0
584000, 76514, 1, 0
586013, 69752, 1, 0
588000, 71776, 1, 0
590000, 73018, 1, 0
592029, 73730, 1, 0
594005, 72824, 1, 0
596021, 74311, 1, 0
598005, 71614, 1, 0
600009, 70519, 1, 0
602000, 70874, 1, 0
604005, 72189, 1, 0
606009, 73314, 1, 0
608001, 72986, 1, 0
610009, 67512, 1, 0
612017, 71525, 1, 0
614017, 73058, 1, 0
616005, 70873, 1, 0
618017, 82918, 1, 0
620005, 74286, 1, 0
622009, 65794, 1, 0
624005, 74215, 1, 0
626005, 68119, 1, 0
628151, 130283, 1, 0
630009, 65908, 1, 0
632000, 80876, 1, 0
634013, 71881, 1, 0
636017, 88741, 1, 0
638005, 146432, 1, 0
640009, 84743, 1, 0
642013, 75176, 1, 0
644009, 71126, 1, 0
646009, 80224, 1, 0
648005, 66005, 1, 0
650000, 73647, 1, 0
652000, 73009, 1, 0
654013, 75216, 1, 0
656000, 79940, 1, 0
658000, 66203, 1, 0
660017, 75282, 1, 0
662000, 70464, 1, 0
664021, 73266, 1, 0
666021, 72151, 1, 0
668114, 79225, 1, 0
670013, 68768, 1, 0
672000, 76283, 1, 0
674001, 68788, 1, 0
676009, 73075, 1, 0
678009, 74683, 1, 0
680000, 70687, 1, 0
682017, 75426, 1, 0
684013, 118687, 1, 0
686017, 108653, 1, 0
688025, 75585, 1, 0
690018, 75169, 1, 0
692000, 71389, 1, 0
694000, 70817, 1, 0
696090, 82673, 1, 0
698005, 65745, 1, 0
700006, 76217, 1, 0
702000, 70008, 1, 0
704010, 74377, 1, 0
706014, 72758, 1, 0
708014, 73153, 1, 0
710018, 73701, 1, 0
712006, 71490, 1, 0
714026, 74725, 1, 0
716014, 74256, 1, 0
718030, 72238, 1, 0
720000, 74329, 1, 0
722026, 71283, 1, 0
724010, 72432, 1, 0
726010, 88595, 1, 0
728014, 91361, 1, 0
730000, 170414, 1, 0
732040, 76857, 1, 0
734006, 67760, 1, 0
736000, 70717, 1, 0
738000, 74440, 1, 0
740006, 70515, 1, 0
742006, 75508, 1, 0
744000, 71195, 1, 0
746000, 103817, 1, 0
748046, 103975, 1, 0
750014, 90603, 1, 0
752026, 71087, 1, 0
754022, 75146, 1, 0
756008, 71926, 1, 0
758022, 71418, 1, 0
760000, 109179, 1, 0
762010, 81609, 1, 0
764026, 72508, 1, 0
766006, 77964, 1, 0
768000, 67672, 1, 0
770026, 103070, 1, 0
772034, 84245, 1, 0
774022, 72920, 1, 0
776014, 76997, 1, 0
778030, 68757, 1, 0
780022, 72820, 1, 0
782026, 75198, 1, 0
784010, 72093, 1, 0
786000, 73589, 1, 0
788010, 70615, 1, 0
790000, 72074, 1, 0
792006, 76692, 1, 0
794010, 79501, 1, 0
796022, 66930, 1, 0
798022, 71338, 1, 0
800026, 72872, 1, 0
802006, 85521, 1, 0
804130, 192237, 1, 0
806010, 127439, 1, 0
808006, 78700, 1, 0
810050, 78110, 1, 0
812010, 70701, 1, 0
814000, 71139, 1, 0
816002, 73601, 1, 0
818103, 107581, 1, 0
820006, 78443, 1, 0
822000, 72359, 1, 0
824022, 75301, 1, 0
826018, 73919, 1, 0
828000, 78364, 1, 0
830018, 72987, 1, 0
832000, 78486, 1, 0
834010, 66304, 1, 0
836018, 75987, 1, 0
838000, 72738, 1, 0
840000, 72578, 1, 0
842026, 82685, 1, 0
844018, 72476, 1, 0
846026, 67508, 1, 0
848000, 69387, 1, 0
850014, 78177, 1, 0
852034, 73742, 1, 0
854010, 70992, 1, 0
856026, 71330, 1, 0
858018, 72329, 1, 0
860323, 105605, 1, 0
862010, 72039, 1, 0
864000, 93931, 1, 0
866010, 83898, 1, 0
868000, 79202, 1, 0
870046, 89266, 1, 0
872026, 170859, 1, 0
874018, 84869, 1, 0
876010, 72923, 1, 0
878006, 74531, 1, 0
880030, 72822, 1, 0
882000, 72522, 1, 0
884000, 71657, 1, 0
886010, 100524, 1, 0
888000, 84546, 1, 0
890022, 74075, 1, 0
892010, 72326, 1, 0
894060, 101059, 1, 0
896000, 164929, 1, 0
898018, 70635, 1, 0
900002, 72752, 1, 0
902006, 73917, 1, 0
904026, 74167, 1, 0
906014, 73323, 1, 0
908002, 71011, 1, 0
910006, 104511, 1, 0
912002, 82806, 1, 0
914014, 71752, 1, 0
916030, 72248, 1, 0
918019, 80840, 1, 0
920015, 67233, 1, 0
922003, 75368, 1, 0
924000, 73420, 1, 0
926015, 78835, 1, 0
928003, 84018, 1, 0
930000, 81587, 1, 0
932003, 118409, 1, 0
934015, 81902, 1, 0
936015, 75280, 1, 0
938015, 73402, 1, 0
940011, 93326, 1, 0
942023, 91443, 1, 0
944047, 83344, 1, 0
946024, 96575, 1, 0
948012, 75838, 1, 0
950008, 78125, 1, 0
952733, 129438, 1, 0
954016, 69346, 1, 0
956004, 72053, 1, 0
958000, 73309, 1, 0
960000, 73761, 1, 0
962020, 73668, 1, 0
964020, 72209, 1, 0
966012, 70674, 1, 0
968004, 77742, 1, 0
970000, 71206, 1, 0
972000, 76015, 1, 0
974000, 94004, 1, 0
976025, 77800, 1, 0
978005, 75547, 1, 0
980017, 104861, 1, 0
982025, 77318, 1, 0
984000, 96421, 1, 0
986000, 88842, 1, 0
988013, 75083, 1, 0
990041, 79133, 1, 0
992000, 101166, 1, 0
994000, 76322, 1, 0
996009, 77402, 1, 0
998013, 87286, 1, 0
1000000, 86486, 1, 0
1002021, 76653, 1, 0
1004075, 113366, 1, 0
1006022, 76257, 1, 0
1008030, 74521, 1, 0
1010026, 77814, 1, 0
1012034, 74579, 1, 0
1014062, 77319, 1, 0
1016000, 81909, 1, 0
1018018, 83492, 1, 0
1020064, 81753, 1, 0
1022014, 98077, 1, 0
1024022, 89217, 1, 0
1026000, 67613, 1, 0
1028006, 77332, 1, 0
1030305, 113856, 1, 0
1032002, 63028, 1, 0
1034010, 117212, 1, 0
1036007, 80302, 1, 0
1038000, 76259, 1, 0
1040007, 102194, 1, 0
1042000, 110441, 1, 0
1044000, 85699, 1, 0
1046019, 77468, 1, 0
1048015, 82266, 1, 0
1050003, 97633, 1, 0
1052031, 76969, 1, 0
1054023, 76061, 1, 0
1056011, 389757, 1, 0
1058000, 76436, 1, 0
1060000, 81632, 1, 0
1062003, 74725, 1, 0
1064003, 88870, 1, 0
1066015, 81481, 1, 0
1068000, 82765, 1, 0
1070164, 138300, 1, 0
1072000, 72900, 1, 0
1074007, 100203, 1, 0
1076003, 77067, 1, 0
1078004, 80991, 1, 0
1080008, 75575, 1, 0
1082008, 98893, 1, 0
1084020, 120911, 1, 0
1086000, 80692, 1, 0
1088028, 81555, 1, 0
1090000, 100145, 1, 0
1092004, 80193, 1, 0
1094020, 76905, 1, 0
1096004, 79097, 1, 0
1098012, 94692, 1, 0
1100008, 82376, 1, 0
1102000, 83497, 1, 0
1104047, 76275, 1, 0
1106000, 100131, 1, 0
1108004, 76911, 1, 0
1110016, 90102, 1, 0
1112016, 98571, 1, 0
1114028, 85345, 1, 0
1116000, 98436, 1, 0
1118005, 79686, 1, 0
1120000, 92367, 1, 0
1122053, 100018, 1, 0
1124017, 336747, 1, 0
1126005, 89312, 1, 0
1128017, 110637, 1, 0
1130000, 125720, 1, 0
1132025, 86715, 1, 0
1134000, 77405, 1, 0
1136005, 174899, 1, 0
1138017, 140834, 1, 0
1140009, 135906, 1, 0
1142000, 97503, 1, 0
1144001, 93286, 1, 0
1146005, 87404, 1, 0
1148021, 92204, 1, 0
1150009, 120500, 1, 0
1152025, 292867, 1, 0
1154013, 96013, 1, 0
1157594, 159109, 1, 0
1158000, 87278, 1, 0
1160017, 127039, 1, 0
1162009, 137536, 1, 0
1164021, 374369, 1, 0
1166013, 136732, 1, 0
1168002, 84956, 1, 0
1170018, 94266, 1, 0
1172022, 119006, 1, 0
1174022, 116225, 1, 0
1176040, 90768, 1, 0
1178033, 87695, 1, 0
1180026, 79112, 1, 0
1182022, 82242, 1, 0
1184000, 90720, 1, 0
1186000, 81115, 1, 0
1188006, 86275, 1, 0
1190000, 91873, 1, 0
1192022, 88108, 1, 0
1194018, 83535, 1, 0
1196022, 87836, 1, 0
1198018, 88406, 1, 0
1200000, 86776, 1, 0
