2000, 37208, 1, 0
4000, 21189, 1, 0
6000, 10047, 1, 0
8000, 13224, 1, 0
10000, 13545, 1, 0
12000, 13455, 1, 0
14000, 14145, 1, 0
16000, 14167, 1, 0
18000, 14887, 1, 0
20000, 14246, 1, 0
22000, 14589, 1, 0
24000, 13401, 1, 0
26000, 14880, 1, 0
28000, 14152, 1, 0
30000, 14519, 1, 0
32000, 15473, 1, 0
34000, 14195, 1, 0
36000, 14695, 1, 0
38000, 13256, 1, 0
40000, 15346, 1, 0
42000, 16026, 1, 0
44000, 14722, 1, 0
46000, 14883, 1, 0
48000, 14573, 1, 0
50000, 14734, 1, 0
52000, 14177, 1, 0
54000, 15446, 1, 0
56000, 14115, 1, 0
58000, 14978, 1, 0
60000, 15025, 1, 0
62000, 14652, 1, 0
64000, 13812, 1, 0
66000, 14119, 1, 0
68000, 15358, 1, 0
70000, 15522, 1, 0
72000, 14832, 1, 0
74000, 15526, 1, 0
76000, 14704, 1, 0
78000, 14668, 1, 0
80000, 14222, 1, 0
82000, 14997, 1, 0
84000, 14917, 1, 0
86000, 14591, 1, 0
88001, 14762, 1, 0
90001, 9943, 1, 0
92000, 14147, 1, 0
94000, 14573, 1, 0
96000, 14920, 1, 0
98000, 14534, 1, 0
100000, 13968, 1, 0
102000, 14756, 1, 0
104000, 15112, 1, 0
106000, 14934, 1, 0
108000, 14811, 1, 0
110000, 14353, 1, 0
112000, 14763, 1, 0
114000, 15137, 1, 0
116000, 15076, 1, 0
118000, 14355, 1, 0
120000, 13821, 1, 0
122000, 15332, 1, 0
124000, 11102, 1, 0
126000, 13374, 1, 0
128000, 13550, 1, 0
130000, 16104, 1, 0
132000, 14313, 1, 0
134000, 14910, 1, 0
136000, 14376, 1, 0
138000, 14799, 1, 0
140000, 14408, 1, 0
142000, 15296, 1, 0
144000, 14184, 1, 0
146000, 15181, 1, 0
148000, 14461, 1, 0
150000, 14758, 1, 0
152000, 15139, 1, 0
154000, 14385, 1, 0
156000, 14163, 1, 0
158000, 15541, 1, 0
160000, 13682, 1, 0
162000, 14986, 1, 0
164000, 15023, 1, 0
166000, 13790, 1, 0
168000, 16539, 1, 0
170000, 13134, 1, 0
172000, 15268, 1, 0
174000, 15506, 1, 0
176000, 14598, 1, 0
178000, 14905, 1, 0
180001, 14459, 1, 0
182000, 15107, 1, 0
184000, 14296, 1, 0
186000, 14206, 1, 0
188000, 13749, 1, 0
190000, 9633, 1, 0
192001, 14676, 1, 0
194001, 13013, 1, 0
196000, 15010, 1, 0
198000, 14113, 1, 0
200000, 13495, 1, 0
202000, 15230, 1, 0
204000, 13245, 1, 0
206000, 15093, 1, 0
208000, 13957, 1, 0
210000, 13756, 1, 0
212000, 14836, 1, 0
214000, 13848, 1, 0
216000, 14106, 1, 0
218000, 14109, 1, 0
220000, 14028, 1, 0
222000, 14526, 1, 0
224000, 13206, 1, 0
226000, 15174, 1, 0
228000, 14546, 1, 0
230001, 14325, 1, 0
232000, 13434, 1, 0
234001, 14184, 1, 0
236000, 13338, 1, 0
238001, 14786, 1, 0
240000, 14312, 1, 0
242000, 14418, 1, 0
244000, 13218, 1, 0
246001, 13931, 1, 0
248000, 9303, 1, 0
250000, 13144, 1, 0
252001, 14840, 1, 0
254000, 14554, 1, 0
256000, 14511, 1, 0
258001, 14583, 1, 0
260000, 13807, 1, 0
262000, 14363, 1, 0
264000, 14026, 1, 0
266000, 14341, 1, 0
268000, 14097, 1, 0
270000, 13933, 1, 0
272000, 14171, 1, 0
274000, 14178, 1, 0
276000, 13657, 1, 0
278000, 14738, 1, 0
280000, 13637, 1, 0
282000, 14636, 1, 0
284000, 13150, 1, 0
286000, 13148, 1, 0
288000, 16286, 1, 0
290001, 14375, 1, 0
292000, 13600, 1, 0
294000, 14305, 1, 0
296000, 14465, 1, 0
298000, 13801, 1, 0
300000, 8928, 1, 0
302000, 13968, 1, 0
304000, 14014, 1, 0
306000, 14039, 1, 0
308000, 14476, 1, 0
310000, 13137, 1, 0
312000, 9668, 1, 0
314000, 13609, 1, 0
316000, 14165, 1, 0
318000, 13772, 1, 0
320000, 15258, 1, 0
322000, 13658, 1, 0
324000, 13842, 1, 0
326000, 14355, 1, 0
328000, 14365, 1, 0
330000, 13725, 1, 0
332000, 14018, 1, 0
334000, 11496, 1, 0
336000, 12941, 1, 0
338000, 14088, 1, 0
340000, 10035, 1, 0
342000, 12981, 1, 0
344000, 13532, 1, 0
346000, 14127, 1, 0
348000, 9922, 1, 0
350000, 13401, 1, 0
352000, 12894, 1, 0
354000, 14474, 1, 0
356000, 14280, 1, 0
358000, 13814, 1, 0
360000, 14446, 1, 0
362000, 13875, 1, 0
364000, 13910, 1, 0
366001, 14844, 1, 0
368001, 9106, 1, 0
370000, 12993, 1, 0
372000, 14134, 1, 0
374001, 14163, 1, 0
376000, 13841, 1, 0
378000, 14198, 1, 0
380000, 14507, 1, 0
382000, 14147, 1, 0
384000, 13054, 1, 0
386000, 11657, 1, 0
388000, 10437, 1, 0
390000, 9744, 1, 0
392000, 13388, 1, 0
394000, 13640, 1, 0
396000, 14407, 1, 0
398000, 13838, 1, 0
400000, 14207, 1, 0
402000, 9375, 1, 0
404000, 13306, 1, 0
406000, 13621, 1, 0
408000, 13004, 1, 0
410000, 9987, 1, 0
412000, 13806, 1, 0
414000, 13974, 1, 0
416000, 6824, 1, 0
418000, 16083, 1, 0
420000, 6422, 1, 0
422000, 16173, 1, 0
424000, 14068, 1, 0
426000, 13711, 1, 0
428000, 14676, 1, 0
430000, 9654, 1, 0
432000, 13266, 1, 0
434000, 13632, 1, 0
436000, 12826, 1, 0
438000, 10555, 1, 0
440000, 13558, 1, 0
442000, 13558, 1, 0
444000, 14311, 1, 0
446000, 14283, 1, 0
448000, 13805, 1, 0
450000, 13938, 1, 0
452000, 13084, 1, 0
454000, 13544, 1, 0
456000, 13999, 1, 0
458000, 14077, 1, 0
460000, 13150, 1, 0
462000, 14428, 1, 0
464000, 12926, 1, 0
466000, 14338, 1, 0
468000, 13823, 1, 0
470000, 12934, 1, 0
472000, 9977, 1, 0
474000, 11959, 1, 0
476000, 12735, 1, 0
478000, 13759, 1, 0
480000, 9617, 1, 0
482000, 10586, 1, 0
484000, 9985, 1, 0
486000, 13393, 1, 0
488000, 10135, 1, 0
490000, 11757, 1, 0
492000, 13644, 1, 0
494000, 8541, 1, 0
496000, 13040, 1, 0
498000, 13049, 1, 0
500000, 14192, 1, 0
502000, 13993, 1, 0
504000, 13762, 1, 0
506000, 13719, 1, 0
508000, 13866, 1, 0
510000, 12336, 1, 0
512000, 13911, 1, 0
514000, 14197, 1, 0
516000, 14101, 1, 0
518000, 10935, 1, 0
520000, 10362, 1, 0
522000, 13474, 1, 0
524000, 9290, 1, 0
526000, 12955, 1, 0
528000, 13591, 1, 0
530000, 8974, 1, 0
532000, 12243, 1, 0
534000, 8972, 1, 0
536000, 12927, 1, 0
538000, 8691, 1, 0
540000, 10627, 1, 0
542000, 10006, 1, 0
544000, 8560, 1, 0
546000, 3435, 1, 0
548000, 4327, 1, 0
550000, 8651, 1, 0
552000, 11977, 1, 0
554000, 13156, 1, 0
556000, 12623, 1, 0
558000, 13526, 1, 0
560000, 13336, 1, 0
562000, 12799, 1, 0
564000, 13978, 1, 0
566000, 13449, 1, 0
568000, 14206, 1, 0
570000, 13441, 1, 0
572000, 12502, 1, 0
574000, 14180, 1, 0
576000, 13418, 1, 0
578000, 13734, 1, 0
580000, 13291, 1, 0
582000, 14116, 1, 0
584000, 14158, 1, 0
586000, 13489, 1, 0
588000, 13649, 1, 0
590000, 13628, 1, 0
592000, 13891, 1, 0
594000, 13182, 1, 0
596000, 13933, 1, 0
598000, 13747, 1, 0
600000, 13900, 1, 0
602000, 14101, 1, 0
604000, 13879, 1, 0
606000, 13695, 1, 0
608000, 14183, 1, 0
610000, 13950, 1, 0
612000, 13475, 1, 0
614000, 13980, 1, 0
616000, 13582, 1, 0
618000, 14253, 1, 0
620000, 14093, 1, 0
622000, 13531, 1, 0
624000, 13671, 1, 0
626000, 13720, 1, 0
628000, 7703, 1, 0
630000, 13967, 1, 0
632001, 11625, 1, 0
634000, 14747, 1, 0
636001, 11047, 1, 0
638000, 7001, 1, 0
640000, 11889, 1, 0
642000, 13421, 1, 0
644001, 13283, 1, 0
646000, 13394, 1, 0
648000, 13824, 1, 0
650000, 13903, 1, 0
652000, 12780, 1, 0
654000, 13113, 1, 0
656000, 14664, 1, 0
658000, 13831, 1, 0
660000, 13586, 1, 0
662000, 12867, 1, 0
664000, 14415, 1, 0
666000, 13429, 1, 0
668000, 13475, 1, 0
670000, 13596, 1, 0
672000, 13922, 1, 0
674000, 13378, 1, 0
676000, 13360, 1, 0
678000, 13975, 1, 0
680000, 13493, 1, 0
682000, 13473, 1, 0
684000, 8296, 1, 0
686000, 8878, 1, 0
688000, 13156, 1, 0
690000, 13979, 1, 0
692000, 13771, 1, 0
694000, 13480, 1, 0
696000, 12869, 1, 0
698000, 14264, 1, 0
700000, 13532, 1, 0
702000, 13131, 1, 0
704000, 14152, 1, 0
706000, 13485, 1, 0
708000, 13739, 1, 0
710000, 13049, 1, 0
712000, 13272, 1, 0
714000, 14536, 1, 0
716000, 13661, 1, 0
718000, 13715, 1, 0
720000, 12672, 1, 0
722000, 13934, 1, 0
724000, 13188, 1, 0
726000, 11731, 1, 0
728000, 11533, 1, 0
730000, 6043, 1, 0
732000, 12943, 1, 0
734000, 14483, 1, 0
736000, 13904, 1, 0
738000, 12891, 1, 0
740000, 14179, 1, 0
742000, 13836, 1, 0
744000, 13682, 1, 0
746000, 9403, 1, 0
748000, 9199, 1, 0
750000, 11547, 1, 0
752000, 13409, 1, 0
754000, 13899, 1, 0
756000, 12917, 1, 0
758000, 14048, 1, 0
760000, 8859, 1, 0
762000, 13064, 1, 0
764000, 13770, 1, 0
766000, 13528, 1, 0
768000, 13181, 1, 0
770000, 10129, 1, 0
772000, 12144, 1, 0
774001, 13232, 1, 0
776000, 13697, 1, 0
778000, 13447, 1, 0
780000, 13340, 1, 0
782000, 13686, 1, 0
784000, 13300, 1, 0
786000, 14409, 1, 0
788000, 13229, 1, 0
790000, 13496, 1, 0
792000, 14030, 1, 0
794000, 13661, 1, 0
796000, 14061, 1, 0
798000, 13650, 1, 0
800000, 13294, 1, 0
802000, 11575, 1, 0
804000, 5563, 1, 0
806000, 7304, 1, 0
808000, 11871, 1, 0
810000, 13363, 1, 0
812000, 13979, 1, 0
814000, 13212, 1, 0
816000, 14270, 1, 0
818000, 9534, 1, 0
820000, 13035, 1, 0
822000, 13180, 1, 0
824000, 13243, 1, 0
826000, 13086, 1, 0
828000, 13430, 1, 0
830000, 13305, 1, 0
832000, 13233, 1, 0
834000, 13648, 1, 0
836000, 13731, 1, 0
838000, 13081, 1, 0
840000, 13883, 1, 0
842001, 13777, 1, 0
844001, 13479, 1, 0
846001, 13502, 1, 0
848001, 13234, 1, 0
850000, 14387, 1, 0
852000, 12863, 1, 0
854000, 14586, 1, 0
856000, 13786, 1, 0
858000, 13338, 1, 0
860000, 11677, 1, 0
862000, 11761, 1, 0
864000, 12661, 1, 0
866000, 10734, 1, 0
868000, 11308, 1, 0
870000, 11000, 1, 0
872000, 6464, 1, 0
874000, 11352, 1, 0
876000, 13833, 1, 0
878000, 13632, 1, 0
880000, 13394, 1, 0
882000, 12987, 1, 0
884000, 14286, 1, 0
886000, 10767, 1, 0
888000, 11361, 1, 0
890000, 13723, 1, 0
892000, 13860, 1, 0
894000, 10423, 1, 0
896000, 5947, 1, 0
898000, 13712, 1, 0
900000, 13296, 1, 0
902000, 13623, 1, 0
904000, 13575, 1, 0
906000, 13838, 1, 0
908000, 13528, 1, 0
910000, 9441, 1, 0
912001, 11075, 1, 0
914000, 14973, 1, 0
916000, 13249, 1, 0
918000, 12947, 1, 0
920000, 14648, 1, 0
922000, 13304, 1, 0
924000, 13481, 1, 0
926000, 13947, 1, 0
928000, 10324, 1, 0
930000, 12562, 1, 0
932000, 8484, 1, 0
934000, 12165, 1, 0
936000, 13257, 1, 0
938000, 13352, 1, 0
940000, 10685, 1, 0
942000, 11939, 1, 0
944000, 11295, 1, 0
946000, 10059, 1, 0
948000, 11884, 1, 0
950000, 13848, 1, 0
952000, 12332, 1, 0
954000, 8840, 1, 0
956000, 13409, 1, 0
958000, 12820, 1, 0
960000, 13928, 1, 0
962000, 13316, 1, 0
964000, 14632, 1, 0
966000, 13482, 1, 0
968000, 13388, 1, 0
970000, 12572, 1, 0
972000, 14519, 1, 0
974000, 9856, 1, 0
976000, 13806, 1, 0
978000, 11949, 1, 0
980000, 9831, 1, 0
982000, 12703, 1, 0
984000, 10397, 1, 0
986000, 11436, 1, 0
988000, 13459, 1, 0
990000, 12450, 1, 0
992000, 9649, 1, 0
994000, 12861, 1, 0
996000, 13655, 1, 0
998000, 9477, 1, 0
1000000, 12369, 1, 0
1002000, 12659, 1, 0
1004000, 8953, 1, 0
1006000, 12501, 1, 0
1008000, 13166, 1, 0
1010000, 13938, 1, 0
1012000, 13382, 1, 0
1014000, 12268, 1, 0
1016000, 12236, 1, 0
1018000, 11555, 1, 0
1020000, 12089, 1, 0
1022000, 10481, 1, 0
1024000, 13015, 1, 0
1026000, 12927, 1, 0
1028000, 13100, 1, 0
1030000, 9323, 1, 0
1032000, 13632, 1, 0
1034000, 8041, 1, 0
1036000, 11944, 1, 0
1038000, 13069, 1, 0
1040000, 9898, 1, 0
1042000, 9137, 1, 0
1044000, 11315, 1, 0
1046000, 13226, 1, 0
1048000, 12547, 1, 0
1050000, 10275, 1, 0
1052000, 12919, 1, 0
1054000, 12603, 1, 0
1056000, 3363, 1, 0
1058000, 12494, 1, 0
1060000, 12504, 1, 0
1062000, 13257, 1, 0
1064000, 10958, 1, 0
1066000, 12471, 1, 0
1068000, 12249, 1, 0
1070000, 7650, 1, 0
1072000, 12602, 1, 0
1074000, 9994, 1, 0
1076000, 12623, 1, 0
1078000, 12441, 1, 0
1080000, 13306, 1, 0
1082000, 9726, 1, 0
1084000, 8478, 1, 0
1086000, 12296, 1, 0
1088000, 12728, 1, 0
1090000, 8880, 1, 0
1092000, 12585, 1, 0
1094000, 12841, 1, 0
1096000, 13041, 1, 0
1098000, 10764, 1, 0
1100000, 11260, 1, 0
1102000, 13006, 1, 0
1104000, 12756, 1, 0
1106000, 9850, 1, 0
1108000, 12145, 1, 0
1110000, 11657, 1, 0
1112000, 10661, 1, 0
1114000, 10754, 1, 0
1116000, 9683, 1, 0
1118000, 13139, 1, 0
1120000, 10536, 1, 0
1122000, 10101, 1, 0
1124000, 2886, 1, 0
1126000, 11128, 1, 0
1128000, 8705, 1, 0
1130000, 7822, 1, 0
1132000, 11302, 1, 0
1134000, 13164, 1, 0
1136000, 5399, 1, 0
1138000, 7412, 1, 0
1140000, 6877, 1, 0
1142000, 11275, 1, 0
1144000, 10970, 1, 0
1146000, 11071, 1, 0
1148000, 11280, 1, 0
1150000, 7665, 1, 0
1152000, 3796, 1, 0
1154000, 10155, 1, 0
1156000, 11263, 1, 0
1158000, 2122, 1, 0
1160000, 8213, 1, 0
1162000, 7148, 1, 0
1164000, 2498, 1, 0
1166000, 7242, 1, 0
1168000, 11962, 1, 0
1170000, 9853, 1, 0
1172000, 8474, 1, 0
1174000, 8618, 1, 0
1176000, 11518, 1, 0
1178000, 10742, 1, 0
1180000, 12442, 1, 0
1182000, 11835, 1, 0
1184000, 11596, 1, 0
1186000, 11193, 1, 0
1188000, 11313, 1, 0
1190000, 11944, 1, 0
1192000, 11433, 1, 0
1194000, 11325, 1, 0
1196000, 11224, 1, 0
1198000, 11475, 1, 0
