 2325
 2548
 2684
 2913
 3426
 3437
 3693
 5513
 5715
 5778
 5819
 5872
 6744
 6771
 7121
 7222
 7243
 7262
 7307
 7351
 7786
 7881
 7903
 8092
 8206
 8222
 8246
 8292
 8380
 8386
 8419
 8470
 8530
 8530
 8573
 8788
 8820
 8904
 8952
 8990
 9022
 9028
 9036
 9055
 9055
 9162
 9163
 9184
 9186
 9190
 9206
 9465
 9512
 9547
 9551
 9590
 9595
 9657
 9713
 9724
 9772
 9784
 9791
 9803
 9812
 9813
 9902
 9943
 9968
 9995
 10023
 10045
 10056
 10064
 10098
 10099
 10102
 10140
 10189
 10190
 10205
 10212
 10234
 10308
 10323
 10370
 10489
 10514
 10519
 10559
 10570
 10593
 10594
 10605
 10616
 10640
 10650
 10665
 10713
 10749
 10804
 10811
 10846
 10873
 10885
 10914
 10956
 11038
 11059
 11085
 11111
 11141
 11194
 11198
 11198
 11224
 11236
 11238
 11245
 11284
 11315
 11358
 11393
 11408
 11411
 11423
 11428
 11512
 11551
 11586
 11603
 11625
 11635
 11677
 11729
 11730
 11760
 11774
 11778
 11860
 11871
 11893
 11904
 11906
 11939
 11978
 11988
 12021
 12058
 12059
 12065
 12066
 12080
 12082
 12090
 12137
 12178
 12182
 12182
 12206
 12221
 12238
 12238
 12244
 12270
 12271
 12286
 12294
 12359
 12366
 12370
 12396
 12427
 12455
 12471
 12478
 12481
 12499
 12505
 12516
 12523
 12527
 12533
 12535
 12539
 12564
 12566
 12567
 12584
 12591
 12616
 12634
 12683
 12688
 12695
 12704
 12707
 12709
 12713
 12717
 12736
 12746
 12752
 12759
 12787
 12808
 12815
 12843
 12871
 12875
 12882
 12885
 12891
 12914
 12928
 12942
 12947
 12953
 12953
 12960
 12999
 13006
 13010
 13021
 13022
 13037
 13040
 13044
 13045
 13054
 13058
 13078
 13092
 13094
 13095
 13097
 13108
 13122
 13127
 13134
 13134
 13166
 13167
 13169
 13176
 13177
 13184
 13191
 13201
 13206
 13209
 13210
 13213
 13228
 13233
 13252
 13259
 13260
 13274
 13281
 13282
 13291
 13303
 13305
 13307
 13308
 13311
 13312
 13312
 13312
 13315
 13316
 13317
 13333
 13336
 13341
 13345
 13345
 13369
 13370
 13381
 13382
 13389
 13392
 13393
 13395
 13398
 13402
 13406
 13416
 13420
 13427
 13430
 13434
 13439
 13441
 13450
 13460
 13468
 13469
 13470
 13475
 13478
 13479
 13483
 13489
 13493
 13501
 13512
 13515
 13524
 13529
 13531
 13532
 13532
 13535
 13540
 13540
 13542
 13543
 13546
 13552
 13561
 13564
 13571
 13580
 13583
 13583
 13588
 13593
 13595
 13606
 13607
 13611
 13614
 13618
 13622
 13622
 13624
 13627
 13629
 13630
 13630
 13650
 13652
 13659
 13660
 13660
 13660
 13660
 13674
 13675
 13677
 13678
 13686
 13692
 13695
 13700
 13708
 13712
 13713
 13713
 13716
 13718
 13725
 13733
 13736
 13742
 13751
 13764
 13765
 13765
 13769
 13769
 13785
 13791
 13795
 13798
 13801
 13802
 13803
 13803
 13806
 13809
 13810
 13814
 13816
 13820
 13821
 13823
 13825
 13830
 13830
 13844
 13851
 13857
 13865
 13867
 13868
 13877
 13879
 13879
 13880
 13882
 13895
 13904
 13905
 13918
 13922
 13924
 13929
 13933
 13935
 13945
 13949
 13951
 13960
 13962
 13963
 13964
 13968
 13971
 13985
 13988
 13996
 13996
 14003
 14014
 14017
 14019
 14020
 14020
 14024
 14044
 14045
 14052
 14054
 14054
 14065
 14066
 14069
 14070
 14096
 14098
 14112
 14119
 14122
 14122
 14126
 14127
 14128
 14129
 14129
 14130
 14135
 14148
 14150
 14161
 14176
 14177
 14182
 14190
 14191
 14192
 14196
 14201
 14208
 14215
 14218
 14229
 14244
 14248
 14252
 14256
 14257
 14269
 14275
 14300
 14306
 14310
 14324
 14335
 14344
 14349
 14349
 14363
 14367
 14369
 14389
 14394
 14403
 14407
 14408
 14413
 14419
 14432
 14433
 14442
 14443
 14459
 14463
 14466
 14469
 14470
 14475
 14478
 14490
 14491
 14496
 14499
 14507
 14515
 14524
 14536
 14536
 14537
 14541
 14547
 14564
 14566
 14577
 14588
 14599
 14609
 14616
 14619
 14628
 14658
 14667
 14669
 14685
 14697
 14707
 14713
 14728
 14734
 14743
 14754
 14759
 14761
 14762
 14770
 14771
 14779
 14782
 14785
 14798
 14818
 14826
 14829
 14836
 14840
 14855
 14867
 14890
 14894
 14900
 14901
 14923
 14929
 14929
 14941
 14951
 14970
 14986
 15000
 15002
 15009
 15018
 15034
 15068
 15099
 15109
 15121
 15140
 15172
 15173
 15177
 15192
 15200
 15202
 15243
 15243
 15293
 15408
 15634
 15644
 15756
 15790
 15901
 15993
 16143
 16208
 16249
 16261
 16319
 16381
 19802
 37745
