 26133
 50210
 60866
 60990
 61184
 61409
 61497
 61832
 61835
 61941
 62136
 62517
 63074
 63167
 63218
 63661
 64346
 64517
 64764
 64826
 64921
 65181
 65217
 65378
 65397
 65487
 65517
 65721
 65786
 65804
 65843
 65929
 65964
 66066
 66138
 66196
 66257
 66295
 66326
 66341
 66348
 66428
 66464
 66490
 66528
 66571
 66623
 66637
 66658
 66712
 66818
 66924
 66934
 66974
 66979
 67053
 67058
 67080
 67136
 67196
 67294
 67327
 67426
 67478
 67527
 67558
 67566
 67575
 67657
 67667
 67696
 67715
 67719
 67741
 67748
 67764
 67782
 67814
 67816
 67843
 67880
 67927
 67989
 67998
 68033
 68092
 68173
 68181
 68310
 68321
 68322
 68327
 68384
 68396
 68525
 68533
 68542
 68599
 68633
 68663
 68703
 68747
 68763
 68809
 68830
 68842
 68877
 68883
 68980
 68984
 68985
 68989
 69094
 69130
 69135
 69237
 69238
 69240
 69256
 69287
 69348
 69403
 69421
 69444
 69445
 69511
 69545
 69554
 69576
 69593
 69634
 69641
 69655
 69696
 69762
 69765
 69795
 69797
 69801
 69852
 69861
 69865
 69867
 69880
 70061
 70064
 70078
 70232
 70253
 70274
 70322
 70380
 70503
 70515
 70541
 70568
 70570
 70670
 70670
 70687
 70688
 70720
 70727
 70748
 70749
 70765
 70768
 70825
 70876
 70895
 70922
 70925
 71051
 71070
 71104
 71142
 71164
 71170
 71181
 71191
 71245
 71248
 71263
 71293
 71335
 71382
 71402
 71406
 71443
 71454
 71469
 71493
 71497
 71531
 71540
 71553
 71555
 71569
 71594
 71658
 71667
 71672
 71694
 71707
 71727
 71755
 71813
 71825
 71827
 71830
 71920
 71936
 71972
 71982
 71994
 72060
 72074
 72087
 72102
 72109
 72112
 72129
 72156
 72162
 72163
 72212
 72223
 72239
 72264
 72296
 72301
 72304
 72376
 72381
 72385
 72398
 72417
 72420
 72443
 72477
 72527
 72565
 72572
 72585
 72635
 72638
 72642
 72715
 72722
 72744
 72750
 72774
 72791
 72806
 72807
 72841
 72873
 72876
 72878
 72920
 72955
 72962
 72967
 72974
 73024
 73042
 73042
 73058
 73075
 73094
 73113
 73121
 73129
 73180
 73211
 73232
 73238
 73301
 73324
 73351
 73361
 73363
 73367
 73376
 73391
 73402
 73466
 73476
 73491
 73528
 73549
 73567
 73582
 73582
 73603
 73635
 73648
 73678
 73698
 73727
 73749
 73783
 73785
 73787
 73810
 73854
 73913
 73928
 73931
 73970
 73970
 74005
 74060
 74083
 74120
 74219
 74262
 74270
 74318
 74330
 74338
 74372
 74376
 74388
 74442
 74477
 74494
 74583
 74589
 74636
 74637
 74735
 74774
 74777
 74890
 74982
 75055
 75118
 75143
 75197
 75226
 75227
 75235
 75250
 75269
 75275
 75286
 75333
 75338
 75356
 75416
 75481
 75562
 75596
 75598
 75628
 75642
 75645
 75661
 75857
 75860
 75887
 75943
 76046
 76062
 76109
 76114
 76266
 76308
 76310
 76329
 76332
 76345
 76364
 76493
 76530
 76561
 76706
 76740
 76907
 76912
 76950
 76961
 76967
 77027
 77042
 77117
 77371
 77372
 77380
 77396
 77453
 77460
 77524
 77793
 77848
 77863
 77864
 78014
 78106
 78172
 78176
 78231
 78339
 78432
 78456
 78499
 78540
 78769
 78891
 79009
 79046
 79126
 79154
 79163
 79182
 79211
 79241
 79280
 79441
 79564
 79717
 79747
 79749
 79762
 79821
 79833
 80005
 80247
 80280
 80349
 80367
 80745
 80891
 80929
 81039
 81141
 81172
 81524
 81608
 81639
 81665
 81690
 81803
 81954
 81959
 82186
 82290
 82322
 82423
 82527
 82716
 82741
 82822
 82856
 82973
 83396
 83445
 83543
 83547
 83581
 83953
 84068
 84296
 84591
 84800
 84920
 85015
 85398
 85580
 85746
 86331
 86543
 86763
 86834
 87321
 87335
 87458
 87740
 87884
 88163
 88265
 88458
 88643
 88789
 88840
 88899
 88932
 89272
 89317
 89356
 90150
 90662
 90785
 90828
 91415
 91492
 91923
 92256
 92427
 93331
 93385
 93519
 93539
 93985
 94067
 94284
 94315
 94473
 94728
 94931
 95135
 96065
 96216
 96488
 96623
 96803
 97320
 97548
 97683
 98124
 98486
 98637
 98947
 99266
 99376
 99445
 99813
 100072
 100181
 100191
 100262
 100576
 101110
 101215
 101520
 101812
 102243
 103117
 103380
 103869
 103980
 104031
 104560
 104693
 104925
 105657
 107639
 108114
 108314
 108690
 108707
 109228
 109405
 109413
 110493
 110694
 110900
 110964
 112159
 113146
 113270
 113420
 113908
 116041
 116277
 117272
 117416
 118465
 118738
 119066
 120547
 120962
 122292
 124352
 125775
 127090
 127492
 129493
 130341
 135955
 136785
 137125
 137583
 138356
 140887
 146479
 147827
 159159
 165002
 170474
 170917
 174959
 192287
 262993
 291345
 292918
 336794
 374415
 389805
