2000, 38957, 1, 0
4000, 33565, 1, 0
6000, 62638, 1, 0
8000, 67018, 1, 0
10001, 67028, 1, 0
12000, 73463, 1, 0
14007, 63025, 1, 0
16023, 62193, 1, 0
18000, 61616, 1, 0
20015, 63065, 1, 0
22000, 66799, 1, 0
24000, 58006, 1, 0
26015, 60606, 1, 0
28016, 64726, 1, 0
30012, 59661, 1, 0
32018, 62002, 1, 0
34000, 60827, 1, 0
36000, 59950, 1, 0
38024, 61554, 1, 0
40004, 60073, 1, 0
42010, 62667, 1, 0
44000, 59943, 1, 0
46008, 62046, 1, 0
48020, 66274, 1, 0
50000, 56865, 1, 0
52016, 70866, 1, 0
54000, 53713, 1, 0
56004, 57917, 1, 0
58020, 63550, 1, 0
60000, 58174, 1, 0
62016, 64680, 1, 0
64016, 58395, 1, 0
66004, 57436, 1, 0
68028, 61368, 1, 0
70008, 60707, 1, 0
72000, 64512, 1, 0
74012, 59372, 1, 0
76024, 61517, 1, 0
78004, 64121, 1, 0
80012, 62577, 1, 0
82000, 56426, 1, 0
84000, 61379, 1, 0
86016, 61326, 1, 0
88000, 64249, 1, 0
90000, 64163, 1, 0
92008, 62327, 1, 0
94024, 53670, 1, 0
96004, 61998, 1, 0
98000, 60876, 1, 0
100000, 68045, 1, 0
102000, 59840, 1, 0
104028, 55550, 1, 0
106004, 70358, 1, 0
108000, 54200, 1, 0
110008, 61016, 1, 0
112020, 61118, 1, 0
114000, 61726, 1, 0
116000, 59716, 1, 0
118028, 62535, 1, 0
120001, 59771, 1, 0
122012, 61947, 1, 0
124012, 65602, 1, 0
126000, 56293, 1, 0
128028, 64039, 1, 0
130012, 57115, 1, 0
132000, 65716, 1, 0
134000, 57104, 1, 0
136004, 65134, 1, 0
138024, 57614, 1, 0
140008, 63176, 1, 0
142008, 58497, 1, 0
144012, 62630, 1, 0
146000, 58963, 1, 0
148018, 60809, 1, 0
150028, 63159, 1, 0
152000, 64645, 1, 0
154005, 59955, 1, 0
156029, 58958, 1, 0
158000, 60951, 1, 0
160004, 62667, 1, 0
162013, 58714, 1, 0
164000, 63558, 1, 0
166025, 60269, 1, 0
168000, 61956, 1, 0
170001, 60223, 1, 0
172000, 65016, 1, 0
174005, 59877, 1, 0
176000, 67173, 1, 0
178000, 56973, 1, 0
180055, 65496, 1, 0
182025, 56719, 1, 0
184025, 63775, 1, 0
186000, 63897, 1, 0
188000, 62512, 1, 0
190005, 61263, 1, 0
192005, 59540, 1, 0
194013, 64267, 1, 0
196029, 64775, 1, 0
198009, 57790, 1, 0
200009, 66729, 1, 0
202025, 57147, 1, 0
204000, 69068, 1, 0
206009, 57319, 1, 0
208013, 63288, 1, 0
210000, 65672, 1, 0
212000, 57158, 1, 0
214021, 61592, 1, 0
216000, 67899, 1, 0
218034, 65167, 1, 0
220000, 54375, 1, 0
222013, 61817, 1, 0
224000, 66236, 1, 0
226013, 61149, 1, 0
228014, 62746, 1, 0
230037, 70887, 1, 0
232029, 55072, 1, 0
234000, 68022, 1, 0
236005, 61841, 1, 0
238000, 56484, 1, 0
240005, 64979, 1, 0
242013, 60205, 1, 0
244041, 63922, 1, 0
246000, 64329, 1, 0
248013, 59141, 1, 0
250009, 63034, 1, 0
252021, 61512, 1, 0
254029, 62443, 1, 0
256000, 64827, 1, 0
258000, 63834, 1, 0
260000, 62464, 1, 0
262009, 58675, 1, 0
264000, 66875, 1, 0
266000, 60130, 1, 0
268000, 61099, 1, 0
270041, 62992, 1, 0
272000, 62413, 1, 0
274107, 65411, 1, 0
276013, 59478, 1, 0
278013, 62944, 1, 0
280013, 63409, 1, 0
282009, 64568, 1, 0
284009, 59732, 1, 0
286000, 62239, 1, 0
288001, 59489, 1, 0
290009, 65863, 1, 0
292000, 60098, 1, 0
294022, 62509, 1, 0
296014, 65796, 1, 0
298018, 64152, 1, 0
300000, 60994, 1, 0
302022, 60390, 1, 0
304019, 60545, 1, 0
306000, 63749, 1, 0
308003, 60068, 1, 0
310007, 65741, 1, 0
312027, 61831, 1, 0
314004, 64930, 1, 0
316000, 63984, 1, 0
318028, 57245, 1, 0
320000, 64744, 1, 0
322016, 66468, 1, 0
324000, 58366, 1, 0
326028, 70898, 1, 0
328004, 60650, 1, 0
330004, 58135, 1, 0
332000, 67184, 1, 0
334044, 60260, 1, 0
336013, 60419, 1, 0
338013, 64521, 1, 0
340000, 63351, 1, 0
342005, 64541, 1, 0
344021, 62362, 1, 0
346021, 64229, 1, 0
348000, 65749, 1, 0
350010, 67330, 1, 0
352000, 67762, 1, 0
354002, 54521, 1, 0
356000, 66506, 1, 0
358010, 65130, 1, 0
360034, 56529, 1, 0
362038, 66057, 1, 0
364000, 56432, 1, 0
366026, 65670, 1, 0
368006, 62304, 1, 0
370000, 62485, 1, 0
372000, 61175, 1, 0
374000, 64670, 1, 0
376047, 63586, 1, 0
378003, 64967, 1, 0
380035, 65707, 1, 0
382007, 57499, 1, 0
384000, 60608, 1, 0
386031, 62299, 1, 0
388000, 62830, 1, 0
390007, 68969, 1, 0
392019, 58450, 1, 0
394070, 76378, 1, 0
396001, 60057, 1, 0
398012, 61099, 1, 0
400004, 62056, 1, 0
402016, 65192, 1, 0
404000, 62293, 1, 0
406000, 64480, 1, 0
408016, 71453, 1, 0
410004, 58595, 1, 0
412016, 64304, 1, 0
414000, 62397, 1, 0
416000, 63601, 1, 0
418000, 66015, 1, 0
420016, 60485, 1, 0
422020, 66530, 1, 0
424008, 61984, 1, 0
426020, 64826, 1, 0
428000, 63606, 1, 0
430024, 65519, 1, 0
432001, 64167, 1, 0
434005, 65047, 1, 0
436001, 63177, 1, 0
438000, 62770, 1, 0
440005, 63790, 1, 0
442013, 66892, 1, 0
444009, 63079, 1, 0
446017, 64295, 1, 0
448021, 65171, 1, 0
450000, 62953, 1, 0
452001, 63737, 1, 0
454007, 66923, 1, 0
456000, 62484, 1, 0
458000, 65299, 1, 0
460001, 65146, 1, 0
462000, 61173, 1, 0
464021, 65894, 1, 0
466000, 65717, 1, 0
468017, 69988, 1, 0
470005, 64021, 1, 0
472000, 57776, 1, 0
474021, 64590, 1, 0
476026, 65660, 1, 0
478014, 66427, 1, 0
480000, 60211, 1, 0
482022, 64402, 1, 0
484026, 66029, 1, 0
486046, 66860, 1, 0
488000, 61118, 1, 0
490006, 67505, 1, 0
492038, 65019, 1, 0
494000, 62198, 1, 0
496001, 68407, 1, 0
498138, 66559, 1, 0
500006, 62447, 1, 0
502010, 62318, 1, 0
504002, 65558, 1, 0
506010, 64234, 1, 0
508034, 65865, 1, 0
510000, 66477, 1, 0
512010, 64219, 1, 0
514006, 61975, 1, 0
516006, 67017, 1, 0
518026, 64594, 1, 0
520010, 65230, 1, 0
522042, 64264, 1, 0
524022, 63645, 1, 0
526031, 74091, 1, 0
528000, 64228, 1, 0
530003, 66047, 1, 0
532011, 69300, 1, 0
534000, 54486, 1, 0
536007, 68378, 1, 0
538000, 61135, 1, 0
540019, 65772, 1, 0
542011, 67079, 1, 0
544074, 66480, 1, 0
546003, 60403, 1, 0
548003, 62423, 1, 0
550000, 67160, 1, 0
552005, 70143, 1, 0
554000, 64497, 1, 0
556011, 68032, 1, 0
558023, 62382, 1, 0
560000, 63303, 1, 0
562019, 67175, 1, 0
564000, 65910, 1, 0
566027, 65682, 1, 0
568023, 75147, 1, 0
570023, 58064, 1, 0
572000, 63439, 1, 0
574000, 70394, 1, 0
576000, 69632, 1, 0
578031, 60494, 1, 0
580000, 64477, 1, 0
582019, 65163, 1, 0
584000, 69204, 1, 0
586039, 69628, 1, 0
588001, 58483, 1, 0
590020, 67708, 1, 0
592039, 64457, 1, 0
594000, 71990, 1, 0
596016, 63876, 1, 0
598028, 65301, 1, 0
600012, 59991, 1, 0
602016, 69048, 1, 0
604004, 65015, 1, 0
606000, 73651, 1, 0
608024, 58104, 1, 0
610108, 70849, 1, 0
612012, 61252, 1, 0
614000, 66485, 1, 0
616020, 68073, 1, 0
618000, 68969, 1, 0
620002, 67666, 1, 0
622012, 60677, 1, 0
624012, 65882, 1, 0
626017, 69409, 1, 0
628000, 64097, 1, 0
630032, 65641, 1, 0
632000, 69710, 1, 0
634000, 63624, 1, 0
636000, 69938, 1, 0
638004, 67287, 1, 0
640000, 60110, 1, 0
642008, 66188, 1, 0
644004, 67428, 1, 0
646000, 65038, 1, 0
648000, 68738, 1, 0
650000, 64335, 1, 0
652008, 67347, 1, 0
654004, 64644, 1, 0
656000, 65313, 1, 0
658000, 70750, 1, 0
660021, 66114, 1, 0
662021, 67270, 1, 0
664013, 71983, 1, 0
666001, 59832, 1, 0
668000, 64321, 1, 0
670009, 66371, 1, 0
672005, 66212, 1, 0
674000, 67298, 1, 0
676017, 68193, 1, 0
678000, 65747, 1, 0
680013, 67592, 1, 0
682013, 63973, 1, 0
684000, 66629, 1, 0
686000, 66383, 1, 0
688009, 72324, 1, 0
690000, 58690, 1, 0
692037, 72462, 1, 0
694001, 64251, 1, 0
696017, 67446, 1, 0
698005, 65113, 1, 0
700009, 70164, 1, 0
702030, 79458, 1, 0
704021, 64215, 1, 0
706005, 57125, 1, 0
708017, 68573, 1, 0
710013, 70334, 1, 0
712013, 62155, 1, 0
714000, 66539, 1, 0
716000, 68092, 1, 0
718000, 65335, 1, 0
720003, 63323, 1, 0
722000, 68135, 1, 0
724010, 65609, 1, 0
726026, 68420, 1, 0
728002, 67106, 1, 0
730006, 64183, 1, 0
732010, 66055, 1, 0
734002, 66780, 1, 0
736002, 68134, 1, 0
738000, 66429, 1, 0
740000, 73599, 1, 0
742014, 61050, 1, 0
744022, 71144, 1, 0
746003, 65561, 1, 0
748018, 69136, 1, 0
750038, 66170, 1, 0
752002, 65345, 1, 0
754005, 68933, 1, 0
756018, 68105, 1, 0
758046, 71237, 1, 0
760000, 65767, 1, 0
762006, 67590, 1, 0
764002, 65409, 1, 0
766026, 69753, 1, 0
768010, 69954, 1, 0
770000, 65400, 1, 0
772002, 72678, 1, 0
774010, 63848, 1, 0
776006, 68879, 1, 0
778018, 65590, 1, 0
780006, 66559, 1, 0
782026, 71993, 1, 0
784002, 65053, 1, 0
786006, 66816, 1, 0
788011, 67620, 1, 0
790000, 73678, 1, 0
792007, 63212, 1, 0
794000, 65959, 1, 0
796000, 70907, 1, 0
798007, 71884, 1, 0
800019, 70894, 1, 0
802000, 66139, 1, 0
804000, 62519, 1, 0
806031, 72635, 1, 0
808035, 65465, 1, 0
810000, 66795, 1, 0
812000, 69423, 1, 0
814000, 70551, 1, 0
816043, 67831, 1, 0
818000, 70685, 1, 0
820023, 68668, 1, 0
822000, 74587, 1, 0
824000, 59717, 1, 0
826015, 68947, 1, 0
828055, 71040, 1, 0
830010, 76412, 1, 0
832039, 67058, 1, 0
834000, 61482, 1, 0
836019, 70612, 1, 0
838015, 69036, 1, 0
840031, 65494, 1, 0
842000, 67985, 1, 0
844019, 69911, 1, 0
846000, 72761, 1, 0
848004, 70890, 1, 0
850004, 66001, 1, 0
852019, 66319, 1, 0
854000, 75412, 1, 0
856004, 66619, 1, 0
858044, 68381, 1, 0
860000, 67264, 1, 0
862012, 68042, 1, 0
864028, 75627, 1, 0
866000, 63199, 1, 0
868000, 75967, 1, 0
870012, 61762, 1, 0
872012, 69226, 1, 0
874016, 72047, 1, 0
876028, 69606, 1, 0
878004, 72017, 1, 0
880020, 68047, 1, 0
882008, 69617, 1, 0
884016, 68553, 1, 0
886000, 71737, 1, 0
888000, 74878, 1, 0
890000, 62924, 1, 0
892004, 75742, 1, 0
894008, 71538, 1, 0
896000, 65742, 1, 0
898008, 76442, 1, 0
900003, 64989, 1, 0
902016, 65600, 1, 0
904008, 68153, 1, 0
906043, 75291, 1, 0
908024, 66421, 1, 0
910004, 71338, 1, 0
912004, 71344, 1, 0
914021, 71778, 1, 0
916000, 70490, 1, 0
918000, 69716, 1, 0
920025, 73178, 1, 0
922031, 70874, 1, 0
924021, 73980, 1, 0
926017, 66315, 1, 0
928000, 71177, 1, 0
930013, 73347, 1, 0
932021, 70794, 1, 0
934005, 71058, 1, 0
936000, 64858, 1, 0
938005, 70838, 1, 0
940001, 69122, 1, 0
942000, 68541, 1, 0
944000, 70356, 1, 0
946005, 72743, 1, 0
948000, 69358, 1, 0
950008, 72892, 1, 0
952013, 67738, 1, 0
954000, 80882, 1, 0
956005, 69892, 1, 0
958000, 76490, 1, 0
960041, 77198, 1, 0
962033, 83940, 1, 0
964009, 73655, 1, 0
966001, 78846, 1, 0
968013, 80497, 1, 0
970009, 84331, 1, 0
972013, 82146, 1, 0
974000, 84413, 1, 0
976000, 85670, 1, 0
978022, 89474, 1, 0
980000, 136948, 1, 0
982043, 254487, 1, 0
984143, 373590, 1, 0
986026, 316998, 1, 0
988000, 388333, 1, 0
990006, 420089, 1, 0
992000, 503937, 1, 0
994008, 496701, 1, 0
996104, 366245, 1, 0
998036, 421464, 1, 0
1000026, 439401, 1, 0
1002003, 571902, 1, 0
1004000, 389085, 1, 0
1006002, 599731, 1, 0
1008032, 494472, 1, 0
1010013, 557596, 1, 0
1012028, 572166, 1, 0
1014027, 322492, 1, 0
1016028, 609423, 1, 0
1018037, 655363, 1, 0
1020015, 759712, 1, 0
1022000, 457422, 1, 0
1024001, 553151, 1, 0
1026018, 485727, 1, 0
1028015, 622962, 1, 0
1030011, 467013, 1, 0
1032039, 662434, 1, 0
1034000, 386366, 1, 0
1036126, 397553, 1, 0
1038071, 645702, 1, 0
1040126, 610790, 1, 0
1042029, 559645, 1, 0
1044025, 696913, 1, 0
1046096, 521365, 1, 0
1048128, 424152, 1, 0
1050074, 512276, 1, 0
1052014, 771418, 1, 0
1054005, 624833, 1, 0
1056023, 694403, 1, 0
1058020, 608994, 1, 0
1060022, 391938, 1, 0
1062091, 883914, 1, 0
1064025, 629814, 1, 0
1066023, 673829, 1, 0
1068073, 729054, 1, 0
1070061, 772584, 1, 0
1072104, 434734, 1, 0
1074066, 462263, 1, 0
1076023, 564610, 1, 0
1078110, 709613, 1, 0
1080107, 582191, 1, 0
1082014, 830536, 1, 0
1084041, 782838, 1, 0
1086058, 425719, 1, 0
1088075, 513900, 1, 0
1090061, 515553, 1, 0
1092106, 570242, 1, 0
1094007, 413977, 1, 0
1096007, 666185, 1, 0
1098038, 393944, 1, 0
1100032, 471089, 1, 0
1102043, 600219, 1, 0
1104002, 1049611, 1, 0
1106051, 497670, 1, 0
1108009, 630708, 1, 0
1110102, 817911, 1, 0
1112115, 533687, 1, 0
1114010, 643112, 1, 0
1116057, 543859, 1, 0
1118057, 1021676, 1, 0
1120083, 437368, 1, 0
1122002, 641034, 1, 0
1124055, 713440, 1, 0
1126085, 411992, 1, 0
1128024, 796617, 1, 0
1130061, 1048960, 1, 0
1132052, 1250105, 1, 0
1134021, 609819, 1, 0
1136085, 629398, 1, 0
1138139, 544398, 1, 0
1140032, 696077, 1, 0
1142039, 507866, 1, 0
1144014, 606584, 1, 0
1146053, 800079, 1, 0
1148015, 505882, 1, 0
1150027, 595285, 1, 0
1152029, 724926, 1, 0
1154018, 813977, 1, 0
1156079, 877537, 1, 0
1158061, 1244142, 1, 0
1160010, 656966, 1, 0
1162050, 519820, 1, 0
1164025, 889415, 1, 0
1166073, 938510, 1, 0
1168033, 961071, 1, 0
1170023, 712686, 1, 0
1172016, 996213, 1, 0
1174114, 1077435, 1, 0
1176020, 1121109, 1, 0
1178083, 1213001, 1, 0
1180124, 931274, 1, 0
1182013, 439604, 1, 0
1184063, 1173174, 1, 0
1186035, 916555, 1, 0
1188000, 1293449, 1, 0
1190009, 1135770, 1, 0
1192000, 1257578, 1, 0
1194069, 966992, 1, 0
1196093, 988530, 1, 0
1198056, 773939, 1, 0
1200012, 1169923, 1, 0
