2000, 24433, 1, 0
4000, 30878, 1, 0
6000, 16080, 1, 0
8000, 14134, 1, 0
10000, 13894, 1, 0
12000, 14509, 1, 0
14001, 15546, 1, 0
16001, 15879, 1, 0
18000, 16050, 1, 0
20000, 15588, 1, 0
22000, 16735, 1, 0
24000, 15806, 1, 0
26000, 16193, 1, 0
28000, 16044, 1, 0
30000, 15843, 1, 0
32000, 14263, 1, 0
34000, 17501, 1, 0
36000, 16079, 1, 0
38000, 17351, 1, 0
40000, 15855, 1, 0
42000, 15879, 1, 0
44000, 16777, 1, 0
46000, 16230, 1, 0
48000, 16363, 1, 0
50000, 16187, 1, 0
52000, 16254, 1, 0
54000, 16391, 1, 0
56000, 15866, 1, 0
58000, 15722, 1, 0
60000, 16706, 1, 0
62000, 16832, 1, 0
64001, 15644, 1, 0
66000, 16436, 1, 0
68001, 17823, 1, 0
70000, 15882, 1, 0
72000, 14731, 1, 0
74000, 16223, 1, 0
76000, 17748, 1, 0
78000, 15695, 1, 0
80000, 16809, 1, 0
82000, 16310, 1, 0
84000, 16279, 1, 0
86000, 15965, 1, 0
88000, 16621, 1, 0
90000, 16122, 1, 0
92000, 15977, 1, 0
94000, 16988, 1, 0
96000, 16367, 1, 0
98000, 15895, 1, 0
100000, 16041, 1, 0
102000, 16075, 1, 0
104000, 16768, 1, 0
106000, 15728, 1, 0
108000, 16956, 1, 0
110000, 15232, 1, 0
112000, 17142, 1, 0
114000, 16589, 1, 0
116000, 15758, 1, 0
118001, 16450, 1, 0
120001, 16098, 1, 0
122001, 15068, 1, 0
124001, 17334, 1, 0
126000, 15582, 1, 0
128001, 16120, 1, 0
130001, 16188, 1, 0
132001, 17305, 1, 0
134000, 16715, 1, 0
136000, 15457, 1, 0
138000, 17056, 1, 0
140000, 15613, 1, 0
142000, 15685, 1, 0
144000, 16390, 1, 0
146000, 16977, 1, 0
148000, 15732, 1, 0
150000, 16692, 1, 0
152000, 16135, 1, 0
154000, 15682, 1, 0
156000, 16462, 1, 0
158000, 16018, 1, 0
160000, 16767, 1, 0
162000, 13354, 1, 0
164000, 16253, 1, 0
166000, 19647, 1, 0
168000, 15903, 1, 0
170000, 15414, 1, 0
172000, 16450, 1, 0
174000, 15936, 1, 0
176000, 16441, 1, 0
178000, 15997, 1, 0
180000, 14862, 1, 0
182000, 17286, 1, 0
184001, 15619, 1, 0
186000, 16573, 1, 0
188000, 14139, 1, 0
190000, 16553, 1, 0
192000, 16036, 1, 0
194000, 16653, 1, 0
196000, 16004, 1, 0
198000, 16116, 1, 0
200000, 15678, 1, 0
202000, 16142, 1, 0
204000, 16688, 1, 0
206000, 15836, 1, 0
208000, 16236, 1, 0
210000, 15580, 1, 0
212000, 15934, 1, 0
214000, 16281, 1, 0
216001, 15465, 1, 0
218001, 15514, 1, 0
220001, 15034, 1, 0
222000, 16649, 1, 0
224000, 14901, 1, 0
226001, 17132, 1, 0
228000, 15362, 1, 0
230000, 16909, 1, 0
232000, 15891, 1, 0
234000, 14657, 1, 0
236000, 16651, 1, 0
238000, 15791, 1, 0
240000, 16399, 1, 0
242000, 16292, 1, 0
244000, 15662, 1, 0
246000, 14589, 1, 0
248000, 17370, 1, 0
250000, 16318, 1, 0
252000, 15709, 1, 0
254000, 15729, 1, 0
256000, 15783, 1, 0
258000, 16370, 1, 0
260000, 16357, 1, 0
262000, 15349, 1, 0
264000, 15373, 1, 0
266000, 16473, 1, 0
268000, 15562, 1, 0
270000, 16203, 1, 0
272000, 14569, 1, 0
274000, 15084, 1, 0
276000, 17416, 1, 0
278000, 16716, 1, 0
280000, 15846, 1, 0
282000, 15568, 1, 0
284000, 15798, 1, 0
286000, 16171, 1, 0
288000, 15033, 1, 0
290000, 16095, 1, 0
292000, 15018, 1, 0
294000, 16953, 1, 0
296001, 15786, 1, 0
298000, 15711, 1, 0
300000, 15772, 1, 0
302000, 14914, 1, 0
304000, 16721, 1, 0
306000, 16108, 1, 0
308000, 16023, 1, 0
310000, 15546, 1, 0
312000, 15620, 1, 0
314000, 16548, 1, 0
316000, 14884, 1, 0
318000, 16517, 1, 0
320000, 13518, 1, 0
322000, 17348, 1, 0
324000, 16997, 1, 0
326000, 15586, 1, 0
328000, 16551, 1, 0
330000, 15359, 1, 0
332000, 15147, 1, 0
334000, 15007, 1, 0
336000, 16460, 1, 0
338000, 16027, 1, 0
340000, 15977, 1, 0
342000, 15847, 1, 0
344000, 15664, 1, 0
346000, 16705, 1, 0
348000, 15345, 1, 0
350000, 16646, 1, 0
352000, 16538, 1, 0
354000, 15500, 1, 0
356000, 15278, 1, 0
358000, 16067, 1, 0
360000, 15296, 1, 0
362000, 16193, 1, 0
364000, 15984, 1, 0
366000, 15173, 1, 0
368000, 16491, 1, 0
370000, 15522, 1, 0
372000, 15766, 1, 0
374000, 15776, 1, 0
376000, 16178, 1, 0
378000, 15702, 1, 0
380000, 15571, 1, 0
382001, 15480, 1, 0
384001, 15409, 1, 0
386000, 15450, 1, 0
388000, 17483, 1, 0
390000, 15317, 1, 0
392000, 16167, 1, 0
394000, 14974, 1, 0
396000, 15445, 1, 0
398000, 15176, 1, 0
400000, 15078, 1, 0
402000, 15913, 1, 0
404000, 14875, 1, 0
406000, 16260, 1, 0
408000, 16094, 1, 0
410000, 14929, 1, 0
412000, 15751, 1, 0
414000, 15845, 1, 0
416000, 15057, 1, 0
418000, 15696, 1, 0
420000, 16338, 1, 0
422000, 15559, 1, 0
424000, 15171, 1, 0
426000, 14164, 1, 0
428000, 15908, 1, 0
430000, 15858, 1, 0
432000, 15178, 1, 0
434000, 15287, 1, 0
436000, 14595, 1, 0
438000, 14755, 1, 0
440000, 17207, 1, 0
442001, 16304, 1, 0
444001, 14282, 1, 0
446001, 17241, 1, 0
448001, 14724, 1, 0
450000, 16140, 1, 0
452001, 14393, 1, 0
454000, 15790, 1, 0
456000, 16068, 1, 0
458000, 15540, 1, 0
460001, 15428, 1, 0
462001, 15831, 1, 0
464001, 15208, 1, 0
466001, 15436, 1, 0
468000, 15872, 1, 0
470000, 15177, 1, 0
472001, 15129, 1, 0
474001, 15575, 1, 0
476000, 14586, 1, 0
478000, 13634, 1, 0
480000, 14473, 1, 0
482000, 17553, 1, 0
484000, 16022, 1, 0
486000, 15913, 1, 0
488000, 13490, 1, 0
490000, 17021, 1, 0
492000, 14472, 1, 0
494000, 15505, 1, 0
496000, 16161, 1, 0
498000, 13497, 1, 0
500000, 14530, 1, 0
502000, 17497, 1, 0
504000, 16366, 1, 0
506000, 14546, 1, 0
508000, 16412, 1, 0
510000, 15136, 1, 0
512000, 15411, 1, 0
514000, 14024, 1, 0
516000, 16232, 1, 0
518000, 15628, 1, 0
520000, 15300, 1, 0
522000, 15833, 1, 0
524000, 14774, 1, 0
526000, 15271, 1, 0
528000, 15983, 1, 0
530000, 14619, 1, 0
532000, 14902, 1, 0
534000, 16221, 1, 0
536000, 15087, 1, 0
538000, 15132, 1, 0
540000, 15643, 1, 0
542000, 14397, 1, 0
544000, 14819, 1, 0
546000, 16218, 1, 0
548000, 14252, 1, 0
550000, 16754, 1, 0
552000, 14932, 1, 0
554000, 15784, 1, 0
556000, 14426, 1, 0
558000, 16178, 1, 0
560000, 15178, 1, 0
562000, 14689, 1, 0
564000, 15303, 1, 0
566000, 15401, 1, 0
568000, 14807, 1, 0
570000, 15697, 1, 0
572000, 14129, 1, 0
574000, 15109, 1, 0
576000, 15335, 1, 0
578000, 16161, 1, 0
580000, 15001, 1, 0
582000, 14770, 1, 0
584000, 14852, 1, 0
586000, 16309, 1, 0
588000, 14424, 1, 0
590000, 15024, 1, 0
592000, 15124, 1, 0
594000, 14167, 1, 0
596000, 16246, 1, 0
598000, 15157, 1, 0
600000, 14886, 1, 0
602000, 15415, 1, 0
604000, 14418, 1, 0
606000, 15643, 1, 0
608000, 14426, 1, 0
610000, 13916, 1, 0
612001, 16193, 1, 0
614000, 15528, 1, 0
616000, 15088, 1, 0
618000, 15214, 1, 0
620001, 12728, 1, 0
622001, 16772, 1, 0
624000, 15133, 1, 0
626001, 14503, 1, 0
628000, 14657, 1, 0
630000, 16012, 1, 0
632000, 14631, 1, 0
634001, 14457, 1, 0
636000, 15005, 1, 0
638000, 14722, 1, 0
640000, 15588, 1, 0
642000, 15044, 1, 0
644001, 14772, 1, 0
646000, 14719, 1, 0
648000, 15340, 1, 0
650000, 14859, 1, 0
652000, 14410, 1, 0
654000, 15340, 1, 0
656000, 14269, 1, 0
658000, 15480, 1, 0
660000, 15330, 1, 0
662000, 14444, 1, 0
664000, 15219, 1, 0
666000, 13927, 1, 0
668000, 15397, 1, 0
670000, 14755, 1, 0
672000, 15078, 1, 0
674000, 13417, 1, 0
676000, 16880, 1, 0
678000, 14505, 1, 0
680000, 14814, 1, 0
682000, 14882, 1, 0
684000, 15266, 1, 0
686000, 16096, 1, 0
688000, 14639, 1, 0
690000, 14632, 1, 0
692000, 14808, 1, 0
694000, 14344, 1, 0
696000, 15434, 1, 0
698000, 14836, 1, 0
700000, 14853, 1, 0
702000, 14382, 1, 0
704000, 14259, 1, 0
706000, 14394, 1, 0
708000, 16712, 1, 0
710000, 15108, 1, 0
712000, 14007, 1, 0
714000, 15013, 1, 0
716000, 15316, 1, 0
718000, 14184, 1, 0
720001, 14196, 1, 0
722001, 15327, 1, 0
724001, 14526, 1, 0
726000, 15106, 1, 0
728001, 15327, 1, 0
730001, 15136, 1, 0
732000, 13264, 1, 0
734000, 16197, 1, 0
736000, 14098, 1, 0
738000, 15722, 1, 0
740000, 13840, 1, 0
742000, 15958, 1, 0
744000, 13937, 1, 0
746000, 14637, 1, 0
748000, 15282, 1, 0
750000, 15026, 1, 0
752000, 14533, 1, 0
754000, 14231, 1, 0
756000, 15091, 1, 0
758000, 14806, 1, 0
760000, 14274, 1, 0
762000, 13258, 1, 0
764000, 15878, 1, 0
766000, 15162, 1, 0
768000, 14383, 1, 0
770000, 13564, 1, 0
772000, 15909, 1, 0
774000, 14009, 1, 0
776000, 14957, 1, 0
778000, 15272, 1, 0
780000, 14346, 1, 0
782000, 13799, 1, 0
784000, 15833, 1, 0
786000, 14529, 1, 0
788000, 13842, 1, 0
790000, 15174, 1, 0
792000, 14028, 1, 0
794000, 13461, 1, 0
796000, 14205, 1, 0
798000, 15528, 1, 0
800000, 15234, 1, 0
802000, 14452, 1, 0
804000, 14478, 1, 0
806000, 13840, 1, 0
808000, 14803, 1, 0
810000, 15143, 1, 0
812000, 15000, 1, 0
814000, 14350, 1, 0
816000, 14206, 1, 0
818000, 14549, 1, 0
820000, 14674, 1, 0
822000, 14529, 1, 0
824000, 14666, 1, 0
826000, 13408, 1, 0
828000, 15083, 1, 0
830000, 13964, 1, 0
832000, 15901, 1, 0
834000, 12341, 1, 0
836001, 15542, 1, 0
838000, 14099, 1, 0
840000, 13939, 1, 0
842000, 15245, 1, 0
844000, 15033, 1, 0
846000, 13864, 1, 0
848000, 12860, 1, 0
850000, 16301, 1, 0
852000, 14621, 1, 0
854000, 14235, 1, 0
856000, 14650, 1, 0
858001, 14131, 1, 0
860000, 15129, 1, 0
862000, 14013, 1, 0
864000, 14447, 1, 0
866000, 13925, 1, 0
868000, 14951, 1, 0
870000, 14135, 1, 0
872000, 14911, 1, 0
874000, 13620, 1, 0
876000, 14681, 1, 0
878000, 14547, 1, 0
880000, 13964, 1, 0
882000, 14360, 1, 0
884000, 13686, 1, 0
886000, 14902, 1, 0
888000, 14331, 1, 0
890000, 14200, 1, 0
892000, 14188, 1, 0
894000, 14530, 1, 0
896000, 13230, 1, 0
898000, 14146, 1, 0
900000, 11175, 1, 0
902000, 14671, 1, 0
904000, 12994, 1, 0
906000, 15820, 1, 0
908000, 14184, 1, 0
910000, 15022, 1, 0
912000, 14341, 1, 0
914000, 13997, 1, 0
916000, 16546, 1, 0
918000, 13123, 1, 0
920000, 14839, 1, 0
922000, 14050, 1, 0
924000, 14110, 1, 0
926000, 14380, 1, 0
928000, 13709, 1, 0
930000, 13253, 1, 0
932000, 14629, 1, 0
934000, 14901, 1, 0
936000, 12962, 1, 0
938000, 15062, 1, 0
940000, 13067, 1, 0
942000, 13877, 1, 0
944000, 15401, 1, 0
946000, 13174, 1, 0
948000, 13499, 1, 0
950000, 15329, 1, 0
952000, 13459, 1, 0
954000, 14523, 1, 0
956000, 12757, 1, 0
958000, 13256, 1, 0
960000, 13290, 1, 0
962000, 12921, 1, 0
964000, 12727, 1, 0
966000, 12577, 1, 0
968000, 11920, 1, 0
970000, 12723, 1, 0
972000, 11545, 1, 0
974000, 11684, 1, 0
976000, 11121, 1, 0
978000, 12364, 1, 0
980000, 6837, 1, 0
982000, 3384, 1, 0
984000, 2819, 1, 0
986000, 2275, 1, 0
988000, 2773, 1, 0
990000, 2940, 1, 0
992000, 2225, 1, 0
994000, 1902, 1, 0
996000, 2561, 1, 0
998000, 1612, 1, 0
1000000, 2311, 1, 0
1002000, 2063, 1, 0
1004000, 2040, 1, 0
1006000, 1934, 1, 0
1008000, 1567, 1, 0
1010001, 1658, 1, 0
1012000, 1845, 1, 0
1014000, 2966, 1, 0
1016000, 2385, 1, 0
1018000, 1453, 1, 0
1020000, 1542, 1, 0
1022000, 1883, 1, 0
1024000, 1974, 1, 0
1026000, 1828, 1, 0
1028000, 1929, 1, 0
1030000, 2096, 1, 0
1032000, 1427, 1, 0
1034000, 3506, 1, 0
1036000, 2594, 1, 0
1038000, 1799, 1, 0
1040000, 1462, 1, 0
1042000, 1534, 1, 0
1044000, 1697, 1, 0
1046000, 2347, 1, 0
1048001, 2250, 1, 0
1050000, 2160, 1, 0
1052000, 1561, 1, 0
1054000, 1528, 1, 0
1056000, 1658, 1, 0
1058000, 1668, 1, 0
1060000, 2609, 1, 0
1062000, 1249, 1, 0
1064000, 1331, 1, 0
1066000, 1340, 1, 0
1068000, 1666, 1, 0
1070000, 1183, 1, 0
1072000, 2659, 1, 0
1074000, 2198, 1, 0
1076000, 2294, 1, 0
1078000, 1376, 1, 0
1080000, 1546, 1, 0
1082000, 1257, 1, 0
1084000, 1319, 1, 0
1086000, 1864, 1, 0
1088000, 1790, 1, 0
1090000, 1725, 1, 0
1092000, 2069, 1, 0
1094001, 1735, 1, 0
1096000, 1543, 1, 0
1098000, 2139, 1, 0
1100000, 2244, 1, 0
1102000, 1802, 1, 0
1104000, 1186, 1, 0
1106000, 2095, 1, 0
1108000, 1637, 1, 0
1110000, 1191, 1, 0
1112000, 2090, 1, 0
1114000, 1371, 1, 0
1116000, 2293, 1, 0
1118000, 1105, 1, 0
1120000, 2230, 1, 0
1122000, 1730, 1, 0
1124000, 1042, 1, 0
1126000, 2874, 1, 0
1128000, 1077, 1, 0
1130000, 885, 1, 0
1132000, 846, 1, 0
1134000, 1921, 1, 0
1136000, 2171, 1, 0
1138000, 1540, 1, 0
1140000, 1415, 1, 0
1142000, 1782, 1, 0
1144000, 1805, 1, 0
1146000, 1128, 1, 0
1148000, 1845, 1, 0
1150000, 1798, 1, 0
1152000, 1362, 1, 0
1154000, 1175, 1, 0
1156000, 1318, 1, 0
1158000, 980, 1, 0
1160000, 1171, 1, 0
1162000, 1343, 1, 0
1164000, 1017, 1, 0
1166000, 1316, 1, 0
1168000, 1003, 1, 0
1170000, 1604, 1, 0
1172000, 890, 1, 0
1174000, 915, 1, 0
1176000, 966, 1, 0
1178000, 857, 1, 0
1180000, 684, 1, 0
1182000, 2065, 1, 0
1184000, 1223, 1, 0
1186000, 884, 1, 0
1188000, 802, 1, 0
1190000, 811, 1, 0
1192000, 696, 1, 0
1194000, 1207, 1, 0
1196000, 1561, 1, 0
1198000, 1044, 1, 0
1200000, 802, 1, 0
