2000, 23583, 1, 0
4000, 28594, 1, 0
6000, 16659, 1, 0
8000, 14373, 1, 0
10000, 13871, 1, 0
12000, 14436, 1, 0
14000, 15437, 1, 0
16000, 15653, 1, 0
18000, 15570, 1, 0
20000, 16585, 1, 0
22000, 15661, 1, 0
24000, 15703, 1, 0
26000, 16362, 1, 0
28000, 15898, 1, 0
30000, 16544, 1, 0
32000, 15702, 1, 0
34000, 16702, 1, 0
36000, 16287, 1, 0
38000, 16052, 1, 0
40000, 14746, 1, 0
42000, 17817, 1, 0
44000, 16196, 1, 0
46000, 15593, 1, 0
48000, 16691, 1, 0
50000, 16616, 1, 0
52000, 15865, 1, 0
54000, 16941, 1, 0
56000, 15856, 1, 0
58000, 16791, 1, 0
60000, 15959, 1, 0
62000, 15644, 1, 0
64000, 15923, 1, 0
66000, 14939, 1, 0
68000, 16120, 1, 0
70000, 17166, 1, 0
72000, 18454, 1, 0
74000, 15448, 1, 0
76000, 16650, 1, 0
78000, 15933, 1, 0
80000, 16560, 1, 0
82000, 15950, 1, 0
84000, 16637, 1, 0
86000, 16124, 1, 0
88000, 16944, 1, 0
90000, 16006, 1, 0
92000, 16394, 1, 0
94000, 16198, 1, 0
96000, 15976, 1, 0
98000, 16649, 1, 0
100000, 16296, 1, 0
102000, 16548, 1, 0
104000, 14727, 1, 0
106000, 17304, 1, 0
108000, 16612, 1, 0
110000, 15900, 1, 0
112000, 15731, 1, 0
114000, 16480, 1, 0
116000, 16402, 1, 0
118000, 16625, 1, 0
120000, 16091, 1, 0
122000, 16590, 1, 0
124000, 15151, 1, 0
126001, 16939, 1, 0
128001, 15852, 1, 0
130001, 16905, 1, 0
132000, 15894, 1, 0
134000, 16306, 1, 0
136000, 17007, 1, 0
138000, 16474, 1, 0
140000, 15015, 1, 0
142000, 14731, 1, 0
144000, 16986, 1, 0
146000, 15039, 1, 0
148000, 15664, 1, 0
150000, 19209, 1, 0
152000, 15792, 1, 0
154000, 16392, 1, 0
156000, 16330, 1, 0
158000, 16162, 1, 0
160000, 16463, 1, 0
162000, 16167, 1, 0
164000, 17003, 1, 0
166000, 16552, 1, 0
168000, 15722, 1, 0
170000, 15266, 1, 0
172000, 16689, 1, 0
174000, 15599, 1, 0
176000, 16368, 1, 0
178001, 15919, 1, 0
180000, 14485, 1, 0
182000, 16584, 1, 0
184001, 18063, 1, 0
186001, 16092, 1, 0
188000, 15841, 1, 0
190000, 15516, 1, 0
192000, 15578, 1, 0
194000, 15961, 1, 0
196000, 15975, 1, 0
198000, 16498, 1, 0
200000, 16334, 1, 0
202000, 16135, 1, 0
204000, 16179, 1, 0
206000, 14785, 1, 0
208000, 17518, 1, 0
210000, 15990, 1, 0
212000, 15678, 1, 0
214000, 15818, 1, 0
216000, 14341, 1, 0
218000, 16819, 1, 0
220000, 17321, 1, 0
222000, 15429, 1, 0
224000, 15437, 1, 0
226001, 15053, 1, 0
228000, 17071, 1, 0
230000, 14645, 1, 0
232000, 16202, 1, 0
234000, 17160, 1, 0
236000, 16215, 1, 0
238000, 14999, 1, 0
240000, 16415, 1, 0
242000, 15444, 1, 0
244000, 16466, 1, 0
246000, 14185, 1, 0
248000, 16466, 1, 0
250000, 17599, 1, 0
252000, 15846, 1, 0
254000, 15846, 1, 0
256000, 14933, 1, 0
258000, 16572, 1, 0
260000, 15745, 1, 0
262000, 15010, 1, 0
264000, 15791, 1, 0
266000, 16499, 1, 0
268000, 16238, 1, 0
270001, 15897, 1, 0
272000, 15557, 1, 0
274000, 14970, 1, 0
276000, 17406, 1, 0
278000, 15900, 1, 0
280000, 15609, 1, 0
282000, 15653, 1, 0
284000, 16363, 1, 0
286000, 15052, 1, 0
288000, 16407, 1, 0
290000, 16006, 1, 0
292000, 16092, 1, 0
294000, 15958, 1, 0
296001, 16381, 1, 0
298000, 15581, 1, 0
300000, 15767, 1, 0
302000, 16298, 1, 0
304000, 14879, 1, 0
306000, 15133, 1, 0
308000, 16270, 1, 0
310000, 16899, 1, 0
312000, 16038, 1, 0
314000, 14710, 1, 0
316000, 14467, 1, 0
318000, 18566, 1, 0
320000, 15885, 1, 0
322000, 16452, 1, 0
324000, 14846, 1, 0
326000, 16637, 1, 0
328000, 16128, 1, 0
330000, 14715, 1, 0
332000, 14954, 1, 0
334000, 16816, 1, 0
336000, 16054, 1, 0
338000, 16411, 1, 0
340000, 15077, 1, 0
342000, 15612, 1, 0
344000, 16717, 1, 0
346000, 15830, 1, 0
348000, 15629, 1, 0
350000, 16399, 1, 0
352000, 15784, 1, 0
354000, 15233, 1, 0
356000, 16163, 1, 0
358000, 15922, 1, 0
360000, 15844, 1, 0
362000, 15596, 1, 0
364000, 15408, 1, 0
366000, 15090, 1, 0
368000, 16653, 1, 0
370000, 15440, 1, 0
372000, 15238, 1, 0
374000, 16645, 1, 0
376000, 15070, 1, 0
378000, 15598, 1, 0
380000, 16036, 1, 0
382001, 14802, 1, 0
384000, 17239, 1, 0
386000, 16394, 1, 0
388000, 15300, 1, 0
390000, 15476, 1, 0
392000, 15951, 1, 0
394000, 14310, 1, 0
396000, 15729, 1, 0
398000, 15944, 1, 0
400000, 15037, 1, 0
402000, 15961, 1, 0
404000, 15308, 1, 0
406000, 15161, 1, 0
408000, 16367, 1, 0
410000, 15627, 1, 0
412000, 14510, 1, 0
414000, 16752, 1, 0
416000, 15010, 1, 0
418000, 16023, 1, 0
420000, 14845, 1, 0
422000, 16074, 1, 0
424000, 15855, 1, 0
426000, 13874, 1, 0
428000, 16144, 1, 0
430000, 15870, 1, 0
432000, 15426, 1, 0
434000, 16012, 1, 0
436000, 15905, 1, 0
438000, 15364, 1, 0
440000, 15329, 1, 0
442000, 15383, 1, 0
444000, 15853, 1, 0
446000, 15134, 1, 0
448000, 15498, 1, 0
450000, 14921, 1, 0
452001, 15031, 1, 0
454000, 15826, 1, 0
456001, 15797, 1, 0
458001, 14825, 1, 0
460000, 14535, 1, 0
462000, 16862, 1, 0
464000, 15550, 1, 0
466000, 14166, 1, 0
468000, 16049, 1, 0
470000, 16642, 1, 0
472000, 15053, 1, 0
474001, 14441, 1, 0
476000, 16678, 1, 0
478000, 15504, 1, 0
480000, 14763, 1, 0
482000, 15057, 1, 0
484000, 15339, 1, 0
486000, 16104, 1, 0
488000, 14281, 1, 0
490000, 16366, 1, 0
492000, 15784, 1, 0
494000, 15387, 1, 0
496000, 15083, 1, 0
498000, 14797, 1, 0
500000, 15236, 1, 0
502000, 15065, 1, 0
504000, 15632, 1, 0
506000, 15878, 1, 0
508000, 15836, 1, 0
510000, 14812, 1, 0
512000, 15450, 1, 0
514000, 15097, 1, 0
516000, 15528, 1, 0
518000, 14972, 1, 0
520000, 14504, 1, 0
522001, 15663, 1, 0
524000, 15667, 1, 0
526000, 16026, 1, 0
528000, 15573, 1, 0
530000, 15282, 1, 0
532000, 15189, 1, 0
534000, 14024, 1, 0
536000, 15972, 1, 0
538000, 13255, 1, 0
540000, 17324, 1, 0
542000, 15839, 1, 0
544000, 15181, 1, 0
546000, 15450, 1, 0
548000, 15366, 1, 0
550000, 16003, 1, 0
552000, 12975, 1, 0
554000, 16696, 1, 0
556000, 15127, 1, 0
558000, 15503, 1, 0
560000, 15128, 1, 0
562000, 15073, 1, 0
564000, 14956, 1, 0
566000, 15280, 1, 0
568000, 15486, 1, 0
570000, 13770, 1, 0
572000, 15590, 1, 0
574000, 15684, 1, 0
576000, 15003, 1, 0
578000, 14894, 1, 0
580000, 15230, 1, 0
582000, 14794, 1, 0
584000, 15793, 1, 0
586000, 15338, 1, 0
588000, 14536, 1, 0
590000, 15864, 1, 0
592000, 14931, 1, 0
594000, 13829, 1, 0
596000, 16701, 1, 0
598000, 15710, 1, 0
600000, 14788, 1, 0
602000, 14681, 1, 0
604000, 14884, 1, 0
606000, 14076, 1, 0
608000, 15533, 1, 0
610000, 15087, 1, 0
612001, 15102, 1, 0
614000, 15742, 1, 0
616000, 15542, 1, 0
618000, 14957, 1, 0
620001, 13131, 1, 0
622001, 15526, 1, 0
624000, 16302, 1, 0
626000, 14932, 1, 0
628000, 13887, 1, 0
630000, 14658, 1, 0
632000, 16708, 1, 0
634000, 13749, 1, 0
636000, 15696, 1, 0
638000, 14917, 1, 0
640000, 14221, 1, 0
642000, 14856, 1, 0
644000, 16099, 1, 0
646000, 14650, 1, 0
648000, 15217, 1, 0
650000, 14814, 1, 0
652000, 14445, 1, 0
654000, 16023, 1, 0
656000, 14699, 1, 0
658000, 14623, 1, 0
660000, 14687, 1, 0
662000, 15589, 1, 0
664000, 14552, 1, 0
666000, 14994, 1, 0
668000, 15578, 1, 0
670000, 14070, 1, 0
672000, 15241, 1, 0
674000, 15199, 1, 0
676000, 14932, 1, 0
678000, 14833, 1, 0
680000, 14902, 1, 0
682000, 14813, 1, 0
684000, 15220, 1, 0
686000, 14872, 1, 0
688000, 15717, 1, 0
690000, 14401, 1, 0
692000, 14798, 1, 0
694000, 15140, 1, 0
696000, 14846, 1, 0
698000, 14498, 1, 0
700000, 15082, 1, 0
702000, 15123, 1, 0
704000, 15944, 1, 0
706000, 14672, 1, 0
708000, 13937, 1, 0
710000, 14621, 1, 0
712000, 15246, 1, 0
714000, 14329, 1, 0
716000, 15212, 1, 0
718000, 14978, 1, 0
720000, 14691, 1, 0
722000, 13685, 1, 0
724000, 15857, 1, 0
726000, 14954, 1, 0
728001, 13729, 1, 0
730000, 15893, 1, 0
732000, 15123, 1, 0
734000, 13779, 1, 0
736001, 15377, 1, 0
738000, 15015, 1, 0
740000, 14259, 1, 0
742000, 13422, 1, 0
744000, 16983, 1, 0
746000, 14361, 1, 0
748000, 15073, 1, 0
750000, 12764, 1, 0
752000, 13850, 1, 0
754000, 15411, 1, 0
756000, 16508, 1, 0
758000, 14859, 1, 0
760000, 14209, 1, 0
762000, 14525, 1, 0
764000, 14421, 1, 0
766000, 15574, 1, 0
768000, 14709, 1, 0
770000, 14625, 1, 0
772000, 14258, 1, 0
774000, 15018, 1, 0
776000, 14565, 1, 0
778000, 13624, 1, 0
780000, 15143, 1, 0
782000, 15461, 1, 0
784000, 13430, 1, 0
786000, 15412, 1, 0
788000, 14918, 1, 0
790000, 13869, 1, 0
792000, 14987, 1, 0
794000, 13843, 1, 0
796000, 15579, 1, 0
798001, 14017, 1, 0
800001, 14980, 1, 0
802000, 15065, 1, 0
804000, 13818, 1, 0
806000, 14651, 1, 0
808000, 14847, 1, 0
810000, 13847, 1, 0
812000, 13508, 1, 0
814000, 15046, 1, 0
816000, 15308, 1, 0
818000, 14736, 1, 0
820000, 13928, 1, 0
822000, 15353, 1, 0
824000, 14516, 1, 0
826000, 14276, 1, 0
828000, 14130, 1, 0
830000, 14439, 1, 0
832000, 15568, 1, 0
834000, 13988, 1, 0
836001, 14794, 1, 0
838000, 13504, 1, 0
840001, 15216, 1, 0
842000, 14724, 1, 0
844000, 14187, 1, 0
846000, 13245, 1, 0
848000, 15539, 1, 0
850000, 14627, 1, 0
852000, 14145, 1, 0
854000, 13794, 1, 0
856000, 14550, 1, 0
858000, 15134, 1, 0
860000, 14111, 1, 0
862000, 13826, 1, 0
864000, 14899, 1, 0
866000, 13813, 1, 0
868000, 14090, 1, 0
870000, 13521, 1, 0
872000, 15611, 1, 0
874000, 13730, 1, 0
876000, 15041, 1, 0
878000, 14279, 1, 0
880000, 14193, 1, 0
882000, 14223, 1, 0
884000, 12713, 1, 0
886000, 15200, 1, 0
888000, 15145, 1, 0
890000, 14559, 1, 0
892000, 13847, 1, 0
894000, 12994, 1, 0
896000, 16004, 1, 0
898000, 14290, 1, 0
900000, 12882, 1, 0
902000, 15333, 1, 0
904000, 15213, 1, 0
906000, 14018, 1, 0
908000, 12768, 1, 0
910000, 15257, 1, 0
912000, 14162, 1, 0
914000, 14289, 1, 0
916000, 13793, 1, 0
918000, 14074, 1, 0
920000, 14208, 1, 0
922000, 14292, 1, 0
924000, 13640, 1, 0
926000, 13904, 1, 0
928000, 14690, 1, 0
930000, 13729, 1, 0
932000, 15055, 1, 0
934000, 13883, 1, 0
936000, 13339, 1, 0
938000, 14923, 1, 0
940000, 13774, 1, 0
942000, 14765, 1, 0
944000, 13540, 1, 0
946000, 14889, 1, 0
948000, 14478, 1, 0
950000, 13254, 1, 0
952000, 14692, 1, 0
954000, 12195, 1, 0
956000, 13431, 1, 0
958000, 13767, 1, 0
960000, 13035, 1, 0
962000, 12216, 1, 0
964000, 13100, 1, 0
966000, 12496, 1, 0
968000, 12219, 1, 0
970000, 12547, 1, 0
972000, 11652, 1, 0
974000, 11688, 1, 0
976000, 11520, 1, 0
978000, 11811, 1, 0
980000, 7317, 1, 0
982000, 3930, 1, 0
984000, 3048, 1, 0
986000, 2008, 1, 0
988000, 3281, 1, 0
990000, 2471, 1, 0
992000, 1769, 1, 0
994000, 2487, 1, 0
996000, 2648, 1, 0
998000, 2382, 1, 0
1000000, 2027, 1, 0
1002000, 2015, 1, 0
1004000, 2327, 1, 0
1006000, 1700, 1, 0
1008000, 2115, 1, 0
1010000, 1594, 1, 0
1012000, 1807, 1, 0
1014000, 2645, 1, 0
1016000, 2123, 1, 0
1018000, 1727, 1, 0
1020000, 1377, 1, 0
1022000, 1845, 1, 0
1024000, 1846, 1, 0
1026000, 1923, 1, 0
1028000, 2067, 1, 0
1030000, 1873, 1, 0
1032000, 1801, 1, 0
1034000, 3255, 1, 0
1036000, 2361, 1, 0
1038000, 1785, 1, 0
1040000, 1814, 1, 0
1042000, 1881, 1, 0
1044000, 1797, 1, 0
1046000, 2294, 1, 0
1048000, 1819, 1, 0
1050000, 1991, 1, 0
1052000, 1250, 1, 0
1054000, 1633, 1, 0
1056000, 1476, 1, 0
1058000, 1648, 1, 0
1060000, 2332, 1, 0
1062000, 1254, 1, 0
1064000, 1179, 1, 0
1066000, 1530, 1, 0
1068000, 1448, 1, 0
1070000, 1269, 1, 0
1072000, 2499, 1, 0
1074000, 2118, 1, 0
1076000, 1864, 1, 0
1078000, 1338, 1, 0
1080000, 1716, 1, 0
1082000, 1308, 1, 0
1084000, 1466, 1, 0
1086000, 2242, 1, 0
1088000, 1929, 1, 0
1090000, 1593, 1, 0
1092000, 1998, 1, 0
1094000, 2072, 1, 0
1096000, 1528, 1, 0
1098000, 2616, 1, 0
1100000, 1979, 1, 0
1102000, 1784, 1, 0
1104000, 1171, 1, 0
1106000, 2540, 1, 0
1108000, 1566, 1, 0
1110000, 1167, 1, 0
1112000, 1712, 1, 0
1114000, 1121, 1, 0
1116000, 2041, 1, 0
1118000, 1349, 1, 0
1120000, 1780, 1, 0
1122000, 1217, 1, 0
1124000, 1404, 1, 0
1126000, 2115, 1, 0
1128000, 997, 1, 0
1130000, 936, 1, 0
1132000, 938, 1, 0
1134000, 1412, 1, 0
1136000, 2355, 1, 0
1138000, 2035, 1, 0
1140000, 1419, 1, 0
1142000, 1625, 1, 0
1144000, 1444, 1, 0
1146000, 1331, 1, 0
1148000, 2114, 1, 0
1150000, 1605, 1, 0
1152000, 1073, 1, 0
1154000, 1311, 1, 0
1156000, 1108, 1, 0
1158000, 1021, 1, 0
1160000, 1972, 1, 0
1162000, 1941, 1, 0
1164000, 1028, 1, 0
1166000, 1220, 1, 0
1168000, 1495, 1, 0
1170000, 982, 1, 0
1172000, 751, 1, 0
1174000, 881, 1, 0
1176000, 926, 1, 0
1178000, 775, 1, 0
1180000, 881, 1, 0
1182000, 1960, 1, 0
1184000, 1088, 1, 0
1186001, 799, 1, 0
1188000, 791, 1, 0
1190000, 977, 1, 0
1192000, 1114, 1, 0
1194000, 1101, 1, 0
1196000, 1257, 1, 0
1198000, 796, 1, 0
1200000, 1646, 1, 0
