2000, 42022, 1, 0
4003, 34635, 1, 0
6000, 59505, 1, 0
8000, 69060, 1, 0
10000, 71621, 1, 0
12000, 68827, 1, 0
14007, 64588, 1, 0
16003, 63338, 1, 0
18120, 67561, 1, 0
20015, 56796, 1, 0
22000, 63062, 1, 0
24024, 63987, 1, 0
26016, 60434, 1, 0
28016, 62541, 1, 0
30012, 60002, 1, 0
32018, 63522, 1, 0
34000, 58934, 1, 0
36000, 61094, 1, 0
38024, 62612, 1, 0
40004, 66670, 1, 0
42010, 55967, 1, 0
44000, 61047, 1, 0
46008, 64025, 1, 0
48020, 59903, 1, 0
50000, 59260, 1, 0
52016, 63150, 1, 0
54000, 58231, 1, 0
56004, 62794, 1, 0
58020, 59623, 1, 0
60024, 62363, 1, 0
62016, 63311, 1, 0
64016, 62457, 1, 0
66004, 66138, 1, 0
68028, 62358, 1, 0
70008, 57243, 1, 0
72000, 53609, 1, 0
74012, 64660, 1, 0
76024, 60023, 1, 0
78004, 61693, 1, 0
80012, 60237, 1, 0
82000, 61976, 1, 0
84000, 59618, 1, 0
86016, 62094, 1, 0
88004, 58214, 1, 0
90000, 61957, 1, 0
92008, 60864, 1, 0
94024, 61843, 1, 0
96004, 61588, 1, 0
98000, 59546, 1, 0
100000, 60973, 1, 0
102000, 60068, 1, 0
104028, 68458, 1, 0
106004, 56723, 1, 0
108000, 59729, 1, 0
110008, 62721, 1, 0
112020, 63643, 1, 0
114000, 59724, 1, 0
116000, 60529, 1, 0
118028, 60631, 1, 0
120000, 60884, 1, 0
122012, 60216, 1, 0
124012, 65597, 1, 0
126000, 58260, 1, 0
128028, 63482, 1, 0
130012, 58275, 1, 0
132000, 62179, 1, 0
134052, 62563, 1, 0
136004, 56966, 1, 0
138024, 60961, 1, 0
140008, 65717, 1, 0
142009, 67516, 1, 0
144013, 58573, 1, 0
146000, 65788, 1, 0
148018, 63984, 1, 0
150000, 51232, 1, 0
152004, 62975, 1, 0
154004, 60565, 1, 0
156029, 61625, 1, 0
158000, 60589, 1, 0
160000, 60438, 1, 0
162013, 61772, 1, 0
164000, 58002, 1, 0
166025, 60745, 1, 0
168001, 62508, 1, 0
170001, 65029, 1, 0
172000, 59535, 1, 0
174005, 63880, 1, 0
176000, 60547, 1, 0
178000, 62522, 1, 0
180055, 70424, 1, 0
182025, 59002, 1, 0
184025, 54936, 1, 0
186000, 61017, 1, 0
188000, 62623, 1, 0
190005, 64122, 1, 0
192005, 63861, 1, 0
194013, 62527, 1, 0
196029, 62732, 1, 0
198009, 59596, 1, 0
200009, 60828, 1, 0
202025, 62089, 1, 0
204000, 60750, 1, 0
206009, 67444, 1, 0
208013, 56829, 1, 0
210005, 61926, 1, 0
212000, 63267, 1, 0
214021, 63447, 1, 0
216000, 68621, 1, 0
218034, 60071, 1, 0
220000, 56360, 1, 0
222013, 64824, 1, 0
224003, 63985, 1, 0
226013, 66316, 1, 0
228014, 58198, 1, 0
230037, 68603, 1, 0
232029, 61110, 1, 0
234000, 57034, 1, 0
236005, 61375, 1, 0
238000, 66216, 1, 0
240005, 60658, 1, 0
242013, 64633, 1, 0
244041, 61137, 1, 0
246000, 68720, 1, 0
248013, 60655, 1, 0
250009, 56292, 1, 0
252021, 63077, 1, 0
254029, 62981, 1, 0
256000, 65672, 1, 0
258000, 59984, 1, 0
260000, 63075, 1, 0
262009, 66581, 1, 0
264000, 62653, 1, 0
266000, 60180, 1, 0
268000, 61176, 1, 0
270000, 62587, 1, 0
272001, 63791, 1, 0
274107, 69994, 1, 0
276013, 54364, 1, 0
278013, 62503, 1, 0
280013, 63594, 1, 0
282009, 63421, 1, 0
284009, 60656, 1, 0
286000, 65789, 1, 0
288001, 60556, 1, 0
290009, 62364, 1, 0
292000, 61562, 1, 0
294022, 62931, 1, 0
296014, 60353, 1, 0
298018, 64008, 1, 0
300002, 62532, 1, 0
302022, 61620, 1, 0
304019, 66706, 1, 0
306000, 65154, 1, 0
308003, 61085, 1, 0
310007, 58876, 1, 0
312027, 62569, 1, 0
314003, 66699, 1, 0
316000, 68669, 1, 0
318028, 54225, 1, 0
320000, 61787, 1, 0
322016, 60820, 1, 0
324000, 66417, 1, 0
326028, 60521, 1, 0
328004, 60877, 1, 0
330005, 67558, 1, 0
332000, 66487, 1, 0
334044, 60282, 1, 0
336013, 60931, 1, 0
338013, 60512, 1, 0
340000, 65568, 1, 0
342000, 63819, 1, 0
344021, 59922, 1, 0
346021, 62791, 1, 0
348030, 63872, 1, 0
350010, 59978, 1, 0
352004, 62780, 1, 0
354002, 65184, 1, 0
356000, 61459, 1, 0
358010, 62667, 1, 0
360000, 62524, 1, 0
362038, 64773, 1, 0
364000, 63261, 1, 0
366026, 66715, 1, 0
368007, 59034, 1, 0
370000, 64344, 1, 0
372000, 65137, 1, 0
374035, 60685, 1, 0
376047, 66375, 1, 0
378003, 62251, 1, 0
380035, 62901, 1, 0
382007, 66236, 1, 0
384023, 58059, 1, 0
386031, 60825, 1, 0
388035, 65136, 1, 0
390007, 63327, 1, 0
392019, 62691, 1, 0
394070, 71256, 1, 0
396002, 60973, 1, 0
398012, 62595, 1, 0
400004, 65839, 1, 0
402016, 62614, 1, 0
404000, 64460, 1, 0
406000, 65497, 1, 0
408016, 61172, 1, 0
410004, 63222, 1, 0
412016, 68938, 1, 0
414000, 58907, 1, 0
416000, 66132, 1, 0
418000, 62030, 1, 0
420016, 67498, 1, 0
422020, 61966, 1, 0
424008, 62286, 1, 0
426020, 72151, 1, 0
428001, 60942, 1, 0
430031, 63547, 1, 0
432001, 63397, 1, 0
434005, 62156, 1, 0
436001, 62395, 1, 0
438000, 64679, 1, 0
440005, 64990, 1, 0
442013, 64907, 1, 0
444009, 62582, 1, 0
446017, 65956, 1, 0
448021, 64261, 1, 0
450001, 66026, 1, 0
452001, 66186, 1, 0
454007, 62994, 1, 0
456000, 62771, 1, 0
458029, 67899, 1, 0
460001, 67438, 1, 0
462000, 58898, 1, 0
464021, 64666, 1, 0
466000, 69412, 1, 0
468018, 62452, 1, 0
470005, 59320, 1, 0
472000, 65817, 1, 0
474022, 69481, 1, 0
476026, 59696, 1, 0
478014, 63714, 1, 0
480000, 66940, 1, 0
482022, 66678, 1, 0
484026, 64972, 1, 0
486046, 62331, 1, 0
488000, 68105, 1, 0
490006, 60812, 1, 0
492038, 64000, 1, 0
494000, 63459, 1, 0
496000, 65887, 1, 0
498000, 67089, 1, 0
500006, 65445, 1, 0
502010, 66126, 1, 0
504002, 63322, 1, 0
506010, 62800, 1, 0
508034, 63563, 1, 0
510000, 66095, 1, 0
512010, 64620, 1, 0
514000, 65489, 1, 0
516006, 64130, 1, 0
518026, 67008, 1, 0
520011, 68043, 1, 0
522043, 64349, 1, 0
524023, 62758, 1, 0
526031, 62276, 1, 0
528000, 62963, 1, 0
530003, 64965, 1, 0
532011, 65647, 1, 0
534000, 70629, 1, 0
536000, 62376, 1, 0
538000, 74822, 1, 0
540019, 57845, 1, 0
542011, 62478, 1, 0
544074, 67585, 1, 0
546003, 62000, 1, 0
548000, 64600, 1, 0
550003, 62176, 1, 0
552006, 76779, 1, 0
554000, 59373, 1, 0
556011, 66039, 1, 0
558023, 64459, 1, 0
560007, 65166, 1, 0
562019, 66335, 1, 0
564002, 65900, 1, 0
566027, 65894, 1, 0
568023, 64015, 1, 0
570023, 72260, 1, 0
572000, 63059, 1, 0
574000, 63342, 1, 0
576000, 66326, 1, 0
578031, 67639, 1, 0
580000, 64247, 1, 0
582019, 67850, 1, 0
584000, 62344, 1, 0
586040, 66040, 1, 0
588000, 67213, 1, 0
590020, 63138, 1, 0
592040, 67301, 1, 0
594000, 70446, 1, 0
596016, 59914, 1, 0
598028, 63668, 1, 0
600012, 66653, 1, 0
602016, 67842, 1, 0
604004, 66357, 1, 0
606000, 70560, 1, 0
608024, 64729, 1, 0
610108, 68618, 1, 0
612012, 62580, 1, 0
614000, 62746, 1, 0
616020, 64597, 1, 0
618000, 65747, 1, 0
620002, 75778, 1, 0
622012, 64337, 1, 0
624012, 61008, 1, 0
626017, 66752, 1, 0
628000, 70967, 1, 0
630032, 68967, 1, 0
632000, 58471, 1, 0
634000, 72327, 1, 0
636000, 63288, 1, 0
638004, 66747, 1, 0
640000, 69788, 1, 0
642008, 67174, 1, 0
644004, 61567, 1, 0
646000, 67742, 1, 0
648000, 65359, 1, 0
650000, 67019, 1, 0
652008, 69102, 1, 0
654004, 61843, 1, 0
656001, 67545, 1, 0
658000, 68047, 1, 0
660021, 68390, 1, 0
662021, 63805, 1, 0
664013, 68100, 1, 0
666001, 65960, 1, 0
668000, 63889, 1, 0
670009, 70888, 1, 0
672005, 65151, 1, 0
674000, 65281, 1, 0
676017, 67096, 1, 0
678001, 66492, 1, 0
680013, 67097, 1, 0
682013, 67159, 1, 0
684000, 64907, 1, 0
686000, 66933, 1, 0
688009, 63478, 1, 0
690041, 70130, 1, 0
692037, 66974, 1, 0
694000, 64475, 1, 0
696017, 67440, 1, 0
698005, 68173, 1, 0
700009, 66051, 1, 0
702030, 66401, 1, 0
704021, 62122, 1, 0
706005, 67290, 1, 0
708017, 71787, 1, 0
710013, 67835, 1, 0
712013, 65209, 1, 0
714000, 69007, 1, 0
716001, 65277, 1, 0
718000, 66335, 1, 0
720001, 67730, 1, 0
722000, 72636, 1, 0
724010, 62940, 1, 0
726026, 67032, 1, 0
728000, 71739, 1, 0
730000, 62286, 1, 0
732010, 66014, 1, 0
734002, 71874, 1, 0
736002, 64570, 1, 0
738000, 66207, 1, 0
740000, 69692, 1, 0
742014, 74552, 1, 0
744022, 58660, 1, 0
746006, 68672, 1, 0
748018, 66332, 1, 0
750038, 78745, 1, 0
752000, 70476, 1, 0
754005, 64549, 1, 0
756018, 60684, 1, 0
758046, 67841, 1, 0
760000, 68445, 1, 0
762006, 68632, 1, 0
764002, 68842, 1, 0
766026, 64637, 1, 0
768010, 67033, 1, 0
770000, 67603, 1, 0
772002, 69795, 1, 0
774010, 66520, 1, 0
776006, 68179, 1, 0
778018, 73463, 1, 0
780006, 65223, 1, 0
782026, 64916, 1, 0
784000, 73100, 1, 0
786007, 64734, 1, 0
788011, 66756, 1, 0
790000, 71300, 1, 0
792007, 66494, 1, 0
794035, 72842, 1, 0
796000, 62668, 1, 0
798007, 71143, 1, 0
800019, 66815, 1, 0
802000, 65435, 1, 0
804000, 71969, 1, 0
806000, 67902, 1, 0
808035, 68059, 1, 0
810000, 70572, 1, 0
812079, 76530, 1, 0
814000, 63400, 1, 0
816043, 66292, 1, 0
818006, 66198, 1, 0
820023, 72025, 1, 0
822000, 63972, 1, 0
824000, 68449, 1, 0
826015, 70197, 1, 0
828055, 71700, 1, 0
830010, 67293, 1, 0
832039, 64802, 1, 0
834000, 69727, 1, 0
836019, 67786, 1, 0
838015, 73557, 1, 0
840031, 65758, 1, 0
842000, 66484, 1, 0
844019, 70676, 1, 0
846000, 74478, 1, 0
848004, 64006, 1, 0
850004, 67959, 1, 0
852020, 70832, 1, 0
854000, 71382, 1, 0
856004, 68393, 1, 0
858044, 67035, 1, 0
860000, 68921, 1, 0
862012, 72357, 1, 0
864028, 67146, 1, 0
866000, 70940, 1, 0
868000, 70530, 1, 0
870012, 74006, 1, 0
872012, 63662, 1, 0
874016, 72573, 1, 0
876028, 66472, 1, 0
878000, 68706, 1, 0
880020, 70676, 1, 0
882008, 69468, 1, 0
884016, 78512, 1, 0
886000, 64806, 1, 0
888000, 65620, 1, 0
890004, 68397, 1, 0
892004, 71829, 1, 0
894008, 76763, 1, 0
896000, 61845, 1, 0
898008, 69838, 1, 0
900003, 77012, 1, 0
902016, 65257, 1, 0
904008, 65112, 1, 0
906024, 71439, 1, 0
908024, 77891, 1, 0
910004, 64543, 1, 0
912004, 70139, 1, 0
914021, 70092, 1, 0
916000, 71416, 1, 0
918000, 70602, 1, 0
920025, 70823, 1, 0
922031, 69834, 1, 0
924021, 72552, 1, 0
926017, 71391, 1, 0
928005, 67295, 1, 0
930013, 72770, 1, 0
932021, 66263, 1, 0
934005, 71102, 1, 0
936000, 74385, 1, 0
938005, 66771, 1, 0
940001, 72021, 1, 0
942000, 67360, 1, 0
944000, 73388, 1, 0
946005, 67011, 1, 0
948000, 68563, 1, 0
950008, 75305, 1, 0
952013, 67823, 1, 0
954000, 81120, 1, 0
956005, 74233, 1, 0
958005, 72208, 1, 0
960041, 77713, 1, 0
962033, 81117, 1, 0
964009, 75036, 1, 0
966001, 79309, 1, 0
968013, 81967, 1, 0
970009, 79201, 1, 0
972013, 85574, 1, 0
974000, 84680, 1, 0
976000, 86403, 1, 0
978022, 85121, 1, 0
980000, 134890, 1, 0
982043, 259143, 1, 0
984147, 344619, 1, 0
986026, 467241, 1, 0
988000, 301441, 1, 0
990006, 403556, 1, 0
992000, 563548, 1, 0
994018, 404833, 1, 0
996016, 376644, 1, 0
998036, 423370, 1, 0
1000026, 490247, 1, 0
1002003, 490136, 1, 0
1004000, 431648, 1, 0
1006001, 582027, 1, 0
1008032, 479495, 1, 0
1010013, 620933, 1, 0
1012028, 557235, 1, 0
1014027, 377349, 1, 0
1016028, 470836, 1, 0
1018037, 581063, 1, 0
1020015, 717645, 1, 0
1022000, 537283, 1, 0
1024001, 541288, 1, 0
1026018, 523780, 1, 0
1028015, 482526, 1, 0
1030011, 532327, 1, 0
1032039, 562467, 1, 0
1034000, 302626, 1, 0
1036126, 445767, 1, 0
1038071, 544638, 1, 0
1040126, 565921, 1, 0
1042029, 505092, 1, 0
1044025, 554921, 1, 0
1046096, 450852, 1, 0
1048023, 529143, 1, 0
1050007, 497645, 1, 0
1052049, 815971, 1, 0
1054005, 598173, 1, 0
1056023, 683243, 1, 0
1058020, 605277, 1, 0
1060023, 428687, 1, 0
1062091, 823994, 1, 0
1064026, 819667, 1, 0
1066023, 652220, 1, 0
1068073, 707068, 1, 0
1070061, 782480, 1, 0
1072172, 421783, 1, 0
1074066, 446538, 1, 0
1076023, 524611, 1, 0
1078110, 779013, 1, 0
1080107, 581307, 1, 0
1082014, 728392, 1, 0
1084041, 691040, 1, 0
1086058, 449244, 1, 0
1088034, 511564, 1, 0
1090061, 635375, 1, 0
1092038, 494330, 1, 0
1094007, 474532, 1, 0
1096007, 654125, 1, 0
1098038, 387676, 1, 0
1100032, 503257, 1, 0
1102043, 562954, 1, 0
1104003, 836221, 1, 0
1106051, 402688, 1, 0
1108009, 624598, 1, 0
1110102, 895811, 1, 0
1112116, 587412, 1, 0
1114010, 843964, 1, 0
1116057, 500768, 1, 0
1118057, 740771, 1, 0
1120083, 568423, 1, 0
1122003, 787910, 1, 0
1124092, 743377, 1, 0
1126085, 470770, 1, 0
1128024, 971905, 1, 0
1130061, 1087041, 1, 0
1132053, 1060148, 1, 0
1134021, 696359, 1, 0
1136085, 437917, 1, 0
1138139, 504217, 1, 0
1140032, 665954, 1, 0
1142039, 617168, 1, 0
1144014, 683154, 1, 0
1146053, 764986, 1, 0
1148015, 463699, 1, 0
1150027, 626244, 1, 0
1152029, 932453, 1, 0
1154018, 758022, 1, 0
1156079, 929255, 1, 0
1158021, 950530, 1, 0
1160010, 503874, 1, 0
1162050, 525070, 1, 0
1164025, 959934, 1, 0
1166073, 838739, 1, 0
1168033, 655037, 1, 0
1170023, 1012692, 1, 0
1172016, 1325741, 1, 0
1174069, 1164273, 1, 0
1176020, 1052657, 1, 0
1178083, 1329878, 1, 0
1180029, 1103675, 1, 0
1182013, 505576, 1, 0
1184063, 941187, 1, 0
1186125, 1287695, 1, 0
1188000, 1185586, 1, 0
1190009, 1026629, 1, 0
1192000, 894749, 1, 0
1194069, 937314, 1, 0
1196012, 771629, 1, 0
1198056, 1282886, 1, 0
1200005, 591487, 1, 0
