2003, 39255, 1, 0
4003, 31324, 1, 0
6015, 62763, 1, 0
8000, 69373, 1, 0
10000, 69898, 1, 0
12000, 69493, 1, 0
14007, 64559, 1, 0
16003, 63077, 1, 0
18120, 64013, 1, 0
20015, 59520, 1, 0
22035, 65723, 1, 0
24000, 57237, 1, 0
26016, 62455, 1, 0
28016, 61277, 1, 0
30012, 63510, 1, 0
32018, 66673, 1, 0
34000, 55167, 1, 0
36000, 63357, 1, 0
38024, 63951, 1, 0
40004, 62684, 1, 0
42010, 56347, 1, 0
44000, 59803, 1, 0
46008, 62829, 1, 0
48020, 60873, 1, 0
50000, 60041, 1, 0
52016, 62927, 1, 0
54000, 60004, 1, 0
56004, 60029, 1, 0
58020, 61035, 1, 0
60000, 62357, 1, 0
62016, 60052, 1, 0
64016, 59675, 1, 0
66004, 60201, 1, 0
68028, 67306, 1, 0
70008, 55738, 1, 0
72000, 62179, 1, 0
74012, 59618, 1, 0
76024, 63437, 1, 0
78004, 60064, 1, 0
80012, 61216, 1, 0
82000, 59647, 1, 0
84000, 61697, 1, 0
86016, 68110, 1, 0
88000, 55779, 1, 0
90000, 60551, 1, 0
92008, 58952, 1, 0
94024, 64138, 1, 0
96004, 59072, 1, 0
98000, 58933, 1, 0
100000, 59784, 1, 0
102000, 61455, 1, 0
104028, 61755, 1, 0
106004, 61538, 1, 0
108000, 60996, 1, 0
110008, 64933, 1, 0
112020, 57423, 1, 0
114000, 60206, 1, 0
116000, 62433, 1, 0
118028, 64396, 1, 0
120001, 60626, 1, 0
122012, 57682, 1, 0
124012, 61094, 1, 0
126000, 62738, 1, 0
128028, 60051, 1, 0
130012, 62129, 1, 0
132000, 66072, 1, 0
134002, 64528, 1, 0
136004, 64099, 1, 0
138024, 54646, 1, 0
140008, 54783, 1, 0
142009, 63488, 1, 0
144012, 59872, 1, 0
146028, 62492, 1, 0
148018, 58762, 1, 0
150000, 61617, 1, 0
152000, 62478, 1, 0
154005, 65451, 1, 0
156029, 59150, 1, 0
158000, 60397, 1, 0
160003, 58247, 1, 0
162012, 61946, 1, 0
164000, 60270, 1, 0
166025, 62642, 1, 0
168000, 69103, 1, 0
170001, 61200, 1, 0
172000, 59743, 1, 0
174005, 64948, 1, 0
176000, 57381, 1, 0
178000, 63420, 1, 0
180055, 63286, 1, 0
182025, 59183, 1, 0
184025, 70861, 1, 0
186000, 54733, 1, 0
188000, 67468, 1, 0
190005, 56627, 1, 0
192005, 65096, 1, 0
194013, 60325, 1, 0
196029, 61715, 1, 0
198009, 63872, 1, 0
200009, 60675, 1, 0
202025, 63630, 1, 0
204005, 61512, 1, 0
206009, 60267, 1, 0
208013, 62814, 1, 0
210000, 62881, 1, 0
212000, 59413, 1, 0
214021, 65406, 1, 0
216000, 60781, 1, 0
218034, 66106, 1, 0
220000, 58524, 1, 0
222013, 63793, 1, 0
224005, 63083, 1, 0
226013, 64854, 1, 0
228014, 58418, 1, 0
230037, 63430, 1, 0
232029, 59296, 1, 0
234000, 62293, 1, 0
236005, 64518, 1, 0
238000, 63934, 1, 0
240005, 61648, 1, 0
242013, 62234, 1, 0
244041, 63386, 1, 0
246000, 62938, 1, 0
248013, 64960, 1, 0
250009, 62432, 1, 0
252021, 66183, 1, 0
254029, 53958, 1, 0
256000, 65581, 1, 0
258005, 62644, 1, 0
260000, 62074, 1, 0
262009, 57991, 1, 0
264000, 60867, 1, 0
266000, 64536, 1, 0
268000, 63789, 1, 0
270000, 65098, 1, 0
272000, 57995, 1, 0
274107, 66542, 1, 0
276013, 60963, 1, 0
278013, 64024, 1, 0
280013, 57285, 1, 0
282009, 62774, 1, 0
284009, 63289, 1, 0
286000, 61989, 1, 0
288001, 61868, 1, 0
290009, 63989, 1, 0
292000, 64047, 1, 0
294022, 62546, 1, 0
296014, 59803, 1, 0
298018, 62151, 1, 0
300000, 64402, 1, 0
302022, 62169, 1, 0
304018, 60496, 1, 0
306003, 63390, 1, 0
308003, 61939, 1, 0
310007, 63486, 1, 0
312027, 65880, 1, 0
314000, 65099, 1, 0
316000, 61476, 1, 0
318028, 57144, 1, 0
320000, 62106, 1, 0
322016, 63480, 1, 0
324000, 68769, 1, 0
326028, 61278, 1, 0
328000, 58329, 1, 0
330005, 63699, 1, 0
332000, 66054, 1, 0
334044, 65513, 1, 0
336013, 58736, 1, 0
338013, 66149, 1, 0
340000, 58745, 1, 0
342005, 62666, 1, 0
344021, 63968, 1, 0
346000, 65112, 1, 0
348000, 60340, 1, 0
350010, 60863, 1, 0
352000, 64508, 1, 0
354002, 60659, 1, 0
356000, 66320, 1, 0
358010, 63220, 1, 0
360000, 66678, 1, 0
362038, 58886, 1, 0
364000, 64432, 1, 0
366026, 61539, 1, 0
368006, 63572, 1, 0
370007, 63479, 1, 0
372002, 63094, 1, 0
374000, 62361, 1, 0
376047, 63870, 1, 0
378003, 63795, 1, 0
380035, 62156, 1, 0
382007, 63277, 1, 0
384023, 71809, 1, 0
386031, 62549, 1, 0
388001, 67711, 1, 0
390007, 58531, 1, 0
392019, 64278, 1, 0
394070, 59909, 1, 0
396007, 61031, 1, 0
398012, 67062, 1, 0
400004, 63217, 1, 0
402016, 65663, 1, 0
404000, 60954, 1, 0
406000, 66990, 1, 0
408016, 64324, 1, 0
410004, 61397, 1, 0
412016, 62764, 1, 0
414000, 63733, 1, 0
416000, 64364, 1, 0
418000, 70252, 1, 0
420016, 69639, 1, 0
422020, 62325, 1, 0
424008, 57717, 1, 0
426020, 60638, 1, 0
428000, 65524, 1, 0
430031, 64664, 1, 0
432001, 66983, 1, 0
434005, 65139, 1, 0
436001, 60450, 1, 0
438000, 62766, 1, 0
440005, 64403, 1, 0
442013, 65188, 1, 0
444009, 66426, 1, 0
446017, 62274, 1, 0
448021, 65303, 1, 0
450000, 64551, 1, 0
452001, 61886, 1, 0
454006, 72585, 1, 0
456000, 59642, 1, 0
458029, 65787, 1, 0
460001, 64374, 1, 0
462001, 62603, 1, 0
464021, 68747, 1, 0
466000, 62810, 1, 0
468017, 65068, 1, 0
470006, 65633, 1, 0
472000, 63102, 1, 0
474022, 68165, 1, 0
476026, 62861, 1, 0
478014, 60521, 1, 0
480000, 61925, 1, 0
482022, 64284, 1, 0
484026, 68292, 1, 0
486046, 64195, 1, 0
488000, 63038, 1, 0
490006, 67156, 1, 0
492038, 67572, 1, 0
494030, 59313, 1, 0
496000, 65761, 1, 0
498000, 64188, 1, 0
500006, 66403, 1, 0
502010, 63627, 1, 0
504002, 67105, 1, 0
506010, 70559, 1, 0
508034, 63299, 1, 0
510026, 64529, 1, 0
512010, 58620, 1, 0
514000, 65186, 1, 0
516006, 67342, 1, 0
518026, 61784, 1, 0
520010, 66586, 1, 0
522042, 62039, 1, 0
524022, 64981, 1, 0
526031, 70475, 1, 0
528000, 59999, 1, 0
530003, 64363, 1, 0
532011, 69064, 1, 0
534000, 67704, 1, 0
536007, 61041, 1, 0
538004, 65498, 1, 0
540019, 65551, 1, 0
542011, 63484, 1, 0
544074, 67522, 1, 0
546003, 64726, 1, 0
548000, 67410, 1, 0
550000, 70950, 1, 0
552005, 58746, 1, 0
554000, 61711, 1, 0
556011, 71562, 1, 0
558023, 64633, 1, 0
560000, 64658, 1, 0
562019, 64938, 1, 0
564000, 64961, 1, 0
566027, 61858, 1, 0
568023, 65524, 1, 0
570023, 69502, 1, 0
572000, 61652, 1, 0
574000, 65941, 1, 0
576001, 64305, 1, 0
578031, 66941, 1, 0
580001, 67294, 1, 0
582019, 66989, 1, 0
584000, 62727, 1, 0
586039, 73745, 1, 0
588003, 61785, 1, 0
590020, 66765, 1, 0
592040, 65459, 1, 0
594000, 62642, 1, 0
596016, 67518, 1, 0
598028, 75291, 1, 0
600012, 60483, 1, 0
602016, 66408, 1, 0
604004, 59701, 1, 0
606000, 67541, 1, 0
608024, 65500, 1, 0
610108, 73941, 1, 0
612012, 60321, 1, 0
614000, 67035, 1, 0
616020, 60534, 1, 0
618000, 65697, 1, 0
620002, 73520, 1, 0
622012, 63803, 1, 0
624012, 66100, 1, 0
626017, 62784, 1, 0
628000, 70797, 1, 0
630032, 66674, 1, 0
632000, 60754, 1, 0
634000, 68914, 1, 0
636000, 64767, 1, 0
638004, 66534, 1, 0
640000, 68653, 1, 0
642008, 64269, 1, 0
644004, 66342, 1, 0
646000, 66538, 1, 0
648000, 65002, 1, 0
650000, 67078, 1, 0
652008, 66078, 1, 0
654005, 67812, 1, 0
656001, 64316, 1, 0
658000, 66875, 1, 0
660021, 70124, 1, 0
662021, 64398, 1, 0
664013, 65502, 1, 0
666001, 67561, 1, 0
668005, 67522, 1, 0
670009, 73531, 1, 0
672005, 64571, 1, 0
674005, 62380, 1, 0
676017, 71801, 1, 0
678000, 62941, 1, 0
680013, 66575, 1, 0
682013, 70061, 1, 0
684000, 68456, 1, 0
686000, 63851, 1, 0
688009, 66169, 1, 0
690000, 61377, 1, 0
692037, 69172, 1, 0
694000, 65383, 1, 0
696017, 71323, 1, 0
698005, 67145, 1, 0
700009, 62169, 1, 0
702030, 64050, 1, 0
704021, 66129, 1, 0
706005, 65675, 1, 0
708017, 70257, 1, 0
710013, 67292, 1, 0
712013, 72074, 1, 0
714000, 62537, 1, 0
716000, 71537, 1, 0
718001, 63883, 1, 0
720001, 65576, 1, 0
722000, 66391, 1, 0
724010, 69700, 1, 0
726026, 67695, 1, 0
728002, 64002, 1, 0
730000, 66271, 1, 0
732010, 67217, 1, 0
734002, 70140, 1, 0
736002, 68922, 1, 0
738000, 63882, 1, 0
740000, 66445, 1, 0
742014, 67906, 1, 0
744022, 70236, 1, 0
746000, 65725, 1, 0
748018, 65710, 1, 0
750038, 71057, 1, 0
752000, 71207, 1, 0
754005, 61338, 1, 0
756018, 72891, 1, 0
758046, 63456, 1, 0
760000, 70984, 1, 0
762006, 63895, 1, 0
764002, 69902, 1, 0
766026, 69011, 1, 0
768010, 72497, 1, 0
770000, 62973, 1, 0
772002, 69569, 1, 0
774010, 67295, 1, 0
776006, 69802, 1, 0
778018, 67019, 1, 0
780006, 69864, 1, 0
782026, 64771, 1, 0
784000, 68500, 1, 0
786007, 74232, 1, 0
788011, 67676, 1, 0
790000, 67916, 1, 0
792007, 64016, 1, 0
794000, 67380, 1, 0
796000, 76075, 1, 0
798007, 68203, 1, 0
800019, 80014, 1, 0
802001, 69948, 1, 0
804000, 60045, 1, 0
806001, 64436, 1, 0
808035, 67465, 1, 0
810000, 68724, 1, 0
812000, 67992, 1, 0
814000, 69597, 1, 0
816043, 65674, 1, 0
818001, 75561, 1, 0
820023, 64232, 1, 0
822000, 69357, 1, 0
824000, 67003, 1, 0
826015, 72398, 1, 0
828000, 64600, 1, 0
830010, 74670, 1, 0
832039, 64633, 1, 0
834000, 70014, 1, 0
836019, 71630, 1, 0
838015, 63857, 1, 0
840031, 71548, 1, 0
842000, 72858, 1, 0
844019, 69123, 1, 0
846001, 63014, 1, 0
848003, 66469, 1, 0
850003, 69820, 1, 0
852020, 71434, 1, 0
854000, 73146, 1, 0
856004, 63099, 1, 0
858044, 72992, 1, 0
860000, 66855, 1, 0
862012, 68398, 1, 0
864028, 70213, 1, 0
866000, 69592, 1, 0
868000, 67607, 1, 0
870012, 69074, 1, 0
872012, 68538, 1, 0
874016, 69830, 1, 0
876028, 75000, 1, 0
878000, 73043, 1, 0
880020, 65049, 1, 0
882008, 71506, 1, 0
884016, 67809, 1, 0
886000, 67677, 1, 0
888000, 70086, 1, 0
890000, 71027, 1, 0
892004, 70692, 1, 0
894008, 68859, 1, 0
896000, 68687, 1, 0
898008, 70470, 1, 0
900003, 71921, 1, 0
902016, 67437, 1, 0
904008, 68186, 1, 0
906043, 71631, 1, 0
908024, 68082, 1, 0
910004, 69228, 1, 0
912004, 71457, 1, 0
914021, 69619, 1, 0
916025, 72034, 1, 0
918000, 70279, 1, 0
920025, 71588, 1, 0
922021, 66479, 1, 0
924021, 70416, 1, 0
926017, 71974, 1, 0
928000, 73016, 1, 0
930013, 66077, 1, 0
932021, 71519, 1, 0
934005, 69317, 1, 0
936000, 73068, 1, 0
938005, 68364, 1, 0
940001, 69168, 1, 0
942000, 78415, 1, 0
944000, 67280, 1, 0
946005, 68309, 1, 0
948000, 70420, 1, 0
950008, 79563, 1, 0
952013, 65234, 1, 0
954001, 75046, 1, 0
956005, 72773, 1, 0
958000, 75671, 1, 0
960041, 78768, 1, 0
962033, 81067, 1, 0
964009, 74451, 1, 0
966001, 78200, 1, 0
968013, 79903, 1, 0
970009, 82031, 1, 0
972013, 85715, 1, 0
974000, 87903, 1, 0
976000, 78779, 1, 0
978021, 91493, 1, 0
980000, 133217, 1, 0
982043, 249273, 1, 0
984094, 342254, 1, 0
986026, 355337, 1, 0
988000, 426593, 1, 0
990006, 345018, 1, 0
992000, 521241, 1, 0
994008, 484236, 1, 0
996016, 381543, 1, 0
998036, 403894, 1, 0
1000026, 365012, 1, 0
1002003, 553432, 1, 0
1004000, 481146, 1, 0
1006002, 626627, 1, 0
1008032, 464637, 1, 0
1010013, 608246, 1, 0
1012028, 664755, 1, 0
1014027, 416773, 1, 0
1016028, 419744, 1, 0
1018037, 732099, 1, 0
1020015, 639018, 1, 0
1022000, 495906, 1, 0
1024001, 587873, 1, 0
1026018, 479292, 1, 0
1028013, 586553, 1, 0
1030011, 506253, 1, 0
1032039, 619226, 1, 0
1034006, 329833, 1, 0
1036059, 387228, 1, 0
1038008, 672079, 1, 0
1040126, 536999, 1, 0
1042029, 431684, 1, 0
1044025, 542160, 1, 0
1046096, 507627, 1, 0
1048128, 447834, 1, 0
1050074, 524265, 1, 0
1052049, 760759, 1, 0
1054005, 584071, 1, 0
1056023, 644280, 1, 0
1058021, 618569, 1, 0
1060022, 372549, 1, 0
1062011, 647762, 1, 0
1064026, 756064, 1, 0
1066023, 677104, 1, 0
1068073, 743544, 1, 0
1070061, 930569, 1, 0
1072172, 337939, 1, 0
1074066, 539355, 1, 0
1076023, 488001, 1, 0
1078110, 725339, 1, 0
1080031, 778831, 1, 0
1082014, 779940, 1, 0
1084007, 686245, 1, 0
1086058, 541697, 1, 0
1088075, 516088, 1, 0
1090061, 484937, 1, 0
1092106, 453074, 1, 0
1094007, 524960, 1, 0
1096007, 669849, 1, 0
1098038, 489915, 1, 0
1100032, 553593, 1, 0
1102043, 650158, 1, 0
1104002, 873947, 1, 0
1106051, 655200, 1, 0
1108009, 636027, 1, 0
1110028, 869601, 1, 0
1112115, 630469, 1, 0
1114010, 728303, 1, 0
1116057, 428215, 1, 0
1118057, 880323, 1, 0
1120083, 475409, 1, 0
1122002, 603712, 1, 0
1124092, 917498, 1, 0
1126085, 466850, 1, 0
1128024, 1052615, 1, 0
1130061, 1072383, 1, 0
1132053, 1185515, 1, 0
1134021, 586509, 1, 0
1136009, 410788, 1, 0
1138057, 606013, 1, 0
1140032, 764466, 1, 0
1142039, 626350, 1, 0
1144014, 781643, 1, 0
1146053, 841538, 1, 0
1148015, 380714, 1, 0
1150027, 542062, 1, 0
1152029, 963240, 1, 0
1154018, 862756, 1, 0
1156079, 778536, 1, 0
1158061, 946340, 1, 0
1160010, 701910, 1, 0
1162007, 620964, 1, 0
1164025, 976614, 1, 0
1166073, 818097, 1, 0
1168033, 1031652, 1, 0
1170023, 646066, 1, 0
1172007, 1291712, 1, 0
1174069, 780651, 1, 0
1176020, 1260842, 1, 0
1178083, 990010, 1, 0
1180124, 860311, 1, 0
1182013, 474397, 1, 0
1184063, 643541, 1, 0
1186124, 1182105, 1, 0
1188000, 1193022, 1, 0
1190009, 1178271, 1, 0
1192000, 1158710, 1, 0
1194069, 1028121, 1, 0
1196093, 672729, 1, 0
1198056, 962359, 1, 0
1200013, 966893, 1, 0
