 684
 696
 802
 802
 811
 846
 857
 884
 885
 890
 915
 966
 980
 1003
 1017
 1042
 1044
 1077
 1105
 1128
 1171
 1175
 1183
 1186
 1191
 1207
 1223
 1249
 1257
 1316
 1318
 1319
 1331
 1340
 1343
 1362
 1371
 1376
 1415
 1427
 1453
 1462
 1528
 1534
 1540
 1542
 1543
 1546
 1561
 1561
 1567
 1604
 1612
 1637
 1658
 1658
 1666
 1668
 1697
 1725
 1730
 1735
 1782
 1790
 1798
 1799
 1802
 1805
 1828
 1845
 1845
 1864
 1883
 1902
 1921
 1929
 1934
 1974
 2040
 2063
 2065
 2069
 2090
 2095
 2096
 2139
 2160
 2171
 2198
 2225
 2230
 2244
 2250
 2275
 2293
 2294
 2311
 2347
 2385
 2561
 2594
 2609
 2659
 2773
 2819
 2874
 2940
 2966
 3384
 3506
 6837
 11121
 11175
 11545
 11684
 11920
 12341
 12364
 12577
 12723
 12727
 12728
 12757
 12860
 12921
 12962
 12994
 13067
 13123
 13174
 13230
 13253
 13256
 13258
 13264
 13290
 13354
 13408
 13417
 13459
 13461
 13490
 13497
 13499
 13518
 13564
 13620
 13634
 13686
 13709
 13799
 13840
 13840
 13842
 13864
 13877
 13894
 13916
 13925
 13927
 13937
 13939
 13964
 13964
 13997
 14007
 14009
 14013
 14024
 14028
 14050
 14098
 14099
 14110
 14129
 14131
 14134
 14135
 14139
 14146
 14164
 14167
 14184
 14184
 14188
 14196
 14200
 14205
 14206
 14231
 14235
 14252
 14259
 14263
 14269
 14274
 14282
 14331
 14341
 14344
 14346
 14350
 14360
 14380
 14382
 14383
 14393
 14394
 14397
 14410
 14418
 14424
 14426
 14426
 14444
 14447
 14452
 14457
 14472
 14473
 14478
 14503
 14505
 14509
 14523
 14526
 14529
 14529
 14530
 14530
 14533
 14546
 14547
 14549
 14569
 14586
 14589
 14595
 14619
 14621
 14629
 14631
 14632
 14637
 14639
 14650
 14657
 14657
 14666
 14671
 14674
 14681
 14689
 14719
 14722
 14724
 14731
 14755
 14755
 14770
 14772
 14774
 14803
 14806
 14807
 14808
 14814
 14819
 14836
 14839
 14852
 14853
 14859
 14862
 14875
 14882
 14884
 14886
 14901
 14901
 14902
 14902
 14911
 14914
 14929
 14932
 14951
 14957
 14974
 15000
 15001
 15005
 15007
 15013
 15018
 15022
 15024
 15026
 15033
 15033
 15034
 15044
 15057
 15062
 15068
 15078
 15078
 15083
 15084
 15087
 15088
 15091
 15106
 15108
 15109
 15124
 15129
 15129
 15132
 15133
 15136
 15136
 15143
 15147
 15157
 15162
 15171
 15173
 15174
 15176
 15177
 15178
 15178
 15208
 15214
 15219
 15232
 15234
 15245
 15266
 15271
 15272
 15278
 15282
 15287
 15296
 15300
 15303
 15316
 15317
 15327
 15327
 15329
 15330
 15335
 15340
 15340
 15345
 15349
 15359
 15362
 15373
 15397
 15401
 15401
 15409
 15411
 15414
 15415
 15428
 15434
 15436
 15445
 15450
 15457
 15465
 15480
 15480
 15500
 15505
 15514
 15522
 15528
 15528
 15540
 15542
 15546
 15546
 15559
 15562
 15568
 15571
 15575
 15580
 15582
 15586
 15588
 15588
 15613
 15619
 15620
 15628
 15643
 15643
 15644
 15662
 15664
 15678
 15682
 15685
 15695
 15696
 15697
 15702
 15709
 15711
 15722
 15722
 15728
 15729
 15732
 15751
 15758
 15766
 15772
 15776
 15783
 15784
 15786
 15790
 15791
 15798
 15806
 15820
 15831
 15833
 15833
 15836
 15843
 15845
 15846
 15847
 15855
 15858
 15866
 15872
 15878
 15879
 15879
 15882
 15891
 15895
 15901
 15903
 15908
 15909
 15913
 15913
 15934
 15936
 15958
 15965
 15977
 15977
 15983
 15984
 15997
 16004
 16012
 16018
 16022
 16023
 16027
 16036
 16041
 16044
 16050
 16067
 16068
 16075
 16079
 16080
 16094
 16095
 16096
 16098
 16108
 16116
 16120
 16122
 16135
 16140
 16142
 16161
 16161
 16167
 16171
 16178
 16178
 16187
 16188
 16193
 16193
 16193
 16197
 16203
 16218
 16221
 16223
 16230
 16232
 16236
 16246
 16253
 16254
 16260
 16279
 16281
 16292
 16301
 16304
 16309
 16310
 16318
 16338
 16357
 16363
 16366
 16367
 16370
 16390
 16391
 16399
 16412
 16436
 16441
 16450
 16450
 16460
 16462
 16473
 16491
 16517
 16538
 16546
 16548
 16551
 16553
 16573
 16589
 16621
 16646
 16649
 16651
 16653
 16688
 16692
 16705
 16706
 16712
 16715
 16716
 16721
 16735
 16754
 16767
 16768
 16772
 16777
 16809
 16832
 16880
 16909
 16953
 16956
 16977
 16988
 16997
 17021
 17056
 17132
 17142
 17207
 17241
 17286
 17305
 17334
 17348
 17351
 17370
 17416
 17483
 17497
 17501
 17553
 17748
 17823
 19647
 24433
 30878
