 31997
 40489
 51070
 54389
 56145
 56276
 56305
 56324
 56654
 56929
 57011
 57159
 57316
 57488
 57719
 57860
 57866
 57921
 58042
 58250
 58285
 58294
 58295
 58462
 58571
 58785
 58844
 58850
 58936
 58942
 58974
 59035
 59093
 59220
 59231
 59239
 59281
 59282
 59292
 59330
 59330
 59337
 59353
 59381
 59407
 59411
 59420
 59461
 59470
 59503
 59587
 59597
 59797
 59819
 59825
 59887
 59903
 59931
 59957
 60052
 60098
 60135
 60148
 60153
 60269
 60306
 60361
 60498
 60596
 60706
 60718
 60726
 60736
 60750
 60763
 60768
 60820
 60849
 60856
 60865
 60905
 60923
 60966
 60984
 61049
 61076
 61079
 61099
 61120
 61132
 61133
 61181
 61189
 61190
 61214
 61236
 61260
 61297
 61314
 61319
 61326
 61455
 61472
 61506
 61522
 61534
 61569
 61593
 61642
 61676
 61678
 61683
 61759
 61777
 61779
 61796
 61814
 61823
 61831
 61858
 61865
 61896
 61921
 61925
 61926
 61953
 61971
 62022
 62028
 62033
 62058
 62061
 62061
 62080
 62136
 62174
 62180
 62188
 62234
 62253
 62291
 62323
 62330
 62377
 62384
 62410
 62462
 62470
 62472
 62476
 62483
 62527
 62587
 62611
 62629
 62633
 62667
 62681
 62684
 62716
 62721
 62724
 62753
 62790
 62813
 62824
 62832
 62850
 62853
 62861
 62862
 62954
 62965
 63048
 63054
 63068
 63070
 63070
 63071
 63189
 63192
 63313
 63325
 63352
 63352
 63390
 63396
 63398
 63428
 63432
 63445
 63449
 63463
 63469
 63495
 63569
 63585
 63634
 63637
 63638
 63653
 63659
 63666
 63689
 63784
 63806
 63869
 63875
 63957
 63964
 63977
 63991
 64030
 64100
 64127
 64132
 64172
 64223
 64244
 64248
 64261
 64277
 64284
 64286
 64313
 64328
 64335
 64352
 64380
 64413
 64446
 64457
 64496
 64520
 64531
 64535
 64588
 64593
 64595
 64595
 64615
 64662
 64682
 64693
 64747
 64774
 64774
 64780
 64818
 64850
 64854
 64880
 64909
 64912
 64926
 64991
 65024
 65039
 65051
 65062
 65098
 65102
 65113
 65117
 65138
 65174
 65332
 65384
 65408
 65476
 65488
 65497
 65504
 65509
 65516
 65548
 65551
 65567
 65604
 65656
 65656
 65703
 65743
 65792
 65807
 65849
 65876
 65915
 65917
 65957
 66015
 66025
 66038
 66043
 66130
 66135
 66136
 66166
 66194
 66211
 66213
 66229
 66259
 66285
 66305
 66306
 66333
 66343
 66344
 66348
 66379
 66425
 66511
 66532
 66588
 66610
 66618
 66631
 66649
 66698
 66703
 66710
 66792
 66799
 66801
 66816
 66867
 66898
 66915
 66958
 67059
 67065
 67148
 67221
 67234
 67262
 67273
 67290
 67373
 67411
 67465
 67474
 67480
 67633
 67636
 67686
 67699
 67703
 67738
 67797
 67845
 67852
 67982
 67982
 67984
 68030
 68037
 68075
 68106
 68116
 68124
 68175
 68199
 68203
 68216
 68224
 68257
 68276
 68303
 68328
 68406
 68414
 68486
 68511
 68525
 68535
 68538
 68543
 68569
 68577
 68609
 68623
 68631
 68691
 68746
 68776
 68796
 68830
 68845
 68872
 68936
 68991
 69009
 69102
 69221
 69235
 69240
 69248
 69259
 69296
 69332
 69380
 69389
 69423
 69428
 69468
 69470
 69563
 69618
 69630
 69730
 69740
 69779
 69801
 69832
 69963
 69967
 69985
 70107
 70125
 70150
 70403
 70406
 70441
 70537
 70569
 70620
 70661
 70809
 70933
 70941
 70964
 70975
 71060
 71102
 71310
 71409
 71478
 71583
 71591
 71619
 71686
 71713
 71857
 71857
 71910
 71948
 72033
 72079
 72131
 72512
 72604
 72676
 72756
 72932
 72955
 73213
 73526
 73626
 73926
 74074
 74393
 74733
 74848
 74883
 74939
 75141
 75189
 75383
 75695
 75745
 76047
 76215
 76386
 76603
 76681
 76758
 77200
 77376
 78005
 78125
 78835
 79062
 80594
 84057
 84712
 86395
 88815
 90191
 144335
 279520
 300953
 332893
 336509
 339199
 356862
 371813
 382976
 383609
 406710
 408885
 413216
 419017
 426219
 430108
 438248
 440559
 443780
 445702
 445905
 448180
 449813
 450929
 456824
 474186
 475162
 475368
 478683
 481078
 488338
 492886
 502962
 506438
 511893
 512722
 517067
 526707
 529422
 531192
 540249
 540309
 545753
 546856
 551144
 551156
 551624
 557347
 557404
 558797
 573770
 575915
 587374
 596157
 597569
 598238
 598659
 608274
 614794
 619755
 632232
 639124
 645165
 647356
 647700
 648870
 648997
 649565
 665970
 667909
 671251
 681099
 690369
 709646
 726090
 734252
 744556
 757707
 757790
 759066
 768134
 777429
 781064
 825483
 827290
 831660
 837299
 839097
 845516
 853712
 877781
 903157
 904676
 935139
 939897
 969878
 976001
 985188
 1001975
 1010112
 1119045
 1145968
 1150352
 1164617
 1168480
 1175611
 1202711
 1219003
 1236746
 1432590
 1491294
