 11764
 12182
 12246
 12295
 12320
 12409
 12422
 12529
 12587
 12604
 12629
 12678
 12823
 12884
 12931
 13085
 13093
 13119
 13149
 13226
 13263
 13270
 13292
 13302
 13400
 13407
 13458
 13516
 13548
 13562
 13613
 13620
 13626
 13713
 13756
 13762
 13830
 13844
 13855
 13920
 13959
 13963
 13964
 14027
 14055
 14075
 14095
 14249
 14275
 14313
 14379
 14427
 14555
 14586
 14596
 14599
 14672
 14672
 14736
 14737
 14786
 14807
 14816
 14883
 15017
 15045
 15090
 15098
 15152
 15154
 15156
 15215
 15219
 15238
 15350
 15354
 15384
 15422
 15444
 15461
 15464
 15511
 15514
 15515
 15567
 15622
 15641
 15648
 15656
 15662
 15677
 15680
 15708
 15709
 15751
 15763
 15774
 15784
 15827
 15883
 15896
 15899
 15977
 16015
 16052
 16053
 16059
 16064
 16085
 16092
 16105
 16115
 16164
 16187
 16258
 16277
 16280
 16283
 16283
 16389
 16397
 16460
 16644
 16720
 16723
 16930
 16931
 16934
 17085
 17105
 17115
 17173
 17179
 17260
 17262
 17351
 17505
 17587
 17635
 17646
 17661
 17811
 17886
 17913
 17952
 18031
 18302
 18607
 18632
 18798
 19217
 19727
 22874
 43385
