 22732
 43315
 49677
 50279
 51479
 52592
 52874
 53699
 54137
 54359
 54938
 55058
 55061
 55225
 55487
 55540
 56238
 56625
 56672
 57153
 57163
 57169
 57510
 57758
 57788
 58551
 58674
 58742
 58980
 59141
 59463
 59832
 59973
 60092
 60385
 60584
 60894
 61046
 61062
 61151
 61189
 61211
 61561
 61566
 61701
 61720
 61745
 61833
 61929
 61962
 62039
 62212
 62331
 62381
 62476
 62494
 62502
 62548
 62558
 62571
 62594
 62698
 62777
 62952
 63008
 63203
 63402
 63406
 63498
 63577
 63658
 63717
 63778
 64410
 64558
 64571
 64600
 64940
 65029
 65221
 65274
 65491
 65636
 65677
 65851
 65914
 65979
 66059
 66068
 66139
 66239
 66304
 66330
 66715
 66772
 67556
 67767
 67806
 68071
 68360
 68824
 69266
 69417
 69668
 69743
 69865
 70156
 70562
 70663
 71032
 71145
 71154
 71356
 71574
 71696
 71869
 71872
 72134
 73012
 73032
 73078
 73258
 73554
 73566
 73660
 73693
 73714
 73956
 74159
 74207
 74715
 75455
 75985
 76055
 76783
 76923
 77066
 77086
 77469
 77481
 77570
 78253
 78378
 78505
 78606
 79309
 79466
 79596
 80020
 80379
 80422
 80734
 80924
 81130
 81291
