2000, 25729, 1, 0
4000, 56729, 1, 0
6007, 83966, 1, 0
8019, 80390, 1, 0
10000, 72942, 1, 0
12015, 72789, 1, 0
14003, 69315, 1, 0
16022, 68072, 1, 0
18007, 67485, 1, 0
20015, 68506, 1, 0
22015, 69549, 1, 0
24043, 69232, 1, 0
26011, 69925, 1, 0
28027, 65870, 1, 0
30000, 68444, 1, 0
32007, 66147, 1, 0
34015, 72640, 1, 0
36023, 62765, 1, 0
38011, 68308, 1, 0
40053, 71417, 1, 0
42011, 64209, 1, 0
44003, 68347, 1, 0
46043, 65608, 1, 0
48080, 74249, 1, 0
50000, 62821, 1, 0
52008, 69718, 1, 0
54004, 61692, 1, 0
56032, 77287, 1, 0
58016, 56421, 1, 0
60012, 75974, 1, 0
62000, 65433, 1, 0
64016, 64036, 1, 0
66020, 62578, 1, 0
68040, 72068, 1, 0
70012, 64786, 1, 0
72000, 67503, 1, 0
74036, 68525, 1, 0
76016, 71615, 1, 0
78032, 60380, 1, 0
80000, 66854, 1, 0
82004, 72089, 1, 0
84000, 61864, 1, 0
86000, 66998, 1, 0
88013, 68759, 1, 0
90012, 66738, 1, 0
92000, 67321, 1, 0
94012, 67752, 1, 0
96020, 66292, 1, 0
98016, 65761, 1, 0
100004, 69454, 1, 0
102016, 65970, 1, 0
104000, 65015, 1, 0
106000, 68888, 1, 0
108008, 66380, 1, 0
110036, 66337, 1, 0
112000, 67526, 1, 0
114102, 70277, 1, 0
116025, 63432, 1, 0
118005, 70549, 1, 0
120000, 68058, 1, 0
122005, 61909, 1, 0
124021, 69077, 1, 0
126009, 65513, 1, 0
128005, 70731, 1, 0
130005, 66215, 1, 0
132000, 64694, 1, 0
134000, 66164, 1, 0
136033, 68934, 1, 0
138049, 72087, 1, 0
140033, 64449, 1, 0
142013, 67397, 1, 0
144000, 69634, 1, 0
146005, 60906, 1, 0
148000, 69733, 1, 0
150017, 66403, 1, 0
152017, 67839, 1, 0
154062, 72515, 1, 0
156000, 64022, 1, 0
158000, 65798, 1, 0
160029, 68612, 1, 0
162000, 65986, 1, 0
164000, 68415, 1, 0
166013, 67697, 1, 0
168037, 64365, 1, 0
170000, 68012, 1, 0
172013, 68069, 1, 0
174000, 73741, 1, 0
176001, 60917, 1, 0
178041, 70289, 1, 0
180025, 67542, 1, 0
182002, 67093, 1, 0
184029, 67345, 1, 0
186025, 67651, 1, 0
188001, 68489, 1, 0
190021, 68923, 1, 0
192051, 74891, 1, 0
194008, 64183, 1, 0
196000, 70134, 1, 0
198004, 71173, 1, 0
200016, 68441, 1, 0
202012, 70445, 1, 0
204000, 67866, 1, 0
206000, 72379, 1, 0
208000, 67615, 1, 0
210024, 72211, 1, 0
212012, 67674, 1, 0
214000, 71197, 1, 0
216024, 72219, 1, 0
218028, 65665, 1, 0
220000, 67604, 1, 0
222000, 76333, 1, 0
224000, 65044, 1, 0
226000, 70434, 1, 0
228000, 71662, 1, 0
230016, 68690, 1, 0
232000, 70444, 1, 0
234000, 69300, 1, 0
236004, 73511, 1, 0
238000, 67213, 1, 0
240000, 67329, 1, 0
242020, 73021, 1, 0
244008, 68276, 1, 0
246000, 68735, 1, 0
248016, 71006, 1, 0
250000, 70032, 1, 0
252004, 69318, 1, 0
254020, 68825, 1, 0
256024, 71068, 1, 0
258000, 68691, 1, 0
260008, 70366, 1, 0
262004, 73238, 1, 0
264004, 65326, 1, 0
266035, 75174, 1, 0
268024, 64649, 1, 0
270000, 68544, 1, 0
272000, 73871, 1, 0
274000, 67163, 1, 0
276012, 79051, 1, 0
278004, 63218, 1, 0
280004, 70281, 1, 0
282004, 71383, 1, 0
284032, 69328, 1, 0
286008, 67677, 1, 0
288012, 69867, 1, 0
290008, 70030, 1, 0
292016, 72249, 1, 0
294014, 70375, 1, 0
296012, 67001, 1, 0
298000, 74397, 1, 0
300099, 74125, 1, 0
302000, 61527, 1, 0
304016, 69635, 1, 0
306020, 69925, 1, 0
308016, 75758, 1, 0
310004, 63779, 1, 0
312032, 76562, 1, 0
314000, 69572, 1, 0
316016, 65786, 1, 0
318057, 72820, 1, 0
320000, 68499, 1, 0
322008, 72513, 1, 0
324000, 65921, 1, 0
326000, 71100, 1, 0
328004, 70266, 1, 0
330024, 72491, 1, 0
332000, 68342, 1, 0
334000, 65945, 1, 0
336024, 70196, 1, 0
338020, 71612, 1, 0
340000, 72434, 1, 0
342004, 67863, 1, 0
344000, 70025, 1, 0
346004, 70759, 1, 0
348000, 69686, 1, 0
350000, 66502, 1, 0
352028, 70226, 1, 0
354024, 69252, 1, 0
356012, 70998, 1, 0
358000, 69889, 1, 0
360000, 69900, 1, 0
362020, 70559, 1, 0
364000, 67333, 1, 0
366024, 73426, 1, 0
368016, 66300, 1, 0
370008, 71517, 1, 0
372009, 69367, 1, 0
374012, 71129, 1, 0
376012, 66619, 1, 0
378023, 80530, 1, 0
380000, 60966, 1, 0
382000, 71068, 1, 0
384013, 71823, 1, 0
386025, 68469, 1, 0
388013, 67821, 1, 0
390000, 68541, 1, 0
392004, 71258, 1, 0
394020, 71178, 1, 0
396013, 68286, 1, 0
398000, 70862, 1, 0
400017, 70443, 1, 0
402000, 72116, 1, 0
404017, 67815, 1, 0
406000, 68831, 1, 0
408005, 73410, 1, 0
410025, 68947, 1, 0
412017, 69418, 1, 0
414001, 70443, 1, 0
416000, 67628, 1, 0
418009, 71845, 1, 0
420001, 68617, 1, 0
422001, 71877, 1, 0
424000, 69909, 1, 0
426013, 68273, 1, 0
428009, 70716, 1, 0
430000, 68907, 1, 0
432001, 71071, 1, 0
434000, 70021, 1, 0
436013, 70955, 1, 0
438000, 79644, 1, 0
440031, 68648, 1, 0
442005, 69207, 1, 0
444013, 72059, 1, 0
446017, 73580, 1, 0
448001, 72162, 1, 0
450025, 74342, 1, 0
452009, 70504, 1, 0
454001, 71156, 1, 0
456000, 79942, 1, 0
458000, 65389, 1, 0
460003, 71956, 1, 0
462000, 72304, 1, 0
464000, 74342, 1, 0
466005, 71548, 1, 0
468017, 72649, 1, 0
470001, 71727, 1, 0
472017, 84957, 1, 0
474014, 60501, 1, 0
476018, 75905, 1, 0
478014, 71712, 1, 0
480022, 70456, 1, 0
482010, 74915, 1, 0
484002, 72710, 1, 0
486014, 71114, 1, 0
488002, 73390, 1, 0
490006, 76468, 1, 0
492022, 67514, 1, 0
494000, 73535, 1, 0
496016, 72403, 1, 0
498000, 72526, 1, 0
500002, 72695, 1, 0
502022, 70857, 1, 0
504022, 72617, 1, 0
506000, 71717, 1, 0
508000, 70932, 1, 0
510018, 76393, 1, 0
512014, 68931, 1, 0
514002, 73152, 1, 0
516000, 70236, 1, 0
518014, 74469, 1, 0
520018, 77954, 1, 0
522010, 67676, 1, 0
524000, 72123, 1, 0
526006, 74201, 1, 0
528002, 69589, 1, 0
530014, 78353, 1, 0
532000, 68080, 1, 0
534022, 71594, 1, 0
536006, 73703, 1, 0
538002, 71620, 1, 0
540006, 69385, 1, 0
542002, 73337, 1, 0
544143, 83058, 1, 0
546015, 68578, 1, 0
548006, 67111, 1, 0
550023, 70664, 1, 0
552000, 72547, 1, 0
554031, 71653, 1, 0
556019, 76863, 1, 0
558042, 84569, 1, 0
560011, 60558, 1, 0
562003, 78265, 1, 0
564007, 69109, 1, 0
566011, 68180, 1, 0
568003, 74709, 1, 0
570000, 70057, 1, 0
572003, 72029, 1, 0
574038, 76595, 1, 0
576003, 67806, 1, 0
578019, 70877, 1, 0
580015, 73121, 1, 0
582015, 73265, 1, 0
584007, 74408, 1, 0
586000, 69094, 1, 0
588015, 70680, 1, 0
590007, 74753, 1, 0
592002, 75636, 1, 0
594003, 66688, 1, 0
596019, 79762, 1, 0
598019, 65779, 1, 0
600061, 75850, 1, 0
602007, 71253, 1, 0
604003, 71443, 1, 0
606017, 81011, 1, 0
608019, 64763, 1, 0
610003, 72484, 1, 0
612003, 70781, 1, 0
614000, 72402, 1, 0
616003, 71503, 1, 0
618000, 71393, 1, 0
620000, 75228, 1, 0
622027, 71472, 1, 0
624055, 72585, 1, 0
626003, 68183, 1, 0
628000, 75142, 1, 0
630015, 68319, 1, 0
632045, 80853, 1, 0
634015, 67623, 1, 0
636098, 78586, 1, 0
638012, 64270, 1, 0
640011, 73762, 1, 0
642020, 75280, 1, 0
644024, 71327, 1, 0
646004, 75202, 1, 0
648004, 69468, 1, 0
650012, 70784, 1, 0
652000, 72452, 1, 0
654004, 76679, 1, 0
656004, 66711, 1, 0
658031, 76860, 1, 0
660032, 69050, 1, 0
662114, 78901, 1, 0
664012, 67182, 1, 0
666051, 73888, 1, 0
668012, 70214, 1, 0
670000, 68889, 1, 0
672000, 74075, 1, 0
674000, 72933, 1, 0
676000, 71899, 1, 0
678086, 77830, 1, 0
680000, 69451, 1, 0
682036, 72856, 1, 0
684070, 77027, 1, 0
686000, 64498, 1, 0
688016, 74517, 1, 0
690008, 71167, 1, 0
692004, 77999, 1, 0
694004, 83220, 1, 0
696000, 73188, 1, 0
698004, 65723, 1, 0
700020, 64949, 1, 0
702032, 70942, 1, 0
704004, 80117, 1, 0
706008, 70150, 1, 0
708000, 66377, 1, 0
710008, 72503, 1, 0
712004, 75698, 1, 0
714111, 78062, 1, 0
716000, 65810, 1, 0
718000, 73612, 1, 0
720016, 71987, 1, 0
722004, 71061, 1, 0
724000, 73779, 1, 0
726000, 73556, 1, 0
728028, 74318, 1, 0
730065, 73290, 1, 0
732000, 68082, 1, 0
734020, 70095, 1, 0
736041, 82143, 1, 0
738000, 65659, 1, 0
740024, 73608, 1, 0
742000, 72895, 1, 0
744008, 70834, 1, 0
746050, 75279, 1, 0
748000, 82262, 1, 0
750000, 65943, 1, 0
752004, 68982, 1, 0
754005, 73974, 1, 0
756000, 74906, 1, 0
758013, 69112, 1, 0
760021, 70119, 1, 0
762083, 79872, 1, 0
764017, 65926, 1, 0
766142, 87970, 1, 0
768009, 59752, 1, 0
770013, 74700, 1, 0
772000, 72545, 1, 0
774000, 69554, 1, 0
776025, 73350, 1, 0
778017, 72464, 1, 0
780017, 71433, 1, 0
782013, 74776, 1, 0
784000, 69933, 1, 0
786001, 71180, 1, 0
788081, 78631, 1, 0
790025, 68720, 1, 0
792025, 71707, 1, 0
794005, 70831, 1, 0
796000, 78949, 1, 0
798021, 69133, 1, 0
800013, 73588, 1, 0
802013, 70817, 1, 0
804000, 73685, 1, 0
806000, 69314, 1, 0
808017, 73570, 1, 0
810003, 73567, 1, 0
812000, 71130, 1, 0
814094, 80294, 1, 0
816025, 66594, 1, 0
818149, 79181, 1, 0
820017, 65758, 1, 0
822017, 73305, 1, 0
824053, 77251, 1, 0
826001, 66666, 1, 0
828009, 74532, 1, 0
830001, 73412, 1, 0
832017, 74386, 1, 0
834013, 70809, 1, 0
836000, 70286, 1, 0
838000, 77211, 1, 0
840000, 74410, 1, 0
842017, 68386, 1, 0
844013, 72680, 1, 0
846005, 70901, 1, 0
848017, 72442, 1, 0
850005, 73128, 1, 0
852041, 76602, 1, 0
854000, 72644, 1, 0
856017, 69797, 1, 0
858021, 77647, 1, 0
860000, 67121, 1, 0
862033, 77496, 1, 0
864005, 65460, 1, 0
866000, 79304, 1, 0
868000, 66734, 1, 0
870000, 74672, 1, 0
872021, 72231, 1, 0
874002, 77212, 1, 0
876026, 67262, 1, 0
878000, 73258, 1, 0
880002, 71514, 1, 0
882006, 74426, 1, 0
884002, 70771, 1, 0
886014, 74534, 1, 0
888006, 71022, 1, 0
890014, 70773, 1, 0
892002, 76033, 1, 0
894014, 71512, 1, 0
896006, 71828, 1, 0
898014, 72635, 1, 0
900000, 70869, 1, 0
902000, 73218, 1, 0
904000, 69669, 1, 0
906000, 73276, 1, 0
908014, 75938, 1, 0
910002, 70450, 1, 0
912022, 75228, 1, 0
914002, 72294, 1, 0
916000, 74424, 1, 0
918131, 75293, 1, 0
920006, 67285, 1, 0
922002, 71165, 1, 0
924014, 73107, 1, 0
926006, 72319, 1, 0
928010, 71506, 1, 0
930018, 74288, 1, 0
932002, 74062, 1, 0
934003, 73727, 1, 0
936022, 71552, 1, 0
938000, 70232, 1, 0
940000, 73247, 1, 0
942006, 72455, 1, 0
944006, 72197, 1, 0
946000, 72130, 1, 0
948000, 79318, 1, 0
950022, 69612, 1, 0
952002, 73249, 1, 0
954000, 68430, 1, 0
956010, 71525, 1, 0
958018, 73386, 1, 0
960030, 71804, 1, 0
962000, 71231, 1, 0
964000, 71906, 1, 0
966023, 76688, 1, 0
968007, 73388, 1, 0
970019, 68618, 1, 0
972003, 72683, 1, 0
974003, 73897, 1, 0
976011, 74109, 1, 0
978007, 68463, 1, 0
980000, 75634, 1, 0
982007, 72123, 1, 0
984003, 73248, 1, 0
986003, 71639, 1, 0
988011, 77312, 1, 0
990000, 68035, 1, 0
992007, 74022, 1, 0
994011, 75329, 1, 0
996000, 68328, 1, 0
998027, 78481, 1, 0
1000027, 68314, 1, 0
1002003, 71462, 1, 0
1004011, 79685, 1, 0
1006000, 67785, 1, 0
1008019, 73957, 1, 0
1010019, 71226, 1, 0
1012000, 71831, 1, 0
1014019, 73538, 1, 0
1016007, 76088, 1, 0
1018019, 68101, 1, 0
1020000, 71837, 1, 0
1022011, 79472, 1, 0
1024030, 76086, 1, 0
1026000, 66078, 1, 0
1028000, 72953, 1, 0
1030012, 71173, 1, 0
1032012, 74374, 1, 0
1034016, 72826, 1, 0
1036024, 75103, 1, 0
1038028, 69100, 1, 0
1040008, 74580, 1, 0
1042008, 79087, 1, 0
1044008, 66429, 1, 0
1046024, 73956, 1, 0
1048016, 73482, 1, 0
1050173, 77840, 1, 0
1052008, 66195, 1, 0
1054000, 72364, 1, 0
1056012, 77163, 1, 0
1058000, 70170, 1, 0
1060012, 72893, 1, 0
1062012, 71731, 1, 0
1064012, 74235, 1, 0
1066000, 72709, 1, 0
1068000, 71040, 1, 0
1070032, 73222, 1, 0
1072000, 72058, 1, 0
1074012, 75331, 1, 0
1076008, 74876, 1, 0
1078012, 82975, 1, 0
1080000, 76422, 1, 0
1082000, 93132, 1, 0
1084028, 80988, 1, 0
1086024, 83199, 1, 0
1088004, 85496, 1, 0
1090000, 86098, 1, 0
1092020, 85066, 1, 0
1094000, 86271, 1, 0
1096000, 96306, 1, 0
1098000, 83958, 1, 0
1100009, 88074, 1, 0
1102013, 89153, 1, 0
1104009, 94048, 1, 0
1106021, 86616, 1, 0
1108005, 95044, 1, 0
1110009, 91063, 1, 0
1112009, 93701, 1, 0
1114032, 96832, 1, 0
1116001, 89205, 1, 0
1118025, 96257, 1, 0
1120001, 105039, 1, 0
1122021, 89091, 1, 0
1124005, 95132, 1, 0
1126001, 101542, 1, 0
1128001, 95836, 1, 0
1130005, 97832, 1, 0
1132005, 102999, 1, 0
1134001, 100635, 1, 0
1136009, 97801, 1, 0
1138009, 104514, 1, 0
1140013, 96767, 1, 0
1142000, 104222, 1, 0
1144009, 101071, 1, 0
1146037, 107638, 1, 0
1148005, 101665, 1, 0
1150013, 106030, 1, 0
1152001, 103439, 1, 0
1154029, 104484, 1, 0
1156037, 106321, 1, 0
1158000, 103222, 1, 0
1160094, 130489, 1, 0
1162009, 89972, 1, 0
1164017, 108055, 1, 0
1166013, 108679, 1, 0
1168181, 119676, 1, 0
1170013, 94918, 1, 0
1172029, 115268, 1, 0
1174033, 112407, 1, 0
1176017, 113804, 1, 0
1178018, 106813, 1, 0
1180000, 104232, 1, 0
1182005, 110226, 1, 0
1184006, 112474, 1, 0
1186010, 119682, 1, 0
1188014, 105306, 1, 0
1190014, 112826, 1, 0
1192006, 110989, 1, 0
1194018, 114671, 1, 0
1196022, 109782, 1, 0
1198006, 110988, 1, 0
1200006, 118062, 1, 0
