2000, 39886, 1, 0
4000, 17905, 1, 0
6000, 12165, 1, 0
8000, 12686, 1, 0
10000, 13282, 1, 0
12000, 13801, 1, 0
14000, 14176, 1, 0
16000, 14765, 1, 0
18000, 14884, 1, 0
20000, 14109, 1, 0
22000, 14786, 1, 0
24000, 14675, 1, 0
26000, 14518, 1, 0
28000, 14758, 1, 0
30000, 14112, 1, 0
32000, 14466, 1, 0
34000, 15392, 1, 0
36000, 14860, 1, 0
38000, 15043, 1, 0
40000, 14266, 1, 0
42000, 15331, 1, 0
44000, 14615, 1, 0
46000, 14148, 1, 0
48000, 15085, 1, 0
50000, 15344, 1, 0
52000, 14620, 1, 0
54000, 15071, 1, 0
56000, 13452, 1, 0
58000, 16738, 1, 0
60000, 14219, 1, 0
62000, 14420, 1, 0
64000, 15795, 1, 0
66000, 13553, 1, 0
68000, 15888, 1, 0
70000, 14327, 1, 0
72000, 15059, 1, 0
74000, 13883, 1, 0
76000, 15869, 1, 0
78000, 14830, 1, 0
80000, 14450, 1, 0
82000, 14655, 1, 0
84000, 15076, 1, 0
86000, 14580, 1, 0
88000, 15173, 1, 0
90000, 14532, 1, 0
92000, 15276, 1, 0
94000, 14842, 1, 0
96000, 14921, 1, 0
98000, 14941, 1, 0
100000, 14644, 1, 0
102000, 14844, 1, 0
104000, 13357, 1, 0
106000, 16013, 1, 0
108000, 15020, 1, 0
110000, 15091, 1, 0
112000, 15228, 1, 0
114000, 14490, 1, 0
116000, 15030, 1, 0
118000, 14603, 1, 0
120000, 15246, 1, 0
122000, 14139, 1, 0
124000, 14739, 1, 0
126000, 15273, 1, 0
128000, 14792, 1, 0
130000, 14710, 1, 0
132000, 14111, 1, 0
134000, 15130, 1, 0
136000, 15287, 1, 0
138000, 13972, 1, 0
140000, 15676, 1, 0
142000, 14476, 1, 0
144000, 14648, 1, 0
146000, 14685, 1, 0
148000, 15147, 1, 0
150000, 15089, 1, 0
152000, 14229, 1, 0
154000, 14493, 1, 0
156000, 14711, 1, 0
158000, 14900, 1, 0
160000, 15315, 1, 0
162000, 14579, 1, 0
164000, 14197, 1, 0
166000, 14619, 1, 0
168000, 14405, 1, 0
170000, 15860, 1, 0
172000, 13972, 1, 0
174000, 15119, 1, 0
176000, 14282, 1, 0
178000, 15741, 1, 0
180000, 14420, 1, 0
182000, 13655, 1, 0
184000, 15256, 1, 0
186000, 14549, 1, 0
188000, 14977, 1, 0
190000, 14092, 1, 0
192001, 13858, 1, 0
194000, 14843, 1, 0
196000, 14305, 1, 0
198000, 14195, 1, 0
200000, 14302, 1, 0
202000, 14385, 1, 0
204000, 14257, 1, 0
206000, 14111, 1, 0
208000, 13970, 1, 0
210000, 14132, 1, 0
212001, 14491, 1, 0
214001, 14573, 1, 0
216000, 13989, 1, 0
218000, 14167, 1, 0
220000, 13845, 1, 0
222000, 14982, 1, 0
224000, 14341, 1, 0
226000, 14019, 1, 0
228000, 14163, 1, 0
230000, 13584, 1, 0
232000, 14850, 1, 0
234000, 14310, 1, 0
236000, 13915, 1, 0
238000, 14587, 1, 0
240000, 13495, 1, 0
242000, 14700, 1, 0
244000, 14593, 1, 0
246001, 14361, 1, 0
248000, 14274, 1, 0
250000, 14132, 1, 0
252000, 13956, 1, 0
254000, 14327, 1, 0
256000, 14535, 1, 0
258000, 14036, 1, 0
260000, 13983, 1, 0
262000, 14375, 1, 0
264000, 13736, 1, 0
266000, 14339, 1, 0
268000, 15176, 1, 0
270000, 14220, 1, 0
272000, 14112, 1, 0
274000, 13874, 1, 0
276000, 14440, 1, 0
278000, 13845, 1, 0
280000, 14463, 1, 0
282000, 14325, 1, 0
284000, 14524, 1, 0
286001, 14146, 1, 0
288000, 14491, 1, 0
290000, 12590, 1, 0
292000, 15502, 1, 0
294000, 13722, 1, 0
296000, 14732, 1, 0
298000, 13002, 1, 0
300000, 15070, 1, 0
302000, 13756, 1, 0
304000, 14719, 1, 0
306000, 14930, 1, 0
308000, 13648, 1, 0
310000, 14881, 1, 0
312001, 14245, 1, 0
314000, 13793, 1, 0
316000, 14414, 1, 0
318000, 13336, 1, 0
320001, 14454, 1, 0
322000, 14945, 1, 0
324000, 14194, 1, 0
326000, 14359, 1, 0
328000, 14092, 1, 0
330000, 14164, 1, 0
332000, 14878, 1, 0
334000, 13929, 1, 0
336000, 13829, 1, 0
338000, 14625, 1, 0
340000, 13899, 1, 0
342000, 14247, 1, 0
344000, 14296, 1, 0
346000, 13771, 1, 0
348000, 13889, 1, 0
350000, 15415, 1, 0
352000, 14208, 1, 0
354000, 13887, 1, 0
356000, 13913, 1, 0
358000, 14210, 1, 0
360000, 14355, 1, 0
362000, 14479, 1, 0
364000, 14264, 1, 0
366000, 14793, 1, 0
368000, 13218, 1, 0
370000, 14841, 1, 0
372000, 13925, 1, 0
374000, 14700, 1, 0
376000, 14203, 1, 0
378000, 14439, 1, 0
380001, 13926, 1, 0
382000, 14362, 1, 0
384000, 12795, 1, 0
386000, 14581, 1, 0
388000, 12355, 1, 0
390000, 15674, 1, 0
392000, 15646, 1, 0
394000, 13523, 1, 0
396000, 15066, 1, 0
398000, 13941, 1, 0
400000, 14386, 1, 0
402000, 14100, 1, 0
404000, 14096, 1, 0
406000, 14401, 1, 0
408000, 14138, 1, 0
410000, 14182, 1, 0
412000, 14278, 1, 0
414000, 13862, 1, 0
416000, 14367, 1, 0
418001, 14685, 1, 0
420001, 13826, 1, 0
422000, 14479, 1, 0
424000, 14392, 1, 0
426000, 13983, 1, 0
428000, 14118, 1, 0
430000, 14298, 1, 0
432000, 14001, 1, 0
434000, 14124, 1, 0
436000, 13842, 1, 0
438000, 12706, 1, 0
440000, 14127, 1, 0
442000, 14477, 1, 0
444000, 13881, 1, 0
446000, 13816, 1, 0
448000, 13671, 1, 0
450000, 12897, 1, 0
452000, 14288, 1, 0
454000, 13994, 1, 0
456000, 13888, 1, 0
458000, 13975, 1, 0
460000, 13577, 1, 0
462000, 13484, 1, 0
464000, 13752, 1, 0
466000, 13776, 1, 0
468000, 13930, 1, 0
470000, 13551, 1, 0
472000, 13133, 1, 0
474000, 14013, 1, 0
476000, 14115, 1, 0
478000, 13530, 1, 0
480000, 13167, 1, 0
482000, 14676, 1, 0
484000, 13478, 1, 0
486000, 13771, 1, 0
488000, 13409, 1, 0
490000, 13983, 1, 0
492000, 14118, 1, 0
494000, 13240, 1, 0
496000, 13589, 1, 0
498000, 13901, 1, 0
500000, 13638, 1, 0
502000, 13908, 1, 0
504000, 13772, 1, 0
506000, 13262, 1, 0
508000, 14087, 1, 0
510000, 13706, 1, 0
512000, 14093, 1, 0
514000, 13247, 1, 0
516000, 14245, 1, 0
518000, 13423, 1, 0
520000, 13422, 1, 0
522000, 14004, 1, 0
524000, 14294, 1, 0
526000, 13701, 1, 0
528000, 13212, 1, 0
530000, 14020, 1, 0
532000, 14006, 1, 0
534000, 13978, 1, 0
536000, 13746, 1, 0
538000, 13753, 1, 0
540000, 13801, 1, 0
542000, 13901, 1, 0
544000, 13667, 1, 0
546000, 14070, 1, 0
548000, 13442, 1, 0
550000, 13765, 1, 0
552000, 14248, 1, 0
554000, 13644, 1, 0
556000, 13406, 1, 0
558000, 13515, 1, 0
560000, 14925, 1, 0
562000, 13733, 1, 0
564000, 13720, 1, 0
566000, 13920, 1, 0
568000, 13642, 1, 0
570000, 13456, 1, 0
572000, 13807, 1, 0
574000, 12975, 1, 0
576000, 14137, 1, 0
578000, 14236, 1, 0
580000, 13856, 1, 0
582000, 14147, 1, 0
584001, 13302, 1, 0
586000, 14340, 1, 0
588000, 13666, 1, 0
590000, 13986, 1, 0
592000, 13726, 1, 0
594000, 13778, 1, 0
596000, 12999, 1, 0
598000, 13728, 1, 0
600000, 14461, 1, 0
602000, 11945, 1, 0
604000, 15880, 1, 0
606000, 12050, 1, 0
608000, 15036, 1, 0
610000, 13429, 1, 0
612000, 14275, 1, 0
614000, 13175, 1, 0
616000, 14035, 1, 0
618000, 13705, 1, 0
620000, 13913, 1, 0
622000, 13994, 1, 0
624000, 12026, 1, 0
626000, 13716, 1, 0
628000, 14099, 1, 0
630000, 14912, 1, 0
632000, 13404, 1, 0
634000, 14897, 1, 0
636000, 12878, 1, 0
638000, 15019, 1, 0
640000, 13853, 1, 0
642000, 13760, 1, 0
644000, 13935, 1, 0
646000, 13420, 1, 0
648000, 13104, 1, 0
650000, 14759, 1, 0
652000, 13152, 1, 0
654000, 13802, 1, 0
656000, 14423, 1, 0
658001, 12514, 1, 0
660001, 14715, 1, 0
662000, 11908, 1, 0
664000, 15091, 1, 0
666000, 12374, 1, 0
668000, 14533, 1, 0
670000, 13967, 1, 0
672000, 14020, 1, 0
674000, 14203, 1, 0
676000, 13491, 1, 0
678000, 13773, 1, 0
680000, 14316, 1, 0
682000, 13105, 1, 0
684000, 12662, 1, 0
686000, 14227, 1, 0
688000, 12949, 1, 0
690000, 15370, 1, 0
692000, 14067, 1, 0
694000, 13676, 1, 0
696000, 13671, 1, 0
698000, 14176, 1, 0
700000, 13356, 1, 0
702000, 13905, 1, 0
704000, 13380, 1, 0
706000, 13339, 1, 0
708000, 14448, 1, 0
710000, 13666, 1, 0
712000, 13504, 1, 0
714000, 12971, 1, 0
716000, 13983, 1, 0
718000, 14048, 1, 0
720000, 13274, 1, 0
722000, 13307, 1, 0
724000, 14614, 1, 0
726000, 14194, 1, 0
728000, 13194, 1, 0
730000, 13646, 1, 0
732000, 13813, 1, 0
734000, 14460, 1, 0
736000, 12815, 1, 0
738000, 14489, 1, 0
740000, 13357, 1, 0
742000, 13880, 1, 0
744000, 14083, 1, 0
746000, 13223, 1, 0
748000, 13199, 1, 0
750000, 13931, 1, 0
752000, 14447, 1, 0
754000, 13567, 1, 0
756000, 13663, 1, 0
758000, 13936, 1, 0
760000, 13684, 1, 0
762000, 13140, 1, 0
764000, 14383, 1, 0
766000, 13754, 1, 0
768000, 12812, 1, 0
770000, 14946, 1, 0
772000, 13290, 1, 0
774000, 13910, 1, 0
776000, 14164, 1, 0
778000, 13770, 1, 0
780000, 13631, 1, 0
782000, 13304, 1, 0
784001, 13621, 1, 0
786000, 13401, 1, 0
788000, 13650, 1, 0
790000, 14469, 1, 0
792000, 13339, 1, 0
794000, 12756, 1, 0
796000, 15054, 1, 0
798000, 13594, 1, 0
800000, 13545, 1, 0
802000, 14175, 1, 0
804000, 13459, 1, 0
806000, 13685, 1, 0
808000, 13601, 1, 0
810000, 13380, 1, 0
812000, 14107, 1, 0
814000, 13048, 1, 0
816000, 14775, 1, 0
818000, 13119, 1, 0
820000, 14673, 1, 0
822000, 12962, 1, 0
824000, 13467, 1, 0
826000, 14179, 1, 0
828000, 14137, 1, 0
830000, 12959, 1, 0
832000, 14427, 1, 0
834000, 13471, 1, 0
836000, 13972, 1, 0
838000, 13479, 1, 0
840000, 13756, 1, 0
842000, 13793, 1, 0
844000, 13400, 1, 0
846000, 13651, 1, 0
848000, 13647, 1, 0
850000, 13823, 1, 0
852000, 13529, 1, 0
854000, 14451, 1, 0
856000, 13592, 1, 0
858000, 13034, 1, 0
860000, 14196, 1, 0
862000, 13998, 1, 0
864001, 12907, 1, 0
866000, 15061, 1, 0
868001, 13591, 1, 0
870001, 13199, 1, 0
872000, 13623, 1, 0
874000, 14524, 1, 0
876000, 13518, 1, 0
878000, 13767, 1, 0
880000, 13488, 1, 0
882000, 13709, 1, 0
884000, 13639, 1, 0
886000, 13766, 1, 0
888000, 13325, 1, 0
890000, 14300, 1, 0
892000, 13307, 1, 0
894000, 14437, 1, 0
896000, 12877, 1, 0
898000, 14286, 1, 0
900001, 14011, 1, 0
902000, 13199, 1, 0
904000, 14217, 1, 0
906000, 13198, 1, 0
908000, 13806, 1, 0
910000, 13749, 1, 0
912000, 13286, 1, 0
914000, 14237, 1, 0
916000, 13154, 1, 0
918000, 13905, 1, 0
920000, 13702, 1, 0
922000, 13571, 1, 0
924000, 13205, 1, 0
926000, 14624, 1, 0
928000, 13895, 1, 0
930000, 13709, 1, 0
932000, 13607, 1, 0
934000, 12788, 1, 0
936000, 14028, 1, 0
938000, 13952, 1, 0
940000, 13853, 1, 0
942000, 13638, 1, 0
944000, 14023, 1, 0
946000, 13776, 1, 0
948000, 12274, 1, 0
950000, 14998, 1, 0
952000, 13107, 1, 0
954000, 14253, 1, 0
956000, 12898, 1, 0
958000, 14335, 1, 0
960000, 13104, 1, 0
962000, 13767, 1, 0
964000, 13464, 1, 0
966000, 14476, 1, 0
968000, 14168, 1, 0
970000, 13875, 1, 0
972000, 12476, 1, 0
974000, 14743, 1, 0
976000, 12872, 1, 0
978000, 12946, 1, 0
980000, 14988, 1, 0
982000, 13719, 1, 0
984000, 14137, 1, 0
986000, 13382, 1, 0
988001, 14576, 1, 0
990000, 13416, 1, 0
992000, 13593, 1, 0
994000, 12876, 1, 0
996000, 14319, 1, 0
998000, 14621, 1, 0
1000000, 12866, 1, 0
1002000, 13843, 1, 0
1004000, 13578, 1, 0
1006000, 13951, 1, 0
1008000, 13806, 1, 0
1010000, 13051, 1, 0
1012000, 14076, 1, 0
1014000, 13430, 1, 0
1016000, 13939, 1, 0
1018001, 12868, 1, 0
1020000, 14730, 1, 0
1022000, 12616, 1, 0
1024000, 13373, 1, 0
1026000, 14266, 1, 0
1028000, 13750, 1, 0
1030000, 13024, 1, 0
1032000, 14370, 1, 0
1034000, 13730, 1, 0
1036000, 14408, 1, 0
1038000, 13310, 1, 0
1040001, 13774, 1, 0
1042000, 13025, 1, 0
1044000, 12815, 1, 0
1046001, 15115, 1, 0
1048000, 13461, 1, 0
1050000, 13376, 1, 0
1052000, 13639, 1, 0
1054000, 14200, 1, 0
1056000, 13877, 1, 0
1058000, 13196, 1, 0
1060000, 14181, 1, 0
1062000, 13469, 1, 0
1064000, 13370, 1, 0
1066000, 13850, 1, 0
1068000, 13750, 1, 0
1070000, 13714, 1, 0
1072000, 13393, 1, 0
1074000, 13196, 1, 0
1076000, 13223, 1, 0
1078000, 11878, 1, 0
1080000, 12246, 1, 0
1082001, 12692, 1, 0
1084000, 10363, 1, 0
1086000, 13139, 1, 0
1088001, 10849, 1, 0
1090000, 11547, 1, 0
1092000, 11484, 1, 0
1094001, 11620, 1, 0
1096000, 10604, 1, 0
1098000, 11935, 1, 0
1100000, 10899, 1, 0
1102000, 11004, 1, 0
1104000, 11236, 1, 0
1106000, 11380, 1, 0
1108000, 10377, 1, 0
1110000, 10881, 1, 0
1112000, 10468, 1, 0
1114000, 10560, 1, 0
1116000, 10930, 1, 0
1118000, 10399, 1, 0
1120000, 8906, 1, 0
1122000, 11744, 1, 0
1124000, 10214, 1, 0
1126000, 10491, 1, 0
1128000, 10122, 1, 0
1130000, 10359, 1, 0
1132000, 9851, 1, 0
1134000, 9758, 1, 0
1136000, 9422, 1, 0
1138000, 10540, 1, 0
1140000, 9848, 1, 0
1142000, 9722, 1, 0
1144000, 9545, 1, 0
1146000, 9762, 1, 0
1148000, 9375, 1, 0
1150000, 9520, 1, 0
1152001, 9420, 1, 0
1154000, 9252, 1, 0
1156000, 10010, 1, 0
1158001, 9691, 1, 0
1160000, 8411, 1, 0
1162000, 10051, 1, 0
1164000, 9441, 1, 0
1166000, 9109, 1, 0
1168000, 9208, 1, 0
1170000, 8652, 1, 0
1172000, 9559, 1, 0
1174000, 9072, 1, 0
1176000, 9126, 1, 0
1178000, 8753, 1, 0
1180000, 9092, 1, 0
1182000, 8954, 1, 0
1184000, 8933, 1, 0
1186000, 9133, 1, 0
1188000, 8696, 1, 0
1190000, 8612, 1, 0
1192000, 9323, 1, 0
1194000, 8899, 1, 0
1196000, 8779, 1, 0
1198000, 8659, 1, 0
1200000, 9209, 1, 0
