2000, 38324, 1, 0
4000, 17521, 1, 0
6000, 12095, 1, 0
8000, 12453, 1, 0
10000, 13542, 1, 0
12000, 13800, 1, 0
14000, 14131, 1, 0
16000, 14997, 1, 0
18000, 14232, 1, 0
20000, 14728, 1, 0
22000, 14654, 1, 0
24000, 14775, 1, 0
26000, 14206, 1, 0
28000, 14493, 1, 0
30000, 15050, 1, 0
32000, 14070, 1, 0
34000, 15431, 1, 0
36000, 14889, 1, 0
38000, 14849, 1, 0
40000, 14701, 1, 0
42000, 15103, 1, 0
44000, 14578, 1, 0
46000, 14815, 1, 0
48000, 13897, 1, 0
50000, 14895, 1, 0
52000, 15835, 1, 0
54000, 14330, 1, 0
56000, 15994, 1, 0
58000, 14319, 1, 0
60000, 14939, 1, 0
62000, 14980, 1, 0
64000, 14202, 1, 0
66000, 15641, 1, 0
68000, 14327, 1, 0
70000, 15018, 1, 0
72000, 14554, 1, 0
74000, 14931, 1, 0
76000, 15527, 1, 0
78000, 14439, 1, 0
80000, 14531, 1, 0
82000, 14227, 1, 0
84000, 15049, 1, 0
86000, 14928, 1, 0
88000, 14590, 1, 0
90000, 14669, 1, 0
92000, 15111, 1, 0
94000, 15249, 1, 0
96000, 14852, 1, 0
98000, 14696, 1, 0
100000, 14715, 1, 0
102000, 14638, 1, 0
104000, 15614, 1, 0
106000, 14398, 1, 0
108000, 14610, 1, 0
110000, 15803, 1, 0
112000, 13993, 1, 0
114000, 14428, 1, 0
116000, 15571, 1, 0
118000, 15044, 1, 0
120000, 14689, 1, 0
122000, 13980, 1, 0
124000, 15400, 1, 0
126000, 14652, 1, 0
128000, 14535, 1, 0
130000, 14645, 1, 0
132000, 15699, 1, 0
134000, 14022, 1, 0
136000, 13726, 1, 0
138000, 16614, 1, 0
140000, 15109, 1, 0
142000, 14261, 1, 0
144000, 14333, 1, 0
146000, 13606, 1, 0
148000, 15036, 1, 0
150000, 14520, 1, 0
152000, 16585, 1, 0
154000, 14029, 1, 0
156001, 15134, 1, 0
158001, 14429, 1, 0
160000, 14946, 1, 0
162001, 14701, 1, 0
164001, 14033, 1, 0
166000, 15646, 1, 0
168000, 14682, 1, 0
170000, 14830, 1, 0
172000, 14710, 1, 0
174000, 14217, 1, 0
176000, 14891, 1, 0
178000, 15287, 1, 0
180000, 14881, 1, 0
182000, 14328, 1, 0
184000, 13786, 1, 0
186000, 15507, 1, 0
188001, 14625, 1, 0
190001, 14636, 1, 0
192000, 13379, 1, 0
194000, 14971, 1, 0
196000, 14121, 1, 0
198000, 14291, 1, 0
200000, 14063, 1, 0
202000, 13019, 1, 0
204000, 15758, 1, 0
206000, 14240, 1, 0
208000, 13392, 1, 0
210000, 15177, 1, 0
212000, 14177, 1, 0
214000, 14118, 1, 0
216001, 14727, 1, 0
218001, 14400, 1, 0
220000, 13976, 1, 0
222000, 13397, 1, 0
224000, 14210, 1, 0
226000, 14925, 1, 0
228000, 14393, 1, 0
230000, 13784, 1, 0
232000, 14464, 1, 0
234000, 14248, 1, 0
236000, 14255, 1, 0
238000, 13900, 1, 0
240000, 14403, 1, 0
242000, 14334, 1, 0
244001, 14205, 1, 0
246000, 14680, 1, 0
248000, 13998, 1, 0
250000, 14307, 1, 0
252000, 13646, 1, 0
254000, 14291, 1, 0
256000, 14376, 1, 0
258000, 14550, 1, 0
260000, 14117, 1, 0
262000, 14147, 1, 0
264000, 14169, 1, 0
266000, 13818, 1, 0
268000, 15527, 1, 0
270000, 14048, 1, 0
272000, 14078, 1, 0
274000, 14043, 1, 0
276000, 14405, 1, 0
278000, 14142, 1, 0
280000, 13827, 1, 0
282001, 13685, 1, 0
284001, 14623, 1, 0
286000, 12996, 1, 0
288000, 14947, 1, 0
290000, 15091, 1, 0
292000, 13614, 1, 0
294000, 14990, 1, 0
296000, 13783, 1, 0
298000, 14077, 1, 0
300000, 14307, 1, 0
302000, 14703, 1, 0
304000, 13980, 1, 0
306000, 14667, 1, 0
308000, 13944, 1, 0
310000, 13542, 1, 0
312000, 14716, 1, 0
314000, 14326, 1, 0
316001, 14308, 1, 0
318000, 12896, 1, 0
320000, 15598, 1, 0
322000, 14567, 1, 0
324000, 13818, 1, 0
326000, 14249, 1, 0
328000, 13871, 1, 0
330000, 14758, 1, 0
332000, 13570, 1, 0
334000, 14859, 1, 0
336000, 14261, 1, 0
338000, 14054, 1, 0
340000, 13477, 1, 0
342000, 14798, 1, 0
344000, 13787, 1, 0
346000, 14730, 1, 0
348000, 14071, 1, 0
350000, 14658, 1, 0
352000, 14215, 1, 0
354000, 14491, 1, 0
356000, 13784, 1, 0
358000, 14456, 1, 0
360000, 13984, 1, 0
362000, 14335, 1, 0
364000, 12836, 1, 0
366000, 14032, 1, 0
368001, 15627, 1, 0
370000, 14096, 1, 0
372001, 14649, 1, 0
374001, 13908, 1, 0
376001, 14531, 1, 0
378000, 14123, 1, 0
380000, 14364, 1, 0
382000, 14219, 1, 0
384000, 14184, 1, 0
386000, 14653, 1, 0
388000, 14070, 1, 0
390000, 14069, 1, 0
392000, 13948, 1, 0
394000, 14140, 1, 0
396000, 13597, 1, 0
398000, 14365, 1, 0
400000, 14595, 1, 0
402000, 13945, 1, 0
404000, 14345, 1, 0
406000, 14146, 1, 0
408000, 13857, 1, 0
410000, 14660, 1, 0
412000, 14237, 1, 0
414001, 14154, 1, 0
416001, 14503, 1, 0
418000, 13940, 1, 0
420000, 14019, 1, 0
422000, 13842, 1, 0
424000, 14028, 1, 0
426000, 14765, 1, 0
428000, 14179, 1, 0
430000, 14092, 1, 0
432000, 14371, 1, 0
434000, 13952, 1, 0
436000, 13947, 1, 0
438000, 12686, 1, 0
440000, 14617, 1, 0
442000, 13809, 1, 0
444000, 13534, 1, 0
446000, 13819, 1, 0
448000, 14140, 1, 0
450000, 13872, 1, 0
452000, 13451, 1, 0
454000, 13860, 1, 0
456000, 13307, 1, 0
458000, 14270, 1, 0
460000, 13800, 1, 0
462000, 13409, 1, 0
464000, 13905, 1, 0
466000, 13580, 1, 0
468000, 13986, 1, 0
470000, 13565, 1, 0
472000, 13306, 1, 0
474000, 14395, 1, 0
476000, 13685, 1, 0
478000, 13233, 1, 0
480000, 14356, 1, 0
482000, 13525, 1, 0
484000, 13743, 1, 0
486000, 13460, 1, 0
488000, 13668, 1, 0
490000, 13834, 1, 0
492000, 12755, 1, 0
494000, 14810, 1, 0
496000, 13265, 1, 0
498000, 14048, 1, 0
500000, 13582, 1, 0
502000, 14226, 1, 0
504000, 12229, 1, 0
506000, 13086, 1, 0
508000, 15946, 1, 0
510000, 13568, 1, 0
512000, 13678, 1, 0
514000, 13574, 1, 0
516000, 12296, 1, 0
518000, 15082, 1, 0
520000, 13932, 1, 0
522000, 13576, 1, 0
524000, 13203, 1, 0
526000, 14415, 1, 0
528000, 13419, 1, 0
530000, 14199, 1, 0
532000, 13575, 1, 0
534000, 13981, 1, 0
536000, 13498, 1, 0
538000, 13866, 1, 0
540000, 14153, 1, 0
542000, 13158, 1, 0
544000, 14112, 1, 0
546000, 14191, 1, 0
548000, 12690, 1, 0
550000, 14546, 1, 0
552000, 13222, 1, 0
554000, 14515, 1, 0
556000, 14044, 1, 0
558000, 12553, 1, 0
560000, 14888, 1, 0
562000, 14039, 1, 0
564000, 13719, 1, 0
566000, 13215, 1, 0
568000, 13690, 1, 0
570000, 13925, 1, 0
572000, 13402, 1, 0
574000, 13644, 1, 0
576000, 14335, 1, 0
578000, 13526, 1, 0
580000, 14380, 1, 0
582000, 13044, 1, 0
584000, 13890, 1, 0
586001, 13944, 1, 0
588000, 14165, 1, 0
590001, 12945, 1, 0
592000, 13644, 1, 0
594000, 14774, 1, 0
596000, 13997, 1, 0
598000, 13814, 1, 0
600000, 13484, 1, 0
602000, 13718, 1, 0
604000, 13914, 1, 0
606000, 12800, 1, 0
608000, 14793, 1, 0
610000, 13388, 1, 0
612000, 13657, 1, 0
614000, 14355, 1, 0
616000, 13503, 1, 0
618000, 13468, 1, 0
620000, 13901, 1, 0
622000, 14388, 1, 0
624000, 13669, 1, 0
626000, 13617, 1, 0
628000, 14004, 1, 0
630000, 14139, 1, 0
632000, 12485, 1, 0
634000, 13552, 1, 0
636000, 12630, 1, 0
638000, 12617, 1, 0
640000, 14814, 1, 0
642000, 14230, 1, 0
644000, 14667, 1, 0
646000, 14253, 1, 0
648000, 13385, 1, 0
650000, 14526, 1, 0
652000, 13525, 1, 0
654001, 12965, 1, 0
656001, 12858, 1, 0
658000, 15006, 1, 0
660000, 14373, 1, 0
662000, 13436, 1, 0
664000, 14255, 1, 0
666000, 13131, 1, 0
668000, 14568, 1, 0
670000, 13950, 1, 0
672000, 13455, 1, 0
674000, 13234, 1, 0
676000, 14168, 1, 0
678000, 13414, 1, 0
680000, 14291, 1, 0
682000, 13882, 1, 0
684000, 12509, 1, 0
686000, 14744, 1, 0
688000, 13893, 1, 0
690000, 13362, 1, 0
692001, 13858, 1, 0
694000, 14182, 1, 0
696000, 13909, 1, 0
698001, 13179, 1, 0
700001, 13445, 1, 0
702001, 13876, 1, 0
704001, 13717, 1, 0
706000, 13990, 1, 0
708001, 13002, 1, 0
710000, 13772, 1, 0
712000, 14080, 1, 0
714000, 13146, 1, 0
716000, 14258, 1, 0
718000, 14070, 1, 0
720000, 13313, 1, 0
722000, 14287, 1, 0
724000, 13020, 1, 0
726000, 14159, 1, 0
728000, 14403, 1, 0
730000, 12599, 1, 0
732000, 14352, 1, 0
734000, 14545, 1, 0
736000, 12644, 1, 0
738000, 14229, 1, 0
740000, 13668, 1, 0
742000, 13759, 1, 0
744000, 12580, 1, 0
746000, 15121, 1, 0
748000, 13800, 1, 0
750000, 13094, 1, 0
752000, 13927, 1, 0
754000, 13273, 1, 0
756000, 14446, 1, 0
758000, 13594, 1, 0
760000, 14045, 1, 0
762000, 13150, 1, 0
764000, 14195, 1, 0
766000, 13552, 1, 0
768000, 13947, 1, 0
770000, 12566, 1, 0
772000, 14761, 1, 0
774000, 13197, 1, 0
776000, 13251, 1, 0
778000, 13230, 1, 0
780000, 14327, 1, 0
782000, 14385, 1, 0
784000, 13858, 1, 0
786000, 13787, 1, 0
788000, 13011, 1, 0
790000, 14723, 1, 0
792000, 13466, 1, 0
794000, 13897, 1, 0
796000, 13917, 1, 0
798000, 13552, 1, 0
800000, 13463, 1, 0
802000, 13218, 1, 0
804000, 13755, 1, 0
806000, 13818, 1, 0
808000, 14408, 1, 0
810000, 13429, 1, 0
812000, 13886, 1, 0
814000, 13138, 1, 0
816000, 13928, 1, 0
818000, 13749, 1, 0
820000, 14009, 1, 0
822000, 13798, 1, 0
824000, 12446, 1, 0
826000, 14847, 1, 0
828000, 13449, 1, 0
830000, 13759, 1, 0
832000, 13768, 1, 0
834000, 13890, 1, 0
836000, 12794, 1, 0
838000, 14523, 1, 0
840000, 13598, 1, 0
842000, 13944, 1, 0
844000, 13890, 1, 0
846000, 12635, 1, 0
848000, 15176, 1, 0
850000, 13292, 1, 0
852000, 13709, 1, 0
854000, 13867, 1, 0
856000, 13373, 1, 0
858000, 13902, 1, 0
860000, 13591, 1, 0
862001, 13780, 1, 0
864000, 13833, 1, 0
866001, 13375, 1, 0
868000, 14434, 1, 0
870000, 13218, 1, 0
872000, 12858, 1, 0
874000, 14772, 1, 0
876000, 13997, 1, 0
878000, 13801, 1, 0
880000, 13358, 1, 0
882000, 13577, 1, 0
884000, 13676, 1, 0
886000, 13813, 1, 0
888000, 13842, 1, 0
890000, 14057, 1, 0
892000, 12837, 1, 0
894000, 13516, 1, 0
896000, 14366, 1, 0
898000, 13296, 1, 0
900000, 14151, 1, 0
902000, 13660, 1, 0
904000, 13691, 1, 0
906000, 13815, 1, 0
908000, 14335, 1, 0
910000, 13542, 1, 0
912000, 12653, 1, 0
914000, 14401, 1, 0
916000, 13670, 1, 0
918000, 13989, 1, 0
920000, 14052, 1, 0
922000, 12828, 1, 0
924000, 14015, 1, 0
926000, 12858, 1, 0
928000, 14310, 1, 0
930000, 14360, 1, 0
932000, 14248, 1, 0
934000, 13202, 1, 0
936000, 14106, 1, 0
938000, 13421, 1, 0
940000, 13942, 1, 0
942000, 12561, 1, 0
944000, 14604, 1, 0
946000, 14323, 1, 0
948000, 12312, 1, 0
950000, 15056, 1, 0
952000, 13226, 1, 0
954000, 13934, 1, 0
956000, 13167, 1, 0
958000, 13894, 1, 0
960000, 13770, 1, 0
962000, 14078, 1, 0
964000, 13502, 1, 0
966000, 13740, 1, 0
968000, 13503, 1, 0
970000, 13432, 1, 0
972000, 13543, 1, 0
974000, 13317, 1, 0
976000, 14204, 1, 0
978000, 14450, 1, 0
980000, 13304, 1, 0
982000, 13530, 1, 0
984000, 13945, 1, 0
986000, 13648, 1, 0
988000, 14323, 1, 0
990000, 13414, 1, 0
992000, 13377, 1, 0
994000, 14229, 1, 0
996000, 13478, 1, 0
998000, 14205, 1, 0
1000000, 13003, 1, 0
1002000, 14041, 1, 0
1004000, 13591, 1, 0
1006000, 13489, 1, 0
1008000, 13503, 1, 0
1010000, 14143, 1, 0
1012000, 13700, 1, 0
1014000, 13716, 1, 0
1016000, 13063, 1, 0
1018000, 14467, 1, 0
1020000, 13566, 1, 0
1022000, 13573, 1, 0
1024000, 11910, 1, 0
1026000, 14511, 1, 0
1028000, 14340, 1, 0
1030000, 13661, 1, 0
1032000, 13018, 1, 0
1034000, 14199, 1, 0
1036000, 13379, 1, 0
1038000, 13599, 1, 0
1040000, 13364, 1, 0
1042000, 13825, 1, 0
1044000, 13614, 1, 0
1046000, 13480, 1, 0
1048000, 13766, 1, 0
1050000, 13122, 1, 0
1052000, 13743, 1, 0
1054000, 13996, 1, 0
1056000, 13440, 1, 0
1058000, 13994, 1, 0
1060000, 13279, 1, 0
1062000, 13766, 1, 0
1064000, 12791, 1, 0
1066000, 13700, 1, 0
1068000, 13514, 1, 0
1070000, 14190, 1, 0
1072000, 13523, 1, 0
1074000, 13619, 1, 0
1076000, 13714, 1, 0
1078000, 12884, 1, 0
1080000, 11868, 1, 0
1082000, 11812, 1, 0
1084000, 10680, 1, 0
1086000, 12742, 1, 0
1088000, 11047, 1, 0
1090000, 11466, 1, 0
1092000, 11642, 1, 0
1094000, 10832, 1, 0
1096000, 11405, 1, 0
1098000, 11648, 1, 0
1100000, 11155, 1, 0
1102000, 10912, 1, 0
1104000, 11069, 1, 0
1106000, 10985, 1, 0
1108000, 10498, 1, 0
1110000, 10834, 1, 0
1112000, 10438, 1, 0
1114000, 10673, 1, 0
1116000, 10779, 1, 0
1118000, 10531, 1, 0
1120000, 9557, 1, 0
1122000, 11135, 1, 0
1124000, 10194, 1, 0
1126000, 10281, 1, 0
1128000, 10166, 1, 0
1130000, 9469, 1, 0
1132000, 10161, 1, 0
1134000, 9966, 1, 0
1136000, 9995, 1, 0
1138000, 9507, 1, 0
1140000, 10323, 1, 0
1142000, 9566, 1, 0
1144000, 9296, 1, 0
1146000, 10006, 1, 0
1148000, 9385, 1, 0
1150000, 9939, 1, 0
1152000, 9440, 1, 0
1154000, 9719, 1, 0
1156000, 9595, 1, 0
1158000, 9159, 1, 0
1160000, 8836, 1, 0
1162000, 9882, 1, 0
1164000, 9452, 1, 0
1166000, 9015, 1, 0
1168000, 8603, 1, 0
1170000, 10146, 1, 0
1172000, 8786, 1, 0
1174000, 9244, 1, 0
1176000, 9163, 1, 0
1178000, 9000, 1, 0
1180000, 8861, 1, 0
1182000, 9055, 1, 0
1184000, 8252, 1, 0
1186000, 9548, 1, 0
1188000, 8732, 1, 0
1190000, 9116, 1, 0
1192000, 8909, 1, 0
1194000, 8613, 1, 0
1196000, 9152, 1, 0
1198000, 8966, 1, 0
1200000, 8881, 1, 0
