 8411
 8612
 8652
 8659
 8696
 8753
 8779
 8899
 8906
 8933
 8954
 9072
 9092
 9109
 9126
 9133
 9208
 9209
 9252
 9323
 9375
 9420
 9422
 9441
 9520
 9545
 9559
 9691
 9722
 9758
 9762
 9848
 9851
 10010
 10051
 10122
 10214
 10359
 10363
 10377
 10399
 10468
 10491
 10540
 10560
 10604
 10849
 10881
 10899
 10930
 11004
 11236
 11380
 11484
 11547
 11620
 11744
 11878
 11908
 11935
 11945
 12026
 12050
 12165
 12246
 12274
 12355
 12374
 12476
 12514
 12590
 12616
 12662
 12686
 12692
 12706
 12756
 12788
 12795
 12812
 12815
 12815
 12866
 12868
 12872
 12876
 12877
 12878
 12897
 12898
 12907
 12946
 12949
 12959
 12962
 12971
 12975
 12999
 13002
 13024
 13025
 13034
 13048
 13051
 13104
 13104
 13105
 13107
 13119
 13133
 13139
 13140
 13152
 13154
 13167
 13175
 13194
 13196
 13196
 13198
 13199
 13199
 13199
 13205
 13212
 13218
 13223
 13223
 13240
 13247
 13262
 13274
 13282
 13286
 13290
 13302
 13304
 13307
 13307
 13310
 13325
 13336
 13339
 13339
 13356
 13357
 13357
 13370
 13373
 13376
 13380
 13380
 13382
 13393
 13400
 13401
 13404
 13406
 13409
 13416
 13420
 13422
 13423
 13429
 13430
 13442
 13452
 13456
 13459
 13461
 13464
 13467
 13469
 13471
 13478
 13479
 13484
 13488
 13491
 13495
 13504
 13515
 13518
 13523
 13529
 13530
 13545
 13551
 13553
 13567
 13571
 13577
 13578
 13584
 13589
 13591
 13592
 13593
 13594
 13601
 13607
 13621
 13623
 13631
 13638
 13638
 13639
 13639
 13642
 13644
 13646
 13647
 13648
 13650
 13651
 13655
 13663
 13666
 13666
 13667
 13671
 13671
 13676
 13684
 13685
 13701
 13702
 13705
 13706
 13709
 13709
 13714
 13716
 13719
 13720
 13722
 13726
 13728
 13730
 13733
 13736
 13746
 13749
 13750
 13750
 13752
 13753
 13754
 13756
 13756
 13760
 13765
 13766
 13767
 13767
 13770
 13771
 13771
 13772
 13773
 13774
 13776
 13776
 13778
 13793
 13793
 13801
 13801
 13802
 13806
 13806
 13807
 13813
 13816
 13823
 13826
 13829
 13842
 13843
 13845
 13845
 13850
 13853
 13853
 13856
 13858
 13862
 13874
 13875
 13877
 13880
 13881
 13883
 13887
 13888
 13889
 13895
 13899
 13901
 13901
 13905
 13905
 13908
 13910
 13913
 13913
 13915
 13920
 13925
 13926
 13929
 13930
 13931
 13935
 13936
 13939
 13941
 13951
 13952
 13956
 13967
 13970
 13972
 13972
 13972
 13975
 13978
 13983
 13983
 13983
 13983
 13986
 13989
 13994
 13994
 13998
 14001
 14004
 14006
 14011
 14013
 14019
 14020
 14020
 14023
 14028
 14035
 14036
 14048
 14067
 14070
 14076
 14083
 14087
 14092
 14092
 14093
 14096
 14099
 14100
 14107
 14109
 14111
 14111
 14112
 14112
 14115
 14118
 14118
 14124
 14127
 14132
 14132
 14137
 14137
 14137
 14138
 14139
 14146
 14147
 14148
 14163
 14164
 14164
 14167
 14168
 14175
 14176
 14176
 14179
 14181
 14182
 14194
 14194
 14195
 14196
 14197
 14200
 14203
 14203
 14208
 14210
 14217
 14219
 14220
 14227
 14229
 14236
 14237
 14245
 14245
 14247
 14248
 14253
 14257
 14264
 14266
 14266
 14274
 14275
 14278
 14282
 14286
 14288
 14294
 14296
 14298
 14300
 14302
 14305
 14310
 14316
 14319
 14325
 14327
 14327
 14335
 14339
 14340
 14341
 14355
 14359
 14361
 14362
 14367
 14370
 14375
 14383
 14385
 14386
 14392
 14401
 14405
 14408
 14414
 14420
 14420
 14423
 14427
 14437
 14439
 14440
 14447
 14448
 14450
 14451
 14454
 14460
 14461
 14463
 14466
 14469
 14476
 14476
 14477
 14479
 14479
 14489
 14490
 14491
 14491
 14493
 14518
 14524
 14524
 14532
 14533
 14535
 14549
 14573
 14576
 14579
 14580
 14581
 14587
 14593
 14603
 14614
 14615
 14619
 14620
 14621
 14624
 14625
 14644
 14648
 14655
 14673
 14675
 14676
 14685
 14685
 14700
 14700
 14710
 14711
 14715
 14719
 14730
 14732
 14739
 14743
 14758
 14759
 14765
 14775
 14786
 14792
 14793
 14830
 14841
 14842
 14843
 14844
 14850
 14860
 14878
 14881
 14884
 14897
 14900
 14912
 14921
 14925
 14930
 14941
 14945
 14946
 14977
 14982
 14988
 14998
 15019
 15020
 15030
 15036
 15043
 15054
 15059
 15061
 15066
 15070
 15071
 15076
 15085
 15089
 15091
 15091
 15115
 15119
 15130
 15147
 15173
 15176
 15228
 15246
 15256
 15273
 15276
 15287
 15315
 15331
 15344
 15370
 15392
 15415
 15502
 15646
 15674
 15676
 15741
 15795
 15860
 15869
 15880
 15888
 16013
 16738
 17905
 39886
