 24743
 55407
 58857
 61508
 61967
 62035
 62204
 62404
 62426
 62884
 63037
 63194
 63243
 63363
 63367
 63453
 63530
 63579
 64079
 64356
 64358
 64383
 64490
 64659
 64667
 64816
 64964
 65062
 65141
 65372
 65431
 65434
 65531
 65564
 65590
 65629
 65636
 65636
 65690
 65691
 65755
 65824
 65850
 65870
 65884
 65926
 65987
 66060
 66096
 66114
 66165
 66219
 66267
 66273
 66290
 66356
 66381
 66390
 66408
 66463
 66480
 66605
 66684
 66684
 66697
 66736
 66762
 66800
 66829
 66855
 66860
 66886
 66989
 67009
 67048
 67062
 67091
 67120
 67142
 67153
 67184
 67260
 67330
 67352
 67356
 67366
 67372
 67386
 67386
 67423
 67438
 67442
 67520
 67525
 67543
 67582
 67597
 67606
 67625
 67671
 67691
 67715
 67725
 67735
 67741
 67780
 67833
 67858
 67875
 67899
 67957
 67959
 67962
 67964
 67992
 67995
 68006
 68031
 68051
 68154
 68161
 68169
 68217
 68272
 68277
 68282
 68378
 68379
 68385
 68400
 68433
 68452
 68483
 68529
 68530
 68624
 68630
 68650
 68705
 68732
 68779
 68793
 68854
 68879
 68939
 68962
 68965
 68998
 69000
 69005
 69005
 69024
 69049
 69077
 69099
 69112
 69130
 69137
 69145
 69152
 69185
 69197
 69210
 69211
 69237
 69246
 69248
 69278
 69289
 69311
 69333
 69339
 69351
 69360
 69381
 69381
 69382
 69391
 69401
 69405
 69407
 69443
 69481
 69509
 69525
 69550
 69586
 69626
 69628
 69629
 69646
 69650
 69660
 69678
 69692
 69724
 69740
 69740
 69742
 69788
 69801
 69814
 69814
 69855
 69880
 69899
 69934
 69947
 69953
 69973
 69993
 70002
 70013
 70062
 70071
 70076
 70091
 70136
 70169
 70208
 70214
 70233
 70251
 70261
 70288
 70290
 70319
 70349
 70390
 70398
 70403
 70403
 70418
 70425
 70433
 70465
 70469
 70473
 70509
 70540
 70562
 70585
 70596
 70619
 70628
 70725
 70731
 70738
 70749
 70751
 70760
 70765
 70776
 70784
 70790
 70818
 70834
 70840
 70860
 70880
 70890
 70895
 70903
 70920
 70923
 70926
 70927
 70931
 70944
 70948
 70960
 70994
 71012
 71038
 71059
 71068
 71088
 71091
 71107
 71110
 71127
 71181
 71201
 71246
 71247
 71266
 71279
 71287
 71321
 71347
 71379
 71381
 71383
 71400
 71407
 71419
 71420
 71480
 71481
 71488
 71497
 71498
 71514
 71524
 71532
 71545
 71555
 71582
 71604
 71668
 71690
 71712
 71751
 71763
 71767
 71771
 71778
 71795
 71806
 71832
 71863
 71868
 71886
 71890
 71918
 71939
 71972
 71979
 71984
 72007
 72058
 72067
 72081
 72097
 72106
 72109
 72118
 72120
 72130
 72138
 72150
 72151
 72152
 72203
 72222
 72236
 72278
 72299
 72300
 72301
 72341
 72347
 72354
 72369
 72391
 72409
 72432
 72461
 72467
 72505
 72519
 72546
 72552
 72559
 72580
 72587
 72592
 72601
 72609
 72618
 72618
 72637
 72640
 72648
 72662
 72675
 72712
 72729
 72730
 72750
 72779
 72803
 72832
 72846
 72876
 72902
 72943
 72965
 72996
 73009
 73052
 73065
 73072
 73080
 73084
 73155
 73177
 73292
 73292
 73296
 73305
 73325
 73329
 73420
 73424
 73429
 73448
 73453
 73478
 73496
 73519
 73554
 73563
 73596
 73641
 73661
 73677
 73688
 73690
 73705
 73709
 73728
 73734
 73736
 73736
 73737
 73756
 73779
 73833
 73834
 73837
 73838
 73848
 73932
 73936
 73984
 74065
 74160
 74217
 74247
 74256
 74263
 74272
 74307
 74307
 74338
 74344
 74376
 74403
 74409
 74475
 74568
 74627
 74629
 74644
 74693
 74701
 74827
 74919
 75007
 75039
 75054
 75082
 75091
 75100
 75127
 75128
 75141
 75154
 75194
 75235
 75297
 75305
 75345
 75428
 75429
 75553
 75572
 75605
 75742
 75763
 75805
 75822
 75851
 75905
 75939
 75944
 76039
 76125
 76191
 76288
 76354
 76362
 76396
 76405
 76490
 76625
 76700
 76744
 76793
 76796
 76822
 76860
 77212
 77310
 77386
 77417
 77499
 77556
 77610
 77757
 77813
 77866
 77943
 78015
 78043
 78052
 78064
 78183
 78325
 78364
 78382
 78472
 78868
 79220
 79826
 80076
 80275
 80426
 80572
 80604
 80801
 80817
 80978
 81099
 81363
 81902
 81989
 83144
 83374
 83980
 84724
 84779
 85642
 86132
 87026
 87436
 87944
 88404
 89632
 90689
 90768
 91592
 91701
 93887
 94541
 94771
 94978
 95106
 95178
 95377
 96331
 96718
 96915
 97435
 98121
 100906
 101149
 101198
 101330
 101577
 101867
 101923
 104703
 105023
 105024
 105113
 105417
 105958
 106229
 106496
 106561
 107833
 108158
 108267
 108723
 109029
 109317
 109977
 110484
 111417
 111535
 112731
 113789
 113809
 114115
 114848
 115791
 117278
 123851
