 11950
 12744
 12788
 12834
 12934
 13079
 13082
 13102
 13121
 13125
 13149
 13232
 13397
 13407
 13449
 13528
 13560
 13618
 13629
 14279
 14358
 14375
 14399
 14402
 14484
 14488
 14508
 14527
 14600
 14607
 14731
 14760
 14830
 14887
 14980
 14995
 15005
 15094
 15106
 15130
 15147
 15149
 15156
 15206
 15229
 15282
 15296
 15456
 15477
 15494
 15553
 15589
 15659
 15663
 15694
 15838
 15859
 15909
 15944
 16009
 16061
 16072
 16083
 16083
 16091
 16134
 16135
 16135
 16175
 16176
 16242
 16263
 16283
 16300
 16326
 16338
 16355
 16359
 16368
 16424
 16431
 16444
 16543
 16561
 16639
 16866
 16900
 16942
 16986
 17028
 17092
 17120
 17141
 17167
 17270
 17376
 17434
 17459
 17510
 17604
 17734
 17801
 17852
 17961
 18048
 18053
 18281
 18359
 19130
 29442
 36863
