 26802
 33276
 51767
 52105
 52669
 53898
 54382
 54464
 54701
 55094
 55214
 55253
 55351
 55449
 55828
 56238
 57035
 57176
 57850
 58145
 58268
 58359
 58444
 58448
 58541
 58579
 58613
 59188
 59390
 59644
 59697
 59835
 59923
 60327
 60328
 60402
 60531
 60715
 60744
 60860
 60896
 60897
 61060
 61081
 61366
 61492
 61637
 61725
 61780
 61791
 61847
 62285
 62432
 62733
 62807
 62849
 62966
 63182
 63315
 63468
 63473
 63596
 63842
 64412
 64470
 64573
 64643
 64908
 65084
 65298
 65513
 65613
 65897
 65947
 66028
 66131
 66376
 66750
 67007
 67237
 68036
 68260
 68293
 68557
 68754
 68802
 68918
 69060
 69381
 69534
 69663
 71020
 72717
 73033
 73403
 74049
 74358
 75690
 75962
 75975
 76030
 76242
 76665
 77260
 77608
 77869
 77931
 78071
 78228
 78709
 80295
 83324
