 789
 949
 1047
 1086
 1089
 1097
 1112
 1117
 1118
 1139
 1145
 1157
 1160
 1173
 1210
 1236
 1270
 1275
 1283
 1286
 1288
 1308
 1310
 1315
 1323
 1326
 1328
 1350
 1352
 1356
 1364
 1372
 1375
 1379
 1382
 1386
 1393
 1398
 1400
 1406
 1413
 1416
 1417
 1418
 1427
 1437
 1437
 1440
 1442
 1447
 1448
 1449
 1457
 1460
 1464
 1471
 1474
 1477
 1480
 1481
 1483
 1484
 1497
 1505
 1518
 1525
 1548
 1552
 1558
 1561
 1588
 1601
 1605
 1605
 1609
 1614
 1626
 1634
 1639
 1640
 1648
 1653
 1657
 1664
 1683
 1703
 1705
 1709
 1712
 1713
 1716
 1720
 1727
 1727
 1732
 1737
 1741
 1745
 1750
 1755
 1760
 1762
 1762
 1772
 1785
 1793
 1801
 1808
 1809
 1810
 1815
 1827
 1832
 1832
 1833
 1837
 1839
 1849
 1860
 1862
 1869
 1876
 1878
 1881
 1884
 1885
 1890
 1900
 1905
 1911
 1917
 1917
 1927
 1929
 1939
 1948
 1950
 1952
 1953
 1953
 1954
 1962
 1962
 1968
 1976
 1986
 1995
 1998
 1998
 1998
 2005
 2006
 2013
 2015
 2020
 2026
 2037
 2041
 2048
 2065
 2069
 2070
 2072
 2073
 2079
 2094
 2099
 2100
 2103
 2123
 2123
 2126
 2128
 2128
 2129
 2131
 2137
 2137
 2144
 2161
 2168
 2169
 2177
 2184
 2186
 2198
 2201
 2201
 2201
 2203
 2205
 2213
 2219
 2219
 2224
 2259
 2259
 2263
 2287
 2316
 2317
 2325
 2344
 2356
 2359
 2365
 2373
 2374
 2376
 2386
 2391
 2425
 2483
 2515
 2516
 2542
 2546
 2565
 2635
 2648
 2669
 2670
 2719
 2725
 2733
 2767
 2776
 2825
 2854
 2861
 2864
 2898
 2944
 2969
 2976
 3001
 3045
 3084
 3091
 3104
 3251
 3269
 3387
 3421
 14855
 15229
 15440
 15633
 15770
 16009
 16074
 16157
 16321
 16484
 16572
 16596
 16690
 16721
 16906
 16924
 16928
 17049
 17084
 17114
 17140
 17166
 17193
 17214
 17252
 17327
 17335
 17406
 17558
 17649
 17666
 17667
 17713
 17732
 17930
 17945
 18033
 18068
 18095
 18109
 18258
 18433
 18447
 18585
 18754
 18758
 18890
 19087
 19484
 19588
 19822
 20837
 21440
 29425
 37077
