 26648
 33372
 47688
 47705
 48808
 50364
 50820
 51988
 51993
 53117
 53306
 53374
 53423
 53485
 53678
 54246
 54557
 54918
 54963
 55088
 55111
 55511
 55717
 55878
 55971
 56257
 56399
 56502
 56572
 56729
 56952
 57111
 57308
 57650
 57803
 58323
 58327
 58552
 58724
 59287
 59473
 59527
 60127
 60200
 60798
 60804
 62187
 62251
 62269
 62596
 63259
 63705
 64116
 65034
 68097
 292012
 293698
 305965
 306489
 313059
 321803
 324177
 326043
 328803
 329826
 333268
 338462
 341832
 343261
 348577
 348820
 348821
 351234
 357306
 360372
 364837
 370152
 370715
 371661
 374159
 378295
 384322
 388482
 390133
 393745
 396867
 400231
 401218
 403224
 408421
 409953
 413082
 419627
 419677
 423500
 424150
 428045
 429305
 430953
 431907
 434488
 438989
 440573
 442060
 444132
 447362
 454021
 454715
 454909
 455888
 456565
 457044
 457552
 457556
 458724
 459183
 460356
 460439
 460831
 461304
 462951
 463681
 463865
 464154
 464232
 466992
 468056
 469562
 470843
 472354
 472429
 475555
 476156
 476674
 478675
 478825
 479665
 481667
 481697
 481913
 482607
 483690
 484864
 485510
 488229
 488820
 489271
 493699
 494230
 496762
 497502
 497613
 499612
 502072
 504200
 506225
 506425
 506778
 508582
 508907
 509150
 510354
 513057
 513201
 516810
 519102
 519348
 519973
 520386
 520776
 523067
 526126
 528804
 529144
 530803
 531479
 531602
 534290
 535208
 536035
 537398
 538598
 540397
 541683
 541728
 543364
 544385
 545881
 547789
 548471
 550845
 554990
 556793
 558329
 560053
 560922
 561770
 562286
 563685
 564078
 564437
 564473
 565852
 566747
 567451
 568721
 571851
 572475
 576782
 581698
 583281
 584697
 589679
 592565
 595496
 595759
 596379
 596964
 599365
 606516
 607346
 610566
 613517
 613685
 614565
 617704
 627363
 630224
 634880
 635066
 636301
 638678
 641178
 642228
 642750
 642796
 648815
 655775
 662738
 667447
 669930
 672568
 674613
 675411
 677942
 680013
 681374
 681826
 685411
 687228
 690678
 692638
 692712
 699294
 699871
 700854
 704044
 704345
 706532
 708387
 711219
 715184
 715451
 720390
 720997
 722347
 727547
 730421
 734739
 736444
 742876
 743941
 744124
 745364
 748239
 751225
 755019
 756729
 762671
 765253
 765833
 786432
 789419
 795223
 806643
 837749
 853817
 868030
 868987
 877440
 882240
 890900
 901772
 907590
 913023
 916103
 945565
 948178
 1076496
 1239005
