This file contains any messages produced by compilers while
running configure, to aid debugging if configure makes a mistake.

It was created by F2FS tools configure 1.9.0, which was
generated by GNU Autoconf 2.69.  Invocation command line was

  $ ./configure 

## --------- ##
## Platform. ##
## --------- ##

hostname = juwon-B460MAORUSPRO
uname -m = x86_64
uname -r = 5.11.0+
uname -s = Linux
uname -v = #139 SMP Thu Jul 29 21:10:56 KST 2021

/usr/bin/uname -p = unknown
/bin/uname -X     = unknown

/bin/arch              = unknown
/usr/bin/arch -k       = unknown
/usr/convex/getsysinfo = unknown
/usr/bin/hostinfo      = unknown
/bin/machine           = unknown
/usr/bin/oslevel       = unknown
/bin/universe          = unknown

PATH: /usr/local/sbin
PATH: /usr/local/bin
PATH: /usr/sbin
PATH: /usr/bin
PATH: /sbin
PATH: /bin
PATH: /snap/bin


## ----------- ##
## Core tests. ##
## ----------- ##

configure:2468: checking for .git
configure:2481: result: no
configure:2543: checking for a BSD-compatible install
configure:2611: result: /usr/bin/install -c
configure:2622: checking whether build environment is sane
configure:2677: result: yes
configure:2826: checking for a thread-safe mkdir -p
configure:2865: result: /bin/mkdir -p
configure:2872: checking for gawk
configure:2902: result: no
configure:2872: checking for mawk
configure:2888: found /usr/bin/mawk
configure:2899: result: mawk
configure:2910: checking whether make sets $(MAKE)
configure:2932: result: yes
configure:2961: checking whether make supports nested variables
configure:2978: result: yes
configure:3057: checking how to create a pax tar archive
configure:3068: tar --version
tar (GNU tar) 1.30
Copyright (C) 2017 Free Software Foundation, Inc.
License GPLv3+: GNU GPL version 3 or later <https://gnu.org/licenses/gpl.html>.
This is free software: you are free to change and redistribute it.
There is NO WARRANTY, to the extent permitted by law.

Written by John Gilmore and Jay Fenlason.
configure:3071: $? = 0
configure:3111: tardir=conftest.dir && eval tar --format=posix -chf - "$tardir" >conftest.tar
configure:3114: $? = 0
configure:3118: tar -xf - <conftest.tar
configure:3121: $? = 0
configure:3123: cat conftest.dir/file
GrepMe
configure:3126: $? = 0
configure:3139: result: gnutar
configure:3194: checking whether make supports the include directive
configure:3209: make -f confmf.GNU && cat confinc.out
this is the am__doit target
configure:3212: $? = 0
configure:3231: result: yes (GNU style)
configure:3301: checking for gcc
configure:3317: found /usr/bin/gcc
configure:3328: result: gcc
configure:3557: checking for C compiler version
configure:3566: gcc --version >&5
gcc (Ubuntu 9.3.0-17ubuntu1~20.04) 9.3.0
Copyright (C) 2019 Free Software Foundation, Inc.
This is free software; see the source for copying conditions.  There is NO
warranty; not even for MERCHANTABILITY or FITNESS FOR A PARTICULAR PURPOSE.

configure:3577: $? = 0
configure:3566: gcc -v >&5
Using built-in specs.
COLLECT_GCC=gcc
COLLECT_LTO_WRAPPER=/usr/lib/gcc/x86_64-linux-gnu/9/lto-wrapper
OFFLOAD_TARGET_NAMES=nvptx-none:hsa
OFFLOAD_TARGET_DEFAULT=1
Target: x86_64-linux-gnu
Configured with: ../src/configure -v --with-pkgversion='Ubuntu 9.3.0-17ubuntu1~20.04' --with-bugurl=file:///usr/share/doc/gcc-9/README.Bugs --enable-languages=c,ada,c++,go,brig,d,fortran,objc,obj-c++,gm2 --prefix=/usr --with-gcc-major-version-only --program-suffix=-9 --program-prefix=x86_64-linux-gnu- --enable-shared --enable-linker-build-id --libexecdir=/usr/lib --without-included-gettext --enable-threads=posix --libdir=/usr/lib --enable-nls --enable-clocale=gnu --enable-libstdcxx-debug --enable-libstdcxx-time=yes --with-default-libstdcxx-abi=new --enable-gnu-unique-object --disable-vtable-verify --enable-plugin --enable-default-pie --with-system-zlib --with-target-system-zlib=auto --enable-objc-gc=auto --enable-multiarch --disable-werror --with-arch-32=i686 --with-abi=m64 --with-multilib-list=m32,m64,mx32 --enable-multilib --with-tune=generic --enable-offload-targets=nvptx-none=/build/gcc-9-HskZEa/gcc-9-9.3.0/debian/tmp-nvptx/usr,hsa --without-cuda-driver --enable-checking=release --build=x86_64-linux-gnu --host=x86_64-linux-gnu --target=x86_64-linux-gnu
Thread model: posix
gcc version 9.3.0 (Ubuntu 9.3.0-17ubuntu1~20.04) 
configure:3577: $? = 0
configure:3566: gcc -V >&5
gcc: error: unrecognized command line option '-V'
gcc: fatal error: no input files
compilation terminated.
configure:3577: $? = 1
configure:3566: gcc -qversion >&5
gcc: error: unrecognized command line option '-qversion'; did you mean '--version'?
gcc: fatal error: no input files
compilation terminated.
configure:3577: $? = 1
configure:3597: checking whether the C compiler works
configure:3619: gcc    conftest.c  >&5
configure:3623: $? = 0
configure:3671: result: yes
configure:3674: checking for C compiler default output file name
configure:3676: result: a.out
configure:3682: checking for suffix of executables
configure:3689: gcc -o conftest    conftest.c  >&5
configure:3693: $? = 0
configure:3715: result: 
configure:3737: checking whether we are cross compiling
configure:3745: gcc -o conftest    conftest.c  >&5
configure:3749: $? = 0
configure:3756: ./conftest
configure:3760: $? = 0
configure:3748: result: no
configure:3753: checking for suffix of object files
configure:3775: gcc -c   conftest.c >&5
configure:3779: $? = 0
configure:3800: result: o
configure:3804: checking whether we are using the GNU C compiler
configure:3823: gcc -c   conftest.c >&5
configure:3823: $? = 0
configure:3832: result: yes
configure:3841: checking whether gcc accepts -g
configure:3861: gcc -c -g  conftest.c >&5
configure:3861: $? = 0
configure:3902: result: yes
configure:3919: checking for gcc option to accept ISO C89
configure:3982: gcc  -c -g -O2  conftest.c >&5
configure:3982: $? = 0
configure:3995: result: none needed
configure:4020: checking whether gcc understands -c and -o together
configure:4042: gcc -c conftest.c -o conftest2.o
configure:4045: $? = 0
configure:4042: gcc -c conftest.c -o conftest2.o
configure:4045: $? = 0
configure:4057: result: yes
configure:4076: checking dependency style of gcc
configure:4187: result: gcc3
configure:4208: checking how to run the C preprocessor
configure:4239: gcc -E  conftest.c
configure:4239: $? = 0
configure:4253: gcc -E  conftest.c
conftest.c:15:10: fatal error: ac_nonexistent.h: No such file or directory
   15 | #include <ac_nonexistent.h>
      |          ^~~~~~~~~~~~~~~~~~
compilation terminated.
configure:4253: $? = 1
configure: failed program was:
| /* confdefs.h */
| #define PACKAGE_NAME "F2FS tools"
| #define PACKAGE_TARNAME "f2fs-tools"
| #define PACKAGE_VERSION "1.9.0"
| #define PACKAGE_STRING "F2FS tools 1.9.0"
| #define PACKAGE_BUGREPORT "linux-f2fs-devel@lists.sourceforge.net"
| #define PACKAGE_URL ""
| #define F2FS_TOOLS_VERSION "1.9.0"
| #define F2FS_MAJOR_VERSION 1
| #define F2FS_MINOR_VERSION 9
| #define F2FS_TOOLS_DATE "2017-09-21"
| #define PACKAGE "f2fs-tools"
| #define VERSION "1.9.0"
| /* end confdefs.h.  */
| #include <ac_nonexistent.h>
configure:4278: result: gcc -E
configure:4298: gcc -E  conftest.c
configure:4298: $? = 0
configure:4312: gcc -E  conftest.c
conftest.c:15:10: fatal error: ac_nonexistent.h: No such file or directory
   15 | #include <ac_nonexistent.h>
      |          ^~~~~~~~~~~~~~~~~~
compilation terminated.
configure:4312: $? = 1
configure: failed program was:
| /* confdefs.h */
| #define PACKAGE_NAME "F2FS tools"
| #define PACKAGE_TARNAME "f2fs-tools"
| #define PACKAGE_VERSION "1.9.0"
| #define PACKAGE_STRING "F2FS tools 1.9.0"
| #define PACKAGE_BUGREPORT "linux-f2fs-devel@lists.sourceforge.net"
| #define PACKAGE_URL ""
| #define F2FS_TOOLS_VERSION "1.9.0"
| #define F2FS_MAJOR_VERSION 1
| #define F2FS_MINOR_VERSION 9
| #define F2FS_TOOLS_DATE "2017-09-21"
| #define PACKAGE "f2fs-tools"
| #define VERSION "1.9.0"
| /* end confdefs.h.  */
| #include <ac_nonexistent.h>
configure:4341: checking for grep that handles long lines and -e
configure:4399: result: /bin/grep
configure:4404: checking for egrep
configure:4466: result: /bin/grep -E
configure:4471: checking for ANSI C header files
configure:4491: gcc -c -g -O2  conftest.c >&5
configure:4491: $? = 0
configure:4564: gcc -o conftest -g -O2   conftest.c  >&5
configure:4564: $? = 0
configure:4564: ./conftest
configure:4564: $? = 0
configure:4575: result: yes
configure:4588: checking for sys/types.h
configure:4588: gcc -c -g -O2  conftest.c >&5
configure:4588: $? = 0
configure:4588: result: yes
configure:4588: checking for sys/stat.h
configure:4588: gcc -c -g -O2  conftest.c >&5
configure:4588: $? = 0
configure:4588: result: yes
configure:4588: checking for stdlib.h
configure:4588: gcc -c -g -O2  conftest.c >&5
configure:4588: $? = 0
configure:4588: result: yes
configure:4588: checking for string.h
configure:4588: gcc -c -g -O2  conftest.c >&5
configure:4588: $? = 0
configure:4588: result: yes
configure:4588: checking for memory.h
configure:4588: gcc -c -g -O2  conftest.c >&5
configure:4588: $? = 0
configure:4588: result: yes
configure:4588: checking for strings.h
configure:4588: gcc -c -g -O2  conftest.c >&5
configure:4588: $? = 0
configure:4588: result: yes
configure:4588: checking for inttypes.h
configure:4588: gcc -c -g -O2  conftest.c >&5
configure:4588: $? = 0
configure:4588: result: yes
configure:4588: checking for stdint.h
configure:4588: gcc -c -g -O2  conftest.c >&5
configure:4588: $? = 0
configure:4588: result: yes
configure:4588: checking for unistd.h
configure:4588: gcc -c -g -O2  conftest.c >&5
configure:4588: $? = 0
configure:4588: result: yes
configure:4606: checking for fcntl.h
configure:4606: gcc -c -g -O2  conftest.c >&5
configure:4606: $? = 0
configure:4606: result: yes
configure:4606: checking for mntent.h
configure:4606: gcc -c -g -O2  conftest.c >&5
configure:4606: $? = 0
configure:4606: result: yes
configure:4606: checking for stdlib.h
configure:4606: result: yes
configure:4606: checking for string.h
configure:4606: result: yes
configure:4606: checking for unistd.h
configure:4606: result: yes
configure:4606: checking for sys/ioctl.h
configure:4606: gcc -c -g -O2  conftest.c >&5
configure:4606: $? = 0
configure:4606: result: yes
configure:4606: checking for sys/mount.h
configure:4606: gcc -c -g -O2  conftest.c >&5
configure:4606: $? = 0
configure:4606: result: yes
configure:4697: checking for gcc
configure:4724: result: gcc
configure:4953: checking for C compiler version
configure:4962: gcc --version >&5
gcc (Ubuntu 9.3.0-17ubuntu1~20.04) 9.3.0
Copyright (C) 2019 Free Software Foundation, Inc.
This is free software; see the source for copying conditions.  There is NO
warranty; not even for MERCHANTABILITY or FITNESS FOR A PARTICULAR PURPOSE.

configure:4973: $? = 0
configure:4962: gcc -v >&5
Using built-in specs.
COLLECT_GCC=gcc
COLLECT_LTO_WRAPPER=/usr/lib/gcc/x86_64-linux-gnu/9/lto-wrapper
OFFLOAD_TARGET_NAMES=nvptx-none:hsa
OFFLOAD_TARGET_DEFAULT=1
Target: x86_64-linux-gnu
Configured with: ../src/configure -v --with-pkgversion='Ubuntu 9.3.0-17ubuntu1~20.04' --with-bugurl=file:///usr/share/doc/gcc-9/README.Bugs --enable-languages=c,ada,c++,go,brig,d,fortran,objc,obj-c++,gm2 --prefix=/usr --with-gcc-major-version-only --program-suffix=-9 --program-prefix=x86_64-linux-gnu- --enable-shared --enable-linker-build-id --libexecdir=/usr/lib --without-included-gettext --enable-threads=posix --libdir=/usr/lib --enable-nls --enable-clocale=gnu --enable-libstdcxx-debug --enable-libstdcxx-time=yes --with-default-libstdcxx-abi=new --enable-gnu-unique-object --disable-vtable-verify --enable-plugin --enable-default-pie --with-system-zlib --with-target-system-zlib=auto --enable-objc-gc=auto --enable-multiarch --disable-werror --with-arch-32=i686 --with-abi=m64 --with-multilib-list=m32,m64,mx32 --enable-multilib --with-tune=generic --enable-offload-targets=nvptx-none=/build/gcc-9-HskZEa/gcc-9-9.3.0/debian/tmp-nvptx/usr,hsa --without-cuda-driver --enable-checking=release --build=x86_64-linux-gnu --host=x86_64-linux-gnu --target=x86_64-linux-gnu
Thread model: posix
gcc version 9.3.0 (Ubuntu 9.3.0-17ubuntu1~20.04) 
configure:4973: $? = 0
configure:4962: gcc -V >&5
gcc: error: unrecognized command line option '-V'
gcc: fatal error: no input files
compilation terminated.
configure:4973: $? = 1
configure:4962: gcc -qversion >&5
gcc: error: unrecognized command line option '-qversion'; did you mean '--version'?
gcc: fatal error: no input files
compilation terminated.
configure:4973: $? = 1
configure:4977: checking whether we are using the GNU C compiler
configure:5005: result: yes
configure:5014: checking whether gcc accepts -g
configure:5075: result: yes
configure:5092: checking for gcc option to accept ISO C89
configure:5168: result: none needed
configure:5193: checking whether gcc understands -c and -o together
configure:5230: result: yes
configure:5249: checking dependency style of gcc
configure:5360: result: gcc3
configure:5404: checking build system type
configure:5418: result: x86_64-pc-linux-gnu
configure:5438: checking host system type
configure:5451: result: x86_64-pc-linux-gnu
configure:5492: checking how to print strings
configure:5519: result: printf
configure:5540: checking for a sed that does not truncate output
configure:5604: result: /bin/sed
configure:5622: checking for fgrep
configure:5684: result: /bin/grep -F
configure:5719: checking for ld used by gcc
configure:5786: result: /usr/bin/ld
configure:5793: checking if the linker (/usr/bin/ld) is GNU ld
configure:5808: result: yes
configure:5820: checking for BSD- or MS-compatible name lister (nm)
configure:5874: result: /usr/bin/nm -B
configure:6004: checking the name lister (/usr/bin/nm -B) interface
configure:6011: gcc -c -g -O2  conftest.c >&5
configure:6014: /usr/bin/nm -B "conftest.o"
configure:6017: output
0000000000000000 B some_variable
configure:6018: result: BSD nm
configure:6021: checking whether ln -s works
configure:6025: result: yes
configure:6033: checking the maximum length of command line arguments
configure:6164: result: 1572864
configure:6212: checking how to convert x86_64-pc-linux-gnu file names to x86_64-pc-linux-gnu format
configure:6252: result: func_convert_file_noop
configure:6259: checking how to convert x86_64-pc-linux-gnu file names to toolchain format
configure:6279: result: func_convert_file_noop
configure:6286: checking for /usr/bin/ld option to reload object files
configure:6293: result: -r
configure:6367: checking for objdump
configure:6383: found /usr/bin/objdump
configure:6394: result: objdump
configure:6426: checking how to recognize dependent libraries
configure:6626: result: pass_all
configure:6711: checking for dlltool
configure:6741: result: no
configure:6771: checking how to associate runtime and link libraries
configure:6798: result: printf %s\n
configure:6858: checking for ar
configure:6874: found /usr/bin/ar
configure:6885: result: ar
configure:6922: checking for archiver @FILE support
configure:6939: gcc -c -g -O2  conftest.c >&5
configure:6939: $? = 0
configure:6942: ar cr libconftest.a @conftest.lst >&5
configure:6945: $? = 0
configure:6950: ar cr libconftest.a @conftest.lst >&5
ar: conftest.o: No such file or directory
configure:6953: $? = 1
configure:6952: result: @
configure:7010: checking for strip
configure:7026: found /usr/bin/strip
configure:7037: result: strip
configure:7109: checking for ranlib
configure:7125: found /usr/bin/ranlib
configure:7136: result: ranlib
configure:7238: checking command to parse /usr/bin/nm -B output from gcc object
configure:7391: gcc -c -g -O2  conftest.c >&5
configure:7394: $? = 0
configure:7398: /usr/bin/nm -B conftest.o | sed -n -e 's/^.*[	 ]\([ABCDGIRSTW][ABCDGIRSTW]*\)[	 ][	 ]*\([_A-Za-z][_A-Za-z0-9]*\)$/\1 \2 \2/p' | sed '/ __gnu_lto/d' > conftest.nm
configure:7464: gcc -o conftest -g -O2   conftest.c conftstm.o >&5
configure:7467: $? = 0
configure:7505: result: ok
configure:7552: checking for sysroot
configure:7582: result: no
configure:7589: checking for a working dd
configure:7627: result: /bin/dd
configure:7631: checking how to truncate binary pipes
configure:7646: result: /bin/dd bs=4096 count=1
configure:7782: gcc -c -g -O2  conftest.c >&5
configure:7785: $? = 0
configure:7975: checking for mt
configure:7991: found /bin/mt
configure:8002: result: mt
configure:8025: checking if mt is a manifest tool
configure:8031: mt '-?'
configure:8039: result: no
configure:8713: checking for dlfcn.h
configure:8713: gcc -c -g -O2  conftest.c >&5
configure:8713: $? = 0
configure:8713: result: yes
configure:8969: checking for objdir
configure:8984: result: .libs
configure:9248: checking if gcc supports -fno-rtti -fno-exceptions
configure:9266: gcc -c -g -O2  -fno-rtti -fno-exceptions conftest.c >&5
cc1: warning: command line option '-fno-rtti' is valid for C++/D/ObjC++ but not for C
configure:9270: $? = 0
configure:9283: result: no
configure:9647: checking for gcc option to produce PIC
configure:9654: result: -fPIC -DPIC
configure:9662: checking if gcc PIC flag -fPIC -DPIC works
configure:9680: gcc -c -g -O2  -fPIC -DPIC -DPIC conftest.c >&5
configure:9684: $? = 0
configure:9697: result: yes
configure:9726: checking if gcc static flag -static works
configure:9754: result: yes
configure:9769: checking if gcc supports -c -o file.o
configure:9790: gcc -c -g -O2  -o out/conftest2.o conftest.c >&5
configure:9794: $? = 0
configure:9816: result: yes
configure:9824: checking if gcc supports -c -o file.o
configure:9871: result: yes
configure:9904: checking whether the gcc linker (/usr/bin/ld -m elf_x86_64) supports shared libraries
configure:11167: result: yes
configure:11204: checking whether -lc should be explicitly linked in
configure:11212: gcc -c -g -O2  conftest.c >&5
configure:11215: $? = 0
configure:11230: gcc -shared  -fPIC -DPIC conftest.o  -v -Wl,-soname -Wl,conftest -o conftest 2\>\&1 \| /bin/grep  -lc  \>/dev/null 2\>\&1
configure:11233: $? = 0
configure:11247: result: no
configure:11407: checking dynamic linker characteristics
configure:11988: gcc -o conftest -g -O2   -Wl,-rpath -Wl,/foo conftest.c  >&5
configure:11988: $? = 0
configure:12237: result: GNU/Linux ld.so
configure:12359: checking how to hardcode library paths into programs
configure:12384: result: immediate
configure:12932: checking whether stripping libraries is possible
configure:12937: result: yes
configure:12972: checking if libtool supports shared libraries
configure:12974: result: yes
configure:12977: checking whether to build shared libraries
configure:13002: result: yes
configure:13005: checking whether to build static libraries
configure:13009: result: yes
configure:9824: checking for ldconfig
configure:9843: found /sbin/ldconfig
configure:9856: result: /sbin/ldconfig
configure:9920: checking for pkg-config
configure:9938: found /usr/bin/pkg-config
configure:9950: result: /usr/bin/pkg-config
configure:9975: checking pkg-config is at least version 0.9.0
configure:9978: result: yes
configure:9988: checking for libuuid
configure:9995: $PKG_CONFIG --exists --print-errors "uuid"
configure:9998: $? = 0
configure:10012: $PKG_CONFIG --exists --print-errors "uuid"
configure:10015: $? = 0
configure:10073: result: yes
configure:10081: checking for libselinux
configure:10088: $PKG_CONFIG --exists --print-errors "libselinux"
configure:10091: $? = 0
configure:10105: $PKG_CONFIG --exists --print-errors "libselinux"
configure:10108: $? = 0
configure:10146: result: yes
configure:10170: checking for libblkid
configure:10177: $PKG_CONFIG --exists --print-errors "blkid"
configure:10180: $? = 0
configure:10194: $PKG_CONFIG --exists --print-errors "blkid"
configure:10197: $? = 0
configure:10235: result: yes
configure:10261: checking linux/fs.h usability
configure:10261: gcc -c -g -O2  conftest.c >&5
configure:10261: $? = 0
configure:10261: result: yes
configure:10261: checking linux/fs.h presence
configure:10261: gcc -E  conftest.c
configure:10261: $? = 0
configure:10261: result: yes
configure:10261: checking for linux/fs.h
configure:10261: result: yes
configure:10261: checking linux/blkzoned.h usability
configure:10261: gcc -c -g -O2  conftest.c >&5
configure:10261: $? = 0
configure:10261: result: yes
configure:10261: checking linux/blkzoned.h presence
configure:10261: gcc -E  conftest.c
configure:10261: $? = 0
configure:10261: result: yes
configure:10261: checking for linux/blkzoned.h
configure:10261: result: yes
configure:10261: checking for fcntl.h
configure:10261: result: yes
configure:10261: checking for mntent.h
configure:10261: result: yes
configure:10261: checking for stdlib.h
configure:10261: result: yes
configure:10261: checking for string.h
configure:10261: result: yes
configure:10261: checking for sys/ioctl.h
configure:10261: result: yes
configure:10261: checking for sys/mount.h
configure:10261: result: yes
configure:10261: checking for unistd.h
configure:10261: result: yes
configure:10261: checking linux/falloc.h usability
configure:10261: gcc -c -g -O2  conftest.c >&5
configure:10261: $? = 0
configure:10261: result: yes
configure:10261: checking linux/falloc.h presence
configure:10261: gcc -E  conftest.c
configure:10261: $? = 0
configure:10261: result: yes
configure:10261: checking for linux/falloc.h
configure:10261: result: yes
configure:10261: checking byteswap.h usability
configure:10261: gcc -c -g -O2  conftest.c >&5
configure:10261: $? = 0
configure:10261: result: yes
configure:10261: checking byteswap.h presence
configure:10261: gcc -E  conftest.c
configure:10261: $? = 0
configure:10261: result: yes
configure:10261: checking for byteswap.h
configure:10261: result: yes
configure:10273: checking for inline
configure:10289: gcc -c -g -O2  conftest.c >&5
configure:10289: $? = 0
configure:10297: result: inline
configure:10315: checking for int32_t
configure:10315: gcc -c -g -O2  conftest.c >&5
configure:10315: $? = 0
configure:10315: gcc -c -g -O2  conftest.c >&5
conftest.c: In function 'main':
conftest.c:85:53: warning: integer overflow in expression of type 'int' results in '-2147483648' [-Woverflow]
   85 |    < (int32_t) (((((int32_t) 1 << N) << N) - 1) * 2 + 2))];
      |                                                     ^
conftest.c:84:12: error: storage size of 'test_array' isn't constant
   84 | static int test_array [1 - 2 * !((int32_t) (((((int32_t) 1 << N) << N) - 1) * 2 + 1)
      |            ^~~~~~~~~~
configure:10315: $? = 1
configure: failed program was:
| /* confdefs.h */
| #define PACKAGE_NAME "F2FS tools"
| #define PACKAGE_TARNAME "f2fs-tools"
| #define PACKAGE_VERSION "1.9.0"
| #define PACKAGE_STRING "F2FS tools 1.9.0"
| #define PACKAGE_BUGREPORT "linux-f2fs-devel@lists.sourceforge.net"
| #define PACKAGE_URL ""
| #define F2FS_TOOLS_VERSION "1.9.0"
| #define F2FS_MAJOR_VERSION 1
| #define F2FS_MINOR_VERSION 9
| #define F2FS_TOOLS_DATE "2017-09-21"
| #define PACKAGE "f2fs-tools"
| #define VERSION "1.9.0"
| #define STDC_HEADERS 1
| #define HAVE_SYS_TYPES_H 1
| #define HAVE_SYS_STAT_H 1
| #define HAVE_STDLIB_H 1
| #define HAVE_STRING_H 1
| #define HAVE_MEMORY_H 1
| #define HAVE_STRINGS_H 1
| #define HAVE_INTTYPES_H 1
| #define HAVE_STDINT_H 1
| #define HAVE_UNISTD_H 1
| #define HAVE_FCNTL_H 1
| #define HAVE_MNTENT_H 1
| #define HAVE_STDLIB_H 1
| #define HAVE_STRING_H 1
| #define HAVE_UNISTD_H 1
| #define HAVE_SYS_IOCTL_H 1
| #define HAVE_SYS_MOUNT_H 1
| #define HAVE_DLFCN_H 1
| #define LT_OBJDIR ".libs/"
| #define HAVE_LIBSELINUX 1
| #define HAVE_LIBBLKID 1
| #define HAVE_LINUX_FS_H 1
| #define HAVE_LINUX_BLKZONED_H 1
| #define HAVE_FCNTL_H 1
| #define HAVE_MNTENT_H 1
| #define HAVE_STDLIB_H 1
| #define HAVE_STRING_H 1
| #define HAVE_SYS_IOCTL_H 1
| #define HAVE_SYS_MOUNT_H 1
| #define HAVE_UNISTD_H 1
| #define HAVE_LINUX_FALLOC_H 1
| #define HAVE_BYTESWAP_H 1
| /* end confdefs.h.  */
| #include <stdio.h>
| #ifdef HAVE_SYS_TYPES_H
| # include <sys/types.h>
| #endif
| #ifdef HAVE_SYS_STAT_H
| # include <sys/stat.h>
| #endif
| #ifdef STDC_HEADERS
| # include <stdlib.h>
| # include <stddef.h>
| #else
| # ifdef HAVE_STDLIB_H
| #  include <stdlib.h>
| # endif
| #endif
| #ifdef HAVE_STRING_H
| # if !defined STDC_HEADERS && defined HAVE_MEMORY_H
| #  include <memory.h>
| # endif
| # include <string.h>
| #endif
| #ifdef HAVE_STRINGS_H
| # include <strings.h>
| #endif
| #ifdef HAVE_INTTYPES_H
| # include <inttypes.h>
| #endif
| #ifdef HAVE_STDINT_H
| # include <stdint.h>
| #endif
| #ifdef HAVE_UNISTD_H
| # include <unistd.h>
| #endif
| 	        enum { N = 32 / 2 - 1 };
| int
| main ()
| {
| static int test_array [1 - 2 * !((int32_t) (((((int32_t) 1 << N) << N) - 1) * 2 + 1)
| 		 < (int32_t) (((((int32_t) 1 << N) << N) - 1) * 2 + 2))];
| test_array [0] = 0;
| return test_array [0];
| 
|   ;
|   return 0;
| }
configure:10315: result: yes
configure:10326: checking for int8_t
configure:10326: gcc -c -g -O2  conftest.c >&5
configure:10326: $? = 0
configure:10326: gcc -c -g -O2  conftest.c >&5
conftest.c: In function 'main':
conftest.c:84:12: error: size of array 'test_array' is negative
   84 | static int test_array [1 - 2 * !((int8_t) (((((int8_t) 1 << N) << N) - 1) * 2 + 1)
      |            ^~~~~~~~~~
configure:10326: $? = 1
configure: failed program was:
| /* confdefs.h */
| #define PACKAGE_NAME "F2FS tools"
| #define PACKAGE_TARNAME "f2fs-tools"
| #define PACKAGE_VERSION "1.9.0"
| #define PACKAGE_STRING "F2FS tools 1.9.0"
| #define PACKAGE_BUGREPORT "linux-f2fs-devel@lists.sourceforge.net"
| #define PACKAGE_URL ""
| #define F2FS_TOOLS_VERSION "1.9.0"
| #define F2FS_MAJOR_VERSION 1
| #define F2FS_MINOR_VERSION 9
| #define F2FS_TOOLS_DATE "2017-09-21"
| #define PACKAGE "f2fs-tools"
| #define VERSION "1.9.0"
| #define STDC_HEADERS 1
| #define HAVE_SYS_TYPES_H 1
| #define HAVE_SYS_STAT_H 1
| #define HAVE_STDLIB_H 1
| #define HAVE_STRING_H 1
| #define HAVE_MEMORY_H 1
| #define HAVE_STRINGS_H 1
| #define HAVE_INTTYPES_H 1
| #define HAVE_STDINT_H 1
| #define HAVE_UNISTD_H 1
| #define HAVE_FCNTL_H 1
| #define HAVE_MNTENT_H 1
| #define HAVE_STDLIB_H 1
| #define HAVE_STRING_H 1
| #define HAVE_UNISTD_H 1
| #define HAVE_SYS_IOCTL_H 1
| #define HAVE_SYS_MOUNT_H 1
| #define HAVE_DLFCN_H 1
| #define LT_OBJDIR ".libs/"
| #define HAVE_LIBSELINUX 1
| #define HAVE_LIBBLKID 1
| #define HAVE_LINUX_FS_H 1
| #define HAVE_LINUX_BLKZONED_H 1
| #define HAVE_FCNTL_H 1
| #define HAVE_MNTENT_H 1
| #define HAVE_STDLIB_H 1
| #define HAVE_STRING_H 1
| #define HAVE_SYS_IOCTL_H 1
| #define HAVE_SYS_MOUNT_H 1
| #define HAVE_UNISTD_H 1
| #define HAVE_LINUX_FALLOC_H 1
| #define HAVE_BYTESWAP_H 1
| /* end confdefs.h.  */
| #include <stdio.h>
| #ifdef HAVE_SYS_TYPES_H
| # include <sys/types.h>
| #endif
| #ifdef HAVE_SYS_STAT_H
| # include <sys/stat.h>
| #endif
| #ifdef STDC_HEADERS
| # include <stdlib.h>
| # include <stddef.h>
| #else
| # ifdef HAVE_STDLIB_H
| #  include <stdlib.h>
| # endif
| #endif
| #ifdef HAVE_STRING_H
| # if !defined STDC_HEADERS && defined HAVE_MEMORY_H
| #  include <memory.h>
| # endif
| # include <string.h>
| #endif
| #ifdef HAVE_STRINGS_H
| # include <strings.h>
| #endif
| #ifdef HAVE_INTTYPES_H
| # include <inttypes.h>
| #endif
| #ifdef HAVE_STDINT_H
| # include <stdint.h>
| #endif
| #ifdef HAVE_UNISTD_H
| # include <unistd.h>
| #endif
| 	        enum { N = 8 / 2 - 1 };
| int
| main ()
| {
| static int test_array [1 - 2 * !((int8_t) (((((int8_t) 1 << N) << N) - 1) * 2 + 1)
| 		 < (int8_t) (((((int8_t) 1 << N) << N) - 1) * 2 + 2))];
| test_array [0] = 0;
| return test_array [0];
| 
|   ;
|   return 0;
| }
configure:10326: result: yes
configure:10337: checking for size_t
configure:10337: gcc -c -g -O2  conftest.c >&5
configure:10337: $? = 0
configure:10337: gcc -c -g -O2  conftest.c >&5
conftest.c: In function 'main':
conftest.c:83:21: error: expected expression before ')' token
   83 | if (sizeof ((size_t)))
      |                     ^
configure:10337: $? = 1
configure: failed program was:
| /* confdefs.h */
| #define PACKAGE_NAME "F2FS tools"
| #define PACKAGE_TARNAME "f2fs-tools"
| #define PACKAGE_VERSION "1.9.0"
| #define PACKAGE_STRING "F2FS tools 1.9.0"
| #define PACKAGE_BUGREPORT "linux-f2fs-devel@lists.sourceforge.net"
| #define PACKAGE_URL ""
| #define F2FS_TOOLS_VERSION "1.9.0"
| #define F2FS_MAJOR_VERSION 1
| #define F2FS_MINOR_VERSION 9
| #define F2FS_TOOLS_DATE "2017-09-21"
| #define PACKAGE "f2fs-tools"
| #define VERSION "1.9.0"
| #define STDC_HEADERS 1
| #define HAVE_SYS_TYPES_H 1
| #define HAVE_SYS_STAT_H 1
| #define HAVE_STDLIB_H 1
| #define HAVE_STRING_H 1
| #define HAVE_MEMORY_H 1
| #define HAVE_STRINGS_H 1
| #define HAVE_INTTYPES_H 1
| #define HAVE_STDINT_H 1
| #define HAVE_UNISTD_H 1
| #define HAVE_FCNTL_H 1
| #define HAVE_MNTENT_H 1
| #define HAVE_STDLIB_H 1
| #define HAVE_STRING_H 1
| #define HAVE_UNISTD_H 1
| #define HAVE_SYS_IOCTL_H 1
| #define HAVE_SYS_MOUNT_H 1
| #define HAVE_DLFCN_H 1
| #define LT_OBJDIR ".libs/"
| #define HAVE_LIBSELINUX 1
| #define HAVE_LIBBLKID 1
| #define HAVE_LINUX_FS_H 1
| #define HAVE_LINUX_BLKZONED_H 1
| #define HAVE_FCNTL_H 1
| #define HAVE_MNTENT_H 1
| #define HAVE_STDLIB_H 1
| #define HAVE_STRING_H 1
| #define HAVE_SYS_IOCTL_H 1
| #define HAVE_SYS_MOUNT_H 1
| #define HAVE_UNISTD_H 1
| #define HAVE_LINUX_FALLOC_H 1
| #define HAVE_BYTESWAP_H 1
| /* end confdefs.h.  */
| #include <stdio.h>
| #ifdef HAVE_SYS_TYPES_H
| # include <sys/types.h>
| #endif
| #ifdef HAVE_SYS_STAT_H
| # include <sys/stat.h>
| #endif
| #ifdef STDC_HEADERS
| # include <stdlib.h>
| # include <stddef.h>
| #else
| # ifdef HAVE_STDLIB_H
| #  include <stdlib.h>
| # endif
| #endif
| #ifdef HAVE_STRING_H
| # if !defined STDC_HEADERS && defined HAVE_MEMORY_H
| #  include <memory.h>
| # endif
| # include <string.h>
| #endif
| #ifdef HAVE_STRINGS_H
| # include <strings.h>
| #endif
| #ifdef HAVE_INTTYPES_H
| # include <inttypes.h>
| #endif
| #ifdef HAVE_STDINT_H
| # include <stdint.h>
| #endif
| #ifdef HAVE_UNISTD_H
| # include <unistd.h>
| #endif
| int
| main ()
| {
| if (sizeof ((size_t)))
| 	    return 0;
|   ;
|   return 0;
| }
configure:10337: result: yes
configure:10352: checking for library containing getmntent
configure:10383: gcc -o conftest -g -O2   conftest.c  >&5
configure:10383: $? = 0
configure:10400: result: none required
configure:10420: checking for fallocate
configure:10420: gcc -o conftest -g -O2   conftest.c  >&5
configure:10420: $? = 0
configure:10420: result: yes
configure:10420: checking for getmntent
configure:10420: result: yes
configure:10420: checking for memset
configure:10420: gcc -o conftest -g -O2   conftest.c  >&5
conftest.c:73:6: warning: conflicting types for built-in function 'memset'; expected 'void *(void *, int,  long unsigned int)' [-Wbuiltin-declaration-mismatch]
   73 | char memset ();
      |      ^~~~~~
conftest.c:61:1: note: 'memset' is declared in header '<string.h>'
   60 | # include <limits.h>
   61 | #else
configure:10420: $? = 0
configure:10420: result: yes
configure:10438: checking whether bswap_64 is declared
configure:10438: gcc -c -g -O2  conftest.c >&5
configure:10438: $? = 0
configure:10438: result: yes
configure:10577: checking that generated files are newer than configure
configure:10583: result: done
configure:10610: creating ./config.status

## ---------------------- ##
## Running config.status. ##
## ---------------------- ##

This file was extended by F2FS tools config.status 1.9.0, which was
generated by GNU Autoconf 2.69.  Invocation command line was

  CONFIG_FILES    = 
  CONFIG_HEADERS  = 
  CONFIG_LINKS    = 
  CONFIG_COMMANDS = 
  $ ./config.status 

on juwon-B460MAORUSPRO

config.status:1130: creating Makefile
config.status:1130: creating man/Makefile
config.status:1130: creating lib/Makefile
config.status:1130: creating mkfs/Makefile
config.status:1130: creating fsck/Makefile
config.status:1130: creating tools/Makefile
config.status:1130: creating config.h
config.status:1311: config.h is unchanged
config.status:1359: executing depfiles commands
config.status:1436: cd lib       && sed -e '/# am--include-marker/d' Makefile         | make -f - am--depfiles
make: Nothing to be done for 'am--depfiles'.
config.status:1441: $? = 0
config.status:1436: cd mkfs       && sed -e '/# am--include-marker/d' Makefile         | make -f - am--depfiles
make: Nothing to be done for 'am--depfiles'.
config.status:1441: $? = 0
config.status:1436: cd fsck       && sed -e '/# am--include-marker/d' Makefile         | make -f - am--depfiles
make: Nothing to be done for 'am--depfiles'.
config.status:1441: $? = 0
config.status:1436: cd tools       && sed -e '/# am--include-marker/d' Makefile         | make -f - am--depfiles
make: Nothing to be done for 'am--depfiles'.
config.status:1441: $? = 0
config.status:1359: executing libtool commands

## ---------------- ##
## Cache variables. ##
## ---------------- ##

ac_cv_build=x86_64-pc-linux-gnu
ac_cv_c_compiler_gnu=yes
ac_cv_c_inline=inline
ac_cv_c_int32_t=yes
ac_cv_c_int8_t=yes
ac_cv_env_CC_set=
ac_cv_env_CC_value=
ac_cv_env_CFLAGS_set=
ac_cv_env_CFLAGS_value=
ac_cv_env_CPPFLAGS_set=
ac_cv_env_CPPFLAGS_value=
ac_cv_env_CPP_set=
ac_cv_env_CPP_value=
ac_cv_env_LDFLAGS_set=
ac_cv_env_LDFLAGS_value=
ac_cv_env_LIBS_set=
ac_cv_env_LIBS_value=
ac_cv_env_LT_SYS_LIBRARY_PATH_set=
ac_cv_env_LT_SYS_LIBRARY_PATH_value=
ac_cv_env_PKG_CONFIG_LIBDIR_set=
ac_cv_env_PKG_CONFIG_LIBDIR_value=
ac_cv_env_PKG_CONFIG_PATH_set=
ac_cv_env_PKG_CONFIG_PATH_value=
ac_cv_env_PKG_CONFIG_set=
ac_cv_env_PKG_CONFIG_value=
ac_cv_env_build_alias_set=
ac_cv_env_build_alias_value=
ac_cv_env_host_alias_set=
ac_cv_env_host_alias_value=
ac_cv_env_libblkid_CFLAGS_set=
ac_cv_env_libblkid_CFLAGS_value=
ac_cv_env_libblkid_LIBS_set=
ac_cv_env_libblkid_LIBS_value=
ac_cv_env_libselinux_CFLAGS_set=
ac_cv_env_libselinux_CFLAGS_value=
ac_cv_env_libselinux_LIBS_set=
ac_cv_env_libselinux_LIBS_value=
ac_cv_env_libuuid_CFLAGS_set=
ac_cv_env_libuuid_CFLAGS_value=
ac_cv_env_libuuid_LIBS_set=
ac_cv_env_libuuid_LIBS_value=
ac_cv_env_target_alias_set=
ac_cv_env_target_alias_value=
ac_cv_file__git=no
ac_cv_func_fallocate=yes
ac_cv_func_getmntent=yes
ac_cv_func_memset=yes
ac_cv_have_decl_bswap_64=yes
ac_cv_header_byteswap_h=yes
ac_cv_header_dlfcn_h=yes
ac_cv_header_fcntl_h=yes
ac_cv_header_inttypes_h=yes
ac_cv_header_linux_blkzoned_h=yes
ac_cv_header_linux_falloc_h=yes
ac_cv_header_linux_fs_h=yes
ac_cv_header_memory_h=yes
ac_cv_header_mntent_h=yes
ac_cv_header_stdc=yes
ac_cv_header_stdint_h=yes
ac_cv_header_stdlib_h=yes
ac_cv_header_string_h=yes
ac_cv_header_strings_h=yes
ac_cv_header_sys_ioctl_h=yes
ac_cv_header_sys_mount_h=yes
ac_cv_header_sys_stat_h=yes
ac_cv_header_sys_types_h=yes
ac_cv_header_unistd_h=yes
ac_cv_host=x86_64-pc-linux-gnu
ac_cv_objext=o
ac_cv_path_EGREP='/bin/grep -E'
ac_cv_path_FGREP='/bin/grep -F'
ac_cv_path_GREP=/bin/grep
ac_cv_path_LDCONFIG=/sbin/ldconfig
ac_cv_path_SED=/bin/sed
ac_cv_path_ac_pt_PKG_CONFIG=/usr/bin/pkg-config
ac_cv_path_install='/usr/bin/install -c'
ac_cv_path_lt_DD=/bin/dd
ac_cv_path_mkdir=/bin/mkdir
ac_cv_prog_AWK=mawk
ac_cv_prog_CPP='gcc -E'
ac_cv_prog_ac_ct_AR=ar
ac_cv_prog_ac_ct_CC=gcc
ac_cv_prog_ac_ct_MANIFEST_TOOL=mt
ac_cv_prog_ac_ct_OBJDUMP=objdump
ac_cv_prog_ac_ct_RANLIB=ranlib
ac_cv_prog_ac_ct_STRIP=strip
ac_cv_prog_cc_c89=
ac_cv_prog_cc_g=yes
ac_cv_prog_make_make_set=yes
ac_cv_search_getmntent='none required'
ac_cv_type_size_t=yes
am_cv_CC_dependencies_compiler_type=gcc3
am_cv_make_support_nested_variables=yes
am_cv_prog_cc_c_o=yes
am_cv_prog_tar_pax=gnutar
lt_cv_ar_at_file=@
lt_cv_archive_cmds_need_lc=no
lt_cv_deplibs_check_method=pass_all
lt_cv_file_magic_cmd='$MAGIC_CMD'
lt_cv_file_magic_test_file=
lt_cv_ld_reload_flag=-r
lt_cv_nm_interface='BSD nm'
lt_cv_objdir=.libs
lt_cv_path_LD=/usr/bin/ld
lt_cv_path_NM='/usr/bin/nm -B'
lt_cv_path_mainfest_tool=no
lt_cv_prog_compiler_c_o=yes
lt_cv_prog_compiler_pic='-fPIC -DPIC'
lt_cv_prog_compiler_pic_works=yes
lt_cv_prog_compiler_rtti_exceptions=no
lt_cv_prog_compiler_static_works=yes
lt_cv_prog_gnu_ld=yes
lt_cv_sharedlib_from_linklib_cmd='printf %s\n'
lt_cv_shlibpath_overrides_runpath=yes
lt_cv_sys_global_symbol_pipe='sed -n -e '\''s/^.*[	 ]\([ABCDGIRSTW][ABCDGIRSTW]*\)[	 ][	 ]*\([_A-Za-z][_A-Za-z0-9]*\)$/\1 \2 \2/p'\'' | sed '\''/ __gnu_lto/d'\'''
lt_cv_sys_global_symbol_to_c_name_address='sed -n -e '\''s/^: \(.*\) .*$/  {"\1", (void *) 0},/p'\'' -e '\''s/^[ABCDGIRSTW][ABCDGIRSTW]* .* \(.*\)$/  {"\1", (void *) \&\1},/p'\'''
lt_cv_sys_global_symbol_to_c_name_address_lib_prefix='sed -n -e '\''s/^: \(.*\) .*$/  {"\1", (void *) 0},/p'\'' -e '\''s/^[ABCDGIRSTW][ABCDGIRSTW]* .* \(lib.*\)$/  {"\1", (void *) \&\1},/p'\'' -e '\''s/^[ABCDGIRSTW][ABCDGIRSTW]* .* \(.*\)$/  {"lib\1", (void *) \&\1},/p'\'''
lt_cv_sys_global_symbol_to_cdecl='sed -n -e '\''s/^T .* \(.*\)$/extern int \1();/p'\'' -e '\''s/^[ABCDGIRSTW][ABCDGIRSTW]* .* \(.*\)$/extern char \1;/p'\'''
lt_cv_sys_global_symbol_to_import=
lt_cv_sys_max_cmd_len=1572864
lt_cv_to_host_file_cmd=func_convert_file_noop
lt_cv_to_tool_file_cmd=func_convert_file_noop
lt_cv_truncate_bin='/bin/dd bs=4096 count=1'
pkg_cv_libblkid_CFLAGS=-I/usr/include/blkid
pkg_cv_libblkid_LIBS=-lblkid
pkg_cv_libselinux_CFLAGS=
pkg_cv_libselinux_LIBS=-lselinux
pkg_cv_libuuid_CFLAGS=-I/usr/include/uuid
pkg_cv_libuuid_LIBS=-luuid

## ----------------- ##
## Output variables. ##
## ----------------- ##

ACLOCAL='${SHELL} /usr/src/linux-5.11/f2fs-tools/build-aux/missing aclocal-1.16'
AMDEPBACKSLASH='\'
AMDEP_FALSE='#'
AMDEP_TRUE=''
AMTAR='$${TAR-tar}'
AM_BACKSLASH='\'
AM_DEFAULT_V='$(AM_DEFAULT_VERBOSITY)'
AM_DEFAULT_VERBOSITY='1'
AM_V='$(V)'
AR='ar'
AUTOCONF='${SHELL} /usr/src/linux-5.11/f2fs-tools/build-aux/missing autoconf'
AUTOHEADER='${SHELL} /usr/src/linux-5.11/f2fs-tools/build-aux/missing autoheader'
AUTOMAKE='${SHELL} /usr/src/linux-5.11/f2fs-tools/build-aux/missing automake-1.16'
AWK='mawk'
CC='gcc'
CCDEPMODE='depmode=gcc3'
CFLAGS='-g -O2'
CPP='gcc -E'
CPPFLAGS=''
CYGPATH_W='echo'
DEFS='-DHAVE_CONFIG_H'
DEPDIR='.deps'
DLLTOOL='false'
DSYMUTIL=''
DUMPBIN=''
ECHO_C=''
ECHO_N='-n'
ECHO_T=''
EGREP='/bin/grep -E'
EXEEXT=''
FGREP='/bin/grep -F'
FMT_AGE='0'
FMT_CURRENT='2'
FMT_REVISION='0'
GREP='/bin/grep'
INSTALL_DATA='${INSTALL} -m 644'
INSTALL_PROGRAM='${INSTALL}'
INSTALL_SCRIPT='${INSTALL}'
INSTALL_STRIP_PROGRAM='$(install_sh) -c -s'
LD='/usr/bin/ld -m elf_x86_64'
LDCONFIG='/sbin/ldconfig'
LDFLAGS=''
LIBF2FS_AGE='0'
LIBF2FS_CURRENT='3'
LIBF2FS_REVISION='0'
LIBOBJS=''
LIBS=''
LIBTOOL='$(SHELL) $(top_builddir)/libtool'
LIPO=''
LN_S='ln -s'
LTLIBOBJS=''
LT_SYS_LIBRARY_PATH=''
MAKEINFO='${SHELL} /usr/src/linux-5.11/f2fs-tools/build-aux/missing makeinfo'
MANIFEST_TOOL=':'
MKDIR_P='/bin/mkdir -p'
NM='/usr/bin/nm -B'
NMEDIT=''
OBJDUMP='objdump'
OBJEXT='o'
OTOOL64=''
OTOOL=''
PACKAGE='f2fs-tools'
PACKAGE_BUGREPORT='linux-f2fs-devel@lists.sourceforge.net'
PACKAGE_NAME='F2FS tools'
PACKAGE_STRING='F2FS tools 1.9.0'
PACKAGE_TARNAME='f2fs-tools'
PACKAGE_URL=''
PACKAGE_VERSION='1.9.0'
PATH_SEPARATOR=':'
PKG_CONFIG='/usr/bin/pkg-config'
PKG_CONFIG_LIBDIR=''
PKG_CONFIG_PATH=''
RANLIB='ranlib'
SED='/bin/sed'
SET_MAKE=''
SHELL='/bin/bash'
STRIP='strip'
VERSION='1.9.0'
ac_ct_AR='ar'
ac_ct_CC='gcc'
ac_ct_DUMPBIN=''
am__EXEEXT_FALSE=''
am__EXEEXT_TRUE='#'
am__fastdepCC_FALSE='#'
am__fastdepCC_TRUE=''
am__include='include'
am__isrc=''
am__leading_dot='.'
am__nodep='_no'
am__quote=''
am__tar='tar --format=posix -chf - "$$tardir"'
am__untar='tar -xf -'
bindir='${exec_prefix}/bin'
build='x86_64-pc-linux-gnu'
build_alias=''
build_cpu='x86_64'
build_os='linux-gnu'
build_vendor='pc'
datadir='${datarootdir}'
datarootdir='${prefix}/share'
docdir='${datarootdir}/doc/${PACKAGE_TARNAME}'
dvidir='${docdir}'
exec_prefix='${prefix}'
host='x86_64-pc-linux-gnu'
host_alias=''
host_cpu='x86_64'
host_os='linux-gnu'
host_vendor='pc'
htmldir='${docdir}'
includedir='${prefix}/include'
infodir='${datarootdir}/info'
install_sh='${SHELL} /usr/src/linux-5.11/f2fs-tools/build-aux/install-sh'
libblkid_CFLAGS='-I/usr/include/blkid'
libblkid_LIBS='-lblkid'
libdir='${exec_prefix}/lib'
libexecdir='${exec_prefix}/libexec'
libselinux_CFLAGS=''
libselinux_LIBS='-lselinux'
libuuid_CFLAGS='-I/usr/include/uuid'
libuuid_LIBS='-luuid'
localedir='${datarootdir}/locale'
localstatedir='${prefix}/var'
mandir='${datarootdir}/man'
mkdir_p='$(MKDIR_P)'
oldincludedir='/usr/include'
pdfdir='${docdir}'
prefix='/usr/local'
program_transform_name='s,x,x,'
psdir='${docdir}'
runstatedir='${localstatedir}/run'
sbindir='${exec_prefix}/sbin'
sharedstatedir='${prefix}/com'
sysconfdir='${prefix}/etc'
target_alias=''

## ----------- ##
## confdefs.h. ##
## ----------- ##

/* confdefs.h */
#define PACKAGE_NAME "F2FS tools"
#define PACKAGE_TARNAME "f2fs-tools"
#define PACKAGE_VERSION "1.9.0"
#define PACKAGE_STRING "F2FS tools 1.9.0"
#define PACKAGE_BUGREPORT "linux-f2fs-devel@lists.sourceforge.net"
#define PACKAGE_URL ""
#define F2FS_TOOLS_VERSION "1.9.0"
#define F2FS_MAJOR_VERSION 1
#define F2FS_MINOR_VERSION 9
#define F2FS_TOOLS_DATE "2017-09-21"
#define PACKAGE "f2fs-tools"
#define VERSION "1.9.0"
#define STDC_HEADERS 1
#define HAVE_SYS_TYPES_H 1
#define HAVE_SYS_STAT_H 1
#define HAVE_STDLIB_H 1
#define HAVE_STRING_H 1
#define HAVE_MEMORY_H 1
#define HAVE_STRINGS_H 1
#define HAVE_INTTYPES_H 1
#define HAVE_STDINT_H 1
#define HAVE_UNISTD_H 1
#define HAVE_FCNTL_H 1
#define HAVE_MNTENT_H 1
#define HAVE_STDLIB_H 1
#define HAVE_STRING_H 1
#define HAVE_UNISTD_H 1
#define HAVE_SYS_IOCTL_H 1
#define HAVE_SYS_MOUNT_H 1
#define HAVE_DLFCN_H 1
#define LT_OBJDIR ".libs/"
#define HAVE_LIBSELINUX 1
#define HAVE_LIBBLKID 1
#define HAVE_LINUX_FS_H 1
#define HAVE_LINUX_BLKZONED_H 1
#define HAVE_FCNTL_H 1
#define HAVE_MNTENT_H 1
#define HAVE_STDLIB_H 1
#define HAVE_STRING_H 1
#define HAVE_SYS_IOCTL_H 1
#define HAVE_SYS_MOUNT_H 1
#define HAVE_UNISTD_H 1
#define HAVE_LINUX_FALLOC_H 1
#define HAVE_BYTESWAP_H 1
#define HAVE_GETMNTENT 1
#define HAVE_FALLOCATE 1
#define HAVE_GETMNTENT 1
#define HAVE_MEMSET 1
#define HAVE_DECL_BSWAP_64 1

configure: exit 0
